#
# There is insufficient memory for the Java Runtime Environment to continue.
# Native memory allocation (malloc) failed to allocate 655296 bytes for Chunk::new
# Possible reasons:
#   The system is out of physical RAM or swap space
#   The process is running with CompressedOops enabled, and the Java Heap may be blocking the growth of the native heap
# Possible solutions:
#   Reduce memory load on the system
#   Increase physical memory or swap space
#   Check if swap backing store is full
#   Decrease Java heap size (-Xmx/-Xms)
#   Decrease number of Java threads
#   Decrease Java thread stack sizes (-Xss)
#   Set larger code cache with -XX:ReservedCodeCacheSize=
#   JVM is running with Unscaled Compressed Oops mode in which the Java heap is
#     placed in the first 4GB address space. The Java Heap base address is the
#     maximum limit for the native heap growth. Please use -XX:HeapBaseMinAddress
#     to set the Java Heap base and to place the Java Heap above 4GB virtual address.
# This output file may be truncated or incomplete.
#
#  Out of Memory Error (./src/hotspot/share/memory/arena.cpp:197), pid=5532, tid=13400
#
# JRE version: OpenJDK Runtime Environment (11.0.10) (build 11.0.10+0-b96-7249189)
# Java VM: OpenJDK 64-Bit Server VM (11.0.10+0-b96-7249189, mixed mode, tiered, compressed oops, g1 gc, windows-amd64)
# No core dump will be written. Minidumps are not enabled by default on client versions of Windows
#

---------------  S U M M A R Y ------------

Command Line: org.jetbrains.kotlin.cli.jvm.K2JVMCompiler @C:\Users\Jenni\AndroidStudioProjects\Aplicacion1\app\build\20211125_17865564039973643077.compiler.options

Host: Intel(R) Celeron(R) N4000 CPU @ 1.10GHz, 2 cores, 3G,  Windows 10 , 64 bit Build 19041 (10.0.19041.1348)
Time: Thu Nov 25 21:44:11 2021 Hora estándar del Este (México) elapsed time: 7.895303 seconds (0d 0h 0m 7s)

---------------  T H R E A D  ---------------

Current thread (0x000001effb1d0800):  JavaThread "C2 CompilerThread0" daemon [_thread_in_native, id=13400, stack(0x000000e8ecd00000,0x000000e8ece00000)]


Current CompileTask:
C2:   7895 2919       4       java.lang.ClassLoader::loadClass (7 bytes)

Stack: [0x000000e8ecd00000,0x000000e8ece00000]
Native frames: (J=compiled Java code, j=interpreted, Vv=VM code, C=native code)
V  [jvm.dll+0x5ecfaa]
V  [jvm.dll+0x722bd5]
V  [jvm.dll+0x72412d]
V  [jvm.dll+0x7247e3]
V  [jvm.dll+0x242928]
V  [jvm.dll+0xbc4fc]
V  [jvm.dll+0xbca0c]
V  [jvm.dll+0x2b4fd4]
V  [jvm.dll+0x506028]
V  [jvm.dll+0x1fc985]
V  [jvm.dll+0x1fa77f]
V  [jvm.dll+0x18354c]
V  [jvm.dll+0x208ee7]
V  [jvm.dll+0x207731]
V  [jvm.dll+0x6eb1cf]
V  [jvm.dll+0x6e3d45]
V  [jvm.dll+0x5ebe96]
C  [ucrtbase.dll+0x21bb2]
C  [KERNEL32.DLL+0x17034]
C  [ntdll.dll+0x52651]


---------------  P R O C E S S  ---------------

Threads class SMR info:
_java_thread_list=0x000001effb457410, length=10, elements={
0x000001eff297f000, 0x000001effb168000, 0x000001effb171800, 0x000001effb184800,
0x000001effb185800, 0x000001effb187800, 0x000001effb1d0800, 0x000001effb1d5800,
0x000001effb358800, 0x000001effb462000
}

Java Threads: ( => current thread )
  0x000001eff297f000 JavaThread "main" [_thread_in_Java, id=8304, stack(0x000000e8ec100000,0x000000e8ec200000)]
  0x000001effb168000 JavaThread "Reference Handler" daemon [_thread_blocked, id=16252, stack(0x000000e8ec800000,0x000000e8ec900000)]
  0x000001effb171800 JavaThread "Finalizer" daemon [_thread_blocked, id=2476, stack(0x000000e8ec900000,0x000000e8eca00000)]
  0x000001effb184800 JavaThread "Signal Dispatcher" daemon [_thread_blocked, id=12460, stack(0x000000e8eca00000,0x000000e8ecb00000)]
  0x000001effb185800 JavaThread "Attach Listener" daemon [_thread_blocked, id=16636, stack(0x000000e8ecb00000,0x000000e8ecc00000)]
  0x000001effb187800 JavaThread "Service Thread" daemon [_thread_blocked, id=1240, stack(0x000000e8ecc00000,0x000000e8ecd00000)]
=>0x000001effb1d0800 JavaThread "C2 CompilerThread0" daemon [_thread_in_native, id=13400, stack(0x000000e8ecd00000,0x000000e8ece00000)]
  0x000001effb1d5800 JavaThread "C1 CompilerThread0" daemon [_thread_blocked, id=15840, stack(0x000000e8ece00000,0x000000e8ecf00000)]
  0x000001effb358800 JavaThread "Sweeper thread" daemon [_thread_blocked, id=11144, stack(0x000000e8ecf00000,0x000000e8ed000000)]
  0x000001effb462000 JavaThread "Common-Cleaner" daemon [_thread_blocked, id=9500, stack(0x000000e8ed100000,0x000000e8ed200000)]

Other Threads:
  0x000001effb140800 VMThread "VM Thread" [stack: 0x000000e8ec700000,0x000000e8ec800000] [id=5560]
  0x000001effb459800 WatcherThread [stack: 0x000000e8ed000000,0x000000e8ed100000] [id=7824]
  0x000001eff2996800 GCTaskThread "GC Thread#0" [stack: 0x000000e8ec200000,0x000000e8ec300000] [id=13856]
  0x000001effb5d6800 GCTaskThread "GC Thread#1" [stack: 0x000000e8ed200000,0x000000e8ed300000] [id=11036]
  0x000001eff29af800 ConcurrentGCThread "G1 Main Marker" [stack: 0x000000e8ec300000,0x000000e8ec400000] [id=11472]
  0x000001eff29b2800 ConcurrentGCThread "G1 Conc#0" [stack: 0x000000e8ec400000,0x000000e8ec500000] [id=11948]
  0x000001eff29f4000 ConcurrentGCThread "G1 Refine#0" [stack: 0x000000e8ec500000,0x000000e8ec600000] [id=15496]
  0x000001eff29f5000 ConcurrentGCThread "G1 Young RemSet Sampling" [stack: 0x000000e8ec600000,0x000000e8ec700000] [id=7544]

Threads with active compile tasks:
C2 CompilerThread0   7960 2919       4       java.lang.ClassLoader::loadClass (7 bytes)
C1 CompilerThread0   7960 2968       3       org.jetbrains.kotlin.com.intellij.lang.impl.PsiBuilderImpl$StartMarker::clean (39 bytes)

VM state:not at safepoint (normal execution)

VM Mutex/Monitor currently owned by a thread: None

Heap address: 0x00000000c2e00000, size: 978 MB, Compressed Oops mode: 32-bit
Narrow klass base: 0x0000000000000000, Narrow klass shift: 3
Compressed class space size: 1073741824 Address: 0x0000000100000000

Heap:
 garbage-first heap   total 92160K, used 40385K [0x00000000c2e00000, 0x0000000100000000)
  region size 1024K, 20 young (20480K), 3 survivors (3072K)
 Metaspace       used 43021K, capacity 43556K, committed 43776K, reserved 1091584K
  class space    used 5130K, capacity 5333K, committed 5376K, reserved 1048576K
Heap Regions: E=young(eden), S=young(survivor), O=old, HS=humongous(starts), HC=humongous(continues), CS=collection set, F=free, A=archive, TAMS=top-at-mark-start (previous, next)
|   0|0x00000000c2e00000, 0x00000000c2f00000, 0x00000000c2f00000|100%|HS|  |TAMS 0x00000000c2f00000, 0x00000000c2e00000| Complete 
|   1|0x00000000c2f00000, 0x00000000c3000000, 0x00000000c3000000|100%|HC|  |TAMS 0x00000000c3000000, 0x00000000c2f00000| Complete 
|   2|0x00000000c3000000, 0x00000000c3100000, 0x00000000c3100000|100%|HC|  |TAMS 0x00000000c3100000, 0x00000000c3000000| Complete 
|   3|0x00000000c3100000, 0x00000000c3200000, 0x00000000c3200000|100%| O|  |TAMS 0x00000000c3200000, 0x00000000c3100000| Untracked 
|   4|0x00000000c3200000, 0x00000000c3300000, 0x00000000c3300000|100%| O|  |TAMS 0x00000000c3300000, 0x00000000c3200000| Untracked 
|   5|0x00000000c3300000, 0x00000000c3400000, 0x00000000c3400000|100%| O|  |TAMS 0x00000000c3400000, 0x00000000c3300000| Untracked 
|   6|0x00000000c3400000, 0x00000000c3500000, 0x00000000c3500000|100%| O|  |TAMS 0x00000000c3500000, 0x00000000c3400000| Untracked 
|   7|0x00000000c3500000, 0x00000000c3600000, 0x00000000c3600000|100%|HS|  |TAMS 0x00000000c3600000, 0x00000000c3500000| Complete 
|   8|0x00000000c3600000, 0x00000000c3700000, 0x00000000c3700000|100%|HC|  |TAMS 0x00000000c3700000, 0x00000000c3600000| Complete 
|   9|0x00000000c3700000, 0x00000000c3800000, 0x00000000c3800000|100%|HC|  |TAMS 0x00000000c3800000, 0x00000000c3700000| Complete 
|  10|0x00000000c3800000, 0x00000000c3900000, 0x00000000c3900000|100%| O|  |TAMS 0x00000000c3900000, 0x00000000c3800000| Untracked 
|  11|0x00000000c3900000, 0x00000000c3a00000, 0x00000000c3a00000|100%| O|  |TAMS 0x00000000c3a00000, 0x00000000c3900000| Untracked 
|  12|0x00000000c3a00000, 0x00000000c3b00000, 0x00000000c3b00000|100%|HS|  |TAMS 0x00000000c3b00000, 0x00000000c3a00000| Complete 
|  13|0x00000000c3b00000, 0x00000000c3c00000, 0x00000000c3c00000|100%|HC|  |TAMS 0x00000000c3c00000, 0x00000000c3b00000| Complete 
|  14|0x00000000c3c00000, 0x00000000c3d00000, 0x00000000c3d00000|100%| O|  |TAMS 0x00000000c3d00000, 0x00000000c3c00000| Untracked 
|  15|0x00000000c3d00000, 0x00000000c3e00000, 0x00000000c3e00000|100%| O|  |TAMS 0x00000000c3e00000, 0x00000000c3d00000| Untracked 
|  16|0x00000000c3e00000, 0x00000000c3f00000, 0x00000000c3f00000|100%| O|  |TAMS 0x00000000c3f00000, 0x00000000c3e00000| Untracked 
|  17|0x00000000c3f00000, 0x00000000c4000000, 0x00000000c4000000|100%| O|  |TAMS 0x00000000c4000000, 0x00000000c3f00000| Untracked 
|  18|0x00000000c4000000, 0x00000000c4100000, 0x00000000c4100000|100%| O|  |TAMS 0x00000000c4100000, 0x00000000c4000000| Untracked 
|  19|0x00000000c4100000, 0x00000000c4200000, 0x00000000c4200000|100%| O|  |TAMS 0x00000000c4200000, 0x00000000c4100000| Untracked 
|  20|0x00000000c4200000, 0x00000000c42c1a00, 0x00000000c4300000| 75%| O|  |TAMS 0x00000000c42c1a00, 0x00000000c4200000| Untracked 
|  21|0x00000000c4300000, 0x00000000c4300000, 0x00000000c4400000|  0%| F|  |TAMS 0x00000000c4300000, 0x00000000c4300000| Untracked 
|  22|0x00000000c4400000, 0x00000000c4400000, 0x00000000c4500000|  0%| F|  |TAMS 0x00000000c4400000, 0x00000000c4400000| Untracked 
|  23|0x00000000c4500000, 0x00000000c4500000, 0x00000000c4600000|  0%| F|  |TAMS 0x00000000c4500000, 0x00000000c4500000| Untracked 
|  24|0x00000000c4600000, 0x00000000c4600000, 0x00000000c4700000|  0%| F|  |TAMS 0x00000000c4600000, 0x00000000c4600000| Untracked 
|  25|0x00000000c4700000, 0x00000000c4700000, 0x00000000c4800000|  0%| F|  |TAMS 0x00000000c4700000, 0x00000000c4700000| Untracked 
|  26|0x00000000c4800000, 0x00000000c4800000, 0x00000000c4900000|  0%| F|  |TAMS 0x00000000c4800000, 0x00000000c4800000| Untracked 
|  27|0x00000000c4900000, 0x00000000c4900000, 0x00000000c4a00000|  0%| F|  |TAMS 0x00000000c4900000, 0x00000000c4900000| Untracked 
|  28|0x00000000c4a00000, 0x00000000c4a00000, 0x00000000c4b00000|  0%| F|  |TAMS 0x00000000c4a00000, 0x00000000c4a00000| Untracked 
|  29|0x00000000c4b00000, 0x00000000c4b00000, 0x00000000c4c00000|  0%| F|  |TAMS 0x00000000c4b00000, 0x00000000c4b00000| Untracked 
|  30|0x00000000c4c00000, 0x00000000c4c00000, 0x00000000c4d00000|  0%| F|  |TAMS 0x00000000c4c00000, 0x00000000c4c00000| Untracked 
|  31|0x00000000c4d00000, 0x00000000c4d00000, 0x00000000c4e00000|  0%| F|  |TAMS 0x00000000c4d00000, 0x00000000c4d00000| Untracked 
|  32|0x00000000c4e00000, 0x00000000c4e00000, 0x00000000c4f00000|  0%| F|  |TAMS 0x00000000c4e00000, 0x00000000c4e00000| Untracked 
|  33|0x00000000c4f00000, 0x00000000c4f00000, 0x00000000c5000000|  0%| F|  |TAMS 0x00000000c4f00000, 0x00000000c4f00000| Untracked 
|  34|0x00000000c5000000, 0x00000000c5000000, 0x00000000c5100000|  0%| F|  |TAMS 0x00000000c5000000, 0x00000000c5000000| Untracked 
|  35|0x00000000c5100000, 0x00000000c5100000, 0x00000000c5200000|  0%| F|  |TAMS 0x00000000c5100000, 0x00000000c5100000| Untracked 
|  36|0x00000000c5200000, 0x00000000c5200000, 0x00000000c5300000|  0%| F|  |TAMS 0x00000000c5200000, 0x00000000c5200000| Untracked 
|  37|0x00000000c5300000, 0x00000000c5300000, 0x00000000c5400000|  0%| F|  |TAMS 0x00000000c5300000, 0x00000000c5300000| Untracked 
|  38|0x00000000c5400000, 0x00000000c5400000, 0x00000000c5500000|  0%| F|  |TAMS 0x00000000c5400000, 0x00000000c5400000| Untracked 
|  39|0x00000000c5500000, 0x00000000c5500000, 0x00000000c5600000|  0%| F|  |TAMS 0x00000000c5500000, 0x00000000c5500000| Untracked 
|  40|0x00000000c5600000, 0x00000000c5600000, 0x00000000c5700000|  0%| F|  |TAMS 0x00000000c5600000, 0x00000000c5600000| Untracked 
|  41|0x00000000c5700000, 0x00000000c5700000, 0x00000000c5800000|  0%| F|  |TAMS 0x00000000c5700000, 0x00000000c5700000| Untracked 
|  42|0x00000000c5800000, 0x00000000c5800000, 0x00000000c5900000|  0%| F|  |TAMS 0x00000000c5800000, 0x00000000c5800000| Untracked 
|  43|0x00000000c5900000, 0x00000000c5900000, 0x00000000c5a00000|  0%| F|  |TAMS 0x00000000c5900000, 0x00000000c5900000| Untracked 
|  44|0x00000000c5a00000, 0x00000000c5a00000, 0x00000000c5b00000|  0%| F|  |TAMS 0x00000000c5a00000, 0x00000000c5a00000| Untracked 
|  45|0x00000000c5b00000, 0x00000000c5b00000, 0x00000000c5c00000|  0%| F|  |TAMS 0x00000000c5b00000, 0x00000000c5b00000| Untracked 
|  46|0x00000000c5c00000, 0x00000000c5c00000, 0x00000000c5d00000|  0%| F|  |TAMS 0x00000000c5c00000, 0x00000000c5c00000| Untracked 
|  47|0x00000000c5d00000, 0x00000000c5d00000, 0x00000000c5e00000|  0%| F|  |TAMS 0x00000000c5d00000, 0x00000000c5d00000| Untracked 
|  48|0x00000000c5e00000, 0x00000000c5e00000, 0x00000000c5f00000|  0%| F|  |TAMS 0x00000000c5e00000, 0x00000000c5e00000| Untracked 
|  49|0x00000000c5f00000, 0x00000000c5f00000, 0x00000000c6000000|  0%| F|  |TAMS 0x00000000c5f00000, 0x00000000c5f00000| Untracked 
|  50|0x00000000c6000000, 0x00000000c6000000, 0x00000000c6100000|  0%| F|  |TAMS 0x00000000c6000000, 0x00000000c6000000| Untracked 
|  51|0x00000000c6100000, 0x00000000c61aea80, 0x00000000c6200000| 68%| S|CS|TAMS 0x00000000c6100000, 0x00000000c6100000| Complete 
|  52|0x00000000c6200000, 0x00000000c6300000, 0x00000000c6300000|100%| S|CS|TAMS 0x00000000c6200000, 0x00000000c6200000| Complete 
|  53|0x00000000c6300000, 0x00000000c6400000, 0x00000000c6400000|100%| S|CS|TAMS 0x00000000c6300000, 0x00000000c6300000| Complete 
|  54|0x00000000c6400000, 0x00000000c6400000, 0x00000000c6500000|  0%| F|  |TAMS 0x00000000c6400000, 0x00000000c6400000| Untracked 
|  55|0x00000000c6500000, 0x00000000c6500000, 0x00000000c6600000|  0%| F|  |TAMS 0x00000000c6500000, 0x00000000c6500000| Untracked 
|  56|0x00000000c6600000, 0x00000000c6600000, 0x00000000c6700000|  0%| F|  |TAMS 0x00000000c6600000, 0x00000000c6600000| Untracked 
|  57|0x00000000c6700000, 0x00000000c6700000, 0x00000000c6800000|  0%| F|  |TAMS 0x00000000c6700000, 0x00000000c6700000| Untracked 
|  58|0x00000000c6800000, 0x00000000c6800000, 0x00000000c6900000|  0%| F|  |TAMS 0x00000000c6800000, 0x00000000c6800000| Untracked 
|  59|0x00000000c6900000, 0x00000000c6900000, 0x00000000c6a00000|  0%| F|  |TAMS 0x00000000c6900000, 0x00000000c6900000| Untracked 
|  60|0x00000000c6a00000, 0x00000000c6a00000, 0x00000000c6b00000|  0%| F|  |TAMS 0x00000000c6a00000, 0x00000000c6a00000| Untracked 
|  61|0x00000000c6b00000, 0x00000000c6b00000, 0x00000000c6c00000|  0%| F|  |TAMS 0x00000000c6b00000, 0x00000000c6b00000| Untracked 
|  62|0x00000000c6c00000, 0x00000000c6c00000, 0x00000000c6d00000|  0%| F|  |TAMS 0x00000000c6c00000, 0x00000000c6c00000| Untracked 
|  63|0x00000000c6d00000, 0x00000000c6d00000, 0x00000000c6e00000|  0%| F|  |TAMS 0x00000000c6d00000, 0x00000000c6d00000| Untracked 
|  64|0x00000000c6e00000, 0x00000000c6e00000, 0x00000000c6f00000|  0%| F|  |TAMS 0x00000000c6e00000, 0x00000000c6e00000| Untracked 
|  65|0x00000000c6f00000, 0x00000000c6f00000, 0x00000000c7000000|  0%| F|  |TAMS 0x00000000c6f00000, 0x00000000c6f00000| Untracked 
|  66|0x00000000c7000000, 0x00000000c7000000, 0x00000000c7100000|  0%| F|  |TAMS 0x00000000c7000000, 0x00000000c7000000| Untracked 
|  67|0x00000000c7100000, 0x00000000c7100000, 0x00000000c7200000|  0%| F|  |TAMS 0x00000000c7100000, 0x00000000c7100000| Untracked 
|  68|0x00000000c7200000, 0x00000000c7200000, 0x00000000c7300000|  0%| F|  |TAMS 0x00000000c7200000, 0x00000000c7200000| Untracked 
|  69|0x00000000c7300000, 0x00000000c7300000, 0x00000000c7400000|  0%| F|  |TAMS 0x00000000c7300000, 0x00000000c7300000| Untracked 
|  70|0x00000000c7400000, 0x00000000c7400000, 0x00000000c7500000|  0%| F|  |TAMS 0x00000000c7400000, 0x00000000c7400000| Untracked 
|  71|0x00000000c7500000, 0x00000000c7500000, 0x00000000c7600000|  0%| F|  |TAMS 0x00000000c7500000, 0x00000000c7500000| Untracked 
|  72|0x00000000c7600000, 0x00000000c7600000, 0x00000000c7700000|  0%| F|  |TAMS 0x00000000c7600000, 0x00000000c7600000| Untracked 
|  73|0x00000000c7700000, 0x00000000c7780800, 0x00000000c7800000| 50%| E|  |TAMS 0x00000000c7700000, 0x00000000c7700000| Complete 
|  74|0x00000000c7800000, 0x00000000c7900000, 0x00000000c7900000|100%| E|CS|TAMS 0x00000000c7800000, 0x00000000c7800000| Complete 
|  75|0x00000000c7900000, 0x00000000c7a00000, 0x00000000c7a00000|100%| E|CS|TAMS 0x00000000c7900000, 0x00000000c7900000| Complete 
|  76|0x00000000c7a00000, 0x00000000c7b00000, 0x00000000c7b00000|100%| E|CS|TAMS 0x00000000c7a00000, 0x00000000c7a00000| Complete 
|  77|0x00000000c7b00000, 0x00000000c7c00000, 0x00000000c7c00000|100%| E|CS|TAMS 0x00000000c7b00000, 0x00000000c7b00000| Complete 
|  78|0x00000000c7c00000, 0x00000000c7d00000, 0x00000000c7d00000|100%| E|CS|TAMS 0x00000000c7c00000, 0x00000000c7c00000| Complete 
|  79|0x00000000c7d00000, 0x00000000c7e00000, 0x00000000c7e00000|100%| E|CS|TAMS 0x00000000c7d00000, 0x00000000c7d00000| Complete 
|  80|0x00000000c7e00000, 0x00000000c7f00000, 0x00000000c7f00000|100%| E|CS|TAMS 0x00000000c7e00000, 0x00000000c7e00000| Complete 
|  81|0x00000000c7f00000, 0x00000000c8000000, 0x00000000c8000000|100%| E|CS|TAMS 0x00000000c7f00000, 0x00000000c7f00000| Complete 
|  82|0x00000000c8000000, 0x00000000c8100000, 0x00000000c8100000|100%| E|CS|TAMS 0x00000000c8000000, 0x00000000c8000000| Complete 
|  83|0x00000000c8100000, 0x00000000c8200000, 0x00000000c8200000|100%| E|CS|TAMS 0x00000000c8100000, 0x00000000c8100000| Complete 
|  84|0x00000000c8200000, 0x00000000c8300000, 0x00000000c8300000|100%| E|CS|TAMS 0x00000000c8200000, 0x00000000c8200000| Complete 
|  85|0x00000000c8300000, 0x00000000c8400000, 0x00000000c8400000|100%| E|CS|TAMS 0x00000000c8300000, 0x00000000c8300000| Complete 
|  86|0x00000000c8400000, 0x00000000c8500000, 0x00000000c8500000|100%| E|CS|TAMS 0x00000000c8400000, 0x00000000c8400000| Complete 
|  87|0x00000000c8500000, 0x00000000c8600000, 0x00000000c8600000|100%| E|CS|TAMS 0x00000000c8500000, 0x00000000c8500000| Complete 
|  88|0x00000000c8600000, 0x00000000c8700000, 0x00000000c8700000|100%| E|CS|TAMS 0x00000000c8600000, 0x00000000c8600000| Complete 
|  89|0x00000000c8700000, 0x00000000c8800000, 0x00000000c8800000|100%| E|CS|TAMS 0x00000000c8700000, 0x00000000c8700000| Complete 

Card table byte_map: [0x000001eff6470000,0x000001eff6660000] _byte_map_base: 0x000001eff5e59000

Marking Bits (Prev, Next): (CMBitMap*) 0x000001eff29aabf8, (CMBitMap*) 0x000001eff29aac30
 Prev Bits: [0x000001eff6850000, 0x000001eff7798000)
 Next Bits: [0x000001eff77a0000, 0x000001eff86e8000)

Polling page: 0x000001eff2160000

Metaspace:

Usage:
  Non-class:     37.33 MB capacity,    37.03 MB (>99%) used,   245.34 KB ( <1%) free+waste,    62.31 KB ( <1%) overhead. 
      Class:      5.21 MB capacity,     5.01 MB ( 96%) used,   174.54 KB (  3%) free+waste,    27.69 KB ( <1%) overhead. 
       Both:     42.54 MB capacity,    42.04 MB ( 99%) used,   419.88 KB ( <1%) free+waste,    90.00 KB ( <1%) overhead. 

Virtual space:
  Non-class space:       42.00 MB reserved,      37.50 MB ( 89%) committed 
      Class space:        1.00 GB reserved,       5.25 MB ( <1%) committed 
             Both:        1.04 GB reserved,      42.75 MB (  4%) committed 

Chunk freelists:
   Non-Class:  49.00 KB
       Class:  11.00 KB
        Both:  60.00 KB

MaxMetaspaceSize: 17179869184.00 GB
CompressedClassSpaceSize: 1.00 GB

CodeHeap 'non-profiled nmethods': size=120064Kb used=1048Kb max_used=1048Kb free=119016Kb
 bounds [0x000001ef87ac0000, 0x000001ef87d30000, 0x000001ef8f000000]
CodeHeap 'profiled nmethods': size=120000Kb used=6275Kb max_used=6275Kb free=113724Kb
 bounds [0x000001ef80590000, 0x000001ef80bc0000, 0x000001ef87ac0000]
CodeHeap 'non-nmethods': size=5696Kb used=1176Kb max_used=1211Kb free=4519Kb
 bounds [0x000001ef80000000, 0x000001ef80270000, 0x000001ef80590000]
 total_blobs=3509 nmethods=2975 adapters=446
 compilation: enabled
              stopped_count=0, restarted_count=0
 full_count=0

Compilation events (20 events):
Event: 7.876 Thread 0x000001effb1d5800 2927       3       org.jetbrains.kotlin.com.intellij.openapi.progress.ProgressIndicatorProvider::checkCanceled (4 bytes)
Event: 7.876 Thread 0x000001effb1d5800 nmethod 2927 0x000001ef80b90190 code [0x000001ef80b90360, 0x000001ef80b905a8]
Event: 7.876 Thread 0x000001effb1d5800 2928       1       org.jetbrains.kotlin.com.intellij.psi.impl.source.tree.CompositeElement::getLastChildNode (5 bytes)
Event: 7.876 Thread 0x000001effb1d5800 nmethod 2928 0x000001ef87bc4210 code [0x000001ef87bc43c0, 0x000001ef87bc4478]
Event: 7.877 Thread 0x000001effb1d5800 2929       3       java.util.ArrayList::fastRemove (44 bytes)
Event: 7.878 Thread 0x000001effb1d5800 nmethod 2929 0x000001ef80b90690 code [0x000001ef80b90860, 0x000001ef80b90c48]
Event: 7.878 Thread 0x000001effb1d5800 2930       3       org.jetbrains.kotlin.com.intellij.psi.impl.source.tree.TreeElement::getTreeNext (5 bytes)
Event: 7.878 Thread 0x000001effb1d5800 nmethod 2930 0x000001ef80b90d90 code [0x000001ef80b90f40, 0x000001ef80b91058]
Event: 7.878 Thread 0x000001effb1d5800 2931       3       org.jetbrains.kotlin.psi.stubs.elements.KtDotQualifiedExpressionElementType::checkNodeTypesTraversal (69 bytes)
Event: 7.879 Thread 0x000001effb1d5800 nmethod 2931 0x000001ef80b91110 code [0x000001ef80b91320, 0x000001ef80b919c8]
Event: 7.879 Thread 0x000001effb1d5800 2932       1       org.jetbrains.kotlin.com.intellij.psi.impl.source.tree.LeafElement::getFirstChildNode (2 bytes)
Event: 7.879 Thread 0x000001effb1d5800 nmethod 2932 0x000001ef87bc4510 code [0x000001ef87bc46c0, 0x000001ef87bc4778]
Event: 7.884 Thread 0x000001effb1d5800 2933       3       org.jetbrains.kotlin.com.intellij.psi.impl.source.tree.TreeElement::getTreeParent (5 bytes)
Event: 7.885 Thread 0x000001effb1d5800 nmethod 2933 0x000001ef80b91b90 code [0x000001ef80b91d40, 0x000001ef80b91e58]
Event: 7.885 Thread 0x000001effb1d5800 2934       3       org.jetbrains.kotlin.com.intellij.psi.impl.source.tree.CompositeElement::getFirstChildNode (5 bytes)
Event: 7.885 Thread 0x000001effb1d5800 nmethod 2934 0x000001ef80b91f10 code [0x000001ef80b920c0, 0x000001ef80b92268]
Event: 7.885 Thread 0x000001effb1d5800 2935       3       org.jetbrains.kotlin.com.intellij.psi.impl.source.tree.LeafElement::getFirstChildNode (5 bytes)
Event: 7.885 Thread 0x000001effb1d5800 nmethod 2935 0x000001ef80b92310 code [0x000001ef80b924c0, 0x000001ef80b92698]
Event: 7.885 Thread 0x000001effb1d5800 2936       3       org.jetbrains.kotlin.com.intellij.openapi.progress.impl.CoreProgressManager::doCheckCanceled (43 bytes)
Event: 7.886 Thread 0x000001effb1d5800 nmethod 2936 0x000001ef80b92790 code [0x000001ef80b929e0, 0x000001ef80b93298]

GC Heap History (18 events):
Event: 0.761 GC heap before
{Heap before GC invocations=0 (full 0):
 garbage-first heap   total 63488K, used 9216K [0x00000000c2e00000, 0x0000000100000000)
  region size 1024K, 7 young (7168K), 0 survivors (0K)
 Metaspace       used 6961K, capacity 7052K, committed 7296K, reserved 1056768K
  class space    used 596K, capacity 627K, committed 640K, reserved 1048576K
}
Event: 0.767 GC heap after
{Heap after GC invocations=1 (full 0):
 garbage-first heap   total 63488K, used 4954K [0x00000000c2e00000, 0x0000000100000000)
  region size 1024K, 1 young (1024K), 1 survivors (1024K)
 Metaspace       used 6961K, capacity 7052K, committed 7296K, reserved 1056768K
  class space    used 596K, capacity 627K, committed 640K, reserved 1048576K
}
Event: 1.163 GC heap before
{Heap before GC invocations=1 (full 0):
 garbage-first heap   total 63488K, used 14170K [0x00000000c2e00000, 0x0000000100000000)
  region size 1024K, 10 young (10240K), 1 survivors (1024K)
 Metaspace       used 10156K, capacity 10287K, committed 10496K, reserved 1058816K
  class space    used 886K, capacity 916K, committed 1024K, reserved 1048576K
}
Event: 1.168 GC heap after
{Heap after GC invocations=2 (full 0):
 garbage-first heap   total 63488K, used 5877K [0x00000000c2e00000, 0x0000000100000000)
  region size 1024K, 2 young (2048K), 2 survivors (2048K)
 Metaspace       used 10156K, capacity 10287K, committed 10496K, reserved 1058816K
  class space    used 886K, capacity 916K, committed 1024K, reserved 1048576K
}
Event: 1.601 GC heap before
{Heap before GC invocations=2 (full 0):
 garbage-first heap   total 63488K, used 17141K [0x00000000c2e00000, 0x0000000100000000)
  region size 1024K, 14 young (14336K), 2 survivors (2048K)
 Metaspace       used 13172K, capacity 13301K, committed 13440K, reserved 1060864K
  class space    used 1257K, capacity 1302K, committed 1408K, reserved 1048576K
}
Event: 1.608 GC heap after
{Heap after GC invocations=3 (full 0):
 garbage-first heap   total 63488K, used 6426K [0x00000000c2e00000, 0x0000000100000000)
  region size 1024K, 2 young (2048K), 2 survivors (2048K)
 Metaspace       used 13172K, capacity 13301K, committed 13440K, reserved 1060864K
  class space    used 1257K, capacity 1302K, committed 1408K, reserved 1048576K
}
Event: 2.454 GC heap before
{Heap before GC invocations=3 (full 0):
 garbage-first heap   total 63488K, used 24858K [0x00000000c2e00000, 0x0000000100000000)
  region size 1024K, 20 young (20480K), 2 survivors (2048K)
 Metaspace       used 17394K, capacity 17603K, committed 17792K, reserved 1064960K
  class space    used 1743K, capacity 1829K, committed 1920K, reserved 1048576K
}
Event: 2.480 GC heap after
{Heap after GC invocations=4 (full 0):
 garbage-first heap   total 63488K, used 8674K [0x00000000c2e00000, 0x0000000100000000)
  region size 1024K, 3 young (3072K), 3 survivors (3072K)
 Metaspace       used 17394K, capacity 17603K, committed 17792K, reserved 1064960K
  class space    used 1743K, capacity 1829K, committed 1920K, reserved 1048576K
}
Event: 2.865 GC heap before
{Heap before GC invocations=4 (full 0):
 garbage-first heap   total 63488K, used 18914K [0x00000000c2e00000, 0x0000000100000000)
  region size 1024K, 15 young (15360K), 3 survivors (3072K)
 Metaspace       used 20821K, capacity 20990K, committed 21248K, reserved 1069056K
  class space    used 2200K, capacity 2280K, committed 2304K, reserved 1048576K
}
Event: 2.878 GC heap after
{Heap after GC invocations=5 (full 0):
 garbage-first heap   total 76800K, used 9593K [0x00000000c2e00000, 0x0000000100000000)
  region size 1024K, 3 young (3072K), 3 survivors (3072K)
 Metaspace       used 20821K, capacity 20990K, committed 21248K, reserved 1069056K
  class space    used 2200K, capacity 2280K, committed 2304K, reserved 1048576K
}
Event: 3.984 GC heap before
{Heap before GC invocations=6 (full 0):
 garbage-first heap   total 76800K, used 38265K [0x00000000c2e00000, 0x0000000100000000)
  region size 1024K, 28 young (28672K), 3 survivors (3072K)
 Metaspace       used 28696K, capacity 29151K, committed 29312K, reserved 1075200K
  class space    used 3210K, capacity 3375K, committed 3456K, reserved 1048576K
}
Event: 3.998 GC heap after
{Heap after GC invocations=7 (full 0):
 garbage-first heap   total 76800K, used 14598K [0x00000000c2e00000, 0x0000000100000000)
  region size 1024K, 3 young (3072K), 3 survivors (3072K)
 Metaspace       used 28696K, capacity 29151K, committed 29312K, reserved 1075200K
  class space    used 3210K, capacity 3375K, committed 3456K, reserved 1048576K
}
Event: 6.028 GC heap before
{Heap before GC invocations=7 (full 0):
 garbage-first heap   total 76800K, used 46342K [0x00000000c2e00000, 0x0000000100000000)
  region size 1024K, 32 young (32768K), 3 survivors (3072K)
 Metaspace       used 34171K, capacity 34555K, committed 34688K, reserved 1079296K
  class space    used 4241K, capacity 4409K, committed 4480K, reserved 1048576K
}
Event: 6.048 GC heap after
{Heap after GC invocations=8 (full 0):
 garbage-first heap   total 76800K, used 20977K [0x00000000c2e00000, 0x0000000100000000)
  region size 1024K, 4 young (4096K), 4 survivors (4096K)
 Metaspace       used 34171K, capacity 34555K, committed 34688K, reserved 1079296K
  class space    used 4241K, capacity 4409K, committed 4480K, reserved 1048576K
}
Event: 6.241 GC heap before
{Heap before GC invocations=8 (full 0):
 garbage-first heap   total 76800K, used 25073K [0x00000000c2e00000, 0x0000000100000000)
  region size 1024K, 9 young (9216K), 4 survivors (4096K)
 Metaspace       used 35036K, capacity 35420K, committed 35584K, reserved 1081344K
  class space    used 4331K, capacity 4505K, committed 4608K, reserved 1048576K
}
Event: 6.256 GC heap after
{Heap after GC invocations=9 (full 0):
 garbage-first heap   total 76800K, used 21918K [0x00000000c2e00000, 0x0000000100000000)
  region size 1024K, 1 young (1024K), 1 survivors (1024K)
 Metaspace       used 35036K, capacity 35420K, committed 35584K, reserved 1081344K
  class space    used 4331K, capacity 4505K, committed 4608K, reserved 1048576K
}
Event: 6.965 GC heap before
{Heap before GC invocations=10 (full 0):
 garbage-first heap   total 76800K, used 41374K [0x00000000c2e00000, 0x0000000100000000)
  region size 1024K, 21 young (21504K), 1 survivors (1024K)
 Metaspace       used 38891K, capacity 39386K, committed 39424K, reserved 1083392K
  class space    used 4674K, capacity 4864K, committed 4864K, reserved 1048576K
}
Event: 6.974 GC heap after
{Heap after GC invocations=11 (full 0):
 garbage-first heap   total 92160K, used 24001K [0x00000000c2e00000, 0x0000000100000000)
  region size 1024K, 3 young (3072K), 3 survivors (3072K)
 Metaspace       used 38891K, capacity 39386K, committed 39424K, reserved 1083392K
  class space    used 4674K, capacity 4864K, committed 4864K, reserved 1048576K
}

Deoptimization events (20 events):
Event: 7.512 Thread 0x000001eff297f000 Uncommon trap: trap_request=0xffffff4d fr.pc=0x000001ef87af0c98 relative=0x0000000000000bf8
Event: 7.512 Thread 0x000001eff297f000 Uncommon trap: reason=unstable_if action=reinterpret pc=0x000001ef87af0c98 method=java.lang.StringCoding.encodeUTF8(B[BZ)[B @ 2 c2
Event: 7.512 Thread 0x000001eff297f000 DEOPT PACKING pc=0x000001ef87af0c98 sp=0x000000e8ec1f5cf0
Event: 7.512 Thread 0x000001eff297f000 DEOPT UNPACKING pc=0x000001ef80026ca9 sp=0x000000e8ec1f5ae0 mode 2
Event: 7.512 Thread 0x000001eff297f000 Uncommon trap: trap_request=0xffffff4d fr.pc=0x000001ef87b905b0 relative=0x0000000000000550
Event: 7.512 Thread 0x000001eff297f000 Uncommon trap: reason=unstable_if action=reinterpret pc=0x000001ef87b905b0 method=sun.net.www.ParseUtil.firstEncodeIndex(Ljava/lang/String;)I @ 27 c2
Event: 7.512 Thread 0x000001eff297f000 DEOPT PACKING pc=0x000001ef87b905b0 sp=0x000000e8ec1f5d80
Event: 7.512 Thread 0x000001eff297f000 DEOPT UNPACKING pc=0x000001ef80026ca9 sp=0x000000e8ec1f5c38 mode 2
Event: 7.513 Thread 0x000001eff297f000 Uncommon trap: trap_request=0xffffff4d fr.pc=0x000001ef87b5a214 relative=0x00000000000001f4
Event: 7.513 Thread 0x000001eff297f000 Uncommon trap: reason=unstable_if action=reinterpret pc=0x000001ef87b5a214 method=java.lang.String.indexOf(II)I @ 4 c2
Event: 7.513 Thread 0x000001eff297f000 DEOPT PACKING pc=0x000001ef87b5a214 sp=0x000000e8ec1f5aa0
Event: 7.513 Thread 0x000001eff297f000 DEOPT UNPACKING pc=0x000001ef80026ca9 sp=0x000000e8ec1f5a50 mode 2
Event: 7.513 Thread 0x000001eff297f000 Uncommon trap: trap_request=0xffffff4d fr.pc=0x000001ef87b85434 relative=0x0000000000000194
Event: 7.513 Thread 0x000001eff297f000 Uncommon trap: reason=unstable_if action=reinterpret pc=0x000001ef87b85434 method=java.lang.String.startsWith(Ljava/lang/String;I)Z @ 46 c2
Event: 7.513 Thread 0x000001eff297f000 DEOPT PACKING pc=0x000001ef87b85434 sp=0x000000e8ec1f5ba0
Event: 7.513 Thread 0x000001eff297f000 DEOPT UNPACKING pc=0x000001ef80026ca9 sp=0x000000e8ec1f5b08 mode 2
Event: 7.513 Thread 0x000001eff297f000 Uncommon trap: trap_request=0xffffff4d fr.pc=0x000001ef87bb9d70 relative=0x0000000000000690
Event: 7.513 Thread 0x000001eff297f000 Uncommon trap: reason=unstable_if action=reinterpret pc=0x000001ef87bb9d70 method=java.lang.String.lastIndexOf(II)I @ 4 c2
Event: 7.513 Thread 0x000001eff297f000 DEOPT PACKING pc=0x000001ef87bb9d70 sp=0x000000e8ec1f5c10
Event: 7.513 Thread 0x000001eff297f000 DEOPT UNPACKING pc=0x000001ef80026ca9 sp=0x000000e8ec1f5b00 mode 2

Classes redefined (0 events):
No events

Internal exceptions (20 events):
Event: 2.253 Thread 0x000001eff297f000 Exception <a 'java/lang/NoSuchMethodError'{0x00000000c5a22340}: 'long java.lang.invoke.DelegatingMethodHandle$Holder.reinvoke_L(java.lang.Object, java.lang.Object, java.lang.Object)'> (0x00000000c5a22340) thrown at [./src/hotspot/share/interpreter/linkResolver.cpp, line 773]
Event: 2.255 Thread 0x000001eff297f000 Exception <a 'java/lang/NoSuchMethodError'{0x00000000c5a2c000}: 'int java.lang.invoke.DirectMethodHandle$Holder.invokeSpecial(java.lang.Object, java.lang.Object, java.lang.Object, java.lang.Object)'> (0x00000000c5a2c000) thrown at [./src/hotspot/share/interpreter/linkResolver.cpp, line 773]
Event: 2.259 Thread 0x000001eff297f000 Exception <a 'java/lang/NoSuchMethodError'{0x00000000c5a3ade0}: 'int java.lang.invoke.DelegatingMethodHandle$Holder.reinvoke_L(java.lang.Object, java.lang.Object, java.lang.Object, long, int)'> (0x00000000c5a3ade0) thrown at [./src/hotspot/share/interpreter/linkResolver.cpp, line 773]
Event: 2.589 Thread 0x000001eff297f000 Exception <a 'java/lang/NoSuchMethodError'{0x00000000c6ab46a0}: 'int java.lang.invoke.DirectMethodHandle$Holder.invokeSpecialIFC(java.lang.Object, java.lang.Object, int)'> (0x00000000c6ab46a0) thrown at [./src/hotspot/share/interpreter/linkResolver.cpp, line 773]
Event: 2.790 Thread 0x000001eff297f000 Exception <a 'java/lang/NoSuchMethodError'{0x00000000c63c4f80}: 'java.lang.Object java.lang.invoke.DirectMethodHandle$Holder.invokeStaticInit(java.lang.Object, int)'> (0x00000000c63c4f80) thrown at [./src/hotspot/share/interpreter/linkResolver.cpp, line 773]
Event: 2.838 Thread 0x000001eff297f000 Exception <a 'java/lang/NoSuchMethodError'{0x00000000c61912b8}: 'long java.lang.invoke.DirectMethodHandle$Holder.invokeStatic(java.lang.Object)'> (0x00000000c61912b8) thrown at [./src/hotspot/share/interpreter/linkResolver.cpp, line 773]
Event: 2.838 Thread 0x000001eff297f000 Exception <a 'java/lang/NoSuchMethodError'{0x00000000c6194110}: 'long java.lang.invoke.DirectMethodHandle$Holder.invokeStaticInit(java.lang.Object)'> (0x00000000c6194110) thrown at [./src/hotspot/share/interpreter/linkResolver.cpp, line 773]
Event: 2.963 Thread 0x000001eff297f000 Exception <a 'java/lang/NoSuchMethodError'{0x00000000c76c4400}: 'int java.lang.invoke.DirectMethodHandle$Holder.invokeStaticInit(java.lang.Object, java.lang.Object, java.lang.Object)'> (0x00000000c76c4400) thrown at [./src/hotspot/share/interpreter/linkResolver.cpp, line 773]
Event: 2.971 Thread 0x000001eff297f000 Exception <a 'java/lang/NoSuchMethodError'{0x00000000c76efbc0}: 'int java.lang.invoke.DirectMethodHandle$Holder.invokeStaticInit(java.lang.Object, java.lang.Object)'> (0x00000000c76efbc0) thrown at [./src/hotspot/share/interpreter/linkResolver.cpp, line 773]
Event: 3.079 Thread 0x000001eff297f000 Exception <a 'java/lang/NoSuchMethodError'{0x00000000c73018c8}: 'void java.lang.invoke.DirectMethodHandle$Holder.invokeSpecial(java.lang.Object, java.lang.Object)'> (0x00000000c73018c8) thrown at [./src/hotspot/share/interpreter/linkResolver.cpp, line 773]
Event: 3.490 Thread 0x000001eff297f000 Exception <a 'java/lang/NoSuchMethodError'{0x00000000c6b28950}: 'java.lang.Object java.lang.invoke.DirectMethodHandle$Holder.invokeStatic(java.lang.Object, java.lang.Object, java.lang.Object, java.lang.Object, java.lang.Object, java.lang.Object, java.lang.Object, java.lang.Object, java.lang.Object, java.lang.Object, java.lang.Object, java.lang.Object, java.lang.Object, java.lang.Object, java.lang.Object)'> (0x00000000c6b28950) thrown at [./src/hotspot/share/interpreter/linkResolver.cpp, line 773]
Event: 3.493 Thread 0x000001eff297f000 Exception <a 'java/lang/NoSuchMethodError'{0x00000000c6b36958}: 'java.lang.Object java.lang.invoke.DirectMethodHandle$Holder.invokeStatic(java.lang.Object, java.lang.Object, java.lang.Object, java.lang.Object, java.lang.Object, java.lang.Object, java.lang.Object, java.lang.Object, java.lang.Object, java.lang.Object, java.lang.Object, java.lang.Object, java.lang.Object, java.lang.Object, java.lang.Object, java.lang.Object)'> (0x00000000c6b36958) thrown at [./src/hotspot/share/interpreter/linkResolver.cpp, l
Event: 3.532 Thread 0x000001eff297f000 Exception <a 'java/lang/NoSuchMethodError'{0x00000000c6b44870}: 'java.lang.Object java.lang.invoke.DirectMethodHandle$Holder.invokeSpecial(java.lang.Object, java.lang.Object, int, int, java.lang.Object, java.lang.Object, java.lang.Object)'> (0x00000000c6b44870) thrown at [./src/hotspot/share/interpreter/linkResolver.cpp, line 773]
Event: 3.532 Thread 0x000001eff297f000 Exception <a 'java/lang/NoSuchMethodError'{0x00000000c6b480a8}: 'java.lang.Object java.lang.invoke.DelegatingMethodHandle$Holder.reinvoke_L(java.lang.Object, int, int, java.lang.Object, java.lang.Object, java.lang.Object)'> (0x00000000c6b480a8) thrown at [./src/hotspot/share/interpreter/linkResolver.cpp, line 773]
Event: 3.533 Thread 0x000001eff297f000 Exception <a 'java/lang/NoSuchMethodError'{0x00000000c6b4c430}: 'java.lang.Object java.lang.invoke.DirectMethodHandle$Holder.invokeStatic(java.lang.Object, java.lang.Object, java.lang.Object, java.lang.Object, int)'> (0x00000000c6b4c430) thrown at [./src/hotspot/share/interpreter/linkResolver.cpp, line 773]
Event: 3.628 Thread 0x000001eff297f000 Exception <a 'java/lang/NoSuchMethodError'{0x00000000c6a6f640}: 'void java.lang.invoke.DirectMethodHandle$Holder.invokeStatic(java.lang.Object, java.lang.Object, java.lang.Object, java.lang.Object)'> (0x00000000c6a6f640) thrown at [./src/hotspot/share/interpreter/linkResolver.cpp, line 773]
Event: 3.740 Thread 0x000001eff297f000 Exception <a 'java/lang/NoSuchMethodError'{0x00000000c664d428}: 'void java.lang.invoke.DirectMethodHandle$Holder.invokeStaticInit(java.lang.Object, java.lang.Object)'> (0x00000000c664d428) thrown at [./src/hotspot/share/interpreter/linkResolver.cpp, line 773]
Event: 3.869 Thread 0x000001eff297f000 Exception <a 'java/lang/NoSuchMethodError'{0x00000000c626d5a0}: 'void java.lang.invoke.DirectMethodHandle$Holder.invokeVirtual(java.lang.Object, java.lang.Object)'> (0x00000000c626d5a0) thrown at [./src/hotspot/share/interpreter/linkResolver.cpp, line 773]
Event: 3.885 Thread 0x000001eff297f000 Exception <a 'java/lang/NoSuchMethodError'{0x00000000c62e7aa0}: 'int java.lang.invoke.DirectMethodHandle$Holder.invokeVirtual(java.lang.Object, java.lang.Object)'> (0x00000000c62e7aa0) thrown at [./src/hotspot/share/interpreter/linkResolver.cpp, line 773]
Event: 6.004 Thread 0x000001eff297f000 Exception <a 'java/lang/NoSuchMethodError'{0x00000000c5960be0}: 'java.lang.Object java.lang.invoke.DirectMethodHandle$Holder.invokeVirtual(java.lang.Object, java.lang.Object, java.lang.Object)'> (0x00000000c5960be0) thrown at [./src/hotspot/share/interpreter/linkResolver.cpp, line 773]

Events (20 events):
Event: 7.874 loading class org/jetbrains/kotlin/com/intellij/util/containers/SingletonIterator
Event: 7.874 loading class org/jetbrains/kotlin/com/intellij/util/containers/SingletonIterator done
Event: 7.874 loading class org/jetbrains/kotlin/com/intellij/util/containers/SingletonIteratorBase
Event: 7.874 loading class org/jetbrains/kotlin/com/intellij/util/containers/SingletonIteratorBase done
Event: 7.875 loading class org/jetbrains/kotlin/com/intellij/util/containers/JBIterable$2$1
Event: 7.875 loading class org/jetbrains/kotlin/com/intellij/util/containers/JBIterable$2$1 done
Event: 7.880 loading class org/jetbrains/kotlin/com/intellij/psi/stubs/StubList$2
Event: 7.880 loading class org/jetbrains/kotlin/com/intellij/psi/stubs/StubList$2 done
Event: 7.880 loading class gnu/trove/TIntIntHashMap
Event: 7.880 loading class gnu/trove/TIntIntHashMap done
Event: 7.881 loading class gnu/trove/TIntHash
Event: 7.881 loading class gnu/trove/TIntHash done
Event: 7.881 loading class gnu/trove/TPrimitiveHash
Event: 7.881 loading class gnu/trove/TPrimitiveHash done
Event: 7.882 Executing VM operation: Deoptimize
Event: 7.882 Executing VM operation: Deoptimize done
Event: 7.884 loading class gnu/trove/TIntIntProcedure
Event: 7.884 loading class gnu/trove/TIntIntProcedure done
Event: 7.890 loading class org/jetbrains/kotlin/psi/psiUtil/KtPsiUtilKt
Event: 7.890 loading class org/jetbrains/kotlin/psi/psiUtil/KtPsiUtilKt done


Dynamic libraries:
0x00007ff6d3350000 - 0x00007ff6d335a000 	C:\Program Files\Android\Android Studio\jre\bin\java.exe
0x00007ff8e23f0000 - 0x00007ff8e25e5000 	C:\WINDOWS\SYSTEM32\ntdll.dll
0x00007ff8bea20000 - 0x00007ff8bea35000 	C:\Program Files\Avast Software\Avast\aswhook.dll
0x00007ff8e1970000 - 0x00007ff8e1a2e000 	C:\WINDOWS\System32\KERNEL32.DLL
0x00007ff8e0170000 - 0x00007ff8e0438000 	C:\WINDOWS\System32\KERNELBASE.dll
0x00007ff8dffe0000 - 0x00007ff8e00e0000 	C:\WINDOWS\System32\ucrtbase.dll
0x00007ff8c7720000 - 0x00007ff8c7737000 	C:\Program Files\Android\Android Studio\jre\bin\VCRUNTIME140.dll
0x00007ff8c75f0000 - 0x00007ff8c7609000 	C:\Program Files\Android\Android Studio\jre\bin\jli.dll
0x00007ff8e17c0000 - 0x00007ff8e1961000 	C:\WINDOWS\System32\USER32.dll
0x00007ff8e0140000 - 0x00007ff8e0162000 	C:\WINDOWS\System32\win32u.dll
0x00007ff8bd170000 - 0x00007ff8bd40a000 	C:\WINDOWS\WinSxS\amd64_microsoft.windows.common-controls_6595b64144ccf1df_6.0.19041.1110_none_60b5254171f9507e\COMCTL32.dll
0x00007ff8e0550000 - 0x00007ff8e05ee000 	C:\WINDOWS\System32\msvcrt.dll
0x00007ff8e1790000 - 0x00007ff8e17bb000 	C:\WINDOWS\System32\GDI32.dll
0x00007ff8dfd80000 - 0x00007ff8dfe8b000 	C:\WINDOWS\System32\gdi32full.dll
0x00007ff8dfe90000 - 0x00007ff8dff2d000 	C:\WINDOWS\System32\msvcp_win.dll
0x00007ff8e0950000 - 0x00007ff8e0980000 	C:\WINDOWS\System32\IMM32.DLL
0x00007ff8a3380000 - 0x00007ff8a341d000 	C:\Program Files\Android\Android Studio\jre\bin\msvcp140.dll
0x00007ff8883d0000 - 0x00007ff888e9f000 	C:\Program Files\Android\Android Studio\jre\bin\server\jvm.dll
0x00007ff8e22a0000 - 0x00007ff8e234c000 	C:\WINDOWS\System32\ADVAPI32.dll
0x00007ff8e1270000 - 0x00007ff8e130b000 	C:\WINDOWS\System32\sechost.dll
0x00007ff8e1640000 - 0x00007ff8e176a000 	C:\WINDOWS\System32\RPCRT4.dll
0x00007ff8e0a20000 - 0x00007ff8e0a28000 	C:\WINDOWS\System32\PSAPI.DLL
0x00007ff8c5d50000 - 0x00007ff8c5d59000 	C:\WINDOWS\SYSTEM32\WSOCK32.dll
0x00007ff8beaf0000 - 0x00007ff8beb17000 	C:\WINDOWS\SYSTEM32\WINMM.dll
0x00007ff8e1420000 - 0x00007ff8e148b000 	C:\WINDOWS\System32\WS2_32.dll
0x00007ff8d91b0000 - 0x00007ff8d91ba000 	C:\WINDOWS\SYSTEM32\VERSION.dll
0x00007ff8de640000 - 0x00007ff8de652000 	C:\WINDOWS\SYSTEM32\kernel.appcore.dll
0x00007ff8da050000 - 0x00007ff8da061000 	C:\Program Files\Android\Android Studio\jre\bin\verify.dll
0x00007ff8de0e0000 - 0x00007ff8de2c4000 	C:\WINDOWS\SYSTEM32\DBGHELP.DLL
0x00007ff8d1c70000 - 0x00007ff8d1c9c000 	C:\WINDOWS\SYSTEM32\dbgcore.DLL
0x00007ff8dfb10000 - 0x00007ff8dfb93000 	C:\WINDOWS\System32\bcryptPrimitives.dll
0x00007ff8da020000 - 0x00007ff8da049000 	C:\Program Files\Android\Android Studio\jre\bin\java.dll
0x00007ff8da930000 - 0x00007ff8da93b000 	C:\Program Files\Android\Android Studio\jre\bin\jimage.dll
0x00007ff8d9150000 - 0x00007ff8d9168000 	C:\Program Files\Android\Android Studio\jre\bin\zip.dll
0x00007ff8e1b60000 - 0x00007ff8e229f000 	C:\WINDOWS\System32\SHELL32.dll
0x00007ff8dd850000 - 0x00007ff8ddfe0000 	C:\WINDOWS\SYSTEM32\windows.storage.dll
0x00007ff8e0f10000 - 0x00007ff8e1265000 	C:\WINDOWS\System32\combase.dll
0x00007ff8df490000 - 0x00007ff8df4be000 	C:\WINDOWS\SYSTEM32\Wldp.dll
0x00007ff8e1370000 - 0x00007ff8e141d000 	C:\WINDOWS\System32\SHCORE.dll
0x00007ff8e1310000 - 0x00007ff8e1365000 	C:\WINDOWS\System32\shlwapi.dll
0x00007ff8dfa50000 - 0x00007ff8dfa6f000 	C:\WINDOWS\SYSTEM32\profapi.dll
0x00007ff8da960000 - 0x00007ff8da97a000 	C:\Program Files\Android\Android Studio\jre\bin\net.dll
0x00007ff8d9020000 - 0x00007ff8d912c000 	C:\WINDOWS\SYSTEM32\WINHTTP.dll
0x00007ff8df1f0000 - 0x00007ff8df25a000 	C:\WINDOWS\system32\mswsock.dll
0x00007ff8da940000 - 0x00007ff8da954000 	C:\Program Files\Android\Android Studio\jre\bin\nio.dll

dbghelp: loaded successfully - version: 4.0.5 - missing functions: none
symbol engine: initialized successfully - sym options: 0x614 - pdb path: .;C:\Program Files\Android\Android Studio\jre\bin;C:\WINDOWS\SYSTEM32;C:\Program Files\Avast Software\Avast;C:\WINDOWS\WinSxS\amd64_microsoft.windows.common-controls_6595b64144ccf1df_6.0.19041.1110_none_60b5254171f9507e;C:\Program Files\Android\Android Studio\jre\bin\server

VM Arguments:
java_command: org.jetbrains.kotlin.cli.jvm.K2JVMCompiler @C:\Users\Jenni\AndroidStudioProjects\Aplicacion1\app\build\20211125_17865564039973643077.compiler.options
java_class_path (initial): C:\Users\Jenni\.gradle\caches\modules-2\files-2.1\org.jetbrains.kotlin\kotlin-compiler-embeddable\1.6.0\aa8da3bedc53c89219b84a0b40c7419431a13e76\kotlin-compiler-embeddable-1.6.0.jar;C:\Users\Jenni\.gradle\caches\modules-2\files-2.1\org.jetbrains.kotlin\kotlin-reflect\1.6.0\a215a7f914d5916dc5fd2d45cea16524e0220203\kotlin-reflect-1.6.0.jar;C:\Users\Jenni\.gradle\caches\modules-2\files-2.1\org.jetbrains.kotlin\kotlin-stdlib\1.6.0\a40b8b22529b733892edf4b73468ce598bb17f04\kotlin-stdlib-1.6.0.jar;C:\Users\Jenni\.gradle\caches\modules-2\files-2.1\org.jetbrains.kotlin\kotlin-script-runtime\1.6.0\55f72526ddcff6fc77d72cdf949c7e3d9bd95620\kotlin-script-runtime-1.6.0.jar;C:\Users\Jenni\.gradle\caches\modules-2\files-2.1\org.jetbrains.kotlin\kotlin-daemon-embeddable\1.6.0\d6242b37f4ce6b637d10847c7558446272ec8432\kotlin-daemon-embeddable-1.6.0.jar;C:\Users\Jenni\.gradle\caches\modules-2\files-2.1\org.jetbrains.intellij.deps\trove4j\1.0.20181211\216c2e14b070f334479d800987affe4054cd563f\trove4j-1.0.20181211.jar;C:\Users\Jenni\.gradle\caches\modules-2\files-2.1\net.java.dev.jna\jna\5.6.0\330f2244e9030119ab3030fc3fededc86713d9cc\jna-5.6.0.jar;C:\Users\Jenni\.gradle\caches\modules-2\files-2.1\org.jetbrains\annotations\13.0\919f0dfe192fb4e063e7dacadee7f8bb9a2672a9\annotations-13.0.jar;C:\Users\Jenni\.gradle\caches\modules-2\files-2.1\org.jetbrains.kotlin\kotlin-stdlib-common\1.6.0\7857e365f925cfa060f941c1357cda1f8790502c\kotlin-stdlib-common-1.6.0.jar
Launcher Type: SUN_STANDARD

[Global flags]
     intx CICompilerCount                          = 2                                         {product} {ergonomic}
     uint ConcGCThreads                            = 1                                         {product} {ergonomic}
     uint G1ConcRefinementThreads                  = 2                                         {product} {ergonomic}
   size_t G1HeapRegionSize                         = 1048576                                   {product} {ergonomic}
    uintx GCDrainStackTargetSize                   = 64                                        {product} {ergonomic}
   size_t InitialHeapSize                          = 65011712                                  {product} {ergonomic}
   size_t MarkStackSize                            = 4194304                                   {product} {ergonomic}
   size_t MaxHeapSize                              = 1025507328                                {product} {ergonomic}
   size_t MaxNewSize                               = 614465536                                 {product} {ergonomic}
   size_t MinHeapDeltaBytes                        = 1048576                                   {product} {ergonomic}
    uintx NonNMethodCodeHeapSize                   = 5825164                                {pd product} {ergonomic}
    uintx NonProfiledCodeHeapSize                  = 122916538                              {pd product} {ergonomic}
    uintx ProfiledCodeHeapSize                     = 122916538                              {pd product} {ergonomic}
    uintx ReservedCodeCacheSize                    = 251658240                              {pd product} {ergonomic}
     bool SegmentedCodeCache                       = true                                      {product} {ergonomic}
     bool UseCompressedClassPointers               = true                                 {lp64_product} {ergonomic}
     bool UseCompressedOops                        = true                                 {lp64_product} {ergonomic}
     bool UseG1GC                                  = true                                      {product} {ergonomic}
     bool UseLargePagesIndividualAllocation        = false                                  {pd product} {ergonomic}

Logging:
Log output configuration:
 #0: stdout all=warning uptime,level,tags
 #1: stderr all=off uptime,level,tags

Environment Variables:
PATH=C:\Program Files\Common Files\Oracle\Java\javapath;C:\WINDOWS\system32;C:\WINDOWS;C:\WINDOWS\System32\Wbem;C:\WINDOWS\System32\WindowsPowerShell\v1.0\;C:\WINDOWS\System32\OpenSSH\;C:\Program Files\Git\cmd;C:\Program Files\MySQL\MySQL Shell 8.0\bin\;C:\Users\Jenni\AppData\Local\Microsoft\WindowsApps
USERNAME=Jenni
OS=Windows_NT
PROCESSOR_IDENTIFIER=Intel64 Family 6 Model 122 Stepping 1, GenuineIntel



---------------  S Y S T E M  ---------------

OS: Windows 10 , 64 bit Build 19041 (10.0.19041.1348)
OS uptime: 12 days 17:36 hours

CPU:total 2 (initial active 2) (2 cores per cpu, 1 threads per core) family 6 model 122 stepping 1 microcode 0x32, cmov, cx8, fxsr, mmx, sse, sse2, sse3, ssse3, sse4.1, sse4.2, popcnt, aes, clmul, erms, 3dnowpref, tsc, tscinvbit, sha

Memory: 4k page, system-wide physical 3911M (353M free)
TotalPageFile size 7399M (AvailPageFile size 1M)
current process WorkingSet (physical memory assigned to process): 183M, peak: 183M
current process commit charge ("private bytes"): 226M, peak: 226M

vm_info: OpenJDK 64-Bit Server VM (11.0.10+0-b96-7249189) for windows-amd64 JRE (11.0.10+0-b96-7249189), built on Mar 31 2021 21:44:00 by "builder" with MS VC++ 14.0 (VS2015)

END.
