#
# There is insufficient memory for the Java Runtime Environment to continue.
# Native memory allocation (malloc) failed to allocate 131088 bytes for Chunk::new
# Possible reasons:
#   The system is out of physical RAM or swap space
#   The process is running with CompressedOops enabled, and the Java Heap may be blocking the growth of the native heap
# Possible solutions:
#   Reduce memory load on the system
#   Increase physical memory or swap space
#   Check if swap backing store is full
#   Decrease Java heap size (-Xmx/-Xms)
#   Decrease number of Java threads
#   Decrease Java thread stack sizes (-Xss)
#   Set larger code cache with -XX:ReservedCodeCacheSize=
#   JVM is running with Unscaled Compressed Oops mode in which the Java heap is
#     placed in the first 4GB address space. The Java Heap base address is the
#     maximum limit for the native heap growth. Please use -XX:HeapBaseMinAddress
#     to set the Java Heap base and to place the Java Heap above 4GB virtual address.
# This output file may be truncated or incomplete.
#
#  Out of Memory Error (./src/hotspot/share/memory/arena.cpp:197), pid=10852, tid=7800
#
# JRE version: OpenJDK Runtime Environment (11.0.10) (build 11.0.10+0-b96-7249189)
# Java VM: OpenJDK 64-Bit Server VM (11.0.10+0-b96-7249189, mixed mode, tiered, compressed oops, g1 gc, windows-amd64)
# No core dump will be written. Minidumps are not enabled by default on client versions of Windows
#

---------------  S U M M A R Y ------------

Command Line: org.jetbrains.kotlin.cli.jvm.K2JVMCompiler @C:\Users\Jenni\AndroidStudioProjects\Aplicacion1\app\build\20211125_9275367086700278591.compiler.options

Host: Intel(R) Celeron(R) N4000 CPU @ 1.10GHz, 2 cores, 3G,  Windows 10 , 64 bit Build 19041 (10.0.19041.1348)
Time: Thu Nov 25 21:54:02 2021 Hora estándar del Este (México) elapsed time: 6.839390 seconds (0d 0h 0m 6s)

---------------  T H R E A D  ---------------

Current thread (0x00000246b72d2800):  JavaThread "C2 CompilerThread0" daemon [_thread_in_native, id=7800, stack(0x000000de7a500000,0x000000de7a600000)]


Current CompileTask:
C2:   6839 2080   !   4       jdk.internal.loader.BuiltinClassLoader::loadClassOrNull (143 bytes)

Stack: [0x000000de7a500000,0x000000de7a600000]
Native frames: (J=compiled Java code, j=interpreted, Vv=VM code, C=native code)
V  [jvm.dll+0x5ecfaa]
V  [jvm.dll+0x722bd5]
V  [jvm.dll+0x72412d]
V  [jvm.dll+0x7247e3]
V  [jvm.dll+0x242928]
V  [jvm.dll+0xbc4fc]
V  [jvm.dll+0xbca0c]
V  [jvm.dll+0xbc608]
V  [jvm.dll+0x5cc470]
V  [jvm.dll+0x201cde]
V  [jvm.dll+0x617564]
V  [jvm.dll+0x6175fb]
V  [jvm.dll+0x1fc81f]
V  [jvm.dll+0x1fa77f]
V  [jvm.dll+0x18354c]
V  [jvm.dll+0x208ee7]
V  [jvm.dll+0x207731]
V  [jvm.dll+0x6eb1cf]
V  [jvm.dll+0x6e3d45]
V  [jvm.dll+0x5ebe96]
C  [ucrtbase.dll+0x21bb2]
C  [KERNEL32.DLL+0x17034]
C  [ntdll.dll+0x52651]


---------------  P R O C E S S  ---------------

Threads class SMR info:
_java_thread_list=0x00000246b758e780, length=10, elements={
0x000002469fbae000, 0x00000246b72af800, 0x00000246b72b0800, 0x00000246b72cc800,
0x00000246b72ce000, 0x00000246b72d0000, 0x00000246b72d2800, 0x00000246b72d5800,
0x00000246b7319800, 0x00000246b7595000
}

Java Threads: ( => current thread )
  0x000002469fbae000 JavaThread "main" [_thread_blocked, id=17064, stack(0x000000de79900000,0x000000de79a00000)]
  0x00000246b72af800 JavaThread "Reference Handler" daemon [_thread_blocked, id=9048, stack(0x000000de7a000000,0x000000de7a100000)]
  0x00000246b72b0800 JavaThread "Finalizer" daemon [_thread_blocked, id=15504, stack(0x000000de7a100000,0x000000de7a200000)]
  0x00000246b72cc800 JavaThread "Signal Dispatcher" daemon [_thread_blocked, id=10828, stack(0x000000de7a200000,0x000000de7a300000)]
  0x00000246b72ce000 JavaThread "Attach Listener" daemon [_thread_blocked, id=5832, stack(0x000000de7a300000,0x000000de7a400000)]
  0x00000246b72d0000 JavaThread "Service Thread" daemon [_thread_blocked, id=3048, stack(0x000000de7a400000,0x000000de7a500000)]
=>0x00000246b72d2800 JavaThread "C2 CompilerThread0" daemon [_thread_in_native, id=7800, stack(0x000000de7a500000,0x000000de7a600000)]
  0x00000246b72d5800 JavaThread "C1 CompilerThread0" daemon [_thread_blocked, id=2124, stack(0x000000de7a600000,0x000000de7a700000)]
  0x00000246b7319800 JavaThread "Sweeper thread" daemon [_thread_blocked, id=11344, stack(0x000000de7a700000,0x000000de7a800000)]
  0x00000246b7595000 JavaThread "Common-Cleaner" daemon [_thread_blocked, id=17024, stack(0x000000de7a900000,0x000000de7aa00000)]

Other Threads:
  0x00000246b7288000 VMThread "VM Thread" [stack: 0x000000de79f00000,0x000000de7a000000] [id=16256]
  0x00000246b7592800 WatcherThread [stack: 0x000000de7a800000,0x000000de7a900000] [id=3360]
  0x000002469fbc5800 GCTaskThread "GC Thread#0" [stack: 0x000000de79a00000,0x000000de79b00000] [id=5460]
  0x00000246b76f0000 GCTaskThread "GC Thread#1" [stack: 0x000000de7aa00000,0x000000de7ab00000] [id=13384]
  0x000002469fbde800 ConcurrentGCThread "G1 Main Marker" [stack: 0x000000de79b00000,0x000000de79c00000] [id=1588]
  0x000002469fbe1000 ConcurrentGCThread "G1 Conc#0" [stack: 0x000000de79c00000,0x000000de79d00000] [id=10440]
  0x000002469fc1f000 ConcurrentGCThread "G1 Refine#0" [stack: 0x000000de79d00000,0x000000de79e00000] [id=12268]
  0x000002469fc20000 ConcurrentGCThread "G1 Young RemSet Sampling" [stack: 0x000000de79e00000,0x000000de79f00000] [id=12756]

Threads with active compile tasks:
C2 CompilerThread0   6905 2080   !   4       jdk.internal.loader.BuiltinClassLoader::loadClassOrNull (143 bytes)
C1 CompilerThread0   6906 2094       3       jdk.internal.org.objectweb.asm.ClassWriter::toByteArray (1423 bytes)

VM state:at safepoint (normal execution)

VM Mutex/Monitor currently owned by a thread:  ([mutex/lock_event])
[0x000002469fbab7e0] Threads_lock - owner thread: 0x00000246b7288000
[0x000002469fbaa310] Heap_lock - owner thread: 0x00000246b72d5800
[0x000002469fbab3f0] MethodData_lock - owner thread: 0x00000246b72d5800

Heap address: 0x00000000c2e00000, size: 978 MB, Compressed Oops mode: 32-bit
Narrow klass base: 0x0000000000000000, Narrow klass shift: 3
Compressed class space size: 1073741824 Address: 0x0000000100000000

Heap:
 garbage-first heap   total 76800K, used 13934K [0x00000000c2e00000, 0x0000000100000000)
  region size 1024K, 4 young (4096K), 4 survivors (4096K)
 Metaspace       used 26654K, capacity 27004K, committed 27136K, reserved 1081344K
  class space    used 2842K, capacity 2997K, committed 3072K, reserved 1048576K
Heap Regions: E=young(eden), S=young(survivor), O=old, HS=humongous(starts), HC=humongous(continues), CS=collection set, F=free, A=archive, TAMS=top-at-mark-start (previous, next)
|   0|0x00000000c2e00000, 0x00000000c2f00000, 0x00000000c2f00000|100%|HS|  |TAMS 0x00000000c2f00000, 0x00000000c2f00000| Complete 
|   1|0x00000000c2f00000, 0x00000000c3000000, 0x00000000c3000000|100%|HC|  |TAMS 0x00000000c3000000, 0x00000000c3000000| Complete 
|   2|0x00000000c3000000, 0x00000000c3100000, 0x00000000c3100000|100%|HC|  |TAMS 0x00000000c3100000, 0x00000000c3100000| Complete 
|   3|0x00000000c3100000, 0x00000000c3200000, 0x00000000c3200000|100%| O|  |TAMS 0x00000000c3200000, 0x00000000c3200000| Untracked 
|   4|0x00000000c3200000, 0x00000000c3300000, 0x00000000c3300000|100%| O|  |TAMS 0x00000000c3300000, 0x00000000c3300000| Untracked 
|   5|0x00000000c3300000, 0x00000000c3400000, 0x00000000c3400000|100%| O|  |TAMS 0x00000000c3400000, 0x00000000c3400000| Untracked 
|   6|0x00000000c3400000, 0x00000000c349ba00, 0x00000000c3500000| 60%| O|  |TAMS 0x00000000c349ba00, 0x00000000c349ba00| Untracked 
|   7|0x00000000c3500000, 0x00000000c3600000, 0x00000000c3600000|100%|HS|  |TAMS 0x00000000c3500000, 0x00000000c3600000| Complete 
|   8|0x00000000c3600000, 0x00000000c3700000, 0x00000000c3700000|100%|HC|  |TAMS 0x00000000c3600000, 0x00000000c3700000| Complete 
|   9|0x00000000c3700000, 0x00000000c3800000, 0x00000000c3800000|100%|HC|  |TAMS 0x00000000c3700000, 0x00000000c3800000| Complete 
|  10|0x00000000c3800000, 0x00000000c3800000, 0x00000000c3900000|  0%| F|  |TAMS 0x00000000c3800000, 0x00000000c3800000| Untracked 
|  11|0x00000000c3900000, 0x00000000c3900000, 0x00000000c3a00000|  0%| F|  |TAMS 0x00000000c3900000, 0x00000000c3900000| Untracked 
|  12|0x00000000c3a00000, 0x00000000c3a00000, 0x00000000c3b00000|  0%| F|  |TAMS 0x00000000c3a00000, 0x00000000c3a00000| Untracked 
|  13|0x00000000c3b00000, 0x00000000c3b00000, 0x00000000c3c00000|  0%| F|  |TAMS 0x00000000c3b00000, 0x00000000c3b00000| Untracked 
|  14|0x00000000c3c00000, 0x00000000c3c00000, 0x00000000c3d00000|  0%| F|  |TAMS 0x00000000c3c00000, 0x00000000c3c00000| Untracked 
|  15|0x00000000c3d00000, 0x00000000c3d00000, 0x00000000c3e00000|  0%| F|  |TAMS 0x00000000c3d00000, 0x00000000c3d00000| Untracked 
|  16|0x00000000c3e00000, 0x00000000c3e00000, 0x00000000c3f00000|  0%| F|  |TAMS 0x00000000c3e00000, 0x00000000c3e00000| Untracked 
|  17|0x00000000c3f00000, 0x00000000c3f00000, 0x00000000c4000000|  0%| F|  |TAMS 0x00000000c3f00000, 0x00000000c3f00000| Untracked 
|  18|0x00000000c4000000, 0x00000000c4000000, 0x00000000c4100000|  0%| F|  |TAMS 0x00000000c4000000, 0x00000000c4000000| Untracked 
|  19|0x00000000c4100000, 0x00000000c4100000, 0x00000000c4200000|  0%| F|  |TAMS 0x00000000c4100000, 0x00000000c4100000| Untracked 
|  20|0x00000000c4200000, 0x00000000c4200000, 0x00000000c4300000|  0%| F|  |TAMS 0x00000000c4200000, 0x00000000c4200000| Untracked 
|  21|0x00000000c4300000, 0x00000000c4300000, 0x00000000c4400000|  0%| F|  |TAMS 0x00000000c4300000, 0x00000000c4300000| Untracked 
|  22|0x00000000c4400000, 0x00000000c4400000, 0x00000000c4500000|  0%| F|  |TAMS 0x00000000c4400000, 0x00000000c4400000| Untracked 
|  23|0x00000000c4500000, 0x00000000c4500000, 0x00000000c4600000|  0%| F|  |TAMS 0x00000000c4500000, 0x00000000c4500000| Untracked 
|  24|0x00000000c4600000, 0x00000000c4600000, 0x00000000c4700000|  0%| F|  |TAMS 0x00000000c4600000, 0x00000000c4600000| Untracked 
|  25|0x00000000c4700000, 0x00000000c4700000, 0x00000000c4800000|  0%| F|  |TAMS 0x00000000c4700000, 0x00000000c4700000| Untracked 
|  26|0x00000000c4800000, 0x00000000c4800000, 0x00000000c4900000|  0%| F|  |TAMS 0x00000000c4800000, 0x00000000c4800000| Untracked 
|  27|0x00000000c4900000, 0x00000000c4900000, 0x00000000c4a00000|  0%| F|  |TAMS 0x00000000c4900000, 0x00000000c4900000| Untracked 
|  28|0x00000000c4a00000, 0x00000000c4a00000, 0x00000000c4b00000|  0%| F|  |TAMS 0x00000000c4a00000, 0x00000000c4a00000| Untracked 
|  29|0x00000000c4b00000, 0x00000000c4b00000, 0x00000000c4c00000|  0%| F|  |TAMS 0x00000000c4b00000, 0x00000000c4b00000| Untracked 
|  30|0x00000000c4c00000, 0x00000000c4c00000, 0x00000000c4d00000|  0%| F|  |TAMS 0x00000000c4c00000, 0x00000000c4c00000| Untracked 
|  31|0x00000000c4d00000, 0x00000000c4d00000, 0x00000000c4e00000|  0%| F|  |TAMS 0x00000000c4d00000, 0x00000000c4d00000| Untracked 
|  32|0x00000000c4e00000, 0x00000000c4e00000, 0x00000000c4f00000|  0%| F|  |TAMS 0x00000000c4e00000, 0x00000000c4e00000| Untracked 
|  33|0x00000000c4f00000, 0x00000000c4f00000, 0x00000000c5000000|  0%| F|  |TAMS 0x00000000c4f00000, 0x00000000c4f00000| Untracked 
|  34|0x00000000c5000000, 0x00000000c5000000, 0x00000000c5100000|  0%| F|  |TAMS 0x00000000c5000000, 0x00000000c5000000| Untracked 
|  35|0x00000000c5100000, 0x00000000c5100000, 0x00000000c5200000|  0%| F|  |TAMS 0x00000000c5100000, 0x00000000c5100000| Untracked 
|  36|0x00000000c5200000, 0x00000000c5200000, 0x00000000c5300000|  0%| F|  |TAMS 0x00000000c5200000, 0x00000000c5200000| Untracked 
|  37|0x00000000c5300000, 0x00000000c5300000, 0x00000000c5400000|  0%| F|  |TAMS 0x00000000c5300000, 0x00000000c5300000| Untracked 
|  38|0x00000000c5400000, 0x00000000c5400000, 0x00000000c5500000|  0%| F|  |TAMS 0x00000000c5400000, 0x00000000c5400000| Untracked 
|  39|0x00000000c5500000, 0x00000000c5500000, 0x00000000c5600000|  0%| F|  |TAMS 0x00000000c5500000, 0x00000000c5500000| Untracked 
|  40|0x00000000c5600000, 0x00000000c5600000, 0x00000000c5700000|  0%| F|  |TAMS 0x00000000c5600000, 0x00000000c5600000| Untracked 
|  41|0x00000000c5700000, 0x00000000c5700000, 0x00000000c5800000|  0%| F|  |TAMS 0x00000000c5700000, 0x00000000c5700000| Untracked 
|  42|0x00000000c5800000, 0x00000000c5800000, 0x00000000c5900000|  0%| F|  |TAMS 0x00000000c5800000, 0x00000000c5800000| Untracked 
|  43|0x00000000c5900000, 0x00000000c5900000, 0x00000000c5a00000|  0%| F|  |TAMS 0x00000000c5900000, 0x00000000c5900000| Untracked 
|  44|0x00000000c5a00000, 0x00000000c5a00000, 0x00000000c5b00000|  0%| F|  |TAMS 0x00000000c5a00000, 0x00000000c5a00000| Untracked 
|  45|0x00000000c5b00000, 0x00000000c5b00000, 0x00000000c5c00000|  0%| F|  |TAMS 0x00000000c5b00000, 0x00000000c5b00000| Untracked 
|  46|0x00000000c5c00000, 0x00000000c5c00000, 0x00000000c5d00000|  0%| F|  |TAMS 0x00000000c5c00000, 0x00000000c5c00000| Untracked 
|  47|0x00000000c5d00000, 0x00000000c5d00000, 0x00000000c5e00000|  0%| F|  |TAMS 0x00000000c5d00000, 0x00000000c5d00000| Untracked 
|  48|0x00000000c5e00000, 0x00000000c5e00000, 0x00000000c5f00000|  0%| F|  |TAMS 0x00000000c5e00000, 0x00000000c5e00000| Untracked 
|  49|0x00000000c5f00000, 0x00000000c6000000, 0x00000000c6000000|100%| S|CS|TAMS 0x00000000c5f00000, 0x00000000c5f00000| Complete 
|  50|0x00000000c6000000, 0x00000000c6100000, 0x00000000c6100000|100%| S|CS|TAMS 0x00000000c6000000, 0x00000000c6000000| Complete 
|  51|0x00000000c6100000, 0x00000000c6200000, 0x00000000c6200000|100%| S|CS|TAMS 0x00000000c6100000, 0x00000000c6100000| Complete 
|  52|0x00000000c6200000, 0x00000000c6300000, 0x00000000c6300000|100%| S|CS|TAMS 0x00000000c6200000, 0x00000000c6200000| Complete 
|  53|0x00000000c6300000, 0x00000000c6300000, 0x00000000c6400000|  0%| F|  |TAMS 0x00000000c6300000, 0x00000000c6300000| Untracked 
|  54|0x00000000c6400000, 0x00000000c6400000, 0x00000000c6500000|  0%| F|  |TAMS 0x00000000c6400000, 0x00000000c6400000| Untracked 
|  55|0x00000000c6500000, 0x00000000c6500000, 0x00000000c6600000|  0%| F|  |TAMS 0x00000000c6500000, 0x00000000c6500000| Untracked 
|  56|0x00000000c6600000, 0x00000000c6600000, 0x00000000c6700000|  0%| F|  |TAMS 0x00000000c6600000, 0x00000000c6600000| Untracked 
|  57|0x00000000c6700000, 0x00000000c6700000, 0x00000000c6800000|  0%| F|  |TAMS 0x00000000c6700000, 0x00000000c6700000| Untracked 
|  58|0x00000000c6800000, 0x00000000c6800000, 0x00000000c6900000|  0%| F|  |TAMS 0x00000000c6800000, 0x00000000c6800000| Untracked 
|  59|0x00000000c6900000, 0x00000000c6900000, 0x00000000c6a00000|  0%| F|  |TAMS 0x00000000c6900000, 0x00000000c6900000| Untracked 
|  60|0x00000000c6a00000, 0x00000000c6a00000, 0x00000000c6b00000|  0%| F|  |TAMS 0x00000000c6a00000, 0x00000000c6a00000| Untracked 
|  61|0x00000000c6b00000, 0x00000000c6b00000, 0x00000000c6c00000|  0%| F|  |TAMS 0x00000000c6b00000, 0x00000000c6b00000| Untracked 
|  62|0x00000000c6c00000, 0x00000000c6c00000, 0x00000000c6d00000|  0%| F|  |TAMS 0x00000000c6c00000, 0x00000000c6c00000| Untracked 
|  63|0x00000000c6d00000, 0x00000000c6d00000, 0x00000000c6e00000|  0%| F|  |TAMS 0x00000000c6d00000, 0x00000000c6d00000| Untracked 
|  64|0x00000000c6e00000, 0x00000000c6e00000, 0x00000000c6f00000|  0%| F|  |TAMS 0x00000000c6e00000, 0x00000000c6e00000| Untracked 
|  65|0x00000000c6f00000, 0x00000000c6f00000, 0x00000000c7000000|  0%| F|  |TAMS 0x00000000c6f00000, 0x00000000c6f00000| Untracked 
|  66|0x00000000c7000000, 0x00000000c7000000, 0x00000000c7100000|  0%| F|  |TAMS 0x00000000c7000000, 0x00000000c7000000| Untracked 
|  67|0x00000000c7100000, 0x00000000c7100000, 0x00000000c7200000|  0%| F|  |TAMS 0x00000000c7100000, 0x00000000c7100000| Untracked 
|  68|0x00000000c7200000, 0x00000000c7200000, 0x00000000c7300000|  0%| F|  |TAMS 0x00000000c7200000, 0x00000000c7200000| Untracked 
|  69|0x00000000c7300000, 0x00000000c7300000, 0x00000000c7400000|  0%| F|  |TAMS 0x00000000c7300000, 0x00000000c7300000| Untracked 
|  70|0x00000000c7400000, 0x00000000c7400000, 0x00000000c7500000|  0%| F|  |TAMS 0x00000000c7400000, 0x00000000c7400000| Untracked 
|  71|0x00000000c7500000, 0x00000000c7500000, 0x00000000c7600000|  0%| F|  |TAMS 0x00000000c7500000, 0x00000000c7500000| Untracked 
|  72|0x00000000c7600000, 0x00000000c7600000, 0x00000000c7700000|  0%| F|  |TAMS 0x00000000c7600000, 0x00000000c7600000| Untracked 
|  73|0x00000000c7700000, 0x00000000c7700000, 0x00000000c7800000|  0%| F|  |TAMS 0x00000000c7700000, 0x00000000c7700000| Untracked 
|  74|0x00000000c7800000, 0x00000000c7800000, 0x00000000c7900000|  0%| F|  |TAMS 0x00000000c7800000, 0x00000000c7800000| Untracked 

Card table byte_map: [0x000002469f990000,0x000002469fb80000] _byte_map_base: 0x000002469f379000

Marking Bits (Prev, Next): (CMBitMap*) 0x000002469fbd9e50, (CMBitMap*) 0x000002469fbd9e18
 Prev Bits: [0x00000246b37e0000, 0x00000246b4728000)
 Next Bits: [0x00000246b2890000, 0x00000246b37d8000)

Polling page: 0x000002469db60000

Metaspace:

Usage:
  Non-class:     23.44 MB capacity,    23.25 MB (>99%) used,   153.52 KB ( <1%) free+waste,    40.94 KB ( <1%) overhead. 
      Class:      2.93 MB capacity,     2.78 MB ( 95%) used,   135.37 KB (  5%) free+waste,    19.25 KB ( <1%) overhead. 
       Both:     26.37 MB capacity,    26.03 MB ( 99%) used,   288.89 KB (  1%) free+waste,    60.19 KB ( <1%) overhead. 

Virtual space:
  Non-class space:       32.00 MB reserved,      23.50 MB ( 73%) committed 
      Class space:        1.00 GB reserved,       3.00 MB ( <1%) committed 
             Both:        1.03 GB reserved,      26.50 MB (  3%) committed 

Chunk freelists:
   Non-Class:  57.00 KB
       Class:  11.00 KB
        Both:  68.00 KB

MaxMetaspaceSize: 17179869184.00 GB
CompressedClassSpaceSize: 1.00 GB

CodeHeap 'non-profiled nmethods': size=120064Kb used=644Kb max_used=644Kb free=119420Kb
 bounds [0x00000246ab160000, 0x00000246ab3d0000, 0x00000246b26a0000]
CodeHeap 'profiled nmethods': size=120000Kb used=4156Kb max_used=4156Kb free=115844Kb
 bounds [0x00000246a3c30000, 0x00000246a4040000, 0x00000246ab160000]
CodeHeap 'non-nmethods': size=5696Kb used=1147Kb max_used=1166Kb free=4548Kb
 bounds [0x00000246a36a0000, 0x00000246a3910000, 0x00000246a3c30000]
 total_blobs=2589 nmethods=2091 adapters=410
 compilation: enabled
              stopped_count=0, restarted_count=0
 full_count=0

Compilation events (20 events):
Event: 6.807 Thread 0x00000246b72d5800 nmethod 2082 0x00000246a4032d90 code [0x00000246a4032f40, 0x00000246a4033178]
Event: 6.808 Thread 0x00000246b72d5800 2083       3       java.lang.invoke.MethodHandles$Lookup::<init> (15 bytes)
Event: 6.808 Thread 0x00000246b72d5800 nmethod 2083 0x00000246a4033210 code [0x00000246a40333c0, 0x00000246a4033578]
Event: 6.809 Thread 0x00000246b72d5800 2084       3       java.lang.invoke.MethodHandles$Lookup::in (168 bytes)
Event: 6.813 Thread 0x00000246b72d5800 nmethod 2084 0x00000246a4033610 code [0x00000246a4033980, 0x00000246a4034f28]
Event: 6.816 Thread 0x00000246b72d5800 2086       1       java.lang.reflect.Constructor::getDeclaringClass (5 bytes)
Event: 6.816 Thread 0x00000246b72d5800 nmethod 2086 0x00000246ab200d10 code [0x00000246ab200ec0, 0x00000246ab200f78]
Event: 6.817 Thread 0x00000246b72d5800 2087       3       java.lang.invoke.DirectMethodHandle::preparedLambdaForm (31 bytes)
Event: 6.817 Thread 0x00000246b72d5800 nmethod 2087 0x00000246a4035610 code [0x00000246a4035800, 0x00000246a4035a28]
Event: 6.818 Thread 0x00000246b72d5800 2088       3       java.lang.Class::newReflectionData (66 bytes)
Event: 6.819 Thread 0x00000246b72d5800 nmethod 2088 0x00000246a4035b90 code [0x00000246a4035dc0, 0x00000246a4036708]
Event: 6.823 Thread 0x00000246b72d5800 2089       3       java.lang.invoke.MethodHandleNatives::findMethodHandleType (7 bytes)
Event: 6.823 Thread 0x00000246b72d5800 nmethod 2089 0x00000246a4036a10 code [0x00000246a4036bc0, 0x00000246a4036cc8]
Event: 6.824 Thread 0x00000246b72d5800 2090       3       jdk.internal.org.objectweb.asm.MethodVisitor::<init> (7 bytes)
Event: 6.824 Thread 0x00000246b72d5800 nmethod 2090 0x00000246a4036d90 code [0x00000246a4036f60, 0x00000246a4037288]
Event: 6.824 Thread 0x00000246b72d5800 2091       3       jdk.internal.org.objectweb.asm.MethodWriter::visitMaxs (1144 bytes)
Event: 6.831 Thread 0x00000246b72d5800 nmethod 2091 0x00000246a4037390 code [0x00000246a40378a0, 0x00000246a403a1c8]
Event: 6.831 Thread 0x00000246b72d5800 2092       3       jdk.internal.org.objectweb.asm.MethodWriter::visitEnd (1 bytes)
Event: 6.831 Thread 0x00000246b72d5800 nmethod 2092 0x00000246a403bb10 code [0x00000246a403bcc0, 0x00000246a403bdb8]
Event: 6.831 Thread 0x00000246b72d5800 2093       3       jdk.internal.org.objectweb.asm.MethodWriter::getSize (838 bytes)

GC Heap History (10 events):
Event: 0.854 GC heap before
{Heap before GC invocations=0 (full 0):
 garbage-first heap   total 63488K, used 9216K [0x00000000c2e00000, 0x0000000100000000)
  region size 1024K, 7 young (7168K), 0 survivors (0K)
 Metaspace       used 6959K, capacity 7052K, committed 7296K, reserved 1056768K
  class space    used 596K, capacity 627K, committed 640K, reserved 1048576K
}
Event: 0.861 GC heap after
{Heap after GC invocations=1 (full 0):
 garbage-first heap   total 63488K, used 4987K [0x00000000c2e00000, 0x0000000100000000)
  region size 1024K, 1 young (1024K), 1 survivors (1024K)
 Metaspace       used 6959K, capacity 7052K, committed 7296K, reserved 1056768K
  class space    used 596K, capacity 627K, committed 640K, reserved 1048576K
}
Event: 1.409 GC heap before
{Heap before GC invocations=1 (full 0):
 garbage-first heap   total 63488K, used 15227K [0x00000000c2e00000, 0x0000000100000000)
  region size 1024K, 11 young (11264K), 1 survivors (1024K)
 Metaspace       used 10428K, capacity 10511K, committed 10752K, reserved 1058816K
  class space    used 923K, capacity 948K, committed 1024K, reserved 1048576K
}
Event: 1.415 GC heap after
{Heap after GC invocations=2 (full 0):
 garbage-first heap   total 63488K, used 5416K [0x00000000c2e00000, 0x0000000100000000)
  region size 1024K, 2 young (2048K), 2 survivors (2048K)
 Metaspace       used 10428K, capacity 10511K, committed 10752K, reserved 1058816K
  class space    used 923K, capacity 948K, committed 1024K, reserved 1048576K
}
Event: 2.088 GC heap before
{Heap before GC invocations=2 (full 0):
 garbage-first heap   total 63488K, used 18728K [0x00000000c2e00000, 0x0000000100000000)
  region size 1024K, 15 young (15360K), 2 survivors (2048K)
 Metaspace       used 13509K, capacity 13589K, committed 13696K, reserved 1060864K
  class space    used 1300K, capacity 1334K, committed 1408K, reserved 1048576K
}
Event: 2.096 GC heap after
{Heap after GC invocations=3 (full 0):
 garbage-first heap   total 63488K, used 6465K [0x00000000c2e00000, 0x0000000100000000)
  region size 1024K, 2 young (2048K), 2 survivors (2048K)
 Metaspace       used 13509K, capacity 13589K, committed 13696K, reserved 1060864K
  class space    used 1300K, capacity 1334K, committed 1408K, reserved 1048576K
}
Event: 4.985 GC heap before
{Heap before GC invocations=3 (full 0):
 garbage-first heap   total 63488K, used 28993K [0x00000000c2e00000, 0x0000000100000000)
  region size 1024K, 24 young (24576K), 2 survivors (2048K)
 Metaspace       used 19333K, capacity 19566K, committed 19840K, reserved 1067008K
  class space    used 2019K, capacity 2101K, committed 2176K, reserved 1048576K
}
Event: 5.001 GC heap after
{Heap after GC invocations=4 (full 0):
 garbage-first heap   total 63488K, used 8736K [0x00000000c2e00000, 0x0000000100000000)
  region size 1024K, 3 young (3072K), 3 survivors (3072K)
 Metaspace       used 19333K, capacity 19566K, committed 19840K, reserved 1067008K
  class space    used 2019K, capacity 2101K, committed 2176K, reserved 1048576K
}
Event: 5.259 GC heap before
{Heap before GC invocations=4 (full 0):
 garbage-first heap   total 63488K, used 12832K [0x00000000c2e00000, 0x0000000100000000)
  region size 1024K, 9 young (9216K), 3 survivors (3072K)
 Metaspace       used 20875K, capacity 21118K, committed 21248K, reserved 1069056K
  class space    used 2200K, capacity 2280K, committed 2304K, reserved 1048576K
}
Event: 5.275 GC heap after
{Heap after GC invocations=5 (full 0):
 garbage-first heap   total 76800K, used 9080K [0x00000000c2e00000, 0x0000000100000000)
  region size 1024K, 3 young (3072K), 3 survivors (3072K)
 Metaspace       used 20875K, capacity 21118K, committed 21248K, reserved 1069056K
  class space    used 2200K, capacity 2280K, committed 2304K, reserved 1048576K
}

Deoptimization events (20 events):
Event: 6.242 Thread 0x000002469fbae000 DEOPT PACKING pc=0x00000246a3feeab8 sp=0x000000de799fe4f0
Event: 6.242 Thread 0x000002469fbae000 DEOPT UNPACKING pc=0x00000246a36c6abf sp=0x000000de799fd968 mode 0
Event: 6.242 Thread 0x000002469fbae000 DEOPT PACKING pc=0x00000246a3fef128 sp=0x000000de799fe570
Event: 6.242 Thread 0x000002469fbae000 DEOPT UNPACKING pc=0x00000246a36c6abf sp=0x000000de799fda18 mode 0
Event: 6.242 Thread 0x000002469fbae000 DEOPT PACKING pc=0x00000246a3feeab8 sp=0x000000de799fe4f0
Event: 6.242 Thread 0x000002469fbae000 DEOPT UNPACKING pc=0x00000246a36c6abf sp=0x000000de799fd968 mode 0
Event: 6.242 Thread 0x000002469fbae000 DEOPT PACKING pc=0x00000246a3fef128 sp=0x000000de799fe570
Event: 6.242 Thread 0x000002469fbae000 DEOPT UNPACKING pc=0x00000246a36c6abf sp=0x000000de799fda18 mode 0
Event: 6.407 Thread 0x000002469fbae000 Uncommon trap: trap_request=0xffffffde fr.pc=0x00000246ab1dce5c relative=0x000000000000141c
Event: 6.407 Thread 0x000002469fbae000 Uncommon trap: reason=class_check action=maybe_recompile pc=0x00000246ab1dce5c method=java.util.zip.InflaterInputStream.read([BII)I @ 100 c2
Event: 6.407 Thread 0x000002469fbae000 DEOPT PACKING pc=0x00000246ab1dce5c sp=0x000000de799fe5a0
Event: 6.407 Thread 0x000002469fbae000 DEOPT UNPACKING pc=0x00000246a36c6ca9 sp=0x000000de799fe600 mode 2
Event: 6.609 Thread 0x000002469fbae000 Uncommon trap: trap_request=0xffffff4d fr.pc=0x00000246ab1f8740 relative=0x0000000000000580
Event: 6.609 Thread 0x000002469fbae000 Uncommon trap: reason=unstable_if action=reinterpret pc=0x00000246ab1f8740 method=java.lang.Integer.getChars(II[B)I @ 25 c2
Event: 6.609 Thread 0x000002469fbae000 DEOPT PACKING pc=0x00000246ab1f8740 sp=0x000000de799fe630
Event: 6.609 Thread 0x000002469fbae000 DEOPT UNPACKING pc=0x00000246a36c6ca9 sp=0x000000de799fe520 mode 2
Event: 6.609 Thread 0x000002469fbae000 Uncommon trap: trap_request=0xffffff4d fr.pc=0x00000246ab1f9f98 relative=0x0000000000000558
Event: 6.609 Thread 0x000002469fbae000 Uncommon trap: reason=unstable_if action=reinterpret pc=0x00000246ab1f9f98 method=java.lang.Integer.getChars(II[B)I @ 25 c2
Event: 6.609 Thread 0x000002469fbae000 DEOPT PACKING pc=0x00000246ab1f9f98 sp=0x000000de799fe5d0
Event: 6.609 Thread 0x000002469fbae000 DEOPT UNPACKING pc=0x00000246a36c6ca9 sp=0x000000de799fe528 mode 2

Classes redefined (0 events):
No events

Internal exceptions (20 events):
Event: 4.331 Thread 0x000002469fbae000 Exception <a 'java/lang/NoSuchMethodError'{0x00000000c5e171a0}: 'java.lang.Object java.lang.invoke.DirectMethodHandle$Holder.invokeSpecial(java.lang.Object, java.lang.Object, java.lang.Object, java.lang.Object, long)'> (0x00000000c5e171a0) thrown at [./src/hotspot/share/interpreter/linkResolver.cpp, line 773]
Event: 4.334 Thread 0x000002469fbae000 Exception <a 'java/lang/NoSuchMethodError'{0x00000000c5e1a6f8}: 'java.lang.Object java.lang.invoke.DelegatingMethodHandle$Holder.reinvoke_L(java.lang.Object, java.lang.Object, java.lang.Object, long)'> (0x00000000c5e1a6f8) thrown at [./src/hotspot/share/interpreter/linkResolver.cpp, line 773]
Event: 4.346 Thread 0x000002469fbae000 Exception <a 'java/lang/NoSuchMethodError'{0x00000000c5e34b78}: 'long java.lang.invoke.Invokers$Holder.invoke_MT(java.lang.Object, java.lang.Object, java.lang.Object, java.lang.Object)'> (0x00000000c5e34b78) thrown at [./src/hotspot/share/interpreter/linkResolver.cpp, line 773]
Event: 4.349 Thread 0x000002469fbae000 Exception <a 'java/lang/NoSuchMethodError'{0x00000000c5e381f8}: 'long java.lang.invoke.DelegatingMethodHandle$Holder.reinvoke_L(java.lang.Object, java.lang.Object, java.lang.Object)'> (0x00000000c5e381f8) thrown at [./src/hotspot/share/interpreter/linkResolver.cpp, line 773]
Event: 4.355 Thread 0x000002469fbae000 Exception <a 'java/lang/NoSuchMethodError'{0x00000000c5e41eb8}: 'int java.lang.invoke.DirectMethodHandle$Holder.invokeSpecial(java.lang.Object, java.lang.Object, java.lang.Object, java.lang.Object)'> (0x00000000c5e41eb8) thrown at [./src/hotspot/share/interpreter/linkResolver.cpp, line 773]
Event: 4.363 Thread 0x000002469fbae000 Exception <a 'java/lang/NoSuchMethodError'{0x00000000c5e50c98}: 'int java.lang.invoke.DelegatingMethodHandle$Holder.reinvoke_L(java.lang.Object, java.lang.Object, java.lang.Object, long, int)'> (0x00000000c5e50c98) thrown at [./src/hotspot/share/interpreter/linkResolver.cpp, line 773]
Event: 4.780 Thread 0x000002469fbae000 Exception <a 'java/lang/NoSuchMethodError'{0x00000000c58bb0b8}: 'int java.lang.invoke.DirectMethodHandle$Holder.invokeSpecialIFC(java.lang.Object, java.lang.Object, int)'> (0x00000000c58bb0b8) thrown at [./src/hotspot/share/interpreter/linkResolver.cpp, line 773]
Event: 5.130 Thread 0x000002469fbae000 Exception <a 'java/lang/NoSuchMethodError'{0x00000000c69c5010}: 'java.lang.Object java.lang.invoke.DirectMethodHandle$Holder.invokeStaticInit(java.lang.Object, int)'> (0x00000000c69c5010) thrown at [./src/hotspot/share/interpreter/linkResolver.cpp, line 773]
Event: 5.213 Thread 0x000002469fbae000 Exception <a 'java/lang/NoSuchMethodError'{0x00000000c67a20b0}: 'long java.lang.invoke.DirectMethodHandle$Holder.invokeStatic(java.lang.Object)'> (0x00000000c67a20b0) thrown at [./src/hotspot/share/interpreter/linkResolver.cpp, line 773]
Event: 5.219 Thread 0x000002469fbae000 Exception <a 'java/lang/NoSuchMethodError'{0x00000000c67a4f08}: 'long java.lang.invoke.DirectMethodHandle$Holder.invokeStaticInit(java.lang.Object)'> (0x00000000c67a4f08) thrown at [./src/hotspot/share/interpreter/linkResolver.cpp, line 773]
Event: 5.462 Thread 0x000002469fbae000 Exception <a 'java/lang/NoSuchMethodError'{0x00000000c76c7d58}: 'int java.lang.invoke.DirectMethodHandle$Holder.invokeStaticInit(java.lang.Object, java.lang.Object, java.lang.Object)'> (0x00000000c76c7d58) thrown at [./src/hotspot/share/interpreter/linkResolver.cpp, line 773]
Event: 5.474 Thread 0x000002469fbae000 Exception <a 'java/lang/NoSuchMethodError'{0x00000000c76f3518}: 'int java.lang.invoke.DirectMethodHandle$Holder.invokeStaticInit(java.lang.Object, java.lang.Object)'> (0x00000000c76f3518) thrown at [./src/hotspot/share/interpreter/linkResolver.cpp, line 773]
Event: 5.693 Thread 0x000002469fbae000 Exception <a 'java/lang/NoSuchMethodError'{0x00000000c7303e28}: 'void java.lang.invoke.DirectMethodHandle$Holder.invokeSpecial(java.lang.Object, java.lang.Object)'> (0x00000000c7303e28) thrown at [./src/hotspot/share/interpreter/linkResolver.cpp, line 773]
Event: 6.486 Thread 0x000002469fbae000 Exception <a 'java/lang/NoSuchMethodError'{0x00000000c6b2b540}: 'java.lang.Object java.lang.invoke.DirectMethodHandle$Holder.invokeStatic(java.lang.Object, java.lang.Object, java.lang.Object, java.lang.Object, java.lang.Object, java.lang.Object, java.lang.Object, java.lang.Object, java.lang.Object, java.lang.Object, java.lang.Object, java.lang.Object, java.lang.Object, java.lang.Object, java.lang.Object)'> (0x00000000c6b2b540) thrown at [./src/hotspot/share/interpreter/linkResolver.cpp, line 773]
Event: 6.490 Thread 0x000002469fbae000 Exception <a 'java/lang/NoSuchMethodError'{0x00000000c6b39548}: 'java.lang.Object java.lang.invoke.DirectMethodHandle$Holder.invokeStatic(java.lang.Object, java.lang.Object, java.lang.Object, java.lang.Object, java.lang.Object, java.lang.Object, java.lang.Object, java.lang.Object, java.lang.Object, java.lang.Object, java.lang.Object, java.lang.Object, java.lang.Object, java.lang.Object, java.lang.Object, java.lang.Object)'> (0x00000000c6b39548) thrown at [./src/hotspot/share/interpreter/linkResolver.cpp, l
Event: 6.499 Thread 0x000002469fbae000 Exception <a 'java/lang/NoSuchMethodError'{0x00000000c6b47460}: 'java.lang.Object java.lang.invoke.DirectMethodHandle$Holder.invokeSpecial(java.lang.Object, java.lang.Object, int, int, java.lang.Object, java.lang.Object, java.lang.Object)'> (0x00000000c6b47460) thrown at [./src/hotspot/share/interpreter/linkResolver.cpp, line 773]
Event: 6.499 Thread 0x000002469fbae000 Exception <a 'java/lang/NoSuchMethodError'{0x00000000c6b4ac98}: 'java.lang.Object java.lang.invoke.DelegatingMethodHandle$Holder.reinvoke_L(java.lang.Object, int, int, java.lang.Object, java.lang.Object, java.lang.Object)'> (0x00000000c6b4ac98) thrown at [./src/hotspot/share/interpreter/linkResolver.cpp, line 773]
Event: 6.501 Thread 0x000002469fbae000 Exception <a 'java/lang/NoSuchMethodError'{0x00000000c6b4f020}: 'java.lang.Object java.lang.invoke.DirectMethodHandle$Holder.invokeStatic(java.lang.Object, java.lang.Object, java.lang.Object, java.lang.Object, int)'> (0x00000000c6b4f020) thrown at [./src/hotspot/share/interpreter/linkResolver.cpp, line 773]
Event: 6.617 Thread 0x000002469fbae000 Exception <a 'java/lang/NoSuchMethodError'{0x00000000c6a73a88}: 'void java.lang.invoke.DirectMethodHandle$Holder.invokeStatic(java.lang.Object, java.lang.Object, java.lang.Object, java.lang.Object)'> (0x00000000c6a73a88) thrown at [./src/hotspot/share/interpreter/linkResolver.cpp, line 773]
Event: 6.805 Thread 0x000002469fbae000 Exception <a 'java/lang/NoSuchMethodError'{0x00000000c66528c0}: 'void java.lang.invoke.DirectMethodHandle$Holder.invokeStaticInit(java.lang.Object, java.lang.Object)'> (0x00000000c66528c0) thrown at [./src/hotspot/share/interpreter/linkResolver.cpp, line 773]

Events (20 events):
Event: 6.818 loading class org/jetbrains/kotlin/com/intellij/lang/PsiBuilder
Event: 6.818 loading class org/jetbrains/kotlin/com/intellij/lang/PsiBuilder done
Event: 6.818 loading class org/jetbrains/kotlin/com/intellij/lang/java/parser/JavaParserUtil$ParserWrapper
Event: 6.818 loading class org/jetbrains/kotlin/com/intellij/lang/java/parser/JavaParserUtil$ParserWrapper done
Event: 6.819 loading class org/jetbrains/kotlin/com/intellij/lang/PsiBuilder
Event: 6.819 loading class org/jetbrains/kotlin/com/intellij/lang/PsiBuilder done
Event: 6.819 loading class org/jetbrains/kotlin/com/intellij/lang/java/parser/JavaParserUtil$ParserWrapper
Event: 6.819 loading class org/jetbrains/kotlin/com/intellij/lang/java/parser/JavaParserUtil$ParserWrapper done
Event: 6.819 loading class org/jetbrains/kotlin/com/intellij/lang/jvm/JvmAnnotation
Event: 6.819 loading class org/jetbrains/kotlin/com/intellij/lang/jvm/JvmAnnotation done
Event: 6.821 loading class org/jetbrains/kotlin/com/intellij/lang/jvm/types/JvmPrimitiveTypeKind
Event: 6.821 loading class org/jetbrains/kotlin/com/intellij/lang/jvm/types/JvmPrimitiveTypeKind done
Event: 6.821 loading class org/jetbrains/kotlin/com/intellij/psi/PsiAnnotation
Event: 6.821 loading class org/jetbrains/kotlin/com/intellij/psi/PsiAnnotation done
Event: 6.823 loading class org/jetbrains/kotlin/com/intellij/psi/PsiAnnotation
Event: 6.823 loading class org/jetbrains/kotlin/com/intellij/psi/PsiAnnotation done
Event: 6.823 loading class org/jetbrains/kotlin/com/intellij/psi/PsiAnnotation
Event: 6.823 loading class org/jetbrains/kotlin/com/intellij/psi/PsiAnnotation done
Event: 6.823 loading class org/jetbrains/kotlin/com/intellij/util/ArrayFactory
Event: 6.823 loading class org/jetbrains/kotlin/com/intellij/util/ArrayFactory done


Dynamic libraries:
0x00007ff6d3350000 - 0x00007ff6d335a000 	C:\Program Files\Android\Android Studio\jre\bin\java.exe
0x00007ff8e23f0000 - 0x00007ff8e25e5000 	C:\WINDOWS\SYSTEM32\ntdll.dll
0x00007ff8bea20000 - 0x00007ff8bea35000 	C:\Program Files\Avast Software\Avast\aswhook.dll
0x00007ff8e1970000 - 0x00007ff8e1a2e000 	C:\WINDOWS\System32\KERNEL32.DLL
0x00007ff8e0170000 - 0x00007ff8e0438000 	C:\WINDOWS\System32\KERNELBASE.dll
0x00007ff8dffe0000 - 0x00007ff8e00e0000 	C:\WINDOWS\System32\ucrtbase.dll
0x00007ff8c75f0000 - 0x00007ff8c7609000 	C:\Program Files\Android\Android Studio\jre\bin\jli.dll
0x00007ff8c7720000 - 0x00007ff8c7737000 	C:\Program Files\Android\Android Studio\jre\bin\VCRUNTIME140.dll
0x00007ff8e17c0000 - 0x00007ff8e1961000 	C:\WINDOWS\System32\USER32.dll
0x00007ff8e0140000 - 0x00007ff8e0162000 	C:\WINDOWS\System32\win32u.dll
0x00007ff8e1790000 - 0x00007ff8e17bb000 	C:\WINDOWS\System32\GDI32.dll
0x00007ff8dfd80000 - 0x00007ff8dfe8b000 	C:\WINDOWS\System32\gdi32full.dll
0x00007ff8dfe90000 - 0x00007ff8dff2d000 	C:\WINDOWS\System32\msvcp_win.dll
0x00007ff8bd170000 - 0x00007ff8bd40a000 	C:\WINDOWS\WinSxS\amd64_microsoft.windows.common-controls_6595b64144ccf1df_6.0.19041.1110_none_60b5254171f9507e\COMCTL32.dll
0x00007ff8e0550000 - 0x00007ff8e05ee000 	C:\WINDOWS\System32\msvcrt.dll
0x00007ff8e0950000 - 0x00007ff8e0980000 	C:\WINDOWS\System32\IMM32.DLL
0x00007ff8a3380000 - 0x00007ff8a341d000 	C:\Program Files\Android\Android Studio\jre\bin\msvcp140.dll
0x00007ff8883d0000 - 0x00007ff888e9f000 	C:\Program Files\Android\Android Studio\jre\bin\server\jvm.dll
0x00007ff8e22a0000 - 0x00007ff8e234c000 	C:\WINDOWS\System32\ADVAPI32.dll
0x00007ff8e1270000 - 0x00007ff8e130b000 	C:\WINDOWS\System32\sechost.dll
0x00007ff8e1640000 - 0x00007ff8e176a000 	C:\WINDOWS\System32\RPCRT4.dll
0x00007ff8e0a20000 - 0x00007ff8e0a28000 	C:\WINDOWS\System32\PSAPI.DLL
0x00007ff8c5d50000 - 0x00007ff8c5d59000 	C:\WINDOWS\SYSTEM32\WSOCK32.dll
0x00007ff8e1420000 - 0x00007ff8e148b000 	C:\WINDOWS\System32\WS2_32.dll
0x00007ff8beaf0000 - 0x00007ff8beb17000 	C:\WINDOWS\SYSTEM32\WINMM.dll
0x00007ff8d91b0000 - 0x00007ff8d91ba000 	C:\WINDOWS\SYSTEM32\VERSION.dll
0x00007ff8de640000 - 0x00007ff8de652000 	C:\WINDOWS\SYSTEM32\kernel.appcore.dll
0x00007ff8da050000 - 0x00007ff8da061000 	C:\Program Files\Android\Android Studio\jre\bin\verify.dll
0x00007ff8de0e0000 - 0x00007ff8de2c4000 	C:\WINDOWS\SYSTEM32\DBGHELP.DLL
0x00007ff8d1c70000 - 0x00007ff8d1c9c000 	C:\WINDOWS\SYSTEM32\dbgcore.DLL
0x00007ff8dfb10000 - 0x00007ff8dfb93000 	C:\WINDOWS\System32\bcryptPrimitives.dll
0x00007ff8da020000 - 0x00007ff8da049000 	C:\Program Files\Android\Android Studio\jre\bin\java.dll
0x00007ff8da930000 - 0x00007ff8da93b000 	C:\Program Files\Android\Android Studio\jre\bin\jimage.dll
0x00007ff8d9150000 - 0x00007ff8d9168000 	C:\Program Files\Android\Android Studio\jre\bin\zip.dll
0x00007ff8e1b60000 - 0x00007ff8e229f000 	C:\WINDOWS\System32\SHELL32.dll
0x00007ff8dd850000 - 0x00007ff8ddfe0000 	C:\WINDOWS\SYSTEM32\windows.storage.dll
0x00007ff8e0f10000 - 0x00007ff8e1265000 	C:\WINDOWS\System32\combase.dll
0x00007ff8df490000 - 0x00007ff8df4be000 	C:\WINDOWS\SYSTEM32\Wldp.dll
0x00007ff8e1370000 - 0x00007ff8e141d000 	C:\WINDOWS\System32\SHCORE.dll
0x00007ff8e1310000 - 0x00007ff8e1365000 	C:\WINDOWS\System32\shlwapi.dll
0x00007ff8dfa50000 - 0x00007ff8dfa6f000 	C:\WINDOWS\SYSTEM32\profapi.dll
0x00007ff8da960000 - 0x00007ff8da97a000 	C:\Program Files\Android\Android Studio\jre\bin\net.dll
0x00007ff8d9020000 - 0x00007ff8d912c000 	C:\WINDOWS\SYSTEM32\WINHTTP.dll
0x00007ff8df1f0000 - 0x00007ff8df25a000 	C:\WINDOWS\system32\mswsock.dll
0x00007ff8da940000 - 0x00007ff8da954000 	C:\Program Files\Android\Android Studio\jre\bin\nio.dll

dbghelp: loaded successfully - version: 4.0.5 - missing functions: none
symbol engine: initialized successfully - sym options: 0x614 - pdb path: .;C:\Program Files\Android\Android Studio\jre\bin;C:\WINDOWS\SYSTEM32;C:\Program Files\Avast Software\Avast;C:\WINDOWS\WinSxS\amd64_microsoft.windows.common-controls_6595b64144ccf1df_6.0.19041.1110_none_60b5254171f9507e;C:\Program Files\Android\Android Studio\jre\bin\server

VM Arguments:
java_command: org.jetbrains.kotlin.cli.jvm.K2JVMCompiler @C:\Users\Jenni\AndroidStudioProjects\Aplicacion1\app\build\20211125_9275367086700278591.compiler.options
java_class_path (initial): C:\Users\Jenni\.gradle\caches\modules-2\files-2.1\org.jetbrains.kotlin\kotlin-compiler-embeddable\1.6.0\aa8da3bedc53c89219b84a0b40c7419431a13e76\kotlin-compiler-embeddable-1.6.0.jar;C:\Users\Jenni\.gradle\caches\modules-2\files-2.1\org.jetbrains.kotlin\kotlin-reflect\1.6.0\a215a7f914d5916dc5fd2d45cea16524e0220203\kotlin-reflect-1.6.0.jar;C:\Users\Jenni\.gradle\caches\modules-2\files-2.1\org.jetbrains.kotlin\kotlin-stdlib\1.6.0\a40b8b22529b733892edf4b73468ce598bb17f04\kotlin-stdlib-1.6.0.jar;C:\Users\Jenni\.gradle\caches\modules-2\files-2.1\org.jetbrains.kotlin\kotlin-script-runtime\1.6.0\55f72526ddcff6fc77d72cdf949c7e3d9bd95620\kotlin-script-runtime-1.6.0.jar;C:\Users\Jenni\.gradle\caches\modules-2\files-2.1\org.jetbrains.kotlin\kotlin-daemon-embeddable\1.6.0\d6242b37f4ce6b637d10847c7558446272ec8432\kotlin-daemon-embeddable-1.6.0.jar;C:\Users\Jenni\.gradle\caches\modules-2\files-2.1\org.jetbrains.intellij.deps\trove4j\1.0.20181211\216c2e14b070f334479d800987affe4054cd563f\trove4j-1.0.20181211.jar;C:\Users\Jenni\.gradle\caches\modules-2\files-2.1\net.java.dev.jna\jna\5.6.0\330f2244e9030119ab3030fc3fededc86713d9cc\jna-5.6.0.jar;C:\Users\Jenni\.gradle\caches\modules-2\files-2.1\org.jetbrains\annotations\13.0\919f0dfe192fb4e063e7dacadee7f8bb9a2672a9\annotations-13.0.jar;C:\Users\Jenni\.gradle\caches\modules-2\files-2.1\org.jetbrains.kotlin\kotlin-stdlib-common\1.6.0\7857e365f925cfa060f941c1357cda1f8790502c\kotlin-stdlib-common-1.6.0.jar
Launcher Type: SUN_STANDARD

[Global flags]
     intx CICompilerCount                          = 2                                         {product} {ergonomic}
     uint ConcGCThreads                            = 1                                         {product} {ergonomic}
     uint G1ConcRefinementThreads                  = 2                                         {product} {ergonomic}
   size_t G1HeapRegionSize                         = 1048576                                   {product} {ergonomic}
    uintx GCDrainStackTargetSize                   = 64                                        {product} {ergonomic}
   size_t InitialHeapSize                          = 65011712                                  {product} {ergonomic}
   size_t MarkStackSize                            = 4194304                                   {product} {ergonomic}
   size_t MaxHeapSize                              = 1025507328                                {product} {ergonomic}
   size_t MaxNewSize                               = 614465536                                 {product} {ergonomic}
   size_t MinHeapDeltaBytes                        = 1048576                                   {product} {ergonomic}
    uintx NonNMethodCodeHeapSize                   = 5825164                                {pd product} {ergonomic}
    uintx NonProfiledCodeHeapSize                  = 122916538                              {pd product} {ergonomic}
    uintx ProfiledCodeHeapSize                     = 122916538                              {pd product} {ergonomic}
    uintx ReservedCodeCacheSize                    = 251658240                              {pd product} {ergonomic}
     bool SegmentedCodeCache                       = true                                      {product} {ergonomic}
     bool UseCompressedClassPointers               = true                                 {lp64_product} {ergonomic}
     bool UseCompressedOops                        = true                                 {lp64_product} {ergonomic}
     bool UseG1GC                                  = true                                      {product} {ergonomic}
     bool UseLargePagesIndividualAllocation        = false                                  {pd product} {ergonomic}

Logging:
Log output configuration:
 #0: stdout all=warning uptime,level,tags
 #1: stderr all=off uptime,level,tags

Environment Variables:
PATH=C:\Program Files\Common Files\Oracle\Java\javapath;C:\WINDOWS\system32;C:\WINDOWS;C:\WINDOWS\System32\Wbem;C:\WINDOWS\System32\WindowsPowerShell\v1.0\;C:\WINDOWS\System32\OpenSSH\;C:\Program Files\Git\cmd;C:\Program Files\MySQL\MySQL Shell 8.0\bin\;C:\Users\Jenni\AppData\Local\Microsoft\WindowsApps
USERNAME=Jenni
OS=Windows_NT
PROCESSOR_IDENTIFIER=Intel64 Family 6 Model 122 Stepping 1, GenuineIntel



---------------  S Y S T E M  ---------------

OS: Windows 10 , 64 bit Build 19041 (10.0.19041.1348)
OS uptime: 12 days 17:46 hours

CPU:total 2 (initial active 2) (2 cores per cpu, 1 threads per core) family 6 model 122 stepping 1 microcode 0x32, cmov, cx8, fxsr, mmx, sse, sse2, sse3, ssse3, sse4.1, sse4.2, popcnt, aes, clmul, erms, 3dnowpref, tsc, tscinvbit, sha

Memory: 4k page, system-wide physical 3911M (342M free)
TotalPageFile size 7399M (AvailPageFile size 4M)
current process WorkingSet (physical memory assigned to process): 130M, peak: 130M
current process commit charge ("private bytes"): 179M, peak: 180M

vm_info: OpenJDK 64-Bit Server VM (11.0.10+0-b96-7249189) for windows-amd64 JRE (11.0.10+0-b96-7249189), built on Mar 31 2021 21:44:00 by "builder" with MS VC++ 14.0 (VS2015)

END.
