#
# There is insufficient memory for the Java Runtime Environment to continue.
# Native memory allocation (malloc) failed to allocate 32744 bytes for ChunkPool::allocate
# Possible reasons:
#   The system is out of physical RAM or swap space
#   The process is running with CompressedOops enabled, and the Java Heap may be blocking the growth of the native heap
# Possible solutions:
#   Reduce memory load on the system
#   Increase physical memory or swap space
#   Check if swap backing store is full
#   Decrease Java heap size (-Xmx/-Xms)
#   Decrease number of Java threads
#   Decrease Java thread stack sizes (-Xss)
#   Set larger code cache with -XX:ReservedCodeCacheSize=
#   JVM is running with Unscaled Compressed Oops mode in which the Java heap is
#     placed in the first 4GB address space. The Java Heap base address is the
#     maximum limit for the native heap growth. Please use -XX:HeapBaseMinAddress
#     to set the Java Heap base and to place the Java Heap above 4GB virtual address.
# This output file may be truncated or incomplete.
#
#  Out of Memory Error (./src/hotspot/share/memory/arena.cpp:81), pid=2796, tid=10972
#
# JRE version: OpenJDK Runtime Environment (11.0.10) (build 11.0.10+0-b96-7249189)
# Java VM: OpenJDK 64-Bit Server VM (11.0.10+0-b96-7249189, mixed mode, tiered, compressed oops, g1 gc, windows-amd64)
# No core dump will be written. Minidumps are not enabled by default on client versions of Windows
#

---------------  S U M M A R Y ------------

Command Line: --add-opens=java.base/java.util=ALL-UNNAMED --add-opens=java.base/java.lang=ALL-UNNAMED --add-opens=java.base/java.lang.invoke=ALL-UNNAMED --add-opens=java.base/java.util=ALL-UNNAMED --add-opens=java.prefs/java.util.prefs=ALL-UNNAMED --add-opens=java.prefs/java.util.prefs=ALL-UNNAMED --add-opens=java.base/java.nio.charset=ALL-UNNAMED --add-opens=java.base/java.net=ALL-UNNAMED --add-opens=java.base/java.util.concurrent.atomic=ALL-UNNAMED -Xmx2048m -Dfile.encoding=UTF-8 -Duser.country=MX -Duser.language=es -Duser.variant org.gradle.launcher.daemon.bootstrap.GradleDaemon 7.0.2

Host: Intel(R) Celeron(R) N4000 CPU @ 1.10GHz, 2 cores, 3G,  Windows 10 , 64 bit Build 19041 (10.0.19041.1348)
Time: Tue Nov 30 14:53:37 2021 Hora estándar del Este (México) elapsed time: 48.687798 seconds (0d 0h 0m 48s)

---------------  T H R E A D  ---------------

Current thread (0x0000019673556800):  JavaThread "C2 CompilerThread0" daemon [_thread_in_native, id=10972, stack(0x00000015b4f00000,0x00000015b5000000)]


Current CompileTask:
C2:  48688 12091       4       com.android.tools.r8.code.w1::a (4137 bytes)

Stack: [0x00000015b4f00000,0x00000015b5000000]
Native frames: (J=compiled Java code, j=interpreted, Vv=VM code, C=native code)
V  [jvm.dll+0x5ecfaa]
V  [jvm.dll+0x722bd5]
V  [jvm.dll+0x72412d]
V  [jvm.dll+0x7247e3]
V  [jvm.dll+0x242928]
V  [jvm.dll+0xbc75b]
V  [jvm.dll+0xbca0c]
V  [jvm.dll+0x35807e]
V  [jvm.dll+0x352dae]
V  [jvm.dll+0x320ad3]
V  [jvm.dll+0x31ffca]
V  [jvm.dll+0x1fb602]
V  [jvm.dll+0x1fa7f4]
V  [jvm.dll+0x18354c]
V  [jvm.dll+0x208ee7]
V  [jvm.dll+0x207731]
V  [jvm.dll+0x6eb1cf]
V  [jvm.dll+0x6e3d45]
V  [jvm.dll+0x5ebe96]
C  [ucrtbase.dll+0x21bb2]
C  [KERNEL32.DLL+0x17034]
C  [ntdll.dll+0x52651]


---------------  P R O C E S S  ---------------

Threads class SMR info:
_java_thread_list=0x000001967a6378c0, length=47, elements={
0x0000019659e70800, 0x00000196734f4000, 0x0000019673502000, 0x0000019673551800,
0x0000019673553000, 0x0000019673554000, 0x0000019673556800, 0x000001967355b000,
0x000001967357e800, 0x0000019673fee000, 0x0000019675a5e000, 0x000001967625a000,
0x0000019674ef4000, 0x00000196757e9000, 0x00000196757e9800, 0x0000019674eda800,
0x00000196753b5800, 0x0000019674b5d000, 0x0000019675f37800, 0x0000019676202800,
0x0000019676204800, 0x0000019676205000, 0x0000019676201000, 0x0000019676203800,
0x0000019676202000, 0x0000019676200000, 0x00000196761ff800, 0x0000019676206000,
0x000001967806b000, 0x000001967806c000, 0x0000019678068800, 0x0000019678069800,
0x000001967806a800, 0x0000019678068000, 0x0000019678072800, 0x0000019678071800,
0x0000019678073800, 0x0000019678074000, 0x0000019678070000, 0x000001967806e800,
0x0000019678075000, 0x000001967806f800, 0x0000019678076000, 0x0000019678076800,
0x0000019678071000, 0x000001967a6fa000, 0x000001967a6fa800
}

Java Threads: ( => current thread )
  0x0000019659e70800 JavaThread "main" [_thread_blocked, id=12204, stack(0x00000015b4300000,0x00000015b4400000)]
  0x00000196734f4000 JavaThread "Reference Handler" daemon [_thread_blocked, id=1960, stack(0x00000015b4a00000,0x00000015b4b00000)]
  0x0000019673502000 JavaThread "Finalizer" daemon [_thread_blocked, id=9776, stack(0x00000015b4b00000,0x00000015b4c00000)]
  0x0000019673551800 JavaThread "Signal Dispatcher" daemon [_thread_blocked, id=6888, stack(0x00000015b4c00000,0x00000015b4d00000)]
  0x0000019673553000 JavaThread "Attach Listener" daemon [_thread_blocked, id=8388, stack(0x00000015b4d00000,0x00000015b4e00000)]
  0x0000019673554000 JavaThread "Service Thread" daemon [_thread_blocked, id=9868, stack(0x00000015b4e00000,0x00000015b4f00000)]
=>0x0000019673556800 JavaThread "C2 CompilerThread0" daemon [_thread_in_native, id=10972, stack(0x00000015b4f00000,0x00000015b5000000)]
  0x000001967355b000 JavaThread "C1 CompilerThread0" daemon [_thread_blocked, id=5060, stack(0x00000015b5000000,0x00000015b5100000)]
  0x000001967357e800 JavaThread "Sweeper thread" daemon [_thread_blocked, id=524, stack(0x00000015b5100000,0x00000015b5200000)]
  0x0000019673fee000 JavaThread "Common-Cleaner" daemon [_thread_blocked, id=4548, stack(0x00000015b5200000,0x00000015b5300000)]
  0x0000019675a5e000 JavaThread "Daemon health stats" [_thread_blocked, id=2560, stack(0x00000015b5500000,0x00000015b5600000)]
  0x000001967625a000 JavaThread "Incoming local TCP Connector on port 63282" [_thread_in_native, id=11720, stack(0x00000015b5600000,0x00000015b5700000)]
  0x0000019674ef4000 JavaThread "Daemon" [_thread_blocked, id=12392, stack(0x00000015b5700000,0x00000015b5800000)]
  0x00000196757e9000 JavaThread "Daemon periodic checks" [_thread_blocked, id=3064, stack(0x00000015b5800000,0x00000015b5900000)]
  0x00000196757e9800 JavaThread "Handler for socket connection from /127.0.0.1:63282 to /127.0.0.1:63283" [_thread_in_native, id=9872, stack(0x00000015b5900000,0x00000015b5a00000)]
  0x0000019674eda800 JavaThread "Cancel handler" [_thread_blocked, id=12408, stack(0x00000015b5a00000,0x00000015b5b00000)]
  0x00000196753b5800 JavaThread "Daemon worker" [_thread_blocked, id=9928, stack(0x00000015b5b00000,0x00000015b5c00000)]
  0x0000019674b5d000 JavaThread "Asynchronous log dispatcher for DefaultDaemonConnection: socket connection from /127.0.0.1:63282 to /127.0.0.1:63283" [_thread_blocked, id=2196, stack(0x00000015b5c00000,0x00000015b5d00000)]
  0x0000019675f37800 JavaThread "Stdin handler" [_thread_blocked, id=5660, stack(0x00000015b5d00000,0x00000015b5e00000)]
  0x0000019676202800 JavaThread "Daemon client event forwarder" [_thread_blocked, id=228, stack(0x00000015b5e00000,0x00000015b5f00000)]
  0x0000019676204800 JavaThread "Cache worker for file hash cache (C:\Users\Jenni\.gradle\caches\7.0.2\fileHashes)" [_thread_blocked, id=8136, stack(0x00000015b5f00000,0x00000015b6000000)]
  0x0000019676205000 JavaThread "File lock request listener" [_thread_in_native, id=880, stack(0x00000015b6000000,0x00000015b6100000)]
  0x0000019676201000 JavaThread "Cache worker for journal cache (C:\Users\Jenni\.gradle\caches\journal-1)" [_thread_blocked, id=7572, stack(0x00000015b6100000,0x00000015b6200000)]
  0x0000019676203800 JavaThread "Cache worker for file hash cache (C:\Users\Jenni\AndroidStudioProjects\Aplicacion1\.gradle\7.0.2\fileHashes)" [_thread_blocked, id=11476, stack(0x00000015b6200000,0x00000015b6300000)]
  0x0000019676202000 JavaThread "File watcher server" daemon [_thread_in_native, id=4760, stack(0x00000015b6300000,0x00000015b6400000)]
  0x0000019676200000 JavaThread "File watcher consumer" daemon [_thread_blocked, id=9304, stack(0x00000015b6400000,0x00000015b6500000)]
  0x00000196761ff800 JavaThread "Cache worker for checksums cache (C:\Users\Jenni\AndroidStudioProjects\Aplicacion1\.gradle\checksums)" [_thread_blocked, id=10384, stack(0x00000015b6500000,0x00000015b6600000)]
  0x0000019676206000 JavaThread "Cache worker for cache directory md-supplier (C:\Users\Jenni\.gradle\caches\7.0.2\md-supplier)" [_thread_blocked, id=12188, stack(0x00000015b6600000,0x00000015b6700000)]
  0x000001967806b000 JavaThread "Cache worker for cache directory md-rule (C:\Users\Jenni\.gradle\caches\7.0.2\md-rule)" [_thread_blocked, id=1192, stack(0x00000015b6700000,0x00000015b6800000)]
  0x000001967806c000 JavaThread "Cache worker for execution history cache (C:\Users\Jenni\.gradle\caches\7.0.2\executionHistory)" [_thread_blocked, id=10724, stack(0x00000015b6800000,0x00000015b6900000)]
  0x0000019678068800 JavaThread "jar transforms" [_thread_blocked, id=10552, stack(0x00000015b6900000,0x00000015b6a00000)]
  0x0000019678069800 JavaThread "jar transforms Thread 2" [_thread_blocked, id=11884, stack(0x00000015b6a00000,0x00000015b6b00000)]
  0x000001967806a800 JavaThread "Cache worker for file content cache (C:\Users\Jenni\.gradle\caches\7.0.2\fileContent)" [_thread_blocked, id=11996, stack(0x00000015b6b00000,0x00000015b6c00000)]
  0x0000019678068000 JavaThread "Cache worker for dependencies-accessors (C:\Users\Jenni\AndroidStudioProjects\Aplicacion1\.gradle\7.0.2\dependencies-accessors)" [_thread_blocked, id=10200, stack(0x00000015b6c00000,0x00000015b6d00000)]
  0x0000019678072800 JavaThread "Cache worker for Build Output Cleanup Cache (C:\Users\Jenni\AndroidStudioProjects\Aplicacion1\.gradle\buildOutputCleanup)" [_thread_blocked, id=11340, stack(0x00000015b6d00000,0x00000015b6e00000)]
  0x0000019678071800 JavaThread "Build operations" [_thread_blocked, id=1872, stack(0x00000015b6e00000,0x00000015b6f00000)]
  0x0000019678073800 JavaThread "Build operations Thread 2" [_thread_blocked, id=10688, stack(0x00000015b6f00000,0x00000015b7000000)]
  0x0000019678074000 JavaThread "Memory manager" [_thread_blocked, id=2340, stack(0x00000015b7000000,0x00000015b7100000)]
  0x0000019678070000 JavaThread "build event listener" [_thread_blocked, id=5004, stack(0x00000015b7100000,0x00000015b7200000)]
  0x000001967806e800 JavaThread "build event listener" [_thread_blocked, id=1692, stack(0x00000015b7200000,0x00000015b7300000)]
  0x0000019678075000 JavaThread "Execution worker for ':'" [_thread_blocked, id=11332, stack(0x00000015b7300000,0x00000015b7400000)]
  0x000001967806f800 JavaThread "Cache worker for execution history cache (C:\Users\Jenni\AndroidStudioProjects\Aplicacion1\.gradle\7.0.2\executionHistory)" [_thread_blocked, id=9664, stack(0x00000015b7400000,0x00000015b7500000)]
  0x0000019678076000 JavaThread "WorkerExecutor Queue" [_thread_blocked, id=2816, stack(0x00000015b7700000,0x00000015b7800000)]
  0x0000019678076800 JavaThread "WorkerExecutor Queue Thread 2" [_thread_blocked, id=1144, stack(0x00000015b7800000,0x00000015b7900000)]
  0x0000019678071000 JavaThread "WorkerExecutor Queue Thread 3" [_thread_blocked, id=8772, stack(0x00000015b7900000,0x00000015b7a00000)]
  0x000001967a6fa000 JavaThread "ForkJoinPool-1-worker-3" daemon [_thread_blocked, id=7804, stack(0x00000015b7a00000,0x00000015b7b00000)]
  0x000001967a6fa800 JavaThread "ForkJoinPool-1-worker-1" daemon [_thread_blocked, id=11488, stack(0x00000015b7b00000,0x00000015b7c00000)]

Other Threads:
  0x00000196734f0800 VMThread "VM Thread" [stack: 0x00000015b4900000,0x00000015b4a00000] [id=11216]
  0x0000019674001000 WatcherThread [stack: 0x00000015b5300000,0x00000015b5400000] [id=3232]
  0x0000019659e89000 GCTaskThread "GC Thread#0" [stack: 0x00000015b4400000,0x00000015b4500000] [id=12092]
  0x00000196740d4800 GCTaskThread "GC Thread#1" [stack: 0x00000015b5400000,0x00000015b5500000] [id=4912]
  0x0000019659eba800 ConcurrentGCThread "G1 Main Marker" [stack: 0x00000015b4500000,0x00000015b4600000] [id=6724]
  0x0000019659ebb800 ConcurrentGCThread "G1 Conc#0" [stack: 0x00000015b4600000,0x00000015b4700000] [id=5716]
  0x0000019659f0b000 ConcurrentGCThread "G1 Refine#0" [stack: 0x00000015b4700000,0x00000015b4800000] [id=12948]
  0x0000019659f0c800 ConcurrentGCThread "G1 Young RemSet Sampling" [stack: 0x00000015b4800000,0x00000015b4900000] [id=6184]

Threads with active compile tasks:
C2 CompilerThread0  48843 12091       4       com.android.tools.r8.code.w1::a (4137 bytes)

VM state:at safepoint (normal execution)

VM Mutex/Monitor currently owned by a thread:  ([mutex/lock_event])
[0x0000019659e6db10] Threads_lock - owner thread: 0x00000196734f0800
[0x0000019659e6cc70] Heap_lock - owner thread: 0x000001967a6fa000

Heap address: 0x0000000080000000, size: 2048 MB, Compressed Oops mode: 32-bit
Narrow klass base: 0x0000000000000000, Narrow klass shift: 3
Compressed class space size: 1073741824 Address: 0x0000000100000000

Heap:
 garbage-first heap   total 278528K, used 156543K [0x0000000080000000, 0x0000000100000000)
  region size 1024K, 4 young (4096K), 4 survivors (4096K)
 Metaspace       used 98073K, capacity 100284K, committed 100352K, reserved 1136640K
  class space    used 12755K, capacity 13560K, committed 13568K, reserved 1048576K
Heap Regions: E=young(eden), S=young(survivor), O=old, HS=humongous(starts), HC=humongous(continues), CS=collection set, F=free, A=archive, TAMS=top-at-mark-start (previous, next)
|   0|0x0000000080000000, 0x0000000080100000, 0x0000000080100000|100%| O|  |TAMS 0x0000000080100000, 0x0000000080000000| Untracked 
|   1|0x0000000080100000, 0x0000000080200000, 0x0000000080200000|100%| O|  |TAMS 0x0000000080200000, 0x0000000080100000| Untracked 
|   2|0x0000000080200000, 0x0000000080300000, 0x0000000080300000|100%| O|  |TAMS 0x0000000080300000, 0x0000000080200000| Untracked 
|   3|0x0000000080300000, 0x0000000080400000, 0x0000000080400000|100%| O|  |TAMS 0x0000000080400000, 0x0000000080300000| Untracked 
|   4|0x0000000080400000, 0x0000000080500000, 0x0000000080500000|100%|HS|  |TAMS 0x0000000080500000, 0x0000000080400000| Complete 
|   5|0x0000000080500000, 0x0000000080600000, 0x0000000080600000|100%|HC|  |TAMS 0x0000000080600000, 0x0000000080500000| Complete 
|   6|0x0000000080600000, 0x0000000080700000, 0x0000000080700000|100%|HC|  |TAMS 0x0000000080700000, 0x0000000080600000| Complete 
|   7|0x0000000080700000, 0x0000000080800000, 0x0000000080800000|100%| O|  |TAMS 0x0000000080800000, 0x0000000080700000| Untracked 
|   8|0x0000000080800000, 0x0000000080900000, 0x0000000080900000|100%| O|  |TAMS 0x0000000080900000, 0x0000000080800000| Untracked 
|   9|0x0000000080900000, 0x0000000080a00000, 0x0000000080a00000|100%| O|  |TAMS 0x0000000080a00000, 0x0000000080900000| Untracked 
|  10|0x0000000080a00000, 0x0000000080b00000, 0x0000000080b00000|100%| O|  |TAMS 0x0000000080b00000, 0x0000000080a00000| Untracked 
|  11|0x0000000080b00000, 0x0000000080c00000, 0x0000000080c00000|100%| O|  |TAMS 0x0000000080c00000, 0x0000000080b00000| Untracked 
|  12|0x0000000080c00000, 0x0000000080d00000, 0x0000000080d00000|100%| O|  |TAMS 0x0000000080d00000, 0x0000000080c00000| Untracked 
|  13|0x0000000080d00000, 0x0000000080e00000, 0x0000000080e00000|100%| O|  |TAMS 0x0000000080e00000, 0x0000000080d00000| Untracked 
|  14|0x0000000080e00000, 0x0000000080f00000, 0x0000000080f00000|100%| O|  |TAMS 0x0000000080f00000, 0x0000000080e00000| Untracked 
|  15|0x0000000080f00000, 0x0000000081000000, 0x0000000081000000|100%| O|  |TAMS 0x0000000081000000, 0x0000000080f00000| Untracked 
|  16|0x0000000081000000, 0x0000000081100000, 0x0000000081100000|100%| O|  |TAMS 0x0000000081100000, 0x0000000081000000| Untracked 
|  17|0x0000000081100000, 0x0000000081200000, 0x0000000081200000|100%| O|  |TAMS 0x0000000081200000, 0x0000000081100000| Untracked 
|  18|0x0000000081200000, 0x0000000081300000, 0x0000000081300000|100%| O|  |TAMS 0x0000000081300000, 0x0000000081200000| Untracked 
|  19|0x0000000081300000, 0x0000000081400000, 0x0000000081400000|100%| O|  |TAMS 0x0000000081400000, 0x0000000081300000| Untracked 
|  20|0x0000000081400000, 0x0000000081500000, 0x0000000081500000|100%| O|  |TAMS 0x0000000081500000, 0x0000000081400000| Untracked 
|  21|0x0000000081500000, 0x0000000081600000, 0x0000000081600000|100%| O|  |TAMS 0x0000000081600000, 0x0000000081500000| Untracked 
|  22|0x0000000081600000, 0x0000000081700000, 0x0000000081700000|100%| O|  |TAMS 0x0000000081700000, 0x0000000081600000| Untracked 
|  23|0x0000000081700000, 0x0000000081800000, 0x0000000081800000|100%| O|  |TAMS 0x0000000081800000, 0x0000000081700000| Untracked 
|  24|0x0000000081800000, 0x0000000081900000, 0x0000000081900000|100%| O|  |TAMS 0x0000000081900000, 0x0000000081800000| Untracked 
|  25|0x0000000081900000, 0x0000000081a00000, 0x0000000081a00000|100%| O|  |TAMS 0x0000000081a00000, 0x0000000081900000| Untracked 
|  26|0x0000000081a00000, 0x0000000081b00000, 0x0000000081b00000|100%| O|  |TAMS 0x0000000081b00000, 0x0000000081a00000| Untracked 
|  27|0x0000000081b00000, 0x0000000081c00000, 0x0000000081c00000|100%|HS|  |TAMS 0x0000000081c00000, 0x0000000081b00000| Complete 
|  28|0x0000000081c00000, 0x0000000081d00000, 0x0000000081d00000|100%|HS|  |TAMS 0x0000000081d00000, 0x0000000081c00000| Complete 
|  29|0x0000000081d00000, 0x0000000081e00000, 0x0000000081e00000|100%|HS|  |TAMS 0x0000000081e00000, 0x0000000081d00000| Complete 
|  30|0x0000000081e00000, 0x0000000081f00000, 0x0000000081f00000|100%|HS|  |TAMS 0x0000000081f00000, 0x0000000081e00000| Complete 
|  31|0x0000000081f00000, 0x0000000082000000, 0x0000000082000000|100%|HC|  |TAMS 0x0000000082000000, 0x0000000081f00000| Complete 
|  32|0x0000000082000000, 0x0000000082100000, 0x0000000082100000|100%|HC|  |TAMS 0x0000000082100000, 0x0000000082000000| Complete 
|  33|0x0000000082100000, 0x0000000082200000, 0x0000000082200000|100%|HS|  |TAMS 0x0000000082200000, 0x0000000082100000| Complete 
|  34|0x0000000082200000, 0x0000000082300000, 0x0000000082300000|100%|HC|  |TAMS 0x0000000082300000, 0x0000000082200000| Complete 
|  35|0x0000000082300000, 0x0000000082400000, 0x0000000082400000|100%| O|  |TAMS 0x0000000082400000, 0x0000000082300000| Untracked 
|  36|0x0000000082400000, 0x0000000082500000, 0x0000000082500000|100%| O|  |TAMS 0x0000000082500000, 0x0000000082400000| Untracked 
|  37|0x0000000082500000, 0x0000000082600000, 0x0000000082600000|100%| O|  |TAMS 0x0000000082600000, 0x0000000082500000| Untracked 
|  38|0x0000000082600000, 0x0000000082700000, 0x0000000082700000|100%| O|  |TAMS 0x0000000082700000, 0x0000000082600000| Untracked 
|  39|0x0000000082700000, 0x0000000082800000, 0x0000000082800000|100%| O|  |TAMS 0x0000000082800000, 0x0000000082700000| Untracked 
|  40|0x0000000082800000, 0x0000000082900000, 0x0000000082900000|100%| O|  |TAMS 0x0000000082900000, 0x0000000082800000| Untracked 
|  41|0x0000000082900000, 0x0000000082a00000, 0x0000000082a00000|100%| O|  |TAMS 0x0000000082a00000, 0x0000000082900000| Untracked 
|  42|0x0000000082a00000, 0x0000000082b00000, 0x0000000082b00000|100%| O|  |TAMS 0x0000000082b00000, 0x0000000082a00000| Untracked 
|  43|0x0000000082b00000, 0x0000000082c00000, 0x0000000082c00000|100%| O|  |TAMS 0x0000000082c00000, 0x0000000082b00000| Untracked 
|  44|0x0000000082c00000, 0x0000000082d00000, 0x0000000082d00000|100%| O|  |TAMS 0x0000000082d00000, 0x0000000082c00000| Untracked 
|  45|0x0000000082d00000, 0x0000000082e00000, 0x0000000082e00000|100%| O|  |TAMS 0x0000000082e00000, 0x0000000082d00000| Untracked 
|  46|0x0000000082e00000, 0x0000000082f00000, 0x0000000082f00000|100%| O|  |TAMS 0x0000000082f00000, 0x0000000082e00000| Untracked 
|  47|0x0000000082f00000, 0x0000000083000000, 0x0000000083000000|100%| O|  |TAMS 0x0000000083000000, 0x0000000082f00000| Untracked 
|  48|0x0000000083000000, 0x0000000083100000, 0x0000000083100000|100%| O|  |TAMS 0x0000000083100000, 0x0000000083000000| Untracked 
|  49|0x0000000083100000, 0x0000000083200000, 0x0000000083200000|100%| O|  |TAMS 0x0000000083200000, 0x0000000083100000| Untracked 
|  50|0x0000000083200000, 0x0000000083300000, 0x0000000083300000|100%| O|  |TAMS 0x0000000083300000, 0x0000000083200000| Untracked 
|  51|0x0000000083300000, 0x0000000083400000, 0x0000000083400000|100%| O|  |TAMS 0x0000000083400000, 0x0000000083300000| Untracked 
|  52|0x0000000083400000, 0x0000000083500000, 0x0000000083500000|100%| O|  |TAMS 0x0000000083500000, 0x0000000083400000| Untracked 
|  53|0x0000000083500000, 0x0000000083600000, 0x0000000083600000|100%| O|  |TAMS 0x0000000083600000, 0x0000000083500000| Untracked 
|  54|0x0000000083600000, 0x0000000083700000, 0x0000000083700000|100%| O|  |TAMS 0x0000000083700000, 0x0000000083600000| Untracked 
|  55|0x0000000083700000, 0x0000000083800000, 0x0000000083800000|100%| O|  |TAMS 0x0000000083800000, 0x0000000083700000| Untracked 
|  56|0x0000000083800000, 0x0000000083900000, 0x0000000083900000|100%| O|  |TAMS 0x0000000083900000, 0x0000000083800000| Untracked 
|  57|0x0000000083900000, 0x0000000083a00000, 0x0000000083a00000|100%| O|  |TAMS 0x0000000083a00000, 0x0000000083900000| Untracked 
|  58|0x0000000083a00000, 0x0000000083b00000, 0x0000000083b00000|100%| O|  |TAMS 0x0000000083b00000, 0x0000000083a00000| Untracked 
|  59|0x0000000083b00000, 0x0000000083c00000, 0x0000000083c00000|100%| O|  |TAMS 0x0000000083c00000, 0x0000000083b00000| Untracked 
|  60|0x0000000083c00000, 0x0000000083d00000, 0x0000000083d00000|100%| O|  |TAMS 0x0000000083d00000, 0x0000000083c00000| Untracked 
|  61|0x0000000083d00000, 0x0000000083e00000, 0x0000000083e00000|100%| O|  |TAMS 0x0000000083e00000, 0x0000000083d00000| Untracked 
|  62|0x0000000083e00000, 0x0000000083f00000, 0x0000000083f00000|100%| O|  |TAMS 0x0000000083f00000, 0x0000000083e00000| Untracked 
|  63|0x0000000083f00000, 0x0000000084000000, 0x0000000084000000|100%| O|  |TAMS 0x0000000084000000, 0x0000000083f00000| Untracked 
|  64|0x0000000084000000, 0x0000000084100000, 0x0000000084100000|100%| O|  |TAMS 0x0000000084100000, 0x0000000084000000| Untracked 
|  65|0x0000000084100000, 0x0000000084200000, 0x0000000084200000|100%| O|  |TAMS 0x0000000084200000, 0x0000000084100000| Untracked 
|  66|0x0000000084200000, 0x0000000084300000, 0x0000000084300000|100%| O|  |TAMS 0x0000000084300000, 0x0000000084200000| Untracked 
|  67|0x0000000084300000, 0x0000000084400000, 0x0000000084400000|100%| O|  |TAMS 0x0000000084400000, 0x0000000084300000| Untracked 
|  68|0x0000000084400000, 0x0000000084500000, 0x0000000084500000|100%| O|  |TAMS 0x0000000084500000, 0x0000000084400000| Untracked 
|  69|0x0000000084500000, 0x0000000084600000, 0x0000000084600000|100%| O|  |TAMS 0x0000000084600000, 0x0000000084500000| Untracked 
|  70|0x0000000084600000, 0x0000000084700000, 0x0000000084700000|100%| O|  |TAMS 0x0000000084700000, 0x0000000084600000| Untracked 
|  71|0x0000000084700000, 0x0000000084800000, 0x0000000084800000|100%| O|  |TAMS 0x0000000084800000, 0x0000000084700000| Untracked 
|  72|0x0000000084800000, 0x0000000084900000, 0x0000000084900000|100%| O|  |TAMS 0x0000000084900000, 0x0000000084800000| Untracked 
|  73|0x0000000084900000, 0x0000000084a00000, 0x0000000084a00000|100%| O|  |TAMS 0x0000000084a00000, 0x0000000084900000| Untracked 
|  74|0x0000000084a00000, 0x0000000084b00000, 0x0000000084b00000|100%| O|  |TAMS 0x0000000084b00000, 0x0000000084a00000| Untracked 
|  75|0x0000000084b00000, 0x0000000084c00000, 0x0000000084c00000|100%| O|  |TAMS 0x0000000084c00000, 0x0000000084b00000| Untracked 
|  76|0x0000000084c00000, 0x0000000084d00000, 0x0000000084d00000|100%| O|  |TAMS 0x0000000084d00000, 0x0000000084c00000| Untracked 
|  77|0x0000000084d00000, 0x0000000084e00000, 0x0000000084e00000|100%| O|  |TAMS 0x0000000084e00000, 0x0000000084d00000| Untracked 
|  78|0x0000000084e00000, 0x0000000084f00000, 0x0000000084f00000|100%| O|  |TAMS 0x0000000084f00000, 0x0000000084e00000| Untracked 
|  79|0x0000000084f00000, 0x0000000085000000, 0x0000000085000000|100%| O|  |TAMS 0x0000000085000000, 0x0000000084f00000| Untracked 
|  80|0x0000000085000000, 0x0000000085100000, 0x0000000085100000|100%| O|  |TAMS 0x0000000085100000, 0x0000000085000000| Untracked 
|  81|0x0000000085100000, 0x0000000085200000, 0x0000000085200000|100%| O|  |TAMS 0x0000000085200000, 0x0000000085100000| Untracked 
|  82|0x0000000085200000, 0x0000000085300000, 0x0000000085300000|100%|HS|  |TAMS 0x0000000085300000, 0x0000000085200000| Complete 
|  83|0x0000000085300000, 0x0000000085400000, 0x0000000085400000|100%|HC|  |TAMS 0x0000000085400000, 0x0000000085300000| Complete 
|  84|0x0000000085400000, 0x0000000085500000, 0x0000000085500000|100%|HS|  |TAMS 0x0000000085500000, 0x0000000085400000| Complete 
|  85|0x0000000085500000, 0x0000000085600000, 0x0000000085600000|100%| O|  |TAMS 0x0000000085600000, 0x0000000085500000| Untracked 
|  86|0x0000000085600000, 0x0000000085700000, 0x0000000085700000|100%| O|  |TAMS 0x0000000085700000, 0x0000000085600000| Untracked 
|  87|0x0000000085700000, 0x0000000085800000, 0x0000000085800000|100%| O|  |TAMS 0x0000000085800000, 0x0000000085700000| Untracked 
|  88|0x0000000085800000, 0x0000000085900000, 0x0000000085900000|100%| O|  |TAMS 0x0000000085900000, 0x0000000085800000| Untracked 
|  89|0x0000000085900000, 0x0000000085a00000, 0x0000000085a00000|100%| O|  |TAMS 0x0000000085a00000, 0x0000000085900000| Untracked 
|  90|0x0000000085a00000, 0x0000000085b00000, 0x0000000085b00000|100%| O|  |TAMS 0x0000000085b00000, 0x0000000085a00000| Untracked 
|  91|0x0000000085b00000, 0x0000000085c00000, 0x0000000085c00000|100%| O|  |TAMS 0x0000000085c00000, 0x0000000085b00000| Untracked 
|  92|0x0000000085c00000, 0x0000000085d00000, 0x0000000085d00000|100%| O|  |TAMS 0x0000000085d00000, 0x0000000085c00000| Untracked 
|  93|0x0000000085d00000, 0x0000000085e00000, 0x0000000085e00000|100%| O|  |TAMS 0x0000000085e00000, 0x0000000085d00000| Untracked 
|  94|0x0000000085e00000, 0x0000000085f00000, 0x0000000085f00000|100%|HS|  |TAMS 0x0000000085f00000, 0x0000000085e00000| Complete 
|  95|0x0000000085f00000, 0x0000000086000000, 0x0000000086000000|100%|HS|  |TAMS 0x0000000086000000, 0x0000000085f00000| Complete 
|  96|0x0000000086000000, 0x0000000086100000, 0x0000000086100000|100%|HS|  |TAMS 0x0000000086100000, 0x0000000086000000| Complete 
|  97|0x0000000086100000, 0x0000000086200000, 0x0000000086200000|100%|HC|  |TAMS 0x0000000086200000, 0x0000000086100000| Complete 
|  98|0x0000000086200000, 0x0000000086300000, 0x0000000086300000|100%|HC|  |TAMS 0x0000000086300000, 0x0000000086200000| Complete 
|  99|0x0000000086300000, 0x0000000086400000, 0x0000000086400000|100%| O|  |TAMS 0x0000000086400000, 0x0000000086300000| Untracked 
| 100|0x0000000086400000, 0x0000000086500000, 0x0000000086500000|100%|HS|  |TAMS 0x0000000086500000, 0x0000000086400000| Complete 
| 101|0x0000000086500000, 0x0000000086600000, 0x0000000086600000|100%| O|  |TAMS 0x0000000086600000, 0x0000000086500000| Untracked 
| 102|0x0000000086600000, 0x0000000086700000, 0x0000000086700000|100%|HS|  |TAMS 0x0000000086700000, 0x0000000086600000| Complete 
| 103|0x0000000086700000, 0x0000000086800000, 0x0000000086800000|100%|HC|  |TAMS 0x0000000086800000, 0x0000000086700000| Complete 
| 104|0x0000000086800000, 0x0000000086900000, 0x0000000086900000|100%| O|  |TAMS 0x0000000086900000, 0x0000000086800000| Untracked 
| 105|0x0000000086900000, 0x0000000086a00000, 0x0000000086a00000|100%|HS|  |TAMS 0x0000000086a00000, 0x0000000086900000| Complete 
| 106|0x0000000086a00000, 0x0000000086b00000, 0x0000000086b00000|100%| O|  |TAMS 0x0000000086b00000, 0x0000000086a00000| Untracked 
| 107|0x0000000086b00000, 0x0000000086c00000, 0x0000000086c00000|100%|HS|  |TAMS 0x0000000086c00000, 0x0000000086b00000| Complete 
| 108|0x0000000086c00000, 0x0000000086d00000, 0x0000000086d00000|100%| O|  |TAMS 0x0000000086d00000, 0x0000000086c00000| Untracked 
| 109|0x0000000086d00000, 0x0000000086e00000, 0x0000000086e00000|100%| O|  |TAMS 0x0000000086e00000, 0x0000000086d00000| Untracked 
| 110|0x0000000086e00000, 0x0000000086f00000, 0x0000000086f00000|100%| O|  |TAMS 0x0000000086f00000, 0x0000000086e00000| Untracked 
| 111|0x0000000086f00000, 0x0000000087000000, 0x0000000087000000|100%| O|  |TAMS 0x0000000087000000, 0x0000000086f00000| Untracked 
| 112|0x0000000087000000, 0x0000000087100000, 0x0000000087100000|100%| O|  |TAMS 0x0000000087100000, 0x0000000087000000| Untracked 
| 113|0x0000000087100000, 0x0000000087200000, 0x0000000087200000|100%| O|  |TAMS 0x0000000087200000, 0x0000000087100000| Untracked 
| 114|0x0000000087200000, 0x0000000087300000, 0x0000000087300000|100%| O|  |TAMS 0x0000000087300000, 0x0000000087200000| Untracked 
| 115|0x0000000087300000, 0x0000000087400000, 0x0000000087400000|100%| O|  |TAMS 0x0000000087400000, 0x0000000087300000| Untracked 
| 116|0x0000000087400000, 0x0000000087500000, 0x0000000087500000|100%| O|  |TAMS 0x0000000087500000, 0x0000000087400000| Untracked 
| 117|0x0000000087500000, 0x0000000087600000, 0x0000000087600000|100%| O|  |TAMS 0x0000000087600000, 0x0000000087500000| Untracked 
| 118|0x0000000087600000, 0x0000000087700000, 0x0000000087700000|100%| O|  |TAMS 0x0000000087700000, 0x0000000087600000| Untracked 
| 119|0x0000000087700000, 0x0000000087800000, 0x0000000087800000|100%| O|  |TAMS 0x0000000087800000, 0x0000000087700000| Untracked 
| 120|0x0000000087800000, 0x0000000087900000, 0x0000000087900000|100%|HS|  |TAMS 0x0000000087900000, 0x0000000087800000| Complete 
| 121|0x0000000087900000, 0x0000000087a00000, 0x0000000087a00000|100%|HC|  |TAMS 0x0000000087a00000, 0x0000000087900000| Complete 
| 122|0x0000000087a00000, 0x0000000087b00000, 0x0000000087b00000|100%|HC|  |TAMS 0x0000000087b00000, 0x0000000087a00000| Complete 
| 123|0x0000000087b00000, 0x0000000087c00000, 0x0000000087c00000|100%| O|  |TAMS 0x0000000087c00000, 0x0000000087b00000| Untracked 
| 124|0x0000000087c00000, 0x0000000087d00000, 0x0000000087d00000|100%| O|  |TAMS 0x0000000087d00000, 0x0000000087c00000| Untracked 
| 125|0x0000000087d00000, 0x0000000087e00000, 0x0000000087e00000|100%| O|  |TAMS 0x0000000087e00000, 0x0000000087d00000| Untracked 
| 126|0x0000000087e00000, 0x0000000087f00000, 0x0000000087f00000|100%| O|  |TAMS 0x0000000087f00000, 0x0000000087e00000| Untracked 
| 127|0x0000000087f00000, 0x0000000088000000, 0x0000000088000000|100%| O|  |TAMS 0x0000000088000000, 0x0000000087f00000| Untracked 
| 128|0x0000000088000000, 0x0000000088100000, 0x0000000088100000|100%| O|  |TAMS 0x0000000088100000, 0x0000000088000000| Untracked 
| 129|0x0000000088100000, 0x0000000088200000, 0x0000000088200000|100%| O|  |TAMS 0x0000000088200000, 0x0000000088100000| Untracked 
| 130|0x0000000088200000, 0x0000000088300000, 0x0000000088300000|100%| O|  |TAMS 0x0000000088300000, 0x0000000088200000| Untracked 
| 131|0x0000000088300000, 0x0000000088400000, 0x0000000088400000|100%| O|  |TAMS 0x0000000088400000, 0x0000000088300000| Untracked 
| 132|0x0000000088400000, 0x0000000088500000, 0x0000000088500000|100%| O|  |TAMS 0x0000000088500000, 0x0000000088400000| Untracked 
| 133|0x0000000088500000, 0x0000000088600000, 0x0000000088600000|100%| O|  |TAMS 0x0000000088600000, 0x0000000088500000| Untracked 
| 134|0x0000000088600000, 0x0000000088700000, 0x0000000088700000|100%| O|  |TAMS 0x0000000088700000, 0x0000000088600000| Untracked 
| 135|0x0000000088700000, 0x0000000088800000, 0x0000000088800000|100%| O|  |TAMS 0x0000000088800000, 0x0000000088700000| Untracked 
| 136|0x0000000088800000, 0x0000000088900000, 0x0000000088900000|100%|HS|  |TAMS 0x0000000088900000, 0x0000000088800000| Complete 
| 137|0x0000000088900000, 0x0000000088a00000, 0x0000000088a00000|100%|HS|  |TAMS 0x0000000088900000, 0x0000000088900000| Complete 
| 138|0x0000000088a00000, 0x0000000088b00000, 0x0000000088b00000|100%| O|  |TAMS 0x0000000088a00000, 0x0000000088a00000| Untracked 
| 139|0x0000000088b00000, 0x0000000088c00000, 0x0000000088c00000|100%| O|  |TAMS 0x0000000088b00000, 0x0000000088b00000| Untracked 
| 140|0x0000000088c00000, 0x0000000088d00000, 0x0000000088d00000|100%| O|  |TAMS 0x0000000088c00000, 0x0000000088c00000| Untracked 
| 141|0x0000000088d00000, 0x0000000088e00000, 0x0000000088e00000|100%| O|  |TAMS 0x0000000088d00000, 0x0000000088d00000| Untracked 
| 142|0x0000000088e00000, 0x0000000088f00000, 0x0000000088f00000|100%| O|  |TAMS 0x0000000088e00000, 0x0000000088e00000| Untracked 
| 143|0x0000000088f00000, 0x0000000089000000, 0x0000000089000000|100%| O|  |TAMS 0x0000000088f00000, 0x0000000088f00000| Untracked 
| 144|0x0000000089000000, 0x0000000089100000, 0x0000000089100000|100%| O|  |TAMS 0x0000000089000000, 0x0000000089000000| Untracked 
| 145|0x0000000089100000, 0x0000000089200000, 0x0000000089200000|100%| O|  |TAMS 0x0000000089100000, 0x0000000089100000| Untracked 
| 146|0x0000000089200000, 0x0000000089300000, 0x0000000089300000|100%| O|  |TAMS 0x0000000089200000, 0x0000000089200000| Untracked 
| 147|0x0000000089300000, 0x0000000089400000, 0x0000000089400000|100%| O|  |TAMS 0x0000000089300000, 0x0000000089300000| Untracked 
| 148|0x0000000089400000, 0x00000000894dfe00, 0x0000000089500000| 87%| O|  |TAMS 0x0000000089400000, 0x0000000089400000| Untracked 
| 149|0x0000000089500000, 0x0000000089500000, 0x0000000089600000|  0%| F|  |TAMS 0x0000000089500000, 0x0000000089500000| Untracked 
| 150|0x0000000089600000, 0x0000000089600000, 0x0000000089700000|  0%| F|  |TAMS 0x0000000089600000, 0x0000000089600000| Untracked 
| 151|0x0000000089700000, 0x0000000089700000, 0x0000000089800000|  0%| F|  |TAMS 0x0000000089700000, 0x0000000089700000| Untracked 
| 152|0x0000000089800000, 0x0000000089800000, 0x0000000089900000|  0%| F|  |TAMS 0x0000000089800000, 0x0000000089800000| Untracked 
| 153|0x0000000089900000, 0x0000000089900000, 0x0000000089a00000|  0%| F|  |TAMS 0x0000000089900000, 0x0000000089900000| Untracked 
| 154|0x0000000089a00000, 0x0000000089a00000, 0x0000000089b00000|  0%| F|  |TAMS 0x0000000089a00000, 0x0000000089a00000| Untracked 
| 155|0x0000000089b00000, 0x0000000089b00000, 0x0000000089c00000|  0%| F|  |TAMS 0x0000000089b00000, 0x0000000089b00000| Untracked 
| 156|0x0000000089c00000, 0x0000000089c00000, 0x0000000089d00000|  0%| F|  |TAMS 0x0000000089c00000, 0x0000000089c00000| Untracked 
| 157|0x0000000089d00000, 0x0000000089d00000, 0x0000000089e00000|  0%| F|  |TAMS 0x0000000089d00000, 0x0000000089d00000| Untracked 
| 158|0x0000000089e00000, 0x0000000089e00000, 0x0000000089f00000|  0%| F|  |TAMS 0x0000000089e00000, 0x0000000089e00000| Untracked 
| 159|0x0000000089f00000, 0x0000000089f00000, 0x000000008a000000|  0%| F|  |TAMS 0x0000000089f00000, 0x0000000089f00000| Untracked 
| 160|0x000000008a000000, 0x000000008a000000, 0x000000008a100000|  0%| F|  |TAMS 0x000000008a000000, 0x000000008a000000| Untracked 
| 161|0x000000008a100000, 0x000000008a100000, 0x000000008a200000|  0%| F|  |TAMS 0x000000008a100000, 0x000000008a100000| Untracked 
| 162|0x000000008a200000, 0x000000008a200000, 0x000000008a300000|  0%| F|  |TAMS 0x000000008a200000, 0x000000008a200000| Untracked 
| 163|0x000000008a300000, 0x000000008a300000, 0x000000008a400000|  0%| F|  |TAMS 0x000000008a300000, 0x000000008a300000| Untracked 
| 164|0x000000008a400000, 0x000000008a400000, 0x000000008a500000|  0%| F|  |TAMS 0x000000008a400000, 0x000000008a400000| Untracked 
| 165|0x000000008a500000, 0x000000008a500000, 0x000000008a600000|  0%| F|  |TAMS 0x000000008a500000, 0x000000008a500000| Untracked 
| 166|0x000000008a600000, 0x000000008a600000, 0x000000008a700000|  0%| F|  |TAMS 0x000000008a600000, 0x000000008a600000| Untracked 
| 167|0x000000008a700000, 0x000000008a700000, 0x000000008a800000|  0%| F|  |TAMS 0x000000008a700000, 0x000000008a700000| Untracked 
| 168|0x000000008a800000, 0x000000008a800000, 0x000000008a900000|  0%| F|  |TAMS 0x000000008a800000, 0x000000008a800000| Untracked 
| 169|0x000000008a900000, 0x000000008a900000, 0x000000008aa00000|  0%| F|  |TAMS 0x000000008a900000, 0x000000008a900000| Untracked 
| 170|0x000000008aa00000, 0x000000008aa00000, 0x000000008ab00000|  0%| F|  |TAMS 0x000000008aa00000, 0x000000008aa00000| Untracked 
| 171|0x000000008ab00000, 0x000000008ab00000, 0x000000008ac00000|  0%| F|  |TAMS 0x000000008ab00000, 0x000000008ab00000| Untracked 
| 172|0x000000008ac00000, 0x000000008ac00000, 0x000000008ad00000|  0%| F|  |TAMS 0x000000008ac00000, 0x000000008ac00000| Untracked 
| 173|0x000000008ad00000, 0x000000008ad00000, 0x000000008ae00000|  0%| F|  |TAMS 0x000000008ad00000, 0x000000008ad00000| Untracked 
| 174|0x000000008ae00000, 0x000000008ae00000, 0x000000008af00000|  0%| F|  |TAMS 0x000000008ae00000, 0x000000008ae00000| Untracked 
| 175|0x000000008af00000, 0x000000008af00000, 0x000000008b000000|  0%| F|  |TAMS 0x000000008af00000, 0x000000008af00000| Untracked 
| 176|0x000000008b000000, 0x000000008b000000, 0x000000008b100000|  0%| F|  |TAMS 0x000000008b000000, 0x000000008b000000| Untracked 
| 177|0x000000008b100000, 0x000000008b100000, 0x000000008b200000|  0%| F|  |TAMS 0x000000008b100000, 0x000000008b100000| Untracked 
| 178|0x000000008b200000, 0x000000008b200000, 0x000000008b300000|  0%| F|  |TAMS 0x000000008b200000, 0x000000008b200000| Untracked 
| 179|0x000000008b300000, 0x000000008b300000, 0x000000008b400000|  0%| F|  |TAMS 0x000000008b300000, 0x000000008b300000| Untracked 
| 180|0x000000008b400000, 0x000000008b400000, 0x000000008b500000|  0%| F|  |TAMS 0x000000008b400000, 0x000000008b400000| Untracked 
| 181|0x000000008b500000, 0x000000008b500000, 0x000000008b600000|  0%| F|  |TAMS 0x000000008b500000, 0x000000008b500000| Untracked 
| 182|0x000000008b600000, 0x000000008b600000, 0x000000008b700000|  0%| F|  |TAMS 0x000000008b600000, 0x000000008b600000| Untracked 
| 183|0x000000008b700000, 0x000000008b700000, 0x000000008b800000|  0%| F|  |TAMS 0x000000008b700000, 0x000000008b700000| Untracked 
| 184|0x000000008b800000, 0x000000008b800000, 0x000000008b900000|  0%| F|  |TAMS 0x000000008b800000, 0x000000008b800000| Untracked 
| 185|0x000000008b900000, 0x000000008b900000, 0x000000008ba00000|  0%| F|  |TAMS 0x000000008b900000, 0x000000008b900000| Untracked 
| 186|0x000000008ba00000, 0x000000008ba00000, 0x000000008bb00000|  0%| F|  |TAMS 0x000000008ba00000, 0x000000008ba00000| Untracked 
| 187|0x000000008bb00000, 0x000000008bb00000, 0x000000008bc00000|  0%| F|  |TAMS 0x000000008bb00000, 0x000000008bb00000| Untracked 
| 188|0x000000008bc00000, 0x000000008bc00000, 0x000000008bd00000|  0%| F|  |TAMS 0x000000008bc00000, 0x000000008bc00000| Untracked 
| 189|0x000000008bd00000, 0x000000008bd00000, 0x000000008be00000|  0%| F|  |TAMS 0x000000008bd00000, 0x000000008bd00000| Untracked 
| 190|0x000000008be00000, 0x000000008be00000, 0x000000008bf00000|  0%| F|  |TAMS 0x000000008be00000, 0x000000008be00000| Untracked 
| 191|0x000000008bf00000, 0x000000008c000000, 0x000000008c000000|100%| S|CS|TAMS 0x000000008bf00000, 0x000000008bf00000| Complete 
| 192|0x000000008c000000, 0x000000008c100000, 0x000000008c100000|100%| S|CS|TAMS 0x000000008c000000, 0x000000008c000000| Complete 
| 193|0x000000008c100000, 0x000000008c200000, 0x000000008c200000|100%| S|CS|TAMS 0x000000008c100000, 0x000000008c100000| Complete 
| 194|0x000000008c200000, 0x000000008c300000, 0x000000008c300000|100%| S|CS|TAMS 0x000000008c200000, 0x000000008c200000| Complete 
| 195|0x000000008c300000, 0x000000008c300000, 0x000000008c400000|  0%| F|  |TAMS 0x000000008c300000, 0x000000008c300000| Untracked 
| 196|0x000000008c400000, 0x000000008c400000, 0x000000008c500000|  0%| F|  |TAMS 0x000000008c400000, 0x000000008c400000| Untracked 
| 197|0x000000008c500000, 0x000000008c500000, 0x000000008c600000|  0%| F|  |TAMS 0x000000008c500000, 0x000000008c500000| Untracked 
| 198|0x000000008c600000, 0x000000008c600000, 0x000000008c700000|  0%| F|  |TAMS 0x000000008c600000, 0x000000008c600000| Untracked 
| 199|0x000000008c700000, 0x000000008c700000, 0x000000008c800000|  0%| F|  |TAMS 0x000000008c700000, 0x000000008c700000| Untracked 
| 200|0x000000008c800000, 0x000000008c800000, 0x000000008c900000|  0%| F|  |TAMS 0x000000008c800000, 0x000000008c800000| Untracked 
| 201|0x000000008c900000, 0x000000008c900000, 0x000000008ca00000|  0%| F|  |TAMS 0x000000008c900000, 0x000000008c900000| Untracked 
| 202|0x000000008ca00000, 0x000000008ca00000, 0x000000008cb00000|  0%| F|  |TAMS 0x000000008ca00000, 0x000000008ca00000| Untracked 
| 203|0x000000008cb00000, 0x000000008cb00000, 0x000000008cc00000|  0%| F|  |TAMS 0x000000008cb00000, 0x000000008cb00000| Untracked 
| 204|0x000000008cc00000, 0x000000008cc00000, 0x000000008cd00000|  0%| F|  |TAMS 0x000000008cc00000, 0x000000008cc00000| Untracked 
| 205|0x000000008cd00000, 0x000000008cd00000, 0x000000008ce00000|  0%| F|  |TAMS 0x000000008cd00000, 0x000000008cd00000| Untracked 
| 206|0x000000008ce00000, 0x000000008ce00000, 0x000000008cf00000|  0%| F|  |TAMS 0x000000008ce00000, 0x000000008ce00000| Untracked 
| 207|0x000000008cf00000, 0x000000008cf00000, 0x000000008d000000|  0%| F|  |TAMS 0x000000008cf00000, 0x000000008cf00000| Untracked 
| 208|0x000000008d000000, 0x000000008d000000, 0x000000008d100000|  0%| F|  |TAMS 0x000000008d000000, 0x000000008d000000| Untracked 
| 209|0x000000008d100000, 0x000000008d100000, 0x000000008d200000|  0%| F|  |TAMS 0x000000008d100000, 0x000000008d100000| Untracked 
| 210|0x000000008d200000, 0x000000008d200000, 0x000000008d300000|  0%| F|  |TAMS 0x000000008d200000, 0x000000008d200000| Untracked 
| 211|0x000000008d300000, 0x000000008d300000, 0x000000008d400000|  0%| F|  |TAMS 0x000000008d300000, 0x000000008d300000| Untracked 
| 212|0x000000008d400000, 0x000000008d400000, 0x000000008d500000|  0%| F|  |TAMS 0x000000008d400000, 0x000000008d400000| Untracked 
| 213|0x000000008d500000, 0x000000008d500000, 0x000000008d600000|  0%| F|  |TAMS 0x000000008d500000, 0x000000008d500000| Untracked 
| 214|0x000000008d600000, 0x000000008d600000, 0x000000008d700000|  0%| F|  |TAMS 0x000000008d600000, 0x000000008d600000| Untracked 
| 215|0x000000008d700000, 0x000000008d700000, 0x000000008d800000|  0%| F|  |TAMS 0x000000008d700000, 0x000000008d700000| Untracked 
| 216|0x000000008d800000, 0x000000008d800000, 0x000000008d900000|  0%| F|  |TAMS 0x000000008d800000, 0x000000008d800000| Untracked 
| 217|0x000000008d900000, 0x000000008d900000, 0x000000008da00000|  0%| F|  |TAMS 0x000000008d900000, 0x000000008d900000| Untracked 
| 218|0x000000008da00000, 0x000000008da00000, 0x000000008db00000|  0%| F|  |TAMS 0x000000008da00000, 0x000000008da00000| Untracked 
| 219|0x000000008db00000, 0x000000008db00000, 0x000000008dc00000|  0%| F|  |TAMS 0x000000008db00000, 0x000000008db00000| Untracked 
| 220|0x000000008dc00000, 0x000000008dc00000, 0x000000008dd00000|  0%| F|  |TAMS 0x000000008dc00000, 0x000000008dc00000| Untracked 
| 221|0x000000008dd00000, 0x000000008dd00000, 0x000000008de00000|  0%| F|  |TAMS 0x000000008dd00000, 0x000000008dd00000| Untracked 
| 222|0x000000008de00000, 0x000000008de00000, 0x000000008df00000|  0%| F|  |TAMS 0x000000008de00000, 0x000000008de00000| Untracked 
| 223|0x000000008df00000, 0x000000008df00000, 0x000000008e000000|  0%| F|  |TAMS 0x000000008df00000, 0x000000008df00000| Untracked 
| 224|0x000000008e000000, 0x000000008e000000, 0x000000008e100000|  0%| F|  |TAMS 0x000000008e000000, 0x000000008e000000| Untracked 
| 225|0x000000008e100000, 0x000000008e100000, 0x000000008e200000|  0%| F|  |TAMS 0x000000008e100000, 0x000000008e100000| Untracked 

Card table byte_map: [0x000001966c960000,0x000001966cd60000] _byte_map_base: 0x000001966c560000

Marking Bits (Prev, Next): (CMBitMap*) 0x0000019659eb1770, (CMBitMap*) 0x0000019659eb1738
 Prev Bits: [0x000001966f160000, 0x0000019671160000)
 Next Bits: [0x000001966d160000, 0x000001966f160000)

Polling page: 0x0000019657d00000

Metaspace:

Usage:
  Non-class:     84.69 MB capacity,    83.32 MB ( 98%) used,     1.11 MB (  1%) free+waste,   267.00 KB ( <1%) overhead. 
      Class:     13.24 MB capacity,    12.46 MB ( 94%) used,   686.44 KB (  5%) free+waste,   118.13 KB ( <1%) overhead. 
       Both:     97.93 MB capacity,    95.78 MB ( 98%) used,     1.78 MB (  2%) free+waste,   385.13 KB ( <1%) overhead. 

Virtual space:
  Non-class space:       86.00 MB reserved,      84.75 MB ( 99%) committed 
      Class space:        1.00 GB reserved,      13.25 MB (  1%) committed 
             Both:        1.08 GB reserved,      98.00 MB (  9%) committed 

Chunk freelists:
   Non-Class:  60.00 KB
       Class:  8.00 KB
        Both:  68.00 KB

MaxMetaspaceSize: 17179869184.00 GB
CompressedClassSpaceSize: 1.00 GB

CodeHeap 'non-profiled nmethods': size=120064Kb used=6211Kb max_used=6211Kb free=113852Kb
 bounds [0x0000019665420000, 0x0000019665a40000, 0x000001966c960000]
CodeHeap 'profiled nmethods': size=120000Kb used=25354Kb max_used=25354Kb free=94645Kb
 bounds [0x000001965def0000, 0x000001965f7c0000, 0x0000019665420000]
CodeHeap 'non-nmethods': size=5696Kb used=2296Kb max_used=2330Kb free=3399Kb
 bounds [0x000001965d960000, 0x000001965dbd0000, 0x000001965def0000]
 total_blobs=12962 nmethods=12047 adapters=827
 compilation: enabled
              stopped_count=0, restarted_count=0
 full_count=0

Compilation events (20 events):
Event: 48.593 Thread 0x000001967355b000 12163       2       com.android.tools.r8.code.K0::<init> (28 bytes)
Event: 48.593 Thread 0x000001967355b000 nmethod 12163 0x000001965f7aba90 code [0x000001965f7abc60, 0x000001965f7abe98]
Event: 48.593 Thread 0x000001967355b000 12164       2       com.android.tools.r8.code.v1::f (9 bytes)
Event: 48.594 Thread 0x000001967355b000 nmethod 12164 0x000001965f7ac090 code [0x000001965f7ac240, 0x000001965f7ac368]
Event: 48.610 Thread 0x000001967355b000 12165       2       com.android.tools.r8.internal.q5::j (6 bytes)
Event: 48.611 Thread 0x000001967355b000 nmethod 12165 0x000001965f7ac490 code [0x000001965f7ac640, 0x000001965f7ac738]
Event: 48.611 Thread 0x000001967355b000 12166       2       com.android.tools.r8.internal.q5$$Lambda$1001/0x0000000100ccc440::a (5 bytes)
Event: 48.611 Thread 0x000001967355b000 nmethod 12166 0x000001965f7ac810 code [0x000001965f7ac9e0, 0x000001965f7acb38]
Event: 48.611 Thread 0x000001967355b000 12167       2       com.android.tools.r8.internal.q5$$Lambda$1003/0x0000000100ccbc40::applyAsInt (8 bytes)
Event: 48.611 Thread 0x000001967355b000 nmethod 12167 0x000001965f7acc10 code [0x000001965f7acdc0, 0x000001965f7acef8]
Event: 48.625 Thread 0x000001967355b000 12168       2       com.android.tools.r8.code.C0::<init> (6 bytes)
Event: 48.626 Thread 0x000001967355b000 nmethod 12168 0x000001965f7ad010 code [0x000001965f7ad1c0, 0x000001965f7ad2f8]
Event: 48.656 Thread 0x000001967355b000 12170       2       com.android.tools.r8.code.T0::hashCode (21 bytes)
Event: 48.657 Thread 0x000001967355b000 nmethod 12170 0x000001965f7ad410 code [0x000001965f7ad5c0, 0x000001965f7ad708]
Event: 48.677 Thread 0x000001967355b000 12172       2       com.android.tools.r8.code.S0::<init> (20 bytes)
Event: 48.681 Thread 0x000001967355b000 nmethod 12172 0x000001965f7ad790 code [0x000001965f7ad960, 0x000001965f7adbb8]
Event: 48.681 Thread 0x000001967355b000 12173       2       com.android.tools.r8.code.S0::hashCode (21 bytes)
Event: 48.681 Thread 0x000001967355b000 nmethod 12173 0x000001965f7add90 code [0x000001965f7adf40, 0x000001965f7ae088]
Event: 48.681 Thread 0x000001967355b000 12174       2       com.android.tools.r8.code.U::<init> (7 bytes)
Event: 48.682 Thread 0x000001967355b000 nmethod 12174 0x000001965f7ae110 code [0x000001965f7ae2e0, 0x000001965f7ae538]

GC Heap History (20 events):
Event: 33.753 GC heap before
{Heap before GC invocations=29 (full 0):
 garbage-first heap   total 159744K, used 127956K [0x0000000080000000, 0x0000000100000000)
  region size 1024K, 53 young (54272K), 4 survivors (4096K)
 Metaspace       used 85051K, capacity 87089K, committed 87296K, reserved 1124352K
  class space    used 10933K, capacity 11701K, committed 11776K, reserved 1048576K
}
Event: 33.778 GC heap after
{Heap after GC invocations=30 (full 0):
 garbage-first heap   total 192512K, used 81364K [0x0000000080000000, 0x0000000100000000)
  region size 1024K, 6 young (6144K), 6 survivors (6144K)
 Metaspace       used 85051K, capacity 87089K, committed 87296K, reserved 1124352K
  class space    used 10933K, capacity 11701K, committed 11776K, reserved 1048576K
}
Event: 36.377 GC heap before
{Heap before GC invocations=31 (full 0):
 garbage-first heap   total 192512K, used 144852K [0x0000000080000000, 0x0000000100000000)
  region size 1024K, 68 young (69632K), 6 survivors (6144K)
 Metaspace       used 87503K, capacity 89551K, committed 89600K, reserved 1126400K
  class space    used 11285K, capacity 12023K, committed 12032K, reserved 1048576K
}
Event: 36.410 GC heap after
{Heap after GC invocations=32 (full 0):
 garbage-first heap   total 192512K, used 84107K [0x0000000080000000, 0x0000000100000000)
  region size 1024K, 6 young (6144K), 6 survivors (6144K)
 Metaspace       used 87503K, capacity 89551K, committed 89600K, reserved 1126400K
  class space    used 11285K, capacity 12023K, committed 12032K, reserved 1048576K
}
Event: 40.095 GC heap before
{Heap before GC invocations=32 (full 0):
 garbage-first heap   total 192512K, used 149643K [0x0000000080000000, 0x0000000100000000)
  region size 1024K, 70 young (71680K), 6 survivors (6144K)
 Metaspace       used 90975K, capacity 93044K, committed 93184K, reserved 1130496K
  class space    used 11676K, capacity 12436K, committed 12544K, reserved 1048576K
}
Event: 40.127 GC heap after
{Heap after GC invocations=33 (full 0):
 garbage-first heap   total 192512K, used 88083K [0x0000000080000000, 0x0000000100000000)
  region size 1024K, 7 young (7168K), 7 survivors (7168K)
 Metaspace       used 90975K, capacity 93044K, committed 93184K, reserved 1130496K
  class space    used 11676K, capacity 12436K, committed 12544K, reserved 1048576K
}
Event: 42.515 GC heap before
{Heap before GC invocations=33 (full 0):
 garbage-first heap   total 192512K, used 153619K [0x0000000080000000, 0x0000000100000000)
  region size 1024K, 72 young (73728K), 7 survivors (7168K)
 Metaspace       used 92812K, capacity 94971K, committed 95104K, reserved 1132544K
  class space    used 11866K, capacity 12669K, committed 12672K, reserved 1048576K
}
Event: 42.557 GC heap after
{Heap after GC invocations=34 (full 0):
 garbage-first heap   total 192512K, used 93184K [0x0000000080000000, 0x0000000100000000)
  region size 1024K, 9 young (9216K), 9 survivors (9216K)
 Metaspace       used 92812K, capacity 94971K, committed 95104K, reserved 1132544K
  class space    used 11866K, capacity 12669K, committed 12672K, reserved 1048576K
}
Event: 43.204 GC heap before
{Heap before GC invocations=34 (full 0):
 garbage-first heap   total 192512K, used 112640K [0x0000000080000000, 0x0000000100000000)
  region size 1024K, 26 young (26624K), 9 survivors (9216K)
 Metaspace       used 93113K, capacity 95264K, committed 95488K, reserved 1132544K
  class space    used 11900K, capacity 12677K, committed 12800K, reserved 1048576K
}
Event: 43.245 GC heap after
{Heap after GC invocations=35 (full 0):
 garbage-first heap   total 231424K, used 98210K [0x0000000080000000, 0x0000000100000000)
  region size 1024K, 2 young (2048K), 2 survivors (2048K)
 Metaspace       used 93113K, capacity 95264K, committed 95488K, reserved 1132544K
  class space    used 11900K, capacity 12677K, committed 12800K, reserved 1048576K
}
Event: 44.643 GC heap before
{Heap before GC invocations=36 (full 0):
 garbage-first heap   total 231424K, used 130978K [0x0000000080000000, 0x0000000100000000)
  region size 1024K, 29 young (29696K), 2 survivors (2048K)
 Metaspace       used 95621K, capacity 97797K, committed 98048K, reserved 1134592K
  class space    used 12270K, capacity 13055K, committed 13056K, reserved 1048576K
}
Event: 44.672 GC heap after
{Heap after GC invocations=37 (full 0):
 garbage-first heap   total 231424K, used 112640K [0x0000000080000000, 0x0000000100000000)
  region size 1024K, 8 young (8192K), 8 survivors (8192K)
 Metaspace       used 95621K, capacity 97797K, committed 98048K, reserved 1134592K
  class space    used 12270K, capacity 13055K, committed 13056K, reserved 1048576K
}
Event: 45.225 GC heap before
{Heap before GC invocations=38 (full 0):
 garbage-first heap   total 231424K, used 125952K [0x0000000080000000, 0x0000000100000000)
  region size 1024K, 17 young (17408K), 8 survivors (8192K)
 Metaspace       used 95622K, capacity 97797K, committed 98048K, reserved 1134592K
  class space    used 12270K, capacity 13055K, committed 13056K, reserved 1048576K
}
Event: 45.246 GC heap after
{Heap after GC invocations=39 (full 0):
 garbage-first heap   total 231424K, used 120558K [0x0000000080000000, 0x0000000100000000)
  region size 1024K, 5 young (5120K), 5 survivors (5120K)
 Metaspace       used 95622K, capacity 97797K, committed 98048K, reserved 1134592K
  class space    used 12270K, capacity 13055K, committed 13056K, reserved 1048576K
}
Event: 46.291 GC heap before
{Heap before GC invocations=40 (full 0):
 garbage-first heap   total 231424K, used 165614K [0x0000000080000000, 0x0000000100000000)
  region size 1024K, 42 young (43008K), 5 survivors (5120K)
 Metaspace       used 95847K, capacity 98033K, committed 98176K, reserved 1134592K
  class space    used 12295K, capacity 13090K, committed 13184K, reserved 1048576K
}
Event: 46.383 GC heap after
{Heap after GC invocations=41 (full 0):
 garbage-first heap   total 231424K, used 139025K [0x0000000080000000, 0x0000000100000000)
  region size 1024K, 6 young (6144K), 6 survivors (6144K)
 Metaspace       used 95847K, capacity 98033K, committed 98176K, reserved 1134592K
  class space    used 12295K, capacity 13090K, committed 13184K, reserved 1048576K
}
Event: 46.429 GC heap before
{Heap before GC invocations=41 (full 0):
 garbage-first heap   total 231424K, used 142097K [0x0000000080000000, 0x0000000100000000)
  region size 1024K, 10 young (10240K), 6 survivors (6144K)
 Metaspace       used 95850K, capacity 98036K, committed 98176K, reserved 1134592K
  class space    used 12295K, capacity 13091K, committed 13184K, reserved 1048576K
}
Event: 46.475 GC heap after
{Heap after GC invocations=42 (full 0):
 garbage-first heap   total 231424K, used 140742K [0x0000000080000000, 0x0000000100000000)
  region size 1024K, 2 young (2048K), 2 survivors (2048K)
 Metaspace       used 95850K, capacity 98036K, committed 98176K, reserved 1134592K
  class space    used 12295K, capacity 13091K, committed 13184K, reserved 1048576K
}
Event: 47.190 GC heap before
{Heap before GC invocations=43 (full 0):
 garbage-first heap   total 231424K, used 146886K [0x0000000080000000, 0x0000000100000000)
  region size 1024K, 8 young (8192K), 2 survivors (2048K)
 Metaspace       used 95850K, capacity 98036K, committed 98176K, reserved 1134592K
  class space    used 12295K, capacity 13091K, committed 13184K, reserved 1048576K
}
Event: 47.218 GC heap after
{Heap after GC invocations=44 (full 0):
 garbage-first heap   total 231424K, used 144124K [0x0000000080000000, 0x0000000100000000)
  region size 1024K, 4 young (4096K), 4 survivors (4096K)
 Metaspace       used 95850K, capacity 98036K, committed 98176K, reserved 1134592K
  class space    used 12295K, capacity 13091K, committed 13184K, reserved 1048576K
}

Deoptimization events (20 events):
Event: 45.991 Thread 0x0000019678071000 DEOPT PACKING pc=0x000001965f67a90e sp=0x00000015b79fd170
Event: 45.991 Thread 0x0000019678071000 DEOPT UNPACKING pc=0x000001965d986abf sp=0x00000015b79fc5e8 mode 0
Event: 45.992 Thread 0x0000019678071000 DEOPT PACKING pc=0x000001965f67a90e sp=0x00000015b79fd170
Event: 45.992 Thread 0x0000019678071000 DEOPT UNPACKING pc=0x000001965d986abf sp=0x00000015b79fc5e8 mode 0
Event: 46.173 Thread 0x0000019678071000 DEOPT PACKING pc=0x000001965e50a607 sp=0x00000015b79fd1e0
Event: 46.173 Thread 0x0000019678071000 DEOPT UNPACKING pc=0x000001965d986abf sp=0x00000015b79fc6a8 mode 0
Event: 46.227 Thread 0x0000019678071000 DEOPT PACKING pc=0x000001965f6e0cfa sp=0x00000015b79fd2f0
Event: 46.227 Thread 0x0000019678071000 DEOPT UNPACKING pc=0x000001965d986abf sp=0x00000015b79fc7c8 mode 0
Event: 47.142 Thread 0x0000019678071000 DEOPT PACKING pc=0x000001965f69b17e sp=0x00000015b79fd450
Event: 47.142 Thread 0x0000019678071000 DEOPT UNPACKING pc=0x000001965d986abf sp=0x00000015b79fcb10 mode 0
Event: 47.144 Thread 0x0000019678071000 DEOPT PACKING pc=0x000001965f69b17e sp=0x00000015b79fd450
Event: 47.144 Thread 0x0000019678071000 DEOPT UNPACKING pc=0x000001965d986abf sp=0x00000015b79fcb10 mode 0
Event: 48.172 Thread 0x000001967a6fa000 Uncommon trap: trap_request=0xffffff4d fr.pc=0x0000019665a23d8c relative=0x00000000000002cc
Event: 48.172 Thread 0x000001967a6fa000 Uncommon trap: reason=unstable_if action=reinterpret pc=0x0000019665a23d8c method=com.android.tools.r8.graph.c0.a(Lcom/android/tools/r8/graph/c0;)I @ 49 c2
Event: 48.172 Thread 0x000001967a6fa000 DEOPT PACKING pc=0x0000019665a23d8c sp=0x00000015b7afe880
Event: 48.172 Thread 0x000001967a6fa000 DEOPT UNPACKING pc=0x000001965d986ca9 sp=0x00000015b7afe800 mode 2
Event: 48.405 Thread 0x000001967a6fa000 DEOPT PACKING pc=0x000001965f72f1c7 sp=0x00000015b7afe8e0
Event: 48.405 Thread 0x000001967a6fa000 DEOPT UNPACKING pc=0x000001965d986abf sp=0x00000015b7afdd48 mode 0
Event: 48.412 Thread 0x000001967a6fa000 DEOPT PACKING pc=0x000001965f6e9553 sp=0x00000015b7afeb00
Event: 48.412 Thread 0x000001967a6fa000 DEOPT UNPACKING pc=0x000001965d986abf sp=0x00000015b7afe058 mode 0

Classes redefined (0 events):
No events

Internal exceptions (20 events):
Event: 26.659 Thread 0x00000196753b5800 Exception <a 'java/lang/NoSuchMethodError'{0x0000000088a8dfd8}: 'java.lang.Object java.lang.invoke.Invokers$Holder.linkToTargetMethod(java.lang.Object, java.lang.Object, java.lang.Object, int, java.lang.Object, java.lang.Object)'> (0x0000000088a8dfd8) thrown at [./src/hotspot/share/interpreter/linkResolver.cpp, line 773]
Event: 27.917 Thread 0x00000196753b5800 Exception <a 'java/lang/NoSuchMethodError'{0x0000000087730a70}: 'java.lang.Object java.lang.invoke.DirectMethodHandle$Holder.invokeSpecialIFC(java.lang.Object, java.lang.Object, java.lang.Object)'> (0x0000000087730a70) thrown at [./src/hotspot/share/interpreter/linkResolver.cpp, line 773]
Event: 28.000 Thread 0x00000196753b5800 Exception <a 'java/lang/NoSuchMethodError'{0x00000000875c2e70}: 'int java.lang.invoke.DirectMethodHandle$Holder.invokeStaticInit(java.lang.Object, java.lang.Object, java.lang.Object, java.lang.Object, java.lang.Object)'> (0x00000000875c2e70) thrown at [./src/hotspot/share/interpreter/linkResolver.cpp, line 773]
Event: 29.350 Thread 0x0000019678071800 Exception <a 'java/lang/NoSuchMethodError'{0x0000000089674cd8}: 'void java.lang.invoke.DirectMethodHandle$Holder.invokeVirtual(java.lang.Object, java.lang.Object)'> (0x0000000089674cd8) thrown at [./src/hotspot/share/interpreter/linkResolver.cpp, line 773]
Event: 30.770 Thread 0x00000196753b5800 Exception <a 'java/lang/IncompatibleClassChangeError'{0x0000000087c50408}: Found class java.lang.Object, but interface was expected> (0x0000000087c50408) thrown at [./src/hotspot/share/interpreter/linkResolver.cpp, line 839]
Event: 34.488 Thread 0x0000019678075000 Implicit null exception at 0x000001966589ad59 to 0x000001966589b1e8
Event: 34.821 Thread 0x0000019678075000 Exception <a 'java/lang/NoSuchMethodError'{0x000000008acb44f8}: <clinit>> (0x000000008acb44f8) thrown at [./src/hotspot/share/prims/jni.cpp, line 1362]
Event: 34.821 Thread 0x0000019678075000 Exception <a 'java/lang/NoSuchMethodError'{0x000000008acb5b10}: <clinit>> (0x000000008acb5b10) thrown at [./src/hotspot/share/prims/jni.cpp, line 1362]
Event: 34.827 Thread 0x0000019678075000 Exception <a 'java/lang/NoSuchMethodError'{0x000000008acb8260}: <clinit>> (0x000000008acb8260) thrown at [./src/hotspot/share/prims/jni.cpp, line 1362]
Event: 34.829 Thread 0x0000019678075000 Exception <a 'java/lang/NoSuchMethodError'{0x000000008acd0b50}: <clinit>> (0x000000008acd0b50) thrown at [./src/hotspot/share/prims/jni.cpp, line 1362]
Event: 34.829 Thread 0x0000019678075000 Exception <a 'java/lang/NoSuchMethodError'{0x000000008acd2030}: <clinit>> (0x000000008acd2030) thrown at [./src/hotspot/share/prims/jni.cpp, line 1362]
Event: 35.297 Thread 0x0000019678071800 Implicit null exception at 0x00000196658b68b2 to 0x00000196658b6ca0
Event: 38.428 Thread 0x00000196753b5800 Exception <a 'java/lang/NoSuchMethodError'{0x0000000088c966a0}: 'int java.lang.invoke.DirectMethodHandle$Holder.invokeSpecial(java.lang.Object, java.lang.Object, java.lang.Object, java.lang.Object, java.lang.Object)'> (0x0000000088c966a0) thrown at [./src/hotspot/share/interpreter/linkResolver.cpp, line 773]
Event: 44.097 Thread 0x0000019678071000 Exception <a 'sun/nio/fs/WindowsException'{0x000000008d457548}> (0x000000008d457548) thrown at [./src/hotspot/share/prims/jni.cpp, line 615]
Event: 44.629 Thread 0x0000019678071000 Exception <a 'java/lang/NoSuchMethodError'{0x000000008c74ca78}: 'java.lang.Object java.lang.invoke.DirectMethodHandle$Holder.invokeStatic(java.lang.Object, java.lang.Object, java.lang.Object, java.lang.Object, java.lang.Object, java.lang.Object, java.lang.Object, java.lang.Object, java.lang.Object, java.lang.Object, java.lang.Object, java.lang.Object, java.lang.Object, java.lang.Object, java.lang.Object, java.lang.Object, java.lang.Object, java.lang.Object, int, java.lang.Object)'> (0x000000008c74ca78) thr
Event: 44.629 Thread 0x0000019678071000 Exception <a 'java/lang/NoSuchMethodError'{0x000000008c752558}: 'java.lang.Object java.lang.invoke.DirectMethodHandle$Holder.invokeStaticInit(java.lang.Object, java.lang.Object, java.lang.Object, java.lang.Object, java.lang.Object, java.lang.Object, java.lang.Object, java.lang.Object, java.lang.Object, java.lang.Object, java.lang.Object, java.lang.Object, java.lang.Object, java.lang.Object, java.lang.Object, java.lang.Object, java.lang.Object, java.lang.Object, int, java.lang.Object)'> (0x000000008c752558)
Event: 47.556 Thread 0x000001967a6fa800 Exception <a 'java/lang/NoSuchMethodError'{0x000000008dd0ac10}: 'java.lang.Object java.lang.invoke.DirectMethodHandle$Holder.newInvokeSpecial(java.lang.Object, int)'> (0x000000008dd0ac10) thrown at [./src/hotspot/share/interpreter/linkResolver.cpp, line 773]
Event: 48.030 Thread 0x000001967a6fa000 Exception <a 'java/lang/IncompatibleClassChangeError'{0x000000008da38120}: Found class java.lang.Object, but interface was expected> (0x000000008da38120) thrown at [./src/hotspot/share/interpreter/linkResolver.cpp, line 839]
Event: 48.039 Thread 0x000001967a6fa000 Exception <a 'java/lang/IncompatibleClassChangeError'{0x000000008da5d8a8}: Found class java.lang.Object, but interface was expected> (0x000000008da5d8a8) thrown at [./src/hotspot/share/interpreter/linkResolver.cpp, line 839]
Event: 48.040 Thread 0x000001967a6fa000 Exception <a 'java/lang/IncompatibleClassChangeError'{0x000000008da64d40}: Found class java.lang.Object, but interface was expected> (0x000000008da64d40) thrown at [./src/hotspot/share/interpreter/linkResolver.cpp, line 839]

Events (20 events):
Event: 48.234 loading class com/android/tools/r8/internal/mu$a
Event: 48.234 loading class com/android/tools/r8/internal/mu$a done
Event: 48.234 loading class com/android/tools/r8/internal/Ju
Event: 48.234 loading class com/android/tools/r8/internal/Ju done
Event: 48.235 loading class com/android/tools/r8/internal/mu$f
Event: 48.235 loading class com/android/tools/r8/internal/mu$f done
Event: 48.236 loading class com/android/tools/r8/internal/Sb$a
Event: 48.236 loading class com/android/tools/r8/internal/Sb$a done
Event: 48.237 loading class com/android/tools/r8/internal/ou
Event: 48.237 loading class com/android/tools/r8/internal/ou done
Event: 48.238 loading class com/android/tools/r8/internal/qr
Event: 48.238 loading class com/android/tools/r8/internal/qr done
Event: 48.238 loading class com/android/tools/r8/internal/mu$d
Event: 48.238 loading class com/android/tools/r8/internal/mu$d done
Event: 48.239 loading class com/android/tools/r8/internal/nu
Event: 48.239 loading class com/android/tools/r8/internal/nu done
Event: 48.327 loading class com/android/tools/r8/internal/Zc
Event: 48.327 loading class com/android/tools/r8/internal/Zc done
Event: 48.328 loading class com/android/tools/r8/internal/cq
Event: 48.328 loading class com/android/tools/r8/internal/cq done


Dynamic libraries:
0x00007ff69f0d0000 - 0x00007ff69f0da000 	C:\Program Files\Android\Android Studio\jre\bin\java.exe
0x00007ffb15830000 - 0x00007ffb15a25000 	C:\WINDOWS\SYSTEM32\ntdll.dll
0x00007ffae3580000 - 0x00007ffae3596000 	C:\Program Files\Avast Software\Avast\aswhook.dll
0x00007ffb14240000 - 0x00007ffb142fe000 	C:\WINDOWS\System32\KERNEL32.DLL
0x00007ffb132d0000 - 0x00007ffb13598000 	C:\WINDOWS\System32\KERNELBASE.dll
0x00007ffb135d0000 - 0x00007ffb136d0000 	C:\WINDOWS\System32\ucrtbase.dll
0x00007ffb01590000 - 0x00007ffb015a7000 	C:\Program Files\Android\Android Studio\jre\bin\VCRUNTIME140.dll
0x00007ffb04460000 - 0x00007ffb04479000 	C:\Program Files\Android\Android Studio\jre\bin\jli.dll
0x00007ffb14bb0000 - 0x00007ffb14d51000 	C:\WINDOWS\System32\USER32.dll
0x00007ffb135a0000 - 0x00007ffb135c2000 	C:\WINDOWS\System32\win32u.dll
0x00007ffafc270000 - 0x00007ffafc50a000 	C:\WINDOWS\WinSxS\amd64_microsoft.windows.common-controls_6595b64144ccf1df_6.0.19041.1110_none_60b5254171f9507e\COMCTL32.dll
0x00007ffb14210000 - 0x00007ffb1423b000 	C:\WINDOWS\System32\GDI32.dll
0x00007ffb14f10000 - 0x00007ffb14fae000 	C:\WINDOWS\System32\msvcrt.dll
0x00007ffb13110000 - 0x00007ffb1321b000 	C:\WINDOWS\System32\gdi32full.dll
0x00007ffb13070000 - 0x00007ffb1310d000 	C:\WINDOWS\System32\msvcp_win.dll
0x00007ffb13f20000 - 0x00007ffb13f50000 	C:\WINDOWS\System32\IMM32.DLL
0x00007ffaef3c0000 - 0x00007ffaef45d000 	C:\Program Files\Android\Android Studio\jre\bin\msvcp140.dll
0x00007ffabccb0000 - 0x00007ffabd77f000 	C:\Program Files\Android\Android Studio\jre\bin\server\jvm.dll
0x00007ffb14af0000 - 0x00007ffb14b9c000 	C:\WINDOWS\System32\ADVAPI32.dll
0x00007ffb14310000 - 0x00007ffb143ab000 	C:\WINDOWS\System32\sechost.dll
0x00007ffb15010000 - 0x00007ffb1513a000 	C:\WINDOWS\System32\RPCRT4.dll
0x00007ffb14ba0000 - 0x00007ffb14ba8000 	C:\WINDOWS\System32\PSAPI.DLL
0x00007ffaf5bb0000 - 0x00007ffaf5bb9000 	C:\WINDOWS\SYSTEM32\WSOCK32.dll
0x00007ffae91d0000 - 0x00007ffae91f7000 	C:\WINDOWS\SYSTEM32\WINMM.dll
0x00007ffb14040000 - 0x00007ffb140ab000 	C:\WINDOWS\System32\WS2_32.dll
0x00007ffb09f70000 - 0x00007ffb09f7a000 	C:\WINDOWS\SYSTEM32\VERSION.dll
0x00007ffb117d0000 - 0x00007ffb117e2000 	C:\WINDOWS\SYSTEM32\kernel.appcore.dll
0x00007ffb04bd0000 - 0x00007ffb04be1000 	C:\Program Files\Android\Android Studio\jre\bin\verify.dll
0x00007ffb114f0000 - 0x00007ffb116d4000 	C:\WINDOWS\SYSTEM32\DBGHELP.DLL
0x00007ffaf9960000 - 0x00007ffaf998c000 	C:\WINDOWS\SYSTEM32\dbgcore.DLL
0x00007ffb12f80000 - 0x00007ffb13003000 	C:\WINDOWS\System32\bcryptPrimitives.dll
0x00007ffb03bc0000 - 0x00007ffb03be9000 	C:\Program Files\Android\Android Studio\jre\bin\java.dll
0x00007ffb0b900000 - 0x00007ffb0b90b000 	C:\Program Files\Android\Android Studio\jre\bin\jimage.dll
0x00007ffb029b0000 - 0x00007ffb029c8000 	C:\Program Files\Android\Android Studio\jre\bin\zip.dll
0x00007ffb143b0000 - 0x00007ffb14aef000 	C:\WINDOWS\System32\SHELL32.dll
0x00007ffb10c90000 - 0x00007ffb11420000 	C:\WINDOWS\SYSTEM32\windows.storage.dll
0x00007ffb13aa0000 - 0x00007ffb13df5000 	C:\WINDOWS\System32\combase.dll
0x00007ffb128d0000 - 0x00007ffb128fe000 	C:\WINDOWS\SYSTEM32\Wldp.dll
0x00007ffb14160000 - 0x00007ffb1420d000 	C:\WINDOWS\System32\SHCORE.dll
0x00007ffb13880000 - 0x00007ffb138d5000 	C:\WINDOWS\System32\shlwapi.dll
0x00007ffb12e90000 - 0x00007ffb12eaf000 	C:\WINDOWS\SYSTEM32\profapi.dll
0x00007ffb01610000 - 0x00007ffb0162a000 	C:\Program Files\Android\Android Studio\jre\bin\net.dll
0x00007ffb00820000 - 0x00007ffb0092c000 	C:\WINDOWS\SYSTEM32\WINHTTP.dll
0x00007ffb12630000 - 0x00007ffb1269a000 	C:\WINDOWS\system32\mswsock.dll
0x00007ffb015f0000 - 0x00007ffb01604000 	C:\Program Files\Android\Android Studio\jre\bin\nio.dll
0x00007ffb04610000 - 0x00007ffb04637000 	C:\Users\Jenni\.gradle\native\8bec1ad78214c89d9ad589b4d07fe93259594b29d510b10fafb7a158f7737e5d\windows-amd64\native-platform.dll
0x00007ffae8260000 - 0x00007ffae839d000 	C:\Users\Jenni\.gradle\native\53dbd7edfb1c66fb8903c78663c9afc45aea4f116125fa6feffd364cf09443e8\windows-amd64\native-platform-file-events.dll
0x00007ffb0fd30000 - 0x00007ffb0fd3a000 	C:\Program Files\Android\Android Studio\jre\bin\management.dll
0x00007ffb0b8e0000 - 0x00007ffb0b8ec000 	C:\Program Files\Android\Android Studio\jre\bin\management_ext.dll
0x00007ffb12820000 - 0x00007ffb12838000 	C:\WINDOWS\SYSTEM32\CRYPTSP.dll
0x00007ffb11fb0000 - 0x00007ffb11fe4000 	C:\WINDOWS\system32\rsaenh.dll
0x00007ffb12f50000 - 0x00007ffb12f77000 	C:\WINDOWS\System32\bcrypt.dll
0x00007ffb12e10000 - 0x00007ffb12e3e000 	C:\WINDOWS\SYSTEM32\USERENV.dll
0x00007ffb12840000 - 0x00007ffb1284c000 	C:\WINDOWS\SYSTEM32\CRYPTBASE.dll
0x00007ffb12320000 - 0x00007ffb1235b000 	C:\WINDOWS\SYSTEM32\IPHLPAPI.DLL
0x00007ffb14300000 - 0x00007ffb14308000 	C:\WINDOWS\System32\NSI.dll
0x00007ffafde70000 - 0x00007ffafde87000 	C:\WINDOWS\SYSTEM32\dhcpcsvc6.DLL
0x00007ffb00d60000 - 0x00007ffb00d7d000 	C:\WINDOWS\SYSTEM32\dhcpcsvc.DLL
0x00007ffb12370000 - 0x00007ffb1243b000 	C:\WINDOWS\SYSTEM32\DNSAPI.dll

dbghelp: loaded successfully - version: 4.0.5 - missing functions: none
symbol engine: initialized successfully - sym options: 0x614 - pdb path: .;C:\Program Files\Android\Android Studio\jre\bin;C:\WINDOWS\SYSTEM32;C:\Program Files\Avast Software\Avast;C:\WINDOWS\WinSxS\amd64_microsoft.windows.common-controls_6595b64144ccf1df_6.0.19041.1110_none_60b5254171f9507e;C:\Program Files\Android\Android Studio\jre\bin\server;C:\Users\Jenni\.gradle\native\8bec1ad78214c89d9ad589b4d07fe93259594b29d510b10fafb7a158f7737e5d\windows-amd64;C:\Users\Jenni\.gradle\native\53dbd7edfb1c66fb8903c78663c9afc45aea4f116125fa6feffd364cf09443e8\windows-amd64

VM Arguments:
jvm_args: --add-opens=java.base/java.util=ALL-UNNAMED --add-opens=java.base/java.lang=ALL-UNNAMED --add-opens=java.base/java.lang.invoke=ALL-UNNAMED --add-opens=java.base/java.util=ALL-UNNAMED --add-opens=java.prefs/java.util.prefs=ALL-UNNAMED --add-opens=java.prefs/java.util.prefs=ALL-UNNAMED --add-opens=java.base/java.nio.charset=ALL-UNNAMED --add-opens=java.base/java.net=ALL-UNNAMED --add-opens=java.base/java.util.concurrent.atomic=ALL-UNNAMED -Xmx2048m -Dfile.encoding=UTF-8 -Duser.country=MX -Duser.language=es -Duser.variant 
java_command: org.gradle.launcher.daemon.bootstrap.GradleDaemon 7.0.2
java_class_path (initial): C:\Users\Jenni\.gradle\wrapper\dists\gradle-7.0.2-bin\857tjihv64xamwrf0h14cai3r\gradle-7.0.2\lib\gradle-launcher-7.0.2.jar
Launcher Type: SUN_STANDARD

[Global flags]
     intx CICompilerCount                          = 2                                         {product} {ergonomic}
     uint ConcGCThreads                            = 1                                         {product} {ergonomic}
     uint G1ConcRefinementThreads                  = 2                                         {product} {ergonomic}
   size_t G1HeapRegionSize                         = 1048576                                   {product} {ergonomic}
    uintx GCDrainStackTargetSize                   = 64                                        {product} {ergonomic}
   size_t InitialHeapSize                          = 65011712                                  {product} {ergonomic}
   size_t MarkStackSize                            = 4194304                                   {product} {ergonomic}
   size_t MaxHeapSize                              = 2147483648                                {product} {command line}
   size_t MaxNewSize                               = 1287651328                                {product} {ergonomic}
   size_t MinHeapDeltaBytes                        = 1048576                                   {product} {ergonomic}
    uintx NonNMethodCodeHeapSize                   = 5825164                                {pd product} {ergonomic}
    uintx NonProfiledCodeHeapSize                  = 122916538                              {pd product} {ergonomic}
    uintx ProfiledCodeHeapSize                     = 122916538                              {pd product} {ergonomic}
    uintx ReservedCodeCacheSize                    = 251658240                              {pd product} {ergonomic}
     bool SegmentedCodeCache                       = true                                      {product} {ergonomic}
     bool UseCompressedClassPointers               = true                                 {lp64_product} {ergonomic}
     bool UseCompressedOops                        = true                                 {lp64_product} {ergonomic}
     bool UseG1GC                                  = true                                      {product} {ergonomic}
     bool UseLargePagesIndividualAllocation        = false                                  {pd product} {ergonomic}

Logging:
Log output configuration:
 #0: stdout all=warning uptime,level,tags
 #1: stderr all=off uptime,level,tags

Environment Variables:
PATH=C:\Program Files\Common Files\Oracle\Java\javapath;C:\WINDOWS\system32;C:\WINDOWS;C:\WINDOWS\System32\Wbem;C:\WINDOWS\System32\WindowsPowerShell\v1.0\;C:\WINDOWS\System32\OpenSSH\;C:\Program Files\Git\cmd;C:\Users\Jenni\AppData\Local\Microsoft\WindowsApps
USERNAME=Jenni
OS=Windows_NT
PROCESSOR_IDENTIFIER=Intel64 Family 6 Model 122 Stepping 1, GenuineIntel



---------------  S Y S T E M  ---------------

OS: Windows 10 , 64 bit Build 19041 (10.0.19041.1348)
OS uptime: 1 days 21:17 hours

CPU:total 2 (initial active 2) (2 cores per cpu, 1 threads per core) family 6 model 122 stepping 1 microcode 0x32, cmov, cx8, fxsr, mmx, sse, sse2, sse3, ssse3, sse4.1, sse4.2, popcnt, aes, clmul, erms, 3dnowpref, tsc, tscinvbit, sha

Memory: 4k page, system-wide physical 3911M (315M free)
TotalPageFile size 6490M (AvailPageFile size 4M)
current process WorkingSet (physical memory assigned to process): 486M, peak: 486M
current process commit charge ("private bytes"): 508M, peak: 554M

vm_info: OpenJDK 64-Bit Server VM (11.0.10+0-b96-7249189) for windows-amd64 JRE (11.0.10+0-b96-7249189), built on Mar 31 2021 21:44:00 by "builder" with MS VC++ 14.0 (VS2015)

END.
