#
# There is insufficient memory for the Java Runtime Environment to continue.
# Native memory allocation (malloc) failed to allocate 1030736 bytes for Chunk::new
# Possible reasons:
#   The system is out of physical RAM or swap space
#   The process is running with CompressedOops enabled, and the Java Heap may be blocking the growth of the native heap
# Possible solutions:
#   Reduce memory load on the system
#   Increase physical memory or swap space
#   Check if swap backing store is full
#   Decrease Java heap size (-Xmx/-Xms)
#   Decrease number of Java threads
#   Decrease Java thread stack sizes (-Xss)
#   Set larger code cache with -XX:ReservedCodeCacheSize=
#   JVM is running with Unscaled Compressed Oops mode in which the Java heap is
#     placed in the first 4GB address space. The Java Heap base address is the
#     maximum limit for the native heap growth. Please use -XX:HeapBaseMinAddress
#     to set the Java Heap base and to place the Java Heap above 4GB virtual address.
# This output file may be truncated or incomplete.
#
#  Out of Memory Error (./src/hotspot/share/memory/arena.cpp:197), pid=9288, tid=7328
#
# JRE version: OpenJDK Runtime Environment (11.0.10) (build 11.0.10+0-b96-7249189)
# Java VM: OpenJDK 64-Bit Server VM (11.0.10+0-b96-7249189, mixed mode, tiered, compressed oops, g1 gc, windows-amd64)
# No core dump will be written. Minidumps are not enabled by default on client versions of Windows
#

---------------  S U M M A R Y ------------

Command Line: --add-opens=java.base/java.util=ALL-UNNAMED --add-opens=java.base/java.lang=ALL-UNNAMED --add-opens=java.base/java.lang.invoke=ALL-UNNAMED --add-opens=java.base/java.util=ALL-UNNAMED --add-opens=java.prefs/java.util.prefs=ALL-UNNAMED --add-opens=java.prefs/java.util.prefs=ALL-UNNAMED --add-opens=java.base/java.nio.charset=ALL-UNNAMED --add-opens=java.base/java.net=ALL-UNNAMED --add-opens=java.base/java.util.concurrent.atomic=ALL-UNNAMED -Xmx2048m -Dfile.encoding=UTF-8 -Duser.country=MX -Duser.language=es -Duser.variant org.gradle.launcher.daemon.bootstrap.GradleDaemon 7.0.2

Host: Intel(R) Celeron(R) N4000 CPU @ 1.10GHz, 2 cores, 3G,  Windows 10 , 64 bit Build 19041 (10.0.19041.1348)
Time: Wed Dec  1 19:05:14 2021 Hora estándar del Este (México) elapsed time: 198.447164 seconds (0d 0h 3m 18s)

---------------  T H R E A D  ---------------

Current thread (0x000002e63a8e0000):  JavaThread "C2 CompilerThread0" daemon [_thread_in_native, id=7328, stack(0x000000eebed00000,0x000000eebee00000)]


Current CompileTask:
C2: 198447 17304       4       org.gradle.internal.instantiation.generator.AbstractClassGenerator::inspectType (560 bytes)

Stack: [0x000000eebed00000,0x000000eebee00000]
Native frames: (J=compiled Java code, j=interpreted, Vv=VM code, C=native code)
V  [jvm.dll+0x5ecfaa]
V  [jvm.dll+0x722bd5]
V  [jvm.dll+0x72412d]
V  [jvm.dll+0x7247e3]
V  [jvm.dll+0x242928]
V  [jvm.dll+0xbc4fc]
V  [jvm.dll+0xbca0c]
V  [jvm.dll+0x352d3b]
V  [jvm.dll+0x197c77]
V  [jvm.dll+0x1fb70e]
V  [jvm.dll+0x1fa7f4]
V  [jvm.dll+0x18354c]
V  [jvm.dll+0x208ee7]
V  [jvm.dll+0x207731]
V  [jvm.dll+0x6eb1cf]
V  [jvm.dll+0x6e3d45]
V  [jvm.dll+0x5ebe96]
C  [ucrtbase.dll+0x21bb2]
C  [KERNEL32.DLL+0x17034]
C  [ntdll.dll+0x52651]


---------------  P R O C E S S  ---------------

Threads class SMR info:
_java_thread_list=0x000002e643b30810, length=53, elements={
0x000002e6211f3000, 0x000002e63a88d000, 0x000002e63a899000, 0x000002e63a880800,
0x000002e63a881800, 0x000002e63a8db800, 0x000002e63a8e0000, 0x000002e63a8e1000,
0x000002e63b25a800, 0x000002e63b364000, 0x000002e63c031800, 0x000002e63c9e1000,
0x000002e63b610800, 0x000002e63bdf2800, 0x000002e63b667800, 0x000002e63c6a9800,
0x000002e63c936800, 0x000002e63c179000, 0x000002e63c076000, 0x000002e63c07a000,
0x000002e63c07b000, 0x000002e63c07c800, 0x000002e63c078800, 0x000002e63c07b800,
0x000002e63c077000, 0x000002e63c077800, 0x000002e63c079000, 0x000002e63f171800,
0x000002e63f173800, 0x000002e63f174000, 0x000002e63f172800, 0x000002e63f16e800,
0x000002e63f176000, 0x000002e63f170000, 0x000002e63f17a800, 0x000002e63f17a000,
0x000002e63f177800, 0x000002e63f178000, 0x000002e63f17c800, 0x000002e63f176800,
0x000002e63f179000, 0x000002e63f17d000, 0x000002e63dd96800, 0x000002e63dd95000,
0x000002e63dd93800, 0x000002e63dd97800, 0x000002e63dd98000, 0x000002e63dd99000,
0x000002e63dd94000, 0x000002e63dd9f800, 0x000002e63dd9a800, 0x000002e63dd9c000,
0x000002e63dd9d000
}

Java Threads: ( => current thread )
  0x000002e6211f3000 JavaThread "main" [_thread_blocked, id=8540, stack(0x000000eebe100000,0x000000eebe200000)]
  0x000002e63a88d000 JavaThread "Reference Handler" daemon [_thread_blocked, id=1260, stack(0x000000eebe800000,0x000000eebe900000)]
  0x000002e63a899000 JavaThread "Finalizer" daemon [_thread_blocked, id=11636, stack(0x000000eebe900000,0x000000eebea00000)]
  0x000002e63a880800 JavaThread "Signal Dispatcher" daemon [_thread_blocked, id=10700, stack(0x000000eebea00000,0x000000eebeb00000)]
  0x000002e63a881800 JavaThread "Attach Listener" daemon [_thread_blocked, id=8216, stack(0x000000eebeb00000,0x000000eebec00000)]
  0x000002e63a8db800 JavaThread "Service Thread" daemon [_thread_blocked, id=3212, stack(0x000000eebec00000,0x000000eebed00000)]
=>0x000002e63a8e0000 JavaThread "C2 CompilerThread0" daemon [_thread_in_native, id=7328, stack(0x000000eebed00000,0x000000eebee00000)]
  0x000002e63a8e1000 JavaThread "C1 CompilerThread0" daemon [_thread_blocked, id=9612, stack(0x000000eebee00000,0x000000eebef00000)]
  0x000002e63b25a800 JavaThread "Sweeper thread" daemon [_thread_blocked, id=7092, stack(0x000000eebef00000,0x000000eebf000000)]
  0x000002e63b364000 JavaThread "Common-Cleaner" daemon [_thread_blocked, id=4160, stack(0x000000eebf000000,0x000000eebf100000)]
  0x000002e63c031800 JavaThread "Daemon health stats" [_thread_blocked, id=10228, stack(0x000000eebf300000,0x000000eebf400000)]
  0x000002e63c9e1000 JavaThread "Incoming local TCP Connector on port 61209" [_thread_in_native, id=12568, stack(0x000000eebf400000,0x000000eebf500000)]
  0x000002e63b610800 JavaThread "Daemon" [_thread_blocked, id=4576, stack(0x000000eebf500000,0x000000eebf600000)]
  0x000002e63bdf2800 JavaThread "Handler for socket connection from /127.0.0.1:61209 to /127.0.0.1:61210" [_thread_in_native, id=4924, stack(0x000000eebf600000,0x000000eebf700000)]
  0x000002e63b667800 JavaThread "Daemon periodic checks" [_thread_blocked, id=6000, stack(0x000000eebf700000,0x000000eebf800000)]
  0x000002e63c6a9800 JavaThread "Cancel handler" [_thread_blocked, id=9916, stack(0x000000eebf800000,0x000000eebf900000)]
  0x000002e63c936800 JavaThread "Daemon worker" [_thread_blocked, id=5948, stack(0x000000eebf900000,0x000000eebfa00000)]
  0x000002e63c179000 JavaThread "Asynchronous log dispatcher for DefaultDaemonConnection: socket connection from /127.0.0.1:61209 to /127.0.0.1:61210" [_thread_blocked, id=8428, stack(0x000000eebfa00000,0x000000eebfb00000)]
  0x000002e63c076000 JavaThread "Daemon client event forwarder" [_thread_blocked, id=11668, stack(0x000000eebfc00000,0x000000eebfd00000)]
  0x000002e63c07a000 JavaThread "Cache worker for file hash cache (C:\Users\Jenni\.gradle\caches\7.0.2\fileHashes)" [_thread_blocked, id=2944, stack(0x000000eebfd00000,0x000000eebfe00000)]
  0x000002e63c07b000 JavaThread "File lock request listener" [_thread_in_native, id=10556, stack(0x000000eebfe00000,0x000000eebff00000)]
  0x000002e63c07c800 JavaThread "Cache worker for journal cache (C:\Users\Jenni\.gradle\caches\journal-1)" [_thread_blocked, id=6060, stack(0x000000eebff00000,0x000000eec0000000)]
  0x000002e63c078800 JavaThread "Cache worker for file hash cache (C:\Users\Jenni\AndroidStudioProjects\Aplicacion1\.gradle\7.0.2\fileHashes)" [_thread_blocked, id=9996, stack(0x000000eec0000000,0x000000eec0100000)]
  0x000002e63c07b800 JavaThread "File watcher server" daemon [_thread_in_native, id=11736, stack(0x000000eec0100000,0x000000eec0200000)]
  0x000002e63c077000 JavaThread "File watcher consumer" daemon [_thread_blocked, id=9768, stack(0x000000eec0200000,0x000000eec0300000)]
  0x000002e63c077800 JavaThread "Cache worker for checksums cache (C:\Users\Jenni\AndroidStudioProjects\Aplicacion1\.gradle\checksums)" [_thread_blocked, id=1512, stack(0x000000eec0300000,0x000000eec0400000)]
  0x000002e63c079000 JavaThread "Cache worker for cache directory md-supplier (C:\Users\Jenni\.gradle\caches\7.0.2\md-supplier)" [_thread_blocked, id=13328, stack(0x000000eec0400000,0x000000eec0500000)]
  0x000002e63f171800 JavaThread "Cache worker for cache directory md-rule (C:\Users\Jenni\.gradle\caches\7.0.2\md-rule)" [_thread_blocked, id=1020, stack(0x000000eec0500000,0x000000eec0600000)]
  0x000002e63f173800 JavaThread "Cache worker for execution history cache (C:\Users\Jenni\.gradle\caches\7.0.2\executionHistory)" [_thread_blocked, id=4064, stack(0x000000eec0600000,0x000000eec0700000)]
  0x000002e63f174000 JavaThread "jar transforms" [_thread_blocked, id=1300, stack(0x000000eec0700000,0x000000eec0800000)]
  0x000002e63f172800 JavaThread "jar transforms Thread 2" [_thread_blocked, id=4864, stack(0x000000eec0800000,0x000000eec0900000)]
  0x000002e63f16e800 JavaThread "Cache worker for file content cache (C:\Users\Jenni\.gradle\caches\7.0.2\fileContent)" [_thread_blocked, id=4588, stack(0x000000eec0900000,0x000000eec0a00000)]
  0x000002e63f176000 JavaThread "Cache worker for dependencies-accessors (C:\Users\Jenni\AndroidStudioProjects\Aplicacion1\.gradle\7.0.2\dependencies-accessors)" [_thread_blocked, id=460, stack(0x000000eec0a00000,0x000000eec0b00000)]
  0x000002e63f170000 JavaThread "Cache worker for Build Output Cleanup Cache (C:\Users\Jenni\AndroidStudioProjects\Aplicacion1\.gradle\buildOutputCleanup)" [_thread_blocked, id=8236, stack(0x000000eec0b00000,0x000000eec0c00000)]
  0x000002e63f17a800 JavaThread "Build operations" [_thread_blocked, id=14052, stack(0x000000eec0c00000,0x000000eec0d00000)]
  0x000002e63f17a000 JavaThread "Build operations Thread 2" [_thread_blocked, id=2668, stack(0x000000eec0d00000,0x000000eec0e00000)]
  0x000002e63f177800 JavaThread "Memory manager" [_thread_blocked, id=5596, stack(0x000000eebde00000,0x000000eebdf00000)]
  0x000002e63f178000 JavaThread "build event listener" [_thread_blocked, id=14152, stack(0x000000eebdf00000,0x000000eebe000000)]
  0x000002e63f17c800 JavaThread "build event listener" [_thread_blocked, id=8548, stack(0x000000eebe000000,0x000000eebe100000)]
  0x000002e63f176800 JavaThread "Execution worker for ':'" [_thread_blocked, id=6540, stack(0x000000eebfb00000,0x000000eebfc00000)]
  0x000002e63f179000 JavaThread "Cache worker for execution history cache (C:\Users\Jenni\AndroidStudioProjects\Aplicacion1\.gradle\7.0.2\executionHistory)" [_thread_blocked, id=8500, stack(0x000000eec1000000,0x000000eec1100000)]
  0x000002e63f17d000 JavaThread "WorkerExecutor Queue" [_thread_in_native, id=8752, stack(0x000000eec1100000,0x000000eec1200000)]
  0x000002e63dd96800 JavaThread "WorkerExecutor Queue Thread 2" [_thread_blocked, id=2096, stack(0x000000eec1200000,0x000000eec1300000)]
  0x000002e63dd95000 JavaThread "pool-3-thread-1" [_thread_blocked, id=14216, stack(0x000000eec1300000,0x000000eec1400000)]
  0x000002e63dd93800 JavaThread "stderr" [_thread_in_native, id=11468, stack(0x000000eec1400000,0x000000eec1500000)]
  0x000002e63dd97800 JavaThread "stdout" [_thread_in_native, id=3252, stack(0x000000eec1500000,0x000000eec1600000)]
  0x000002e63dd98000 JavaThread "RMI Scheduler(0)" daemon [_thread_blocked, id=10204, stack(0x000000eec0e00000,0x000000eec0f00000)]
  0x000002e63dd99000 JavaThread "RMI GC Daemon" daemon [_thread_blocked, id=11908, stack(0x000000eec1700000,0x000000eec1800000)]
  0x000002e63dd94000 JavaThread "RMI TCP Accept-0" daemon [_thread_in_native, id=11156, stack(0x000000eec1800000,0x000000eec1900000)]
  0x000002e63dd9f800 JavaThread "RMI Reaper" [_thread_blocked, id=1120, stack(0x000000eec1900000,0x000000eec1a00000)]
  0x000002e63dd9a800 JavaThread "RMI TCP Connection(idle)" daemon [_thread_blocked, id=13704, stack(0x000000eec1a00000,0x000000eec1b00000)]
  0x000002e63dd9c000 JavaThread "Cache worker for Java compile cache (C:\Users\Jenni\.gradle\caches\7.0.2\javaCompile)" [_thread_blocked, id=6468, stack(0x000000eec1b00000,0x000000eec1c00000)]
  0x000002e63dd9d000 JavaThread "Cache worker for Java compile cache (C:\Users\Jenni\AndroidStudioProjects\Aplicacion1\.gradle\7.0.2\javaCompile)" [_thread_blocked, id=3108, stack(0x000000eec1c00000,0x000000eec1d00000)]

Other Threads:
  0x000002e63a870000 VMThread "VM Thread" [stack: 0x000000eebe700000,0x000000eebe800000] [id=1940]
  0x000002e63b3c3000 WatcherThread [stack: 0x000000eebf100000,0x000000eebf200000] [id=2020]
  0x000002e62120b000 GCTaskThread "GC Thread#0" [stack: 0x000000eebe200000,0x000000eebe300000] [id=10156]
  0x000002e63b473800 GCTaskThread "GC Thread#1" [stack: 0x000000eebf200000,0x000000eebf300000] [id=11364]
  0x000002e62123b800 ConcurrentGCThread "G1 Main Marker" [stack: 0x000000eebe300000,0x000000eebe400000] [id=2752]
  0x000002e62123d000 ConcurrentGCThread "G1 Conc#0" [stack: 0x000000eebe400000,0x000000eebe500000] [id=8240]
  0x000002e62128c800 ConcurrentGCThread "G1 Refine#0" [stack: 0x000000eebe500000,0x000000eebe600000] [id=10296]
  0x000002e62128e000 ConcurrentGCThread "G1 Young RemSet Sampling" [stack: 0x000000eebe600000,0x000000eebe700000] [id=10780]

Threads with active compile tasks:
C2 CompilerThread0 198538 17304       4       org.gradle.internal.instantiation.generator.AbstractClassGenerator::inspectType (560 bytes)

VM state:not at safepoint (normal execution)

VM Mutex/Monitor currently owned by a thread: None

Heap address: 0x0000000080000000, size: 2048 MB, Compressed Oops mode: 32-bit
Narrow klass base: 0x0000000000000000, Narrow klass shift: 3
Compressed class space size: 1073741824 Address: 0x0000000100000000

Heap:
 garbage-first heap   total 196608K, used 145534K [0x0000000080000000, 0x0000000100000000)
  region size 1024K, 24 young (24576K), 1 survivors (1024K)
 Metaspace       used 123958K, capacity 127108K, committed 127232K, reserved 1159168K
  class space    used 15635K, capacity 16804K, committed 16896K, reserved 1048576K
Heap Regions: E=young(eden), S=young(survivor), O=old, HS=humongous(starts), HC=humongous(continues), CS=collection set, F=free, A=archive, TAMS=top-at-mark-start (previous, next)
|   0|0x0000000080000000, 0x0000000080100000, 0x0000000080100000|100%| O|  |TAMS 0x0000000080100000, 0x0000000080000000| Untracked 
|   1|0x0000000080100000, 0x0000000080200000, 0x0000000080200000|100%| O|  |TAMS 0x0000000080200000, 0x0000000080100000| Untracked 
|   2|0x0000000080200000, 0x0000000080300000, 0x0000000080300000|100%| O|  |TAMS 0x0000000080300000, 0x0000000080200000| Untracked 
|   3|0x0000000080300000, 0x0000000080400000, 0x0000000080400000|100%| O|  |TAMS 0x0000000080400000, 0x0000000080300000| Untracked 
|   4|0x0000000080400000, 0x0000000080500000, 0x0000000080500000|100%|HS|  |TAMS 0x0000000080500000, 0x0000000080400000| Complete 
|   5|0x0000000080500000, 0x0000000080600000, 0x0000000080600000|100%|HC|  |TAMS 0x0000000080600000, 0x0000000080500000| Complete 
|   6|0x0000000080600000, 0x0000000080700000, 0x0000000080700000|100%|HC|  |TAMS 0x0000000080700000, 0x0000000080600000| Complete 
|   7|0x0000000080700000, 0x0000000080800000, 0x0000000080800000|100%| O|  |TAMS 0x0000000080800000, 0x0000000080700000| Untracked 
|   8|0x0000000080800000, 0x0000000080900000, 0x0000000080900000|100%| O|  |TAMS 0x0000000080900000, 0x0000000080800000| Untracked 
|   9|0x0000000080900000, 0x0000000080a00000, 0x0000000080a00000|100%| O|  |TAMS 0x0000000080a00000, 0x0000000080900000| Untracked 
|  10|0x0000000080a00000, 0x0000000080b00000, 0x0000000080b00000|100%| O|  |TAMS 0x0000000080b00000, 0x0000000080a00000| Untracked 
|  11|0x0000000080b00000, 0x0000000080c00000, 0x0000000080c00000|100%| O|  |TAMS 0x0000000080c00000, 0x0000000080b00000| Untracked 
|  12|0x0000000080c00000, 0x0000000080d00000, 0x0000000080d00000|100%| O|  |TAMS 0x0000000080d00000, 0x0000000080c00000| Untracked 
|  13|0x0000000080d00000, 0x0000000080e00000, 0x0000000080e00000|100%| O|  |TAMS 0x0000000080e00000, 0x0000000080d00000| Untracked 
|  14|0x0000000080e00000, 0x0000000080f00000, 0x0000000080f00000|100%| O|  |TAMS 0x0000000080f00000, 0x0000000080e00000| Untracked 
|  15|0x0000000080f00000, 0x0000000081000000, 0x0000000081000000|100%| O|  |TAMS 0x0000000081000000, 0x0000000080f00000| Untracked 
|  16|0x0000000081000000, 0x0000000081100000, 0x0000000081100000|100%| O|  |TAMS 0x0000000081100000, 0x0000000081000000| Untracked 
|  17|0x0000000081100000, 0x0000000081200000, 0x0000000081200000|100%| O|  |TAMS 0x0000000081200000, 0x0000000081100000| Untracked 
|  18|0x0000000081200000, 0x0000000081300000, 0x0000000081300000|100%| O|  |TAMS 0x0000000081300000, 0x0000000081200000| Untracked 
|  19|0x0000000081300000, 0x0000000081400000, 0x0000000081400000|100%| O|  |TAMS 0x0000000081400000, 0x0000000081300000| Untracked 
|  20|0x0000000081400000, 0x0000000081500000, 0x0000000081500000|100%| O|  |TAMS 0x0000000081500000, 0x0000000081400000| Untracked 
|  21|0x0000000081500000, 0x0000000081600000, 0x0000000081600000|100%| O|  |TAMS 0x0000000081600000, 0x0000000081500000| Untracked 
|  22|0x0000000081600000, 0x0000000081700000, 0x0000000081700000|100%| O|  |TAMS 0x0000000081700000, 0x0000000081600000| Untracked 
|  23|0x0000000081700000, 0x0000000081800000, 0x0000000081800000|100%| O|  |TAMS 0x0000000081800000, 0x0000000081700000| Untracked 
|  24|0x0000000081800000, 0x0000000081900000, 0x0000000081900000|100%| O|  |TAMS 0x0000000081900000, 0x0000000081800000| Untracked 
|  25|0x0000000081900000, 0x0000000081a00000, 0x0000000081a00000|100%| O|  |TAMS 0x0000000081a00000, 0x0000000081900000| Untracked 
|  26|0x0000000081a00000, 0x0000000081b00000, 0x0000000081b00000|100%| O|  |TAMS 0x0000000081b00000, 0x0000000081a00000| Untracked 
|  27|0x0000000081b00000, 0x0000000081c00000, 0x0000000081c00000|100%| O|  |TAMS 0x0000000081c00000, 0x0000000081b00000| Untracked 
|  28|0x0000000081c00000, 0x0000000081d00000, 0x0000000081d00000|100%|HS|  |TAMS 0x0000000081d00000, 0x0000000081c00000| Complete 
|  29|0x0000000081d00000, 0x0000000081e00000, 0x0000000081e00000|100%|HS|  |TAMS 0x0000000081e00000, 0x0000000081d00000| Complete 
|  30|0x0000000081e00000, 0x0000000081f00000, 0x0000000081f00000|100%|HS|  |TAMS 0x0000000081f00000, 0x0000000081e00000| Complete 
|  31|0x0000000081f00000, 0x0000000082000000, 0x0000000082000000|100%| O|  |TAMS 0x0000000082000000, 0x0000000081f00000| Untracked 
|  32|0x0000000082000000, 0x0000000082100000, 0x0000000082100000|100%| O|  |TAMS 0x0000000082100000, 0x0000000082000000| Untracked 
|  33|0x0000000082100000, 0x0000000082200000, 0x0000000082200000|100%|HS|  |TAMS 0x0000000082200000, 0x0000000082100000| Complete 
|  34|0x0000000082200000, 0x0000000082300000, 0x0000000082300000|100%|HC|  |TAMS 0x0000000082300000, 0x0000000082200000| Complete 
|  35|0x0000000082300000, 0x0000000082400000, 0x0000000082400000|100%|HC|  |TAMS 0x0000000082400000, 0x0000000082300000| Complete 
|  36|0x0000000082400000, 0x0000000082500000, 0x0000000082500000|100%| O|  |TAMS 0x0000000082500000, 0x0000000082400000| Untracked 
|  37|0x0000000082500000, 0x0000000082600000, 0x0000000082600000|100%| O|  |TAMS 0x0000000082600000, 0x0000000082500000| Untracked 
|  38|0x0000000082600000, 0x0000000082700000, 0x0000000082700000|100%| O|  |TAMS 0x0000000082700000, 0x0000000082600000| Untracked 
|  39|0x0000000082700000, 0x0000000082800000, 0x0000000082800000|100%| O|  |TAMS 0x0000000082800000, 0x0000000082700000| Untracked 
|  40|0x0000000082800000, 0x0000000082900000, 0x0000000082900000|100%|HS|  |TAMS 0x0000000082900000, 0x0000000082800000| Complete 
|  41|0x0000000082900000, 0x0000000082a00000, 0x0000000082a00000|100%|HC|  |TAMS 0x0000000082a00000, 0x0000000082900000| Complete 
|  42|0x0000000082a00000, 0x0000000082b00000, 0x0000000082b00000|100%| O|  |TAMS 0x0000000082b00000, 0x0000000082a00000| Untracked 
|  43|0x0000000082b00000, 0x0000000082c00000, 0x0000000082c00000|100%| O|  |TAMS 0x0000000082c00000, 0x0000000082b00000| Untracked 
|  44|0x0000000082c00000, 0x0000000082d00000, 0x0000000082d00000|100%| O|  |TAMS 0x0000000082d00000, 0x0000000082c00000| Untracked 
|  45|0x0000000082d00000, 0x0000000082e00000, 0x0000000082e00000|100%| O|  |TAMS 0x0000000082e00000, 0x0000000082d00000| Untracked 
|  46|0x0000000082e00000, 0x0000000082f00000, 0x0000000082f00000|100%| O|  |TAMS 0x0000000082f00000, 0x0000000082e00000| Untracked 
|  47|0x0000000082f00000, 0x0000000083000000, 0x0000000083000000|100%| O|  |TAMS 0x0000000083000000, 0x0000000082f00000| Untracked 
|  48|0x0000000083000000, 0x0000000083100000, 0x0000000083100000|100%| O|  |TAMS 0x0000000083100000, 0x0000000083000000| Untracked 
|  49|0x0000000083100000, 0x0000000083200000, 0x0000000083200000|100%| O|  |TAMS 0x0000000083200000, 0x0000000083100000| Untracked 
|  50|0x0000000083200000, 0x0000000083300000, 0x0000000083300000|100%| O|  |TAMS 0x0000000083300000, 0x0000000083200000| Untracked 
|  51|0x0000000083300000, 0x0000000083400000, 0x0000000083400000|100%| O|  |TAMS 0x0000000083400000, 0x0000000083300000| Untracked 
|  52|0x0000000083400000, 0x0000000083500000, 0x0000000083500000|100%| O|  |TAMS 0x0000000083500000, 0x0000000083400000| Untracked 
|  53|0x0000000083500000, 0x0000000083600000, 0x0000000083600000|100%| O|  |TAMS 0x0000000083600000, 0x0000000083500000| Untracked 
|  54|0x0000000083600000, 0x0000000083700000, 0x0000000083700000|100%| O|  |TAMS 0x0000000083700000, 0x0000000083600000| Untracked 
|  55|0x0000000083700000, 0x0000000083800000, 0x0000000083800000|100%| O|  |TAMS 0x0000000083800000, 0x0000000083700000| Untracked 
|  56|0x0000000083800000, 0x0000000083900000, 0x0000000083900000|100%| O|  |TAMS 0x0000000083900000, 0x0000000083800000| Untracked 
|  57|0x0000000083900000, 0x0000000083a00000, 0x0000000083a00000|100%| O|  |TAMS 0x0000000083a00000, 0x0000000083900000| Untracked 
|  58|0x0000000083a00000, 0x0000000083b00000, 0x0000000083b00000|100%| O|  |TAMS 0x0000000083b00000, 0x0000000083a00000| Untracked 
|  59|0x0000000083b00000, 0x0000000083c00000, 0x0000000083c00000|100%| O|  |TAMS 0x0000000083c00000, 0x0000000083b00000| Untracked 
|  60|0x0000000083c00000, 0x0000000083d00000, 0x0000000083d00000|100%| O|  |TAMS 0x0000000083d00000, 0x0000000083c00000| Untracked 
|  61|0x0000000083d00000, 0x0000000083e00000, 0x0000000083e00000|100%| O|  |TAMS 0x0000000083e00000, 0x0000000083d00000| Untracked 
|  62|0x0000000083e00000, 0x0000000083f00000, 0x0000000083f00000|100%| O|  |TAMS 0x0000000083f00000, 0x0000000083e00000| Untracked 
|  63|0x0000000083f00000, 0x0000000084000000, 0x0000000084000000|100%| O|  |TAMS 0x0000000084000000, 0x0000000083f00000| Untracked 
|  64|0x0000000084000000, 0x0000000084100000, 0x0000000084100000|100%| O|  |TAMS 0x0000000084100000, 0x0000000084000000| Untracked 
|  65|0x0000000084100000, 0x0000000084200000, 0x0000000084200000|100%| O|  |TAMS 0x0000000084200000, 0x0000000084100000| Untracked 
|  66|0x0000000084200000, 0x0000000084300000, 0x0000000084300000|100%| O|  |TAMS 0x0000000084300000, 0x0000000084200000| Untracked 
|  67|0x0000000084300000, 0x0000000084400000, 0x0000000084400000|100%| O|  |TAMS 0x0000000084400000, 0x0000000084300000| Untracked 
|  68|0x0000000084400000, 0x0000000084500000, 0x0000000084500000|100%| O|  |TAMS 0x0000000084500000, 0x0000000084400000| Untracked 
|  69|0x0000000084500000, 0x0000000084600000, 0x0000000084600000|100%| O|  |TAMS 0x0000000084600000, 0x0000000084500000| Untracked 
|  70|0x0000000084600000, 0x0000000084700000, 0x0000000084700000|100%| O|  |TAMS 0x0000000084700000, 0x0000000084600000| Untracked 
|  71|0x0000000084700000, 0x0000000084800000, 0x0000000084800000|100%| O|  |TAMS 0x0000000084800000, 0x0000000084700000| Untracked 
|  72|0x0000000084800000, 0x0000000084900000, 0x0000000084900000|100%| O|  |TAMS 0x0000000084900000, 0x0000000084800000| Untracked 
|  73|0x0000000084900000, 0x0000000084a00000, 0x0000000084a00000|100%| O|  |TAMS 0x0000000084a00000, 0x0000000084900000| Untracked 
|  74|0x0000000084a00000, 0x0000000084b00000, 0x0000000084b00000|100%| O|  |TAMS 0x0000000084b00000, 0x0000000084a00000| Untracked 
|  75|0x0000000084b00000, 0x0000000084c00000, 0x0000000084c00000|100%| O|  |TAMS 0x0000000084c00000, 0x0000000084b00000| Untracked 
|  76|0x0000000084c00000, 0x0000000084d00000, 0x0000000084d00000|100%| O|  |TAMS 0x0000000084d00000, 0x0000000084c00000| Untracked 
|  77|0x0000000084d00000, 0x0000000084e00000, 0x0000000084e00000|100%|HS|  |TAMS 0x0000000084d00000, 0x0000000084d00000| Complete 
|  78|0x0000000084e00000, 0x0000000084f00000, 0x0000000084f00000|100%| O|  |TAMS 0x0000000084f00000, 0x0000000084e00000| Untracked 
|  79|0x0000000084f00000, 0x0000000085000000, 0x0000000085000000|100%| O|  |TAMS 0x0000000085000000, 0x0000000084f00000| Untracked 
|  80|0x0000000085000000, 0x0000000085100000, 0x0000000085100000|100%| O|  |TAMS 0x0000000085000000, 0x0000000085000000| Untracked 
|  81|0x0000000085100000, 0x0000000085200000, 0x0000000085200000|100%| O|  |TAMS 0x0000000085200000, 0x0000000085100000| Untracked 
|  82|0x0000000085200000, 0x0000000085300000, 0x0000000085300000|100%| O|  |TAMS 0x0000000085300000, 0x0000000085200000| Untracked 
|  83|0x0000000085300000, 0x0000000085400000, 0x0000000085400000|100%| O|  |TAMS 0x0000000085400000, 0x0000000085300000| Untracked 
|  84|0x0000000085400000, 0x0000000085500000, 0x0000000085500000|100%| O|  |TAMS 0x0000000085500000, 0x0000000085400000| Untracked 
|  85|0x0000000085500000, 0x0000000085600000, 0x0000000085600000|100%| O|  |TAMS 0x0000000085600000, 0x0000000085500000| Untracked 
|  86|0x0000000085600000, 0x0000000085700000, 0x0000000085700000|100%| O|  |TAMS 0x0000000085700000, 0x0000000085600000| Untracked 
|  87|0x0000000085700000, 0x0000000085700000, 0x0000000085800000|  0%| F|  |TAMS 0x0000000085700000, 0x0000000085700000| Untracked 
|  88|0x0000000085800000, 0x0000000085900000, 0x0000000085900000|100%| O|  |TAMS 0x0000000085900000, 0x0000000085800000| Untracked 
|  89|0x0000000085900000, 0x0000000085a00000, 0x0000000085a00000|100%| O|  |TAMS 0x0000000085a00000, 0x0000000085900000| Untracked 
|  90|0x0000000085a00000, 0x0000000085b00000, 0x0000000085b00000|100%| O|  |TAMS 0x0000000085b00000, 0x0000000085a00000| Untracked 
|  91|0x0000000085b00000, 0x0000000085c00000, 0x0000000085c00000|100%| O|  |TAMS 0x0000000085c00000, 0x0000000085b00000| Untracked 
|  92|0x0000000085c00000, 0x0000000085d00000, 0x0000000085d00000|100%| O|  |TAMS 0x0000000085d00000, 0x0000000085c00000| Untracked 
|  93|0x0000000085d00000, 0x0000000085e00000, 0x0000000085e00000|100%| O|  |TAMS 0x0000000085d00000, 0x0000000085d00000| Untracked 
|  94|0x0000000085e00000, 0x0000000085f00000, 0x0000000085f00000|100%| O|  |TAMS 0x0000000085f00000, 0x0000000085e00000| Untracked 
|  95|0x0000000085f00000, 0x0000000086000000, 0x0000000086000000|100%| O|  |TAMS 0x0000000086000000, 0x0000000085f00000| Untracked 
|  96|0x0000000086000000, 0x0000000086100000, 0x0000000086100000|100%|HS|  |TAMS 0x0000000086100000, 0x0000000086000000| Complete 
|  97|0x0000000086100000, 0x0000000086200000, 0x0000000086200000|100%|HC|  |TAMS 0x0000000086200000, 0x0000000086100000| Complete 
|  98|0x0000000086200000, 0x0000000086300000, 0x0000000086300000|100%| O|  |TAMS 0x0000000086300000, 0x0000000086200000| Untracked 
|  99|0x0000000086300000, 0x0000000086400000, 0x0000000086400000|100%| O|  |TAMS 0x0000000086400000, 0x0000000086300000| Untracked 
| 100|0x0000000086400000, 0x0000000086500000, 0x0000000086500000|100%| O|  |TAMS 0x0000000086500000, 0x0000000086400000| Untracked 
| 101|0x0000000086500000, 0x0000000086600000, 0x0000000086600000|100%| O|  |TAMS 0x0000000086600000, 0x0000000086500000| Untracked 
| 102|0x0000000086600000, 0x0000000086700000, 0x0000000086700000|100%| O|  |TAMS 0x0000000086700000, 0x0000000086600000| Untracked 
| 103|0x0000000086700000, 0x0000000086800000, 0x0000000086800000|100%| O|  |TAMS 0x0000000086800000, 0x0000000086700000| Untracked 
| 104|0x0000000086800000, 0x0000000086900000, 0x0000000086900000|100%| O|  |TAMS 0x0000000086900000, 0x0000000086800000| Untracked 
| 105|0x0000000086900000, 0x0000000086a00000, 0x0000000086a00000|100%| O|  |TAMS 0x0000000086a00000, 0x0000000086900000| Untracked 
| 106|0x0000000086a00000, 0x0000000086b00000, 0x0000000086b00000|100%| O|  |TAMS 0x0000000086b00000, 0x0000000086a00000| Untracked 
| 107|0x0000000086b00000, 0x0000000086c00000, 0x0000000086c00000|100%| O|  |TAMS 0x0000000086c00000, 0x0000000086b00000| Untracked 
| 108|0x0000000086c00000, 0x0000000086d00000, 0x0000000086d00000|100%| O|  |TAMS 0x0000000086d00000, 0x0000000086c00000| Untracked 
| 109|0x0000000086d00000, 0x0000000086e00000, 0x0000000086e00000|100%| O|  |TAMS 0x0000000086e00000, 0x0000000086d00000| Untracked 
| 110|0x0000000086e00000, 0x0000000086e00000, 0x0000000086f00000|  0%| F|  |TAMS 0x0000000086e00000, 0x0000000086e00000| Untracked 
| 111|0x0000000086f00000, 0x0000000086f00000, 0x0000000087000000|  0%| F|  |TAMS 0x0000000086f00000, 0x0000000086f00000| Untracked 
| 112|0x0000000087000000, 0x0000000087000000, 0x0000000087100000|  0%| F|  |TAMS 0x0000000087000000, 0x0000000087000000| Untracked 
| 113|0x0000000087100000, 0x0000000087200000, 0x0000000087200000|100%| O|  |TAMS 0x0000000087200000, 0x0000000087100000| Untracked 
| 114|0x0000000087200000, 0x0000000087300000, 0x0000000087300000|100%| O|  |TAMS 0x0000000087300000, 0x0000000087200000| Untracked 
| 115|0x0000000087300000, 0x0000000087400000, 0x0000000087400000|100%| O|  |TAMS 0x0000000087380000, 0x0000000087300000| Untracked 
| 116|0x0000000087400000, 0x0000000087500000, 0x0000000087500000|100%| O|  |TAMS 0x0000000087400000, 0x0000000087400000| Untracked 
| 117|0x0000000087500000, 0x0000000087600000, 0x0000000087600000|100%| O|  |TAMS 0x0000000087500000, 0x0000000087500000| Untracked 
| 118|0x0000000087600000, 0x0000000087700000, 0x0000000087700000|100%| O|  |TAMS 0x0000000087600000, 0x0000000087600000| Untracked 
| 119|0x0000000087700000, 0x0000000087800000, 0x0000000087800000|100%| O|  |TAMS 0x0000000087700000, 0x0000000087700000| Untracked 
| 120|0x0000000087800000, 0x0000000087900000, 0x0000000087900000|100%| O|  |TAMS 0x0000000087800000, 0x0000000087800000| Untracked 
| 121|0x0000000087900000, 0x0000000087a00000, 0x0000000087a00000|100%| O|  |TAMS 0x0000000087900000, 0x0000000087900000| Untracked 
| 122|0x0000000087a00000, 0x0000000087b00000, 0x0000000087b00000|100%| O|  |TAMS 0x0000000087a00000, 0x0000000087a00000| Untracked 
| 123|0x0000000087b00000, 0x0000000087c00000, 0x0000000087c00000|100%| O|  |TAMS 0x0000000087b00000, 0x0000000087b00000| Untracked 
| 124|0x0000000087c00000, 0x0000000087c54600, 0x0000000087d00000| 32%| O|  |TAMS 0x0000000087c00000, 0x0000000087c00000| Untracked 
| 125|0x0000000087d00000, 0x0000000087d00000, 0x0000000087e00000|  0%| F|  |TAMS 0x0000000087d00000, 0x0000000087d00000| Untracked 
| 126|0x0000000087e00000, 0x0000000087e00000, 0x0000000087f00000|  0%| F|  |TAMS 0x0000000087e00000, 0x0000000087e00000| Untracked 
| 127|0x0000000087f00000, 0x0000000087f00000, 0x0000000088000000|  0%| F|  |TAMS 0x0000000087f00000, 0x0000000087f00000| Untracked 
| 128|0x0000000088000000, 0x0000000088000000, 0x0000000088100000|  0%| F|  |TAMS 0x0000000088000000, 0x0000000088000000| Untracked 
| 129|0x0000000088100000, 0x0000000088100000, 0x0000000088200000|  0%| F|  |TAMS 0x0000000088100000, 0x0000000088100000| Untracked 
| 130|0x0000000088200000, 0x0000000088200000, 0x0000000088300000|  0%| F|  |TAMS 0x0000000088200000, 0x0000000088200000| Untracked 
| 131|0x0000000088300000, 0x0000000088300000, 0x0000000088400000|  0%| F|  |TAMS 0x0000000088300000, 0x0000000088300000| Untracked 
| 132|0x0000000088400000, 0x0000000088400000, 0x0000000088500000|  0%| F|  |TAMS 0x0000000088400000, 0x0000000088400000| Untracked 
| 133|0x0000000088500000, 0x0000000088500000, 0x0000000088600000|  0%| F|  |TAMS 0x0000000088500000, 0x0000000088500000| Untracked 
| 134|0x0000000088600000, 0x0000000088600000, 0x0000000088700000|  0%| F|  |TAMS 0x0000000088600000, 0x0000000088600000| Untracked 
| 135|0x0000000088700000, 0x0000000088700000, 0x0000000088800000|  0%| F|  |TAMS 0x0000000088700000, 0x0000000088700000| Untracked 
| 136|0x0000000088800000, 0x0000000088800000, 0x0000000088900000|  0%| F|  |TAMS 0x0000000088800000, 0x0000000088800000| Untracked 
| 137|0x0000000088900000, 0x0000000088900000, 0x0000000088a00000|  0%| F|  |TAMS 0x0000000088900000, 0x0000000088900000| Untracked 
| 138|0x0000000088a00000, 0x0000000088a00000, 0x0000000088b00000|  0%| F|  |TAMS 0x0000000088a00000, 0x0000000088a00000| Untracked 
| 139|0x0000000088b00000, 0x0000000088b00000, 0x0000000088c00000|  0%| F|  |TAMS 0x0000000088b00000, 0x0000000088b00000| Untracked 
| 140|0x0000000088c00000, 0x0000000088c00000, 0x0000000088d00000|  0%| F|  |TAMS 0x0000000088c00000, 0x0000000088c00000| Untracked 
| 141|0x0000000088d00000, 0x0000000088d00000, 0x0000000088e00000|  0%| F|  |TAMS 0x0000000088d00000, 0x0000000088d00000| Untracked 
| 142|0x0000000088e00000, 0x0000000088e00000, 0x0000000088f00000|  0%| F|  |TAMS 0x0000000088e00000, 0x0000000088e00000| Untracked 
| 143|0x0000000088f00000, 0x0000000088f00000, 0x0000000089000000|  0%| F|  |TAMS 0x0000000088f00000, 0x0000000088f00000| Untracked 
| 144|0x0000000089000000, 0x0000000089000000, 0x0000000089100000|  0%| F|  |TAMS 0x0000000089000000, 0x0000000089000000| Untracked 
| 145|0x0000000089100000, 0x0000000089100000, 0x0000000089200000|  0%| F|  |TAMS 0x0000000089100000, 0x0000000089100000| Untracked 
| 146|0x0000000089200000, 0x0000000089200000, 0x0000000089300000|  0%| F|  |TAMS 0x0000000089200000, 0x0000000089200000| Untracked 
| 147|0x0000000089300000, 0x0000000089300000, 0x0000000089400000|  0%| F|  |TAMS 0x0000000089300000, 0x0000000089300000| Untracked 
| 148|0x0000000089400000, 0x0000000089400000, 0x0000000089500000|  0%| F|  |TAMS 0x0000000089400000, 0x0000000089400000| Untracked 
| 149|0x0000000089500000, 0x0000000089500000, 0x0000000089600000|  0%| F|  |TAMS 0x0000000089500000, 0x0000000089500000| Untracked 
| 150|0x0000000089600000, 0x0000000089600000, 0x0000000089700000|  0%| F|  |TAMS 0x0000000089600000, 0x0000000089600000| Untracked 
| 151|0x0000000089700000, 0x0000000089700000, 0x0000000089800000|  0%| F|  |TAMS 0x0000000089700000, 0x0000000089700000| Untracked 
| 152|0x0000000089800000, 0x0000000089800000, 0x0000000089900000|  0%| F|  |TAMS 0x0000000089800000, 0x0000000089800000| Untracked 
| 153|0x0000000089900000, 0x0000000089900000, 0x0000000089a00000|  0%| F|  |TAMS 0x0000000089900000, 0x0000000089900000| Untracked 
| 154|0x0000000089a00000, 0x0000000089acb310, 0x0000000089b00000| 79%| S|CS|TAMS 0x0000000089a00000, 0x0000000089a00000| Complete 
| 155|0x0000000089b00000, 0x0000000089b00000, 0x0000000089c00000|  0%| F|  |TAMS 0x0000000089b00000, 0x0000000089b00000| Untracked 
| 156|0x0000000089c00000, 0x0000000089c00000, 0x0000000089d00000|  0%| F|  |TAMS 0x0000000089c00000, 0x0000000089c00000| Untracked 
| 157|0x0000000089d00000, 0x0000000089d00000, 0x0000000089e00000|  0%| F|  |TAMS 0x0000000089d00000, 0x0000000089d00000| Untracked 
| 158|0x0000000089e00000, 0x0000000089e00000, 0x0000000089f00000|  0%| F|  |TAMS 0x0000000089e00000, 0x0000000089e00000| Untracked 
| 159|0x0000000089f00000, 0x0000000089f00000, 0x000000008a000000|  0%| F|  |TAMS 0x0000000089f00000, 0x0000000089f00000| Untracked 
| 160|0x000000008a000000, 0x000000008a000000, 0x000000008a100000|  0%| F|  |TAMS 0x000000008a000000, 0x000000008a000000| Untracked 
| 161|0x000000008a100000, 0x000000008a100000, 0x000000008a200000|  0%| F|  |TAMS 0x000000008a100000, 0x000000008a100000| Untracked 
| 162|0x000000008a200000, 0x000000008a200000, 0x000000008a300000|  0%| F|  |TAMS 0x000000008a200000, 0x000000008a200000| Untracked 
| 163|0x000000008a300000, 0x000000008a300000, 0x000000008a400000|  0%| F|  |TAMS 0x000000008a300000, 0x000000008a300000| Untracked 
| 164|0x000000008a400000, 0x000000008a400000, 0x000000008a500000|  0%| F|  |TAMS 0x000000008a400000, 0x000000008a400000| Untracked 
| 165|0x000000008a500000, 0x000000008a500000, 0x000000008a600000|  0%| F|  |TAMS 0x000000008a500000, 0x000000008a500000| Untracked 
| 166|0x000000008a600000, 0x000000008a600000, 0x000000008a700000|  0%| F|  |TAMS 0x000000008a600000, 0x000000008a600000| Untracked 
| 167|0x000000008a700000, 0x000000008a700000, 0x000000008a800000|  0%| F|  |TAMS 0x000000008a700000, 0x000000008a700000| Untracked 
| 168|0x000000008a800000, 0x000000008a800000, 0x000000008a900000|  0%| F|  |TAMS 0x000000008a800000, 0x000000008a800000| Untracked 
| 169|0x000000008a900000, 0x000000008aa00000, 0x000000008aa00000|100%| E|  |TAMS 0x000000008a900000, 0x000000008a900000| Complete 
| 170|0x000000008aa00000, 0x000000008ab00000, 0x000000008ab00000|100%| E|CS|TAMS 0x000000008aa00000, 0x000000008aa00000| Complete 
| 171|0x000000008ab00000, 0x000000008ac00000, 0x000000008ac00000|100%| E|CS|TAMS 0x000000008ab00000, 0x000000008ab00000| Complete 
| 172|0x000000008ac00000, 0x000000008ad00000, 0x000000008ad00000|100%| E|CS|TAMS 0x000000008ac00000, 0x000000008ac00000| Complete 
| 173|0x000000008ad00000, 0x000000008ae00000, 0x000000008ae00000|100%| E|CS|TAMS 0x000000008ad00000, 0x000000008ad00000| Complete 
| 174|0x000000008ae00000, 0x000000008af00000, 0x000000008af00000|100%| E|  |TAMS 0x000000008ae00000, 0x000000008ae00000| Complete 
| 175|0x000000008af00000, 0x000000008b000000, 0x000000008b000000|100%| E|CS|TAMS 0x000000008af00000, 0x000000008af00000| Complete 
| 176|0x000000008b000000, 0x000000008b100000, 0x000000008b100000|100%| E|CS|TAMS 0x000000008b000000, 0x000000008b000000| Complete 
| 177|0x000000008b100000, 0x000000008b200000, 0x000000008b200000|100%| E|CS|TAMS 0x000000008b100000, 0x000000008b100000| Complete 
| 178|0x000000008b200000, 0x000000008b300000, 0x000000008b300000|100%| E|CS|TAMS 0x000000008b200000, 0x000000008b200000| Complete 
| 179|0x000000008b300000, 0x000000008b400000, 0x000000008b400000|100%| E|CS|TAMS 0x000000008b300000, 0x000000008b300000| Complete 
| 180|0x000000008b400000, 0x000000008b500000, 0x000000008b500000|100%| E|CS|TAMS 0x000000008b400000, 0x000000008b400000| Complete 
| 181|0x000000008b500000, 0x000000008b600000, 0x000000008b600000|100%| E|CS|TAMS 0x000000008b500000, 0x000000008b500000| Complete 
| 182|0x000000008b600000, 0x000000008b700000, 0x000000008b700000|100%| E|CS|TAMS 0x000000008b600000, 0x000000008b600000| Complete 
| 183|0x000000008b700000, 0x000000008b800000, 0x000000008b800000|100%| E|CS|TAMS 0x000000008b700000, 0x000000008b700000| Complete 
| 184|0x000000008b800000, 0x000000008b900000, 0x000000008b900000|100%| E|CS|TAMS 0x000000008b800000, 0x000000008b800000| Complete 
| 185|0x000000008b900000, 0x000000008ba00000, 0x000000008ba00000|100%| E|CS|TAMS 0x000000008b900000, 0x000000008b900000| Complete 
| 186|0x000000008ba00000, 0x000000008bb00000, 0x000000008bb00000|100%| E|CS|TAMS 0x000000008ba00000, 0x000000008ba00000| Complete 
| 187|0x000000008bb00000, 0x000000008bc00000, 0x000000008bc00000|100%| E|CS|TAMS 0x000000008bb00000, 0x000000008bb00000| Complete 
| 188|0x000000008bc00000, 0x000000008bd00000, 0x000000008bd00000|100%| E|CS|TAMS 0x000000008bc00000, 0x000000008bc00000| Complete 
| 189|0x000000008bd00000, 0x000000008be00000, 0x000000008be00000|100%| E|CS|TAMS 0x000000008bd00000, 0x000000008bd00000| Complete 
| 190|0x000000008be00000, 0x000000008bf00000, 0x000000008bf00000|100%| E|CS|TAMS 0x000000008be00000, 0x000000008be00000| Complete 
| 191|0x000000008bf00000, 0x000000008c000000, 0x000000008c000000|100%| E|CS|TAMS 0x000000008bf00000, 0x000000008bf00000| Complete 

Card table byte_map: [0x000002e633ce0000,0x000002e6340e0000] _byte_map_base: 0x000002e6338e0000

Marking Bits (Prev, Next): (CMBitMap*) 0x000002e621232c40, (CMBitMap*) 0x000002e621232c08
 Prev Bits: [0x000002e6364e0000, 0x000002e6384e0000)
 Next Bits: [0x000002e6344e0000, 0x000002e6364e0000)

Polling page: 0x000002e61f070000

Metaspace:

Usage:
  Non-class:    107.72 MB capacity,   105.78 MB ( 98%) used,     1.56 MB (  1%) free+waste,   381.38 KB ( <1%) overhead. 
      Class:     16.41 MB capacity,    15.27 MB ( 93%) used,  1001.11 KB (  6%) free+waste,   167.75 KB ( <1%) overhead. 
       Both:    124.13 MB capacity,   121.05 MB ( 98%) used,     2.54 MB (  2%) free+waste,   549.13 KB ( <1%) overhead. 

Virtual space:
  Non-class space:      108.00 MB reserved,     107.75 MB (>99%) committed 
      Class space:        1.00 GB reserved,      16.50 MB (  2%) committed 
             Both:        1.11 GB reserved,     124.25 MB ( 11%) committed 

Chunk freelists:
   Non-Class:  32.00 KB
       Class:  28.00 KB
        Both:  60.00 KB

MaxMetaspaceSize: 17179869184.00 GB
CompressedClassSpaceSize: 1.00 GB

CodeHeap 'non-profiled nmethods': size=120064Kb used=9722Kb max_used=9722Kb free=110342Kb
 bounds [0x000002e62c7a0000, 0x000002e62d120000, 0x000002e633ce0000]
CodeHeap 'profiled nmethods': size=120000Kb used=40628Kb max_used=40628Kb free=79371Kb
 bounds [0x000002e625270000, 0x000002e627a20000, 0x000002e62c7a0000]
CodeHeap 'non-nmethods': size=5696Kb used=2361Kb max_used=2385Kb free=3334Kb
 bounds [0x000002e624ce0000, 0x000002e624f50000, 0x000002e625270000]
 total_blobs=18170 nmethods=17161 adapters=920
 compilation: enabled
              stopped_count=0, restarted_count=0
 full_count=0

Compilation events (20 events):
Event: 197.318 Thread 0x000002e63a8e1000 nmethod 17294 0x000002e627a19790 code [0x000002e627a199a0, 0x000002e627a1a1c8]
Event: 197.318 Thread 0x000002e63a8e1000 17295       3       com.google.common.collect.AbstractListMultimap::wrapCollection (11 bytes)
Event: 197.319 Thread 0x000002e63a8e1000 nmethod 17295 0x000002e627a1a390 code [0x000002e627a1a5a0, 0x000002e627a1ad18]
Event: 197.367 Thread 0x000002e63a8e1000 17296       3       java.io.ObjectStreamClass::hasWriteObjectData (9 bytes)
Event: 197.367 Thread 0x000002e63a8e1000 nmethod 17296 0x000002e627a1af10 code [0x000002e627a1b0e0, 0x000002e627a1b368]
Event: 197.368 Thread 0x000002e63a8e1000 17297       3       java.io.ObjectInputStream::checkResolve (86 bytes)
Event: 197.369 Thread 0x000002e63a8e1000 nmethod 17297 0x000002e627a1b490 code [0x000002e627a1b6e0, 0x000002e627a1bdf8]
Event: 197.369 Thread 0x000002e63a8e1000 17298       3       java.io.ObjectInputStream::skipCustomData (105 bytes)
Event: 197.370 Thread 0x000002e63a8e1000 nmethod 17298 0x000002e627a1c090 code [0x000002e627a1c340, 0x000002e627a1cce8]
Event: 197.372 Thread 0x000002e63a8e0000 17299       4       org.objectweb.asm.MethodWriter::computeMethodInfoSize (571 bytes)
Event: 197.392 Thread 0x000002e63a8e0000 nmethod 17299 0x000002e62d115710 code [0x000002e62d115960, 0x000002e62d116090]
Event: 197.392 Thread 0x000002e63a8e0000 17300       4       org.objectweb.asm.MethodWriter::putMethodInfo (1274 bytes)
Event: 197.515 Thread 0x000002e63a8e0000 nmethod 17300 0x000002e62d116790 code [0x000002e62d116c40, 0x000002e62d119260]
Event: 197.517 Thread 0x000002e63a8e0000 17301       4       org.objectweb.asm.MethodWriter::endCurrentBasicBlockWithNoSuccessor (94 bytes)
Event: 197.540 Thread 0x000002e63a8e0000 nmethod 17301 0x000002e62d11b210 code [0x000002e62d11b3c0, 0x000002e62d11bb38]
Event: 197.541 Thread 0x000002e63a8e0000 17302       4       org.objectweb.asm.MethodWriter::visitMaxs (60 bytes)
Event: 197.544 Thread 0x000002e63a8e0000 nmethod 17302 0x000002e62d11be90 code [0x000002e62d11c040, 0x000002e62d11c108]
Event: 197.545 Thread 0x000002e63a8e0000 17303       4       org.gradle.internal.instantiation.generator.AbstractClassGenerator$InjectionAnnotationValidator::validateMethod (502 bytes)
Event: 197.618 Thread 0x000002e63a8e0000 nmethod 17303 0x000002e62d11c210 code [0x000002e62d11c520, 0x000002e62d11d7c8]
Event: 197.619 Thread 0x000002e63a8e0000 17304       4       org.gradle.internal.instantiation.generator.AbstractClassGenerator::inspectType (560 bytes)

GC Heap History (20 events):
Event: 123.279 GC heap before
{Heap before GC invocations=80 (full 0):
 garbage-first heap   total 196608K, used 102366K [0x0000000080000000, 0x0000000100000000)
  region size 1024K, 9 young (9216K), 7 survivors (7168K)
 Metaspace       used 97438K, capacity 99668K, committed 99968K, reserved 1136640K
  class space    used 12318K, capacity 13092K, committed 13184K, reserved 1048576K
}
Event: 123.307 GC heap after
{Heap after GC invocations=81 (full 0):
 garbage-first heap   total 196608K, used 99800K [0x0000000080000000, 0x0000000100000000)
  region size 1024K, 2 young (2048K), 2 survivors (2048K)
 Metaspace       used 97438K, capacity 99668K, committed 99968K, reserved 1136640K
  class space    used 12318K, capacity 13092K, committed 13184K, reserved 1048576K
}
Event: 125.370 GC heap before
{Heap before GC invocations=81 (full 0):
 garbage-first heap   total 196608K, used 152024K [0x0000000080000000, 0x0000000100000000)
  region size 1024K, 54 young (55296K), 2 survivors (2048K)
 Metaspace       used 98804K, capacity 101025K, committed 101120K, reserved 1136640K
  class space    used 12454K, capacity 13223K, committed 13312K, reserved 1048576K
}
Event: 125.392 GC heap after
{Heap after GC invocations=82 (full 0):
 garbage-first heap   total 196608K, used 101307K [0x0000000080000000, 0x0000000100000000)
  region size 1024K, 4 young (4096K), 4 survivors (4096K)
 Metaspace       used 98804K, capacity 101025K, committed 101120K, reserved 1136640K
  class space    used 12454K, capacity 13223K, committed 13312K, reserved 1048576K
}
Event: 134.534 GC heap before
{Heap before GC invocations=83 (full 0):
 garbage-first heap   total 196608K, used 153531K [0x0000000080000000, 0x0000000100000000)
  region size 1024K, 55 young (56320K), 4 survivors (4096K)
 Metaspace       used 101921K, capacity 104239K, committed 104448K, reserved 1140736K
  class space    used 12853K, capacity 13709K, committed 13824K, reserved 1048576K
}
Event: 134.558 GC heap after
{Heap after GC invocations=84 (full 0):
 garbage-first heap   total 196608K, used 104822K [0x0000000080000000, 0x0000000100000000)
  region size 1024K, 7 young (7168K), 7 survivors (7168K)
 Metaspace       used 101921K, capacity 104239K, committed 104448K, reserved 1140736K
  class space    used 12853K, capacity 13709K, committed 13824K, reserved 1048576K
}
Event: 185.118 GC heap before
{Heap before GC invocations=84 (full 0):
 garbage-first heap   total 196608K, used 154998K [0x0000000080000000, 0x0000000100000000)
  region size 1024K, 57 young (58368K), 7 survivors (7168K)
 Metaspace       used 104273K, capacity 106774K, committed 107008K, reserved 1142784K
  class space    used 13156K, capacity 14016K, committed 14080K, reserved 1048576K
}
Event: 185.184 GC heap after
{Heap after GC invocations=85 (full 0):
 garbage-first heap   total 196608K, used 109232K [0x0000000080000000, 0x0000000100000000)
  region size 1024K, 8 young (8192K), 8 survivors (8192K)
 Metaspace       used 104273K, capacity 106774K, committed 107008K, reserved 1142784K
  class space    used 13156K, capacity 14016K, committed 14080K, reserved 1048576K
}
Event: 188.539 GC heap before
{Heap before GC invocations=86 (full 0):
 garbage-first heap   total 196608K, used 159408K [0x0000000080000000, 0x0000000100000000)
  region size 1024K, 56 young (57344K), 8 survivors (8192K)
 Metaspace       used 110562K, capacity 113245K, committed 113536K, reserved 1148928K
  class space    used 13943K, capacity 14874K, committed 14976K, reserved 1048576K
}
Event: 188.593 GC heap after
{Heap after GC invocations=87 (full 0):
 garbage-first heap   total 196608K, used 117474K [0x0000000080000000, 0x0000000100000000)
  region size 1024K, 6 young (6144K), 6 survivors (6144K)
 Metaspace       used 110562K, capacity 113245K, committed 113536K, reserved 1148928K
  class space    used 13943K, capacity 14874K, committed 14976K, reserved 1048576K
}
Event: 188.966 GC heap before
{Heap before GC invocations=87 (full 0):
 garbage-first heap   total 196608K, used 120546K [0x0000000080000000, 0x0000000100000000)
  region size 1024K, 9 young (9216K), 6 survivors (6144K)
 Metaspace       used 110571K, capacity 113246K, committed 113536K, reserved 1148928K
  class space    used 13943K, capacity 14874K, committed 14976K, reserved 1048576K
}
Event: 188.994 GC heap after
{Heap after GC invocations=88 (full 0):
 garbage-first heap   total 196608K, used 117248K [0x0000000080000000, 0x0000000100000000)
  region size 1024K, 1 young (1024K), 1 survivors (1024K)
 Metaspace       used 110571K, capacity 113246K, committed 113536K, reserved 1148928K
  class space    used 13943K, capacity 14874K, committed 14976K, reserved 1048576K
}
Event: 191.419 GC heap before
{Heap before GC invocations=88 (full 0):
 garbage-first heap   total 196608K, used 162304K [0x0000000080000000, 0x0000000100000000)
  region size 1024K, 42 young (43008K), 1 survivors (1024K)
 Metaspace       used 113571K, capacity 116347K, committed 116480K, reserved 1150976K
  class space    used 14292K, capacity 15292K, committed 15360K, reserved 1048576K
}
Event: 191.438 GC heap after
{Heap after GC invocations=89 (full 0):
 garbage-first heap   total 196608K, used 120765K [0x0000000080000000, 0x0000000100000000)
  region size 1024K, 5 young (5120K), 5 survivors (5120K)
 Metaspace       used 113571K, capacity 116347K, committed 116480K, reserved 1150976K
  class space    used 14292K, capacity 15292K, committed 15360K, reserved 1048576K
}
Event: 193.674 GC heap before
{Heap before GC invocations=90 (full 0):
 garbage-first heap   total 196608K, used 159677K [0x0000000080000000, 0x0000000100000000)
  region size 1024K, 44 young (45056K), 5 survivors (5120K)
 Metaspace       used 118423K, capacity 121313K, committed 121600K, reserved 1155072K
  class space    used 14941K, capacity 16019K, committed 16128K, reserved 1048576K
}
Event: 193.729 GC heap after
{Heap after GC invocations=91 (full 0):
 garbage-first heap   total 196608K, used 126884K [0x0000000080000000, 0x0000000100000000)
  region size 1024K, 6 young (6144K), 6 survivors (6144K)
 Metaspace       used 118423K, capacity 121313K, committed 121600K, reserved 1155072K
  class space    used 14941K, capacity 16019K, committed 16128K, reserved 1048576K
}
Event: 193.892 GC heap before
{Heap before GC invocations=91 (full 0):
 garbage-first heap   total 196608K, used 129956K [0x0000000080000000, 0x0000000100000000)
  region size 1024K, 9 young (9216K), 6 survivors (6144K)
 Metaspace       used 119287K, capacity 122241K, committed 122496K, reserved 1155072K
  class space    used 15106K, capacity 16201K, committed 16256K, reserved 1048576K
}
Event: 193.937 GC heap after
{Heap after GC invocations=92 (full 0):
 garbage-first heap   total 196608K, used 123214K [0x0000000080000000, 0x0000000100000000)
  region size 1024K, 1 young (1024K), 1 survivors (1024K)
 Metaspace       used 119287K, capacity 122241K, committed 122496K, reserved 1155072K
  class space    used 15106K, capacity 16201K, committed 16256K, reserved 1048576K
}
Event: 196.079 GC heap before
{Heap before GC invocations=92 (full 0):
 garbage-first heap   total 196608K, used 160078K [0x0000000080000000, 0x0000000100000000)
  region size 1024K, 37 young (37888K), 1 survivors (1024K)
 Metaspace       used 123342K, capacity 126527K, committed 126592K, reserved 1159168K
  class space    used 15609K, capacity 16765K, committed 16768K, reserved 1048576K
}
Event: 196.097 GC heap after
{Heap after GC invocations=93 (full 0):
 garbage-first heap   total 196608K, used 123006K [0x0000000080000000, 0x0000000100000000)
  region size 1024K, 1 young (1024K), 1 survivors (1024K)
 Metaspace       used 123342K, capacity 126527K, committed 126592K, reserved 1159168K
  class space    used 15609K, capacity 16765K, committed 16768K, reserved 1048576K
}

Deoptimization events (20 events):
Event: 197.173 Thread 0x000002e63dd96800 Uncommon trap: trap_request=0xffffff4d fr.pc=0x000002e62cdd16d0 relative=0x0000000000000190
Event: 197.173 Thread 0x000002e63dd96800 Uncommon trap: reason=unstable_if action=reinterpret pc=0x000002e62cdd16d0 method=java.util.concurrent.TimeUnit.convert(JLjava/util/concurrent/TimeUnit;)J @ 8 c2
Event: 197.173 Thread 0x000002e63dd96800 DEOPT PACKING pc=0x000002e62cdd16d0 sp=0x000000eec12fd030
Event: 197.173 Thread 0x000002e63dd96800 DEOPT UNPACKING pc=0x000002e624d06ca9 sp=0x000000eec12fcfe0 mode 2
Event: 197.276 Thread 0x000002e63f176800 DEOPT PACKING pc=0x000002e626a856e4 sp=0x000000eebfbfce00
Event: 197.276 Thread 0x000002e63f176800 DEOPT UNPACKING pc=0x000002e624d06abf sp=0x000000eebfbfc2e8 mode 0
Event: 197.276 Thread 0x000002e63f176800 DEOPT PACKING pc=0x000002e626a82394 sp=0x000000eebfbfcf30
Event: 197.276 Thread 0x000002e63f176800 DEOPT UNPACKING pc=0x000002e624d06abf sp=0x000000eebfbfc3e0 mode 0
Event: 197.276 Thread 0x000002e63f176800 DEOPT PACKING pc=0x000002e626a5efdc sp=0x000000eebfbfd5b0
Event: 197.276 Thread 0x000002e63f176800 DEOPT UNPACKING pc=0x000002e624d06abf sp=0x000000eebfbfcb60 mode 0
Event: 197.317 Thread 0x000002e63f176800 Uncommon trap: trap_request=0xffffffc6 fr.pc=0x000002e62d0ad030 relative=0x00000000000004b0
Event: 197.317 Thread 0x000002e63f176800 Uncommon trap: reason=bimorphic_or_optimized_type_check action=maybe_recompile pc=0x000002e62d0ad030 method=java.util.Spliterators$IteratorSpliterator.tryAdvance(Ljava/util/function/Consumer;)Z @ 68 c2
Event: 197.317 Thread 0x000002e63f176800 DEOPT PACKING pc=0x000002e62d0ad030 sp=0x000000eebfbfc420
Event: 197.317 Thread 0x000002e63f176800 DEOPT UNPACKING pc=0x000002e624d06ca9 sp=0x000000eebfbfc3b8 mode 2
Event: 197.318 Thread 0x000002e63f176800 Uncommon trap: trap_request=0xffffffc6 fr.pc=0x000002e62d0ad030 relative=0x00000000000004b0
Event: 197.318 Thread 0x000002e63f176800 Uncommon trap: reason=bimorphic_or_optimized_type_check action=maybe_recompile pc=0x000002e62d0ad030 method=java.util.Spliterators$IteratorSpliterator.tryAdvance(Ljava/util/function/Consumer;)Z @ 68 c2
Event: 197.318 Thread 0x000002e63f176800 DEOPT PACKING pc=0x000002e62d0ad030 sp=0x000000eebfbfc420
Event: 197.318 Thread 0x000002e63f176800 DEOPT UNPACKING pc=0x000002e624d06ca9 sp=0x000000eebfbfc3b8 mode 2
Event: 197.619 Thread 0x000002e63f17d000 DEOPT PACKING pc=0x000002e625e891c4 sp=0x000000eec11fde00
Event: 198.229 Thread 0x000002e63f17d000 DEOPT UNPACKING pc=0x000002e624d06abf sp=0x000000eec11fd3a0 mode 0

Classes redefined (0 events):
No events

Internal exceptions (20 events):
Event: 191.147 Thread 0x000002e63f176800 Exception <a 'java/lang/NoSuchMethodError'{0x0000000089eb5c58}: <clinit>> (0x0000000089eb5c58) thrown at [./src/hotspot/share/prims/jni.cpp, line 1362]
Event: 191.373 Thread 0x000002e63f17d000 Exception <a 'sun/nio/fs/WindowsException'{0x0000000089724cf8}> (0x0000000089724cf8) thrown at [./src/hotspot/share/prims/jni.cpp, line 615]
Event: 192.312 Thread 0x000002e63f17d000 Exception <a 'java/lang/NoSuchMethodError'{0x000000008b678180}: 'java.lang.Object java.lang.invoke.DirectMethodHandle$Holder.invokeStatic(java.lang.Object, java.lang.Object, java.lang.Object, java.lang.Object, java.lang.Object, java.lang.Object, java.lang.Object, java.lang.Object, java.lang.Object, java.lang.Object, java.lang.Object, java.lang.Object, java.lang.Object, java.lang.Object, java.lang.Object, java.lang.Object, java.lang.Object, java.lang.Object, int, java.lang.Object)'> (0x000000008b678180) thr
Event: 192.313 Thread 0x000002e63f17d000 Exception <a 'java/lang/NoSuchMethodError'{0x000000008b67e050}: 'java.lang.Object java.lang.invoke.DirectMethodHandle$Holder.invokeStaticInit(java.lang.Object, java.lang.Object, java.lang.Object, java.lang.Object, java.lang.Object, java.lang.Object, java.lang.Object, java.lang.Object, java.lang.Object, java.lang.Object, java.lang.Object, java.lang.Object, java.lang.Object, java.lang.Object, java.lang.Object, java.lang.Object, java.lang.Object, java.lang.Object, int, java.lang.Object)'> (0x000000008b67e050)
Event: 192.432 Thread 0x000002e63f17d000 Exception <a 'java/lang/IncompatibleClassChangeError'{0x000000008b562358}: Found class java.lang.Object, but interface was expected> (0x000000008b562358) thrown at [./src/hotspot/share/interpreter/linkResolver.cpp, line 839]
Event: 192.868 Thread 0x000002e63f17d000 Exception <a 'java/lang/NoSuchMethodError'{0x000000008aaaba28}: 'void java.lang.invoke.DirectMethodHandle$Holder.invokeStatic(java.lang.Object, java.lang.Object, java.lang.Object, int)'> (0x000000008aaaba28) thrown at [./src/hotspot/share/interpreter/linkResolver.cpp, line 773]
Event: 192.881 Thread 0x000002e63f17d000 Exception <a 'java/lang/IncompatibleClassChangeError'{0x000000008aab38c0}: Found class java.lang.Object, but interface was expected> (0x000000008aab38c0) thrown at [./src/hotspot/share/interpreter/linkResolver.cpp, line 839]
Event: 193.753 Thread 0x000002e63f17d000 Exception <a 'java/lang/NoSuchMethodError'{0x000000008bf83a18}: 'java.lang.Object java.lang.invoke.Invokers$Holder.linkToTargetMethod(java.lang.Object, java.lang.Object, java.lang.Object, java.lang.Object, java.lang.Object, java.lang.Object, java.lang.Object)'> (0x000000008bf83a18) thrown at [./src/hotspot/share/interpreter/linkResolver.cpp, line 773]
Event: 193.872 Thread 0x000002e63dd96800 Exception <a 'java/lang/NoSuchMethodError'{0x000000008bdeb4a8}: 'java.lang.Object java.lang.invoke.DirectMethodHandle$Holder.invokeVirtual(java.lang.Object, java.lang.Object, int, java.lang.Object)'> (0x000000008bdeb4a8) thrown at [./src/hotspot/share/interpreter/linkResolver.cpp, line 773]
Event: 193.959 Thread 0x000002e63f17d000 Exception <a 'java/lang/IncompatibleClassChangeError'{0x000000008bfd17e0}: Found class java.lang.Object, but interface was expected> (0x000000008bfd17e0) thrown at [./src/hotspot/share/interpreter/linkResolver.cpp, line 839]
Event: 193.987 Thread 0x000002e63dd96800 Exception <a 'java/lang/NoSuchMethodError'{0x000000008bf8d058}: 'void java.lang.invoke.DirectMethodHandle$Holder.invokeVirtual(java.lang.Object, java.lang.Object, int, java.lang.Object)'> (0x000000008bf8d058) thrown at [./src/hotspot/share/interpreter/linkResolver.cpp, line 773]
Event: 194.027 Thread 0x000002e63f17d000 Exception <a 'java/lang/IncompatibleClassChangeError'{0x000000008bfda790}: Found class java.lang.Object, but interface was expected> (0x000000008bfda790) thrown at [./src/hotspot/share/interpreter/linkResolver.cpp, line 839]
Event: 194.116 Thread 0x000002e63f17d000 Exception <a 'java/lang/NoSuchMethodError'{0x000000008bbe3660}: 'java.lang.Object java.lang.invoke.DirectMethodHandle$Holder.newInvokeSpecial(java.lang.Object, int)'> (0x000000008bbe3660) thrown at [./src/hotspot/share/interpreter/linkResolver.cpp, line 773]
Event: 194.706 Thread 0x000002e63f17d000 Exception <a 'java/lang/NoSuchMethodError'{0x000000008b2ff8a0}: 'void java.lang.invoke.DirectMethodHandle$Holder.invokeSpecial(java.lang.Object, java.lang.Object, int, java.lang.Object, java.lang.Object, java.lang.Object, java.lang.Object)'> (0x000000008b2ff8a0) thrown at [./src/hotspot/share/interpreter/linkResolver.cpp, line 773]
Event: 194.707 Thread 0x000002e63f17d000 Exception <a 'java/lang/NoSuchMethodError'{0x000000008b10b498}: 'java.lang.Object java.lang.invoke.Invokers$Holder.linkToTargetMethod(java.lang.Object, int, java.lang.Object, java.lang.Object, java.lang.Object, java.lang.Object)'> (0x000000008b10b498) thrown at [./src/hotspot/share/interpreter/linkResolver.cpp, line 773]
Event: 194.708 Thread 0x000002e63f17d000 Exception <a 'java/lang/NoSuchMethodError'{0x000000008b10f150}: 'void java.lang.invoke.DirectMethodHandle$Holder.invokeSpecial(java.lang.Object, java.lang.Object, java.lang.Object, java.lang.Object, java.lang.Object, java.lang.Object, java.lang.Object, java.lang.Object, java.lang.Object)'> (0x000000008b10f150) thrown at [./src/hotspot/share/interpreter/linkResolver.cpp, line 773]
Event: 194.720 Thread 0x000002e63f17d000 Exception <a 'java/lang/NoSuchMethodError'{0x000000008b1269e0}: 'void java.lang.invoke.DirectMethodHandle$Holder.invokeStatic(java.lang.Object, java.lang.Object, java.lang.Object, java.lang.Object, java.lang.Object, java.lang.Object, java.lang.Object, java.lang.Object)'> (0x000000008b1269e0) thrown at [./src/hotspot/share/interpreter/linkResolver.cpp, line 773]
Event: 194.956 Thread 0x000002e63f17d000 Exception <a 'java/lang/NoSuchMethodError'{0x000000008ac12e00}: 'void java.lang.invoke.DirectMethodHandle$Holder.invokeVirtual(java.lang.Object, java.lang.Object, int)'> (0x000000008ac12e00) thrown at [./src/hotspot/share/interpreter/linkResolver.cpp, line 773]
Event: 195.020 Thread 0x000002e63f17d000 Exception <a 'sun/nio/fs/WindowsException'{0x000000008a9aa758}> (0x000000008a9aa758) thrown at [./src/hotspot/share/prims/jni.cpp, line 615]
Event: 196.691 Thread 0x000002e63dd96800 Exception <a 'java/lang/IncompatibleClassChangeError'{0x000000008b002b68}: Found class java.lang.Object, but interface was expected> (0x000000008b002b68) thrown at [./src/hotspot/share/interpreter/linkResolver.cpp, line 839]

Events (20 events):
Event: 197.331 loading class com/android/build/gradle/internal/tasks/DexMergingTaskDelegate$Params
Event: 197.331 loading class com/android/build/gradle/internal/tasks/DexMergingTaskDelegate$Params done
Event: 197.338 loading class com/android/builder/files/SerializableChange
Event: 197.338 loading class com/android/builder/files/SerializableChange done
Event: 197.340 loading class com/android/builder/files/SerializableChange$Companion
Event: 197.340 loading class com/android/builder/files/SerializableChange$Companion done
Event: 197.341 loading class com/android/builder/files/SerializableFileChanges$Companion
Event: 197.341 loading class com/android/builder/files/SerializableFileChanges$Companion done
Event: 197.342 loading class com/android/builder/files/SerializableFileChanges$fileStatusMap$2
Event: 197.342 loading class com/android/builder/files/SerializableFileChanges$fileStatusMap$2 done
Event: 197.343 loading class com/android/builder/files/SerializableFileChanges$removedFiles$2
Event: 197.343 loading class com/android/builder/files/SerializableFileChanges$removedFiles$2 done
Event: 197.344 loading class com/android/builder/files/SerializableFileChanges$modifiedFiles$2
Event: 197.344 loading class com/android/builder/files/SerializableFileChanges$modifiedFiles$2 done
Event: 197.345 loading class com/android/builder/files/SerializableFileChanges$addedFiles$2
Event: 197.345 loading class com/android/builder/files/SerializableFileChanges$addedFiles$2 done
Event: 198.235 loading class com/android/build/gradle/internal/tasks/DexMergingTaskDelegate$Companion
Event: 198.235 loading class com/android/build/gradle/internal/tasks/DexMergingTaskDelegate$Companion done
Event: 198.268 loading class com/android/build/gradle/internal/tasks/DexMergingTaskDelegate$Companion$isDexFile$1
Event: 198.268 loading class com/android/build/gradle/internal/tasks/DexMergingTaskDelegate$Companion$isDexFile$1 done


Dynamic libraries:
0x00007ff715e70000 - 0x00007ff715e7a000 	C:\Program Files\Android\Android Studio\jre\bin\java.exe
0x00007ffc4a1b0000 - 0x00007ffc4a3a5000 	C:\WINDOWS\SYSTEM32\ntdll.dll
0x00007ffc1abf0000 - 0x00007ffc1ac06000 	C:\Program Files\Avast Software\Avast\aswhook.dll
0x00007ffc49b30000 - 0x00007ffc49bee000 	C:\WINDOWS\System32\KERNEL32.DLL
0x00007ffc47e00000 - 0x00007ffc480c8000 	C:\WINDOWS\System32\KERNELBASE.dll
0x00007ffc479d0000 - 0x00007ffc47ad0000 	C:\WINDOWS\System32\ucrtbase.dll
0x00007ffc0b4f0000 - 0x00007ffc0b509000 	C:\Program Files\Android\Android Studio\jre\bin\jli.dll
0x00007ffc040d0000 - 0x00007ffc040e7000 	C:\Program Files\Android\Android Studio\jre\bin\VCRUNTIME140.dll
0x00007ffc49f20000 - 0x00007ffc4a0c1000 	C:\WINDOWS\System32\USER32.dll
0x00007ffc48130000 - 0x00007ffc48152000 	C:\WINDOWS\System32\win32u.dll
0x00007ffc2f510000 - 0x00007ffc2f7aa000 	C:\WINDOWS\WinSxS\amd64_microsoft.windows.common-controls_6595b64144ccf1df_6.0.19041.1110_none_60b5254171f9507e\COMCTL32.dll
0x00007ffc48a50000 - 0x00007ffc48a7b000 	C:\WINDOWS\System32\GDI32.dll
0x00007ffc47c60000 - 0x00007ffc47d6b000 	C:\WINDOWS\System32\gdi32full.dll
0x00007ffc4a0d0000 - 0x00007ffc4a16e000 	C:\WINDOWS\System32\msvcrt.dll
0x00007ffc48160000 - 0x00007ffc481fd000 	C:\WINDOWS\System32\msvcp_win.dll
0x00007ffc49520000 - 0x00007ffc49550000 	C:\WINDOWS\System32\IMM32.DLL
0x00007ffbf1500000 - 0x00007ffbf159d000 	C:\Program Files\Android\Android Studio\jre\bin\msvcp140.dll
0x00007ffbf6e00000 - 0x00007ffbf78cf000 	C:\Program Files\Android\Android Studio\jre\bin\server\jvm.dll
0x00007ffc496b0000 - 0x00007ffc4975c000 	C:\WINDOWS\System32\ADVAPI32.dll
0x00007ffc49000000 - 0x00007ffc4909b000 	C:\WINDOWS\System32\sechost.dll
0x00007ffc49bf0000 - 0x00007ffc49d1a000 	C:\WINDOWS\System32\RPCRT4.dll
0x00007ffc49580000 - 0x00007ffc49588000 	C:\WINDOWS\System32\PSAPI.DLL
0x00007ffc25050000 - 0x00007ffc25077000 	C:\WINDOWS\SYSTEM32\WINMM.dll
0x00007ffc2b640000 - 0x00007ffc2b649000 	C:\WINDOWS\SYSTEM32\WSOCK32.dll
0x00007ffc3efb0000 - 0x00007ffc3efba000 	C:\WINDOWS\SYSTEM32\VERSION.dll
0x00007ffc49590000 - 0x00007ffc495fb000 	C:\WINDOWS\System32\WS2_32.dll
0x00007ffc46150000 - 0x00007ffc46162000 	C:\WINDOWS\SYSTEM32\kernel.appcore.dll
0x00007ffc2b7c0000 - 0x00007ffc2b7d1000 	C:\Program Files\Android\Android Studio\jre\bin\verify.dll
0x00007ffc45e70000 - 0x00007ffc46054000 	C:\WINDOWS\SYSTEM32\DBGHELP.DLL
0x00007ffc30500000 - 0x00007ffc3052c000 	C:\WINDOWS\SYSTEM32\dbgcore.DLL
0x00007ffc47d70000 - 0x00007ffc47df3000 	C:\WINDOWS\System32\bcryptPrimitives.dll
0x00007ffc2b790000 - 0x00007ffc2b7b9000 	C:\Program Files\Android\Android Studio\jre\bin\java.dll
0x00007ffc2d6a0000 - 0x00007ffc2d6ab000 	C:\Program Files\Android\Android Studio\jre\bin\jimage.dll
0x00007ffc27bd0000 - 0x00007ffc27be8000 	C:\Program Files\Android\Android Studio\jre\bin\zip.dll
0x00007ffc48310000 - 0x00007ffc48a4f000 	C:\WINDOWS\System32\SHELL32.dll
0x00007ffc45610000 - 0x00007ffc45da0000 	C:\WINDOWS\SYSTEM32\windows.storage.dll
0x00007ffc48c90000 - 0x00007ffc48fe5000 	C:\WINDOWS\System32\combase.dll
0x00007ffc47250000 - 0x00007ffc4727e000 	C:\WINDOWS\SYSTEM32\Wldp.dll
0x00007ffc49600000 - 0x00007ffc496ad000 	C:\WINDOWS\System32\SHCORE.dll
0x00007ffc49ad0000 - 0x00007ffc49b25000 	C:\WINDOWS\System32\shlwapi.dll
0x00007ffc47810000 - 0x00007ffc4782f000 	C:\WINDOWS\SYSTEM32\profapi.dll
0x00007ffc27bb0000 - 0x00007ffc27bca000 	C:\Program Files\Android\Android Studio\jre\bin\net.dll
0x00007ffc329b0000 - 0x00007ffc32abc000 	C:\WINDOWS\SYSTEM32\WINHTTP.dll
0x00007ffc46fb0000 - 0x00007ffc4701a000 	C:\WINDOWS\system32\mswsock.dll
0x00007ffc0c7f0000 - 0x00007ffc0c804000 	C:\Program Files\Android\Android Studio\jre\bin\nio.dll
0x00007ffc07db0000 - 0x00007ffc07dd7000 	C:\Users\Jenni\.gradle\native\8bec1ad78214c89d9ad589b4d07fe93259594b29d510b10fafb7a158f7737e5d\windows-amd64\native-platform.dll
0x00007ffbe3bc0000 - 0x00007ffbe3cfd000 	C:\Users\Jenni\.gradle\native\53dbd7edfb1c66fb8903c78663c9afc45aea4f116125fa6feffd364cf09443e8\windows-amd64\native-platform-file-events.dll
0x00007ffc2d010000 - 0x00007ffc2d01a000 	C:\Program Files\Android\Android Studio\jre\bin\management.dll
0x00007ffc2c3d0000 - 0x00007ffc2c3dc000 	C:\Program Files\Android\Android Studio\jre\bin\management_ext.dll
0x00007ffc471a0000 - 0x00007ffc471b8000 	C:\WINDOWS\SYSTEM32\CRYPTSP.dll
0x00007ffc46930000 - 0x00007ffc46964000 	C:\WINDOWS\system32\rsaenh.dll
0x00007ffc47ad0000 - 0x00007ffc47af7000 	C:\WINDOWS\System32\bcrypt.dll
0x00007ffc47790000 - 0x00007ffc477be000 	C:\WINDOWS\SYSTEM32\USERENV.dll
0x00007ffc471c0000 - 0x00007ffc471cc000 	C:\WINDOWS\SYSTEM32\CRYPTBASE.dll
0x00007ffc46ca0000 - 0x00007ffc46cdb000 	C:\WINDOWS\SYSTEM32\IPHLPAPI.DLL
0x00007ffc49550000 - 0x00007ffc49558000 	C:\WINDOWS\System32\NSI.dll
0x00007ffc311f0000 - 0x00007ffc31207000 	C:\WINDOWS\SYSTEM32\dhcpcsvc6.DLL
0x00007ffc328e0000 - 0x00007ffc328fd000 	C:\WINDOWS\SYSTEM32\dhcpcsvc.DLL
0x00007ffc46ce0000 - 0x00007ffc46dab000 	C:\WINDOWS\SYSTEM32\DNSAPI.dll
0x00007ffc21880000 - 0x00007ffc2189e000 	C:\Users\Jenni\AppData\Local\Temp\native-platform16951548555337867292dir\native-platform.dll
0x00007ffc446c0000 - 0x00007ffc446c8000 	C:\Program Files\Android\Android Studio\jre\bin\rmi.dll
0x00007ffc25d20000 - 0x00007ffc25d37000 	C:\WINDOWS\system32\napinsp.dll
0x00007ffc25d00000 - 0x00007ffc25d1b000 	C:\WINDOWS\system32\pnrpnsp.dll
0x00007ffc41860000 - 0x00007ffc41875000 	C:\WINDOWS\system32\wshbth.dll
0x00007ffc429c0000 - 0x00007ffc429dd000 	C:\WINDOWS\system32\NLAapi.dll
0x00007ffc25ce0000 - 0x00007ffc25cf2000 	C:\WINDOWS\System32\winrnr.dll
0x00007ffc2bf70000 - 0x00007ffc2bf7a000 	C:\Windows\System32\rasadhlp.dll
0x00007ffc2c460000 - 0x00007ffc2c4df000 	C:\WINDOWS\System32\fwpuclnt.dll

dbghelp: loaded successfully - version: 4.0.5 - missing functions: none
symbol engine: initialized successfully - sym options: 0x614 - pdb path: .;C:\Program Files\Android\Android Studio\jre\bin;C:\WINDOWS\SYSTEM32;C:\Program Files\Avast Software\Avast;C:\WINDOWS\WinSxS\amd64_microsoft.windows.common-controls_6595b64144ccf1df_6.0.19041.1110_none_60b5254171f9507e;C:\Program Files\Android\Android Studio\jre\bin\server;C:\Users\Jenni\.gradle\native\8bec1ad78214c89d9ad589b4d07fe93259594b29d510b10fafb7a158f7737e5d\windows-amd64;C:\Users\Jenni\.gradle\native\53dbd7edfb1c66fb8903c78663c9afc45aea4f116125fa6feffd364cf09443e8\windows-amd64;C:\Users\Jenni\AppData\Local\Temp\native-platform16951548555337867292dir

VM Arguments:
jvm_args: --add-opens=java.base/java.util=ALL-UNNAMED --add-opens=java.base/java.lang=ALL-UNNAMED --add-opens=java.base/java.lang.invoke=ALL-UNNAMED --add-opens=java.base/java.util=ALL-UNNAMED --add-opens=java.prefs/java.util.prefs=ALL-UNNAMED --add-opens=java.prefs/java.util.prefs=ALL-UNNAMED --add-opens=java.base/java.nio.charset=ALL-UNNAMED --add-opens=java.base/java.net=ALL-UNNAMED --add-opens=java.base/java.util.concurrent.atomic=ALL-UNNAMED -Xmx2048m -Dfile.encoding=UTF-8 -Duser.country=MX -Duser.language=es -Duser.variant 
java_command: org.gradle.launcher.daemon.bootstrap.GradleDaemon 7.0.2
java_class_path (initial): C:\Users\Jenni\.gradle\wrapper\dists\gradle-7.0.2-bin\857tjihv64xamwrf0h14cai3r\gradle-7.0.2\lib\gradle-launcher-7.0.2.jar
Launcher Type: SUN_STANDARD

[Global flags]
     intx CICompilerCount                          = 2                                         {product} {ergonomic}
     uint ConcGCThreads                            = 1                                         {product} {ergonomic}
     uint G1ConcRefinementThreads                  = 2                                         {product} {ergonomic}
   size_t G1HeapRegionSize                         = 1048576                                   {product} {ergonomic}
    uintx GCDrainStackTargetSize                   = 64                                        {product} {ergonomic}
   size_t InitialHeapSize                          = 65011712                                  {product} {ergonomic}
   size_t MarkStackSize                            = 4194304                                   {product} {ergonomic}
   size_t MaxHeapSize                              = 2147483648                                {product} {command line}
   size_t MaxNewSize                               = 1287651328                                {product} {ergonomic}
   size_t MinHeapDeltaBytes                        = 1048576                                   {product} {ergonomic}
    uintx NonNMethodCodeHeapSize                   = 5825164                                {pd product} {ergonomic}
    uintx NonProfiledCodeHeapSize                  = 122916538                              {pd product} {ergonomic}
    uintx ProfiledCodeHeapSize                     = 122916538                              {pd product} {ergonomic}
    uintx ReservedCodeCacheSize                    = 251658240                              {pd product} {ergonomic}
     bool SegmentedCodeCache                       = true                                      {product} {ergonomic}
     bool UseCompressedClassPointers               = true                                 {lp64_product} {ergonomic}
     bool UseCompressedOops                        = true                                 {lp64_product} {ergonomic}
     bool UseG1GC                                  = true                                      {product} {ergonomic}
     bool UseLargePagesIndividualAllocation        = false                                  {pd product} {ergonomic}

Logging:
Log output configuration:
 #0: stdout all=warning uptime,level,tags
 #1: stderr all=off uptime,level,tags

Environment Variables:
PATH=C:\Program Files\Common Files\Oracle\Java\javapath;C:\WINDOWS\system32;C:\WINDOWS;C:\WINDOWS\System32\Wbem;C:\WINDOWS\System32\WindowsPowerShell\v1.0\;C:\WINDOWS\System32\OpenSSH\;C:\Program Files\Git\cmd;C:\Users\Jenni\AppData\Local\Microsoft\WindowsApps
USERNAME=Jenni
OS=Windows_NT
PROCESSOR_IDENTIFIER=Intel64 Family 6 Model 122 Stepping 1, GenuineIntel



---------------  S Y S T E M  ---------------

OS: Windows 10 , 64 bit Build 19041 (10.0.19041.1348)
OS uptime: 0 days 9:58 hours

CPU:total 2 (initial active 2) (2 cores per cpu, 1 threads per core) family 6 model 122 stepping 1 microcode 0x32, cmov, cx8, fxsr, mmx, sse, sse2, sse3, ssse3, sse4.1, sse4.2, popcnt, aes, clmul, erms, 3dnowpref, tsc, tscinvbit, sha

Memory: 4k page, system-wide physical 3911M (205M free)
TotalPageFile size 6385M (AvailPageFile size 4M)
current process WorkingSet (physical memory assigned to process): 397M, peak: 435M
current process commit charge ("private bytes"): 531M, peak: 534M

vm_info: OpenJDK 64-Bit Server VM (11.0.10+0-b96-7249189) for windows-amd64 JRE (11.0.10+0-b96-7249189), built on Mar 31 2021 21:44:00 by "builder" with MS VC++ 14.0 (VS2015)

END.
