#
# There is insufficient memory for the Java Runtime Environment to continue.
# Native memory allocation (malloc) failed to allocate 217296 bytes for Chunk::new
# Possible reasons:
#   The system is out of physical RAM or swap space
#   The process is running with CompressedOops enabled, and the Java Heap may be blocking the growth of the native heap
# Possible solutions:
#   Reduce memory load on the system
#   Increase physical memory or swap space
#   Check if swap backing store is full
#   Decrease Java heap size (-Xmx/-Xms)
#   Decrease number of Java threads
#   Decrease Java thread stack sizes (-Xss)
#   Set larger code cache with -XX:ReservedCodeCacheSize=
#   JVM is running with Unscaled Compressed Oops mode in which the Java heap is
#     placed in the first 4GB address space. The Java Heap base address is the
#     maximum limit for the native heap growth. Please use -XX:HeapBaseMinAddress
#     to set the Java Heap base and to place the Java Heap above 4GB virtual address.
# This output file may be truncated or incomplete.
#
#  Out of Memory Error (./src/hotspot/share/memory/arena.cpp:197), pid=12620, tid=3464
#
# JRE version: OpenJDK Runtime Environment (11.0.10) (build 11.0.10+0-b96-7249189)
# Java VM: OpenJDK 64-Bit Server VM (11.0.10+0-b96-7249189, mixed mode, tiered, compressed oops, g1 gc, windows-amd64)
# No core dump will be written. Minidumps are not enabled by default on client versions of Windows
#

---------------  S U M M A R Y ------------

Command Line: --add-opens=java.base/java.util=ALL-UNNAMED --add-opens=java.base/java.lang=ALL-UNNAMED --add-opens=java.base/java.lang.invoke=ALL-UNNAMED --add-opens=java.base/java.util=ALL-UNNAMED --add-opens=java.prefs/java.util.prefs=ALL-UNNAMED --add-opens=java.prefs/java.util.prefs=ALL-UNNAMED --add-opens=java.base/java.nio.charset=ALL-UNNAMED --add-opens=java.base/java.net=ALL-UNNAMED --add-opens=java.base/java.util.concurrent.atomic=ALL-UNNAMED -Xmx2048m -Dfile.encoding=UTF-8 -Duser.country=MX -Duser.language=es -Duser.variant org.gradle.launcher.daemon.bootstrap.GradleDaemon 7.0.2

Host: Intel(R) Celeron(R) N4000 CPU @ 1.10GHz, 2 cores, 3G,  Windows 10 , 64 bit Build 19041 (10.0.19041.1348)
Time: Tue Nov 30 14:52:22 2021 Hora estándar del Este (México) elapsed time: 104.943969 seconds (0d 0h 1m 44s)

---------------  T H R E A D  ---------------

Current thread (0x000002ca7e8e4000):  JavaThread "C2 CompilerThread0" daemon [_thread_in_native, id=3464, stack(0x000000ce43d00000,0x000000ce43e00000)]


Current CompileTask:
C2: 104944 13839       4       com.android.tools.r8.code.w1::a (4137 bytes)

Stack: [0x000000ce43d00000,0x000000ce43e00000]
Native frames: (J=compiled Java code, j=interpreted, Vv=VM code, C=native code)
V  [jvm.dll+0x5ecfaa]
V  [jvm.dll+0x722bd5]
V  [jvm.dll+0x72412d]
V  [jvm.dll+0x7247e3]
V  [jvm.dll+0x242928]
V  [jvm.dll+0xbc4fc]
V  [jvm.dll+0xbca0c]
V  [jvm.dll+0x4ea2d0]
V  [jvm.dll+0x320b02]
V  [jvm.dll+0x31ffca]
V  [jvm.dll+0x1fb602]
V  [jvm.dll+0x1fa7f4]
V  [jvm.dll+0x18354c]
V  [jvm.dll+0x208ee7]
V  [jvm.dll+0x207731]
V  [jvm.dll+0x6eb1cf]
V  [jvm.dll+0x6e3d45]
V  [jvm.dll+0x5ebe96]
C  [ucrtbase.dll+0x21bb2]
C  [KERNEL32.DLL+0x17034]
C  [ntdll.dll+0x52651]


---------------  P R O C E S S  ---------------

Threads class SMR info:
_java_thread_list=0x000002ca7f758910, length=53, elements={
0x000002ca7bc00800, 0x000002ca7e8c4800, 0x000002ca7e8ca000, 0x000002ca7e8de000,
0x000002ca7e8de800, 0x000002ca7e8e0000, 0x000002ca7e8e4000, 0x000002ca7e8e7800,
0x000002ca7f2c0800, 0x000002ca7f3b0800, 0x000002ca192d5800, 0x000002ca18b95800,
0x000002ca19669800, 0x000002ca1966c800, 0x000002ca19fff800, 0x000002ca7fcaa800,
0x000002ca18d27800, 0x000002ca7fb00800, 0x000002ca19e83800, 0x000002ca19e89000,
0x000002ca19e88000, 0x000002ca19e87800, 0x000002ca19e8a000, 0x000002ca19e84000,
0x000002ca19e85000, 0x000002ca19e85800, 0x000002ca19e86800, 0x000002ca1a282000,
0x000002ca1a280800, 0x000002ca1a283000, 0x000002ca1a281000, 0x000002ca1a285000,
0x000002ca1a28b000, 0x000002ca1a286000, 0x000002ca1a28a000, 0x000002ca1a289800,
0x000002ca1a28b800, 0x000002ca1a28c800, 0x000002ca1a287800, 0x000002ca1a287000,
0x000002ca1a28d800, 0x000002ca1a288800, 0x000002ca1dbb4000, 0x000002ca1dbb3000,
0x000002ca1dbb1800, 0x000002ca1dbb8000, 0x000002ca1dbb7800, 0x000002ca1dbb5000,
0x000002ca1dbb2800, 0x000002ca1dbb6800, 0x000002ca1dbba800, 0x000002ca1dbb9000,
0x000002ca1dbb9800
}

Java Threads: ( => current thread )
  0x000002ca7bc00800 JavaThread "main" [_thread_blocked, id=10456, stack(0x000000ce43100000,0x000000ce43200000)]
  0x000002ca7e8c4800 JavaThread "Reference Handler" daemon [_thread_blocked, id=5136, stack(0x000000ce43800000,0x000000ce43900000)]
  0x000002ca7e8ca000 JavaThread "Finalizer" daemon [_thread_blocked, id=12960, stack(0x000000ce43900000,0x000000ce43a00000)]
  0x000002ca7e8de000 JavaThread "Signal Dispatcher" daemon [_thread_blocked, id=4924, stack(0x000000ce43a00000,0x000000ce43b00000)]
  0x000002ca7e8de800 JavaThread "Attach Listener" daemon [_thread_blocked, id=9596, stack(0x000000ce43b00000,0x000000ce43c00000)]
  0x000002ca7e8e0000 JavaThread "Service Thread" daemon [_thread_blocked, id=2548, stack(0x000000ce43c00000,0x000000ce43d00000)]
=>0x000002ca7e8e4000 JavaThread "C2 CompilerThread0" daemon [_thread_in_native, id=3464, stack(0x000000ce43d00000,0x000000ce43e00000)]
  0x000002ca7e8e7800 JavaThread "C1 CompilerThread0" daemon [_thread_blocked, id=8024, stack(0x000000ce43e00000,0x000000ce43f00000)]
  0x000002ca7f2c0800 JavaThread "Sweeper thread" daemon [_thread_blocked, id=9032, stack(0x000000ce43f00000,0x000000ce44000000)]
  0x000002ca7f3b0800 JavaThread "Common-Cleaner" daemon [_thread_blocked, id=5124, stack(0x000000ce44000000,0x000000ce44100000)]
  0x000002ca192d5800 JavaThread "Daemon health stats" [_thread_blocked, id=10832, stack(0x000000ce44300000,0x000000ce44400000)]
  0x000002ca18b95800 JavaThread "Incoming local TCP Connector on port 63265" [_thread_in_native, id=11144, stack(0x000000ce44400000,0x000000ce44500000)]
  0x000002ca19669800 JavaThread "Daemon" [_thread_blocked, id=10888, stack(0x000000ce44500000,0x000000ce44600000)]
  0x000002ca1966c800 JavaThread "Daemon periodic checks" [_thread_blocked, id=2928, stack(0x000000ce44600000,0x000000ce44700000)]
  0x000002ca19fff800 JavaThread "Handler for socket connection from /127.0.0.1:63265 to /127.0.0.1:63266" [_thread_in_native, id=12928, stack(0x000000ce44700000,0x000000ce44800000)]
  0x000002ca7fcaa800 JavaThread "Cancel handler" [_thread_blocked, id=5236, stack(0x000000ce44800000,0x000000ce44900000)]
  0x000002ca18d27800 JavaThread "Daemon worker" [_thread_blocked, id=1160, stack(0x000000ce44900000,0x000000ce44a00000)]
  0x000002ca7fb00800 JavaThread "Asynchronous log dispatcher for DefaultDaemonConnection: socket connection from /127.0.0.1:63265 to /127.0.0.1:63266" [_thread_blocked, id=9160, stack(0x000000ce44a00000,0x000000ce44b00000)]
  0x000002ca19e83800 JavaThread "Daemon client event forwarder" [_thread_blocked, id=11588, stack(0x000000ce44c00000,0x000000ce44d00000)]
  0x000002ca19e89000 JavaThread "Cache worker for file hash cache (C:\Users\Jenni\.gradle\caches\7.0.2\fileHashes)" [_thread_blocked, id=3000, stack(0x000000ce44d00000,0x000000ce44e00000)]
  0x000002ca19e88000 JavaThread "File lock request listener" [_thread_in_native, id=9184, stack(0x000000ce44e00000,0x000000ce44f00000)]
  0x000002ca19e87800 JavaThread "Cache worker for journal cache (C:\Users\Jenni\.gradle\caches\journal-1)" [_thread_blocked, id=2264, stack(0x000000ce44f00000,0x000000ce45000000)]
  0x000002ca19e8a000 JavaThread "Cache worker for file hash cache (C:\Users\Jenni\AndroidStudioProjects\Aplicacion1\.gradle\7.0.2\fileHashes)" [_thread_blocked, id=7956, stack(0x000000ce45000000,0x000000ce45100000)]
  0x000002ca19e84000 JavaThread "File watcher server" daemon [_thread_in_native, id=4700, stack(0x000000ce45100000,0x000000ce45200000)]
  0x000002ca19e85000 JavaThread "File watcher consumer" daemon [_thread_blocked, id=3012, stack(0x000000ce45200000,0x000000ce45300000)]
  0x000002ca19e85800 JavaThread "Cache worker for checksums cache (C:\Users\Jenni\AndroidStudioProjects\Aplicacion1\.gradle\checksums)" [_thread_blocked, id=4948, stack(0x000000ce45300000,0x000000ce45400000)]
  0x000002ca19e86800 JavaThread "Cache worker for cache directory md-supplier (C:\Users\Jenni\.gradle\caches\7.0.2\md-supplier)" [_thread_blocked, id=888, stack(0x000000ce45400000,0x000000ce45500000)]
  0x000002ca1a282000 JavaThread "Cache worker for cache directory md-rule (C:\Users\Jenni\.gradle\caches\7.0.2\md-rule)" [_thread_blocked, id=7684, stack(0x000000ce45500000,0x000000ce45600000)]
  0x000002ca1a280800 JavaThread "Cache worker for execution history cache (C:\Users\Jenni\.gradle\caches\7.0.2\executionHistory)" [_thread_blocked, id=11756, stack(0x000000ce45600000,0x000000ce45700000)]
  0x000002ca1a283000 JavaThread "jar transforms" [_thread_blocked, id=8636, stack(0x000000ce45700000,0x000000ce45800000)]
  0x000002ca1a281000 JavaThread "jar transforms Thread 2" [_thread_blocked, id=12504, stack(0x000000ce45800000,0x000000ce45900000)]
  0x000002ca1a285000 JavaThread "Cache worker for file content cache (C:\Users\Jenni\.gradle\caches\7.0.2\fileContent)" [_thread_blocked, id=1580, stack(0x000000ce45900000,0x000000ce45a00000)]
  0x000002ca1a28b000 JavaThread "Cache worker for dependencies-accessors (C:\Users\Jenni\AndroidStudioProjects\Aplicacion1\.gradle\7.0.2\dependencies-accessors)" [_thread_blocked, id=9624, stack(0x000000ce45a00000,0x000000ce45b00000)]
  0x000002ca1a286000 JavaThread "Cache worker for Build Output Cleanup Cache (C:\Users\Jenni\AndroidStudioProjects\Aplicacion1\.gradle\buildOutputCleanup)" [_thread_blocked, id=4676, stack(0x000000ce45b00000,0x000000ce45c00000)]
  0x000002ca1a28a000 JavaThread "Build operations" [_thread_blocked, id=652, stack(0x000000ce45c00000,0x000000ce45d00000)]
  0x000002ca1a289800 JavaThread "Build operations Thread 2" [_thread_blocked, id=2140, stack(0x000000ce45d00000,0x000000ce45e00000)]
  0x000002ca1a28b800 JavaThread "Memory manager" [_thread_blocked, id=3312, stack(0x000000ce45e00000,0x000000ce45f00000)]
  0x000002ca1a28c800 JavaThread "build event listener" [_thread_blocked, id=9648, stack(0x000000ce45f00000,0x000000ce46000000)]
  0x000002ca1a287800 JavaThread "build event listener" [_thread_blocked, id=9800, stack(0x000000ce46000000,0x000000ce46100000)]
  0x000002ca1a287000 JavaThread "Execution worker for ':'" [_thread_blocked, id=12744, stack(0x000000ce46100000,0x000000ce46200000)]
  0x000002ca1a28d800 JavaThread "Cache worker for execution history cache (C:\Users\Jenni\AndroidStudioProjects\Aplicacion1\.gradle\7.0.2\executionHistory)" [_thread_blocked, id=9300, stack(0x000000ce46200000,0x000000ce46300000)]
  0x000002ca1a288800 JavaThread "RMI Scheduler(0)" daemon [_thread_blocked, id=8600, stack(0x000000ce46500000,0x000000ce46600000)]
  0x000002ca1dbb4000 JavaThread "RMI GC Daemon" daemon [_thread_blocked, id=3140, stack(0x000000ce46700000,0x000000ce46800000)]
  0x000002ca1dbb3000 JavaThread "RMI TCP Accept-0" daemon [_thread_in_native, id=6020, stack(0x000000ce46800000,0x000000ce46900000)]
  0x000002ca1dbb1800 JavaThread "RMI Reaper" [_thread_blocked, id=12276, stack(0x000000ce46900000,0x000000ce46a00000)]
  0x000002ca1dbb8000 JavaThread "RMI TCP Connection(idle)" daemon [_thread_blocked, id=4932, stack(0x000000ce46a00000,0x000000ce46b00000)]
  0x000002ca1dbb7800 JavaThread "Cache worker for Java compile cache (C:\Users\Jenni\.gradle\caches\7.0.2\javaCompile)" [_thread_blocked, id=8208, stack(0x000000ce42f00000,0x000000ce43000000)]
  0x000002ca1dbb5000 JavaThread "Cache worker for Java compile cache (C:\Users\Jenni\AndroidStudioProjects\Aplicacion1\.gradle\7.0.2\javaCompile)" [_thread_blocked, id=12428, stack(0x000000ce43000000,0x000000ce43100000)]
  0x000002ca1dbb2800 JavaThread "WorkerExecutor Queue" [_thread_in_native, id=11180, stack(0x000000ce44b00000,0x000000ce44c00000)]
  0x000002ca1dbb6800 JavaThread "WorkerExecutor Queue Thread 2" [_thread_blocked, id=2788, stack(0x000000ce46600000,0x000000ce46700000)]
  0x000002ca1dbba800 JavaThread "WorkerExecutor Queue Thread 3" [_thread_blocked, id=1700, stack(0x000000ce46b00000,0x000000ce46c00000)]
  0x000002ca1dbb9000 JavaThread "ForkJoinPool-1-worker-3" daemon [_thread_in_Java, id=5392, stack(0x000000ce46c00000,0x000000ce46d00000)]
  0x000002ca1dbb9800 JavaThread "ForkJoinPool-1-worker-1" daemon [_thread_blocked, id=7720, stack(0x000000ce46d00000,0x000000ce46e00000)]

Other Threads:
  0x000002ca7e8bf800 VMThread "VM Thread" [stack: 0x000000ce43700000,0x000000ce43800000] [id=8808]
  0x000002ca7f3d2000 WatcherThread [stack: 0x000000ce44100000,0x000000ce44200000] [id=4960]
  0x000002ca7bc1a000 GCTaskThread "GC Thread#0" [stack: 0x000000ce43200000,0x000000ce43300000] [id=8256]
  0x000002ca7f62d000 GCTaskThread "GC Thread#1" [stack: 0x000000ce44200000,0x000000ce44300000] [id=9724]
  0x000002ca7bc49800 ConcurrentGCThread "G1 Main Marker" [stack: 0x000000ce43300000,0x000000ce43400000] [id=5988]
  0x000002ca7bc4b000 ConcurrentGCThread "G1 Conc#0" [stack: 0x000000ce43400000,0x000000ce43500000] [id=5920]
  0x000002ca7bcd9800 ConcurrentGCThread "G1 Refine#0" [stack: 0x000000ce43500000,0x000000ce43600000] [id=1884]
  0x000002ca7bcda800 ConcurrentGCThread "G1 Young RemSet Sampling" [stack: 0x000000ce43600000,0x000000ce43700000] [id=11316]

Threads with active compile tasks:
C2 CompilerThread0 105123 13839       4       com.android.tools.r8.code.w1::a (4137 bytes)

VM state:not at safepoint (normal execution)

VM Mutex/Monitor currently owned by a thread: None

Heap address: 0x0000000080000000, size: 2048 MB, Compressed Oops mode: 32-bit
Narrow klass base: 0x0000000000000000, Narrow klass shift: 3
Compressed class space size: 1073741824 Address: 0x0000000100000000

Heap:
 garbage-first heap   total 198656K, used 160566K [0x0000000080000000, 0x0000000100000000)
  region size 1024K, 3 young (3072K), 2 survivors (2048K)
 Metaspace       used 110183K, capacity 112920K, committed 113108K, reserved 1146880K
  class space    used 14300K, capacity 15303K, committed 15316K, reserved 1048576K
Heap Regions: E=young(eden), S=young(survivor), O=old, HS=humongous(starts), HC=humongous(continues), CS=collection set, F=free, A=archive, TAMS=top-at-mark-start (previous, next)
|   0|0x0000000080000000, 0x0000000080100000, 0x0000000080100000|100%| O|  |TAMS 0x0000000080100000, 0x0000000080100000| Untracked 
|   1|0x0000000080100000, 0x0000000080200000, 0x0000000080200000|100%| O|  |TAMS 0x0000000080200000, 0x0000000080200000| Untracked 
|   2|0x0000000080200000, 0x0000000080300000, 0x0000000080300000|100%| O|  |TAMS 0x0000000080300000, 0x0000000080300000| Untracked 
|   3|0x0000000080300000, 0x0000000080400000, 0x0000000080400000|100%| O|  |TAMS 0x0000000080400000, 0x0000000080400000| Untracked 
|   4|0x0000000080400000, 0x0000000080500000, 0x0000000080500000|100%|HS|  |TAMS 0x0000000080500000, 0x0000000080500000| Complete 
|   5|0x0000000080500000, 0x0000000080600000, 0x0000000080600000|100%|HC|  |TAMS 0x0000000080600000, 0x0000000080600000| Complete 
|   6|0x0000000080600000, 0x0000000080700000, 0x0000000080700000|100%|HC|  |TAMS 0x0000000080700000, 0x0000000080700000| Complete 
|   7|0x0000000080700000, 0x0000000080800000, 0x0000000080800000|100%| O|  |TAMS 0x0000000080800000, 0x0000000080800000| Untracked 
|   8|0x0000000080800000, 0x0000000080900000, 0x0000000080900000|100%| O|  |TAMS 0x0000000080900000, 0x0000000080900000| Untracked 
|   9|0x0000000080900000, 0x0000000080a00000, 0x0000000080a00000|100%| O|  |TAMS 0x0000000080a00000, 0x0000000080a00000| Untracked 
|  10|0x0000000080a00000, 0x0000000080b00000, 0x0000000080b00000|100%| O|  |TAMS 0x0000000080b00000, 0x0000000080b00000| Untracked 
|  11|0x0000000080b00000, 0x0000000080c00000, 0x0000000080c00000|100%| O|  |TAMS 0x0000000080c00000, 0x0000000080c00000| Untracked 
|  12|0x0000000080c00000, 0x0000000080d00000, 0x0000000080d00000|100%| O|  |TAMS 0x0000000080d00000, 0x0000000080d00000| Untracked 
|  13|0x0000000080d00000, 0x0000000080e00000, 0x0000000080e00000|100%| O|  |TAMS 0x0000000080e00000, 0x0000000080e00000| Untracked 
|  14|0x0000000080e00000, 0x0000000080f00000, 0x0000000080f00000|100%| O|  |TAMS 0x0000000080f00000, 0x0000000080f00000| Untracked 
|  15|0x0000000080f00000, 0x0000000081000000, 0x0000000081000000|100%| O|  |TAMS 0x0000000081000000, 0x0000000081000000| Untracked 
|  16|0x0000000081000000, 0x0000000081100000, 0x0000000081100000|100%| O|  |TAMS 0x0000000081100000, 0x0000000081100000| Untracked 
|  17|0x0000000081100000, 0x0000000081200000, 0x0000000081200000|100%| O|  |TAMS 0x0000000081200000, 0x0000000081200000| Untracked 
|  18|0x0000000081200000, 0x0000000081300000, 0x0000000081300000|100%| O|  |TAMS 0x0000000081300000, 0x0000000081300000| Untracked 
|  19|0x0000000081300000, 0x0000000081400000, 0x0000000081400000|100%| O|  |TAMS 0x0000000081400000, 0x0000000081400000| Untracked 
|  20|0x0000000081400000, 0x0000000081500000, 0x0000000081500000|100%| O|  |TAMS 0x0000000081500000, 0x0000000081500000| Untracked 
|  21|0x0000000081500000, 0x0000000081600000, 0x0000000081600000|100%| O|  |TAMS 0x0000000081600000, 0x0000000081600000| Untracked 
|  22|0x0000000081600000, 0x0000000081700000, 0x0000000081700000|100%| O|  |TAMS 0x0000000081700000, 0x0000000081700000| Untracked 
|  23|0x0000000081700000, 0x0000000081800000, 0x0000000081800000|100%| O|  |TAMS 0x0000000081800000, 0x0000000081800000| Untracked 
|  24|0x0000000081800000, 0x0000000081900000, 0x0000000081900000|100%| O|  |TAMS 0x0000000081900000, 0x0000000081900000| Untracked 
|  25|0x0000000081900000, 0x0000000081a00000, 0x0000000081a00000|100%| O|  |TAMS 0x0000000081a00000, 0x0000000081a00000| Untracked 
|  26|0x0000000081a00000, 0x0000000081b00000, 0x0000000081b00000|100%| O|  |TAMS 0x0000000081b00000, 0x0000000081b00000| Untracked 
|  27|0x0000000081b00000, 0x0000000081c00000, 0x0000000081c00000|100%|HS|  |TAMS 0x0000000081c00000, 0x0000000081c00000| Complete 
|  28|0x0000000081c00000, 0x0000000081d00000, 0x0000000081d00000|100%|HS|  |TAMS 0x0000000081d00000, 0x0000000081d00000| Complete 
|  29|0x0000000081d00000, 0x0000000081e00000, 0x0000000081e00000|100%|HS|  |TAMS 0x0000000081e00000, 0x0000000081e00000| Complete 
|  30|0x0000000081e00000, 0x0000000081f00000, 0x0000000081f00000|100%|HS|  |TAMS 0x0000000081f00000, 0x0000000081f00000| Complete 
|  31|0x0000000081f00000, 0x0000000082000000, 0x0000000082000000|100%|HC|  |TAMS 0x0000000082000000, 0x0000000082000000| Complete 
|  32|0x0000000082000000, 0x0000000082100000, 0x0000000082100000|100%|HC|  |TAMS 0x0000000082100000, 0x0000000082100000| Complete 
|  33|0x0000000082100000, 0x0000000082200000, 0x0000000082200000|100%|HS|  |TAMS 0x0000000082200000, 0x0000000082200000| Complete 
|  34|0x0000000082200000, 0x0000000082300000, 0x0000000082300000|100%|HC|  |TAMS 0x0000000082300000, 0x0000000082300000| Complete 
|  35|0x0000000082300000, 0x0000000082400000, 0x0000000082400000|100%| O|  |TAMS 0x0000000082400000, 0x0000000082400000| Untracked 
|  36|0x0000000082400000, 0x0000000082500000, 0x0000000082500000|100%| O|  |TAMS 0x0000000082500000, 0x0000000082500000| Untracked 
|  37|0x0000000082500000, 0x0000000082600000, 0x0000000082600000|100%| O|  |TAMS 0x0000000082600000, 0x0000000082600000| Untracked 
|  38|0x0000000082600000, 0x0000000082700000, 0x0000000082700000|100%| O|  |TAMS 0x0000000082700000, 0x0000000082700000| Untracked 
|  39|0x0000000082700000, 0x0000000082800000, 0x0000000082800000|100%| O|  |TAMS 0x0000000082800000, 0x0000000082800000| Untracked 
|  40|0x0000000082800000, 0x0000000082900000, 0x0000000082900000|100%| O|  |TAMS 0x0000000082900000, 0x0000000082900000| Untracked 
|  41|0x0000000082900000, 0x0000000082a00000, 0x0000000082a00000|100%| O|  |TAMS 0x0000000082a00000, 0x0000000082a00000| Untracked 
|  42|0x0000000082a00000, 0x0000000082b00000, 0x0000000082b00000|100%| O|  |TAMS 0x0000000082b00000, 0x0000000082b00000| Untracked 
|  43|0x0000000082b00000, 0x0000000082c00000, 0x0000000082c00000|100%| O|  |TAMS 0x0000000082c00000, 0x0000000082c00000| Untracked 
|  44|0x0000000082c00000, 0x0000000082d00000, 0x0000000082d00000|100%| O|  |TAMS 0x0000000082d00000, 0x0000000082d00000| Untracked 
|  45|0x0000000082d00000, 0x0000000082e00000, 0x0000000082e00000|100%| O|  |TAMS 0x0000000082e00000, 0x0000000082e00000| Untracked 
|  46|0x0000000082e00000, 0x0000000082f00000, 0x0000000082f00000|100%| O|  |TAMS 0x0000000082f00000, 0x0000000082f00000| Untracked 
|  47|0x0000000082f00000, 0x0000000083000000, 0x0000000083000000|100%| O|  |TAMS 0x0000000083000000, 0x0000000083000000| Untracked 
|  48|0x0000000083000000, 0x0000000083100000, 0x0000000083100000|100%| O|  |TAMS 0x0000000083100000, 0x0000000083100000| Untracked 
|  49|0x0000000083100000, 0x0000000083200000, 0x0000000083200000|100%| O|  |TAMS 0x0000000083200000, 0x0000000083200000| Untracked 
|  50|0x0000000083200000, 0x0000000083300000, 0x0000000083300000|100%| O|  |TAMS 0x0000000083300000, 0x0000000083300000| Untracked 
|  51|0x0000000083300000, 0x0000000083400000, 0x0000000083400000|100%| O|  |TAMS 0x0000000083400000, 0x0000000083400000| Untracked 
|  52|0x0000000083400000, 0x0000000083500000, 0x0000000083500000|100%| O|  |TAMS 0x0000000083500000, 0x0000000083500000| Untracked 
|  53|0x0000000083500000, 0x0000000083600000, 0x0000000083600000|100%| O|  |TAMS 0x0000000083600000, 0x0000000083600000| Untracked 
|  54|0x0000000083600000, 0x0000000083700000, 0x0000000083700000|100%| O|  |TAMS 0x0000000083700000, 0x0000000083700000| Untracked 
|  55|0x0000000083700000, 0x0000000083800000, 0x0000000083800000|100%| O|  |TAMS 0x0000000083800000, 0x0000000083800000| Untracked 
|  56|0x0000000083800000, 0x0000000083900000, 0x0000000083900000|100%| O|  |TAMS 0x0000000083900000, 0x0000000083900000| Untracked 
|  57|0x0000000083900000, 0x0000000083a00000, 0x0000000083a00000|100%| O|  |TAMS 0x0000000083a00000, 0x0000000083a00000| Untracked 
|  58|0x0000000083a00000, 0x0000000083b00000, 0x0000000083b00000|100%| O|  |TAMS 0x0000000083b00000, 0x0000000083b00000| Untracked 
|  59|0x0000000083b00000, 0x0000000083c00000, 0x0000000083c00000|100%| O|  |TAMS 0x0000000083c00000, 0x0000000083c00000| Untracked 
|  60|0x0000000083c00000, 0x0000000083d00000, 0x0000000083d00000|100%| O|  |TAMS 0x0000000083d00000, 0x0000000083d00000| Untracked 
|  61|0x0000000083d00000, 0x0000000083e00000, 0x0000000083e00000|100%| O|  |TAMS 0x0000000083e00000, 0x0000000083e00000| Untracked 
|  62|0x0000000083e00000, 0x0000000083f00000, 0x0000000083f00000|100%| O|  |TAMS 0x0000000083f00000, 0x0000000083f00000| Untracked 
|  63|0x0000000083f00000, 0x0000000084000000, 0x0000000084000000|100%| O|  |TAMS 0x0000000084000000, 0x0000000084000000| Untracked 
|  64|0x0000000084000000, 0x0000000084100000, 0x0000000084100000|100%| O|  |TAMS 0x0000000084100000, 0x0000000084100000| Untracked 
|  65|0x0000000084100000, 0x0000000084200000, 0x0000000084200000|100%| O|  |TAMS 0x0000000084200000, 0x0000000084200000| Untracked 
|  66|0x0000000084200000, 0x0000000084300000, 0x0000000084300000|100%| O|  |TAMS 0x0000000084300000, 0x0000000084300000| Untracked 
|  67|0x0000000084300000, 0x0000000084400000, 0x0000000084400000|100%| O|  |TAMS 0x0000000084400000, 0x0000000084400000| Untracked 
|  68|0x0000000084400000, 0x0000000084500000, 0x0000000084500000|100%| O|  |TAMS 0x0000000084500000, 0x0000000084500000| Untracked 
|  69|0x0000000084500000, 0x0000000084600000, 0x0000000084600000|100%| O|  |TAMS 0x0000000084600000, 0x0000000084600000| Untracked 
|  70|0x0000000084600000, 0x0000000084700000, 0x0000000084700000|100%| O|  |TAMS 0x0000000084700000, 0x0000000084700000| Untracked 
|  71|0x0000000084700000, 0x0000000084800000, 0x0000000084800000|100%| O|  |TAMS 0x0000000084800000, 0x0000000084800000| Untracked 
|  72|0x0000000084800000, 0x0000000084900000, 0x0000000084900000|100%| O|  |TAMS 0x0000000084900000, 0x0000000084900000| Untracked 
|  73|0x0000000084900000, 0x0000000084a00000, 0x0000000084a00000|100%| O|  |TAMS 0x0000000084a00000, 0x0000000084a00000| Untracked 
|  74|0x0000000084a00000, 0x0000000084b00000, 0x0000000084b00000|100%| O|  |TAMS 0x0000000084b00000, 0x0000000084b00000| Untracked 
|  75|0x0000000084b00000, 0x0000000084c00000, 0x0000000084c00000|100%| O|  |TAMS 0x0000000084c00000, 0x0000000084c00000| Untracked 
|  76|0x0000000084c00000, 0x0000000084d00000, 0x0000000084d00000|100%| O|  |TAMS 0x0000000084d00000, 0x0000000084d00000| Untracked 
|  77|0x0000000084d00000, 0x0000000084e00000, 0x0000000084e00000|100%| O|  |TAMS 0x0000000084e00000, 0x0000000084e00000| Untracked 
|  78|0x0000000084e00000, 0x0000000084f00000, 0x0000000084f00000|100%| O|  |TAMS 0x0000000084f00000, 0x0000000084f00000| Untracked 
|  79|0x0000000084f00000, 0x0000000085000000, 0x0000000085000000|100%| O|  |TAMS 0x0000000085000000, 0x0000000085000000| Untracked 
|  80|0x0000000085000000, 0x0000000085100000, 0x0000000085100000|100%| O|  |TAMS 0x0000000085100000, 0x0000000085100000| Untracked 
|  81|0x0000000085100000, 0x0000000085200000, 0x0000000085200000|100%| O|  |TAMS 0x0000000085200000, 0x0000000085200000| Untracked 
|  82|0x0000000085200000, 0x0000000085300000, 0x0000000085300000|100%| O|  |TAMS 0x0000000085300000, 0x0000000085300000| Untracked 
|  83|0x0000000085300000, 0x0000000085400000, 0x0000000085400000|100%| O|  |TAMS 0x0000000085400000, 0x0000000085400000| Untracked 
|  84|0x0000000085400000, 0x0000000085500000, 0x0000000085500000|100%| O|  |TAMS 0x0000000085500000, 0x0000000085500000| Untracked 
|  85|0x0000000085500000, 0x0000000085600000, 0x0000000085600000|100%| O|  |TAMS 0x0000000085600000, 0x0000000085600000| Untracked 
|  86|0x0000000085600000, 0x0000000085700000, 0x0000000085700000|100%| O|  |TAMS 0x0000000085700000, 0x0000000085700000| Untracked 
|  87|0x0000000085700000, 0x0000000085800000, 0x0000000085800000|100%| O|  |TAMS 0x0000000085800000, 0x0000000085800000| Untracked 
|  88|0x0000000085800000, 0x0000000085900000, 0x0000000085900000|100%| O|  |TAMS 0x0000000085900000, 0x0000000085900000| Untracked 
|  89|0x0000000085900000, 0x0000000085a00000, 0x0000000085a00000|100%| O|  |TAMS 0x0000000085a00000, 0x0000000085a00000| Untracked 
|  90|0x0000000085a00000, 0x0000000085b00000, 0x0000000085b00000|100%| O|  |TAMS 0x0000000085b00000, 0x0000000085b00000| Untracked 
|  91|0x0000000085b00000, 0x0000000085c00000, 0x0000000085c00000|100%| O|  |TAMS 0x0000000085c00000, 0x0000000085c00000| Untracked 
|  92|0x0000000085c00000, 0x0000000085d00000, 0x0000000085d00000|100%| O|  |TAMS 0x0000000085d00000, 0x0000000085d00000| Untracked 
|  93|0x0000000085d00000, 0x0000000085e00000, 0x0000000085e00000|100%| O|  |TAMS 0x0000000085e00000, 0x0000000085e00000| Untracked 
|  94|0x0000000085e00000, 0x0000000085f00000, 0x0000000085f00000|100%| O|  |TAMS 0x0000000085f00000, 0x0000000085f00000| Untracked 
|  95|0x0000000085f00000, 0x0000000086000000, 0x0000000086000000|100%| O|  |TAMS 0x0000000086000000, 0x0000000086000000| Untracked 
|  96|0x0000000086000000, 0x0000000086100000, 0x0000000086100000|100%| O|  |TAMS 0x0000000086100000, 0x0000000086100000| Untracked 
|  97|0x0000000086100000, 0x0000000086200000, 0x0000000086200000|100%| O|  |TAMS 0x0000000086200000, 0x0000000086200000| Untracked 
|  98|0x0000000086200000, 0x0000000086300000, 0x0000000086300000|100%| O|  |TAMS 0x0000000086300000, 0x0000000086300000| Untracked 
|  99|0x0000000086300000, 0x0000000086400000, 0x0000000086400000|100%|HS|  |TAMS 0x0000000086400000, 0x0000000086400000| Complete 
| 100|0x0000000086400000, 0x0000000086500000, 0x0000000086500000|100%|HC|  |TAMS 0x0000000086500000, 0x0000000086500000| Complete 
| 101|0x0000000086500000, 0x0000000086600000, 0x0000000086600000|100%|HS|  |TAMS 0x0000000086600000, 0x0000000086600000| Complete 
| 102|0x0000000086600000, 0x0000000086700000, 0x0000000086700000|100%|HS|  |TAMS 0x0000000086700000, 0x0000000086700000| Complete 
| 103|0x0000000086700000, 0x0000000086800000, 0x0000000086800000|100%|HS|  |TAMS 0x0000000086800000, 0x0000000086800000| Complete 
| 104|0x0000000086800000, 0x0000000086900000, 0x0000000086900000|100%|HS|  |TAMS 0x0000000086900000, 0x0000000086900000| Complete 
| 105|0x0000000086900000, 0x0000000086a00000, 0x0000000086a00000|100%|HC|  |TAMS 0x0000000086a00000, 0x0000000086a00000| Complete 
| 106|0x0000000086a00000, 0x0000000086b00000, 0x0000000086b00000|100%|HC|  |TAMS 0x0000000086b00000, 0x0000000086b00000| Complete 
| 107|0x0000000086b00000, 0x0000000086c00000, 0x0000000086c00000|100%| O|  |TAMS 0x0000000086c00000, 0x0000000086c00000| Untracked 
| 108|0x0000000086c00000, 0x0000000086d00000, 0x0000000086d00000|100%| O|  |TAMS 0x0000000086d00000, 0x0000000086d00000| Untracked 
| 109|0x0000000086d00000, 0x0000000086e00000, 0x0000000086e00000|100%| O|  |TAMS 0x0000000086e00000, 0x0000000086e00000| Untracked 
| 110|0x0000000086e00000, 0x0000000086f00000, 0x0000000086f00000|100%| O|  |TAMS 0x0000000086f00000, 0x0000000086f00000| Untracked 
| 111|0x0000000086f00000, 0x0000000087000000, 0x0000000087000000|100%| O|  |TAMS 0x0000000087000000, 0x0000000087000000| Untracked 
| 112|0x0000000087000000, 0x0000000087100000, 0x0000000087100000|100%| O|  |TAMS 0x0000000087100000, 0x0000000087100000| Untracked 
| 113|0x0000000087100000, 0x0000000087200000, 0x0000000087200000|100%| O|  |TAMS 0x0000000087200000, 0x0000000087200000| Untracked 
| 114|0x0000000087200000, 0x0000000087300000, 0x0000000087300000|100%|HS|  |TAMS 0x0000000087300000, 0x0000000087300000| Complete 
| 115|0x0000000087300000, 0x0000000087400000, 0x0000000087400000|100%|HC|  |TAMS 0x0000000087400000, 0x0000000087400000| Complete 
| 116|0x0000000087400000, 0x0000000087500000, 0x0000000087500000|100%| O|  |TAMS 0x0000000087500000, 0x0000000087500000| Untracked 
| 117|0x0000000087500000, 0x0000000087600000, 0x0000000087600000|100%|HS|  |TAMS 0x0000000087600000, 0x0000000087600000| Complete 
| 118|0x0000000087600000, 0x0000000087700000, 0x0000000087700000|100%| O|  |TAMS 0x0000000087700000, 0x0000000087700000| Untracked 
| 119|0x0000000087700000, 0x0000000087800000, 0x0000000087800000|100%|HS|  |TAMS 0x0000000087800000, 0x0000000087800000| Complete 
| 120|0x0000000087800000, 0x0000000087900000, 0x0000000087900000|100%| O|  |TAMS 0x0000000087900000, 0x0000000087900000| Untracked 
| 121|0x0000000087900000, 0x0000000087a00000, 0x0000000087a00000|100%|HS|  |TAMS 0x0000000087a00000, 0x0000000087a00000| Complete 
| 122|0x0000000087a00000, 0x0000000087b00000, 0x0000000087b00000|100%| O|  |TAMS 0x0000000087b00000, 0x0000000087b00000| Untracked 
| 123|0x0000000087b00000, 0x0000000087c00000, 0x0000000087c00000|100%| O|  |TAMS 0x0000000087c00000, 0x0000000087c00000| Untracked 
| 124|0x0000000087c00000, 0x0000000087d00000, 0x0000000087d00000|100%|HS|  |TAMS 0x0000000087d00000, 0x0000000087d00000| Complete 
| 125|0x0000000087d00000, 0x0000000087e00000, 0x0000000087e00000|100%|HS|  |TAMS 0x0000000087e00000, 0x0000000087e00000| Complete 
| 126|0x0000000087e00000, 0x0000000087f00000, 0x0000000087f00000|100%|HC|  |TAMS 0x0000000087f00000, 0x0000000087f00000| Complete 
| 127|0x0000000087f00000, 0x0000000088000000, 0x0000000088000000|100%|HC|  |TAMS 0x0000000088000000, 0x0000000088000000| Complete 
| 128|0x0000000088000000, 0x0000000088100000, 0x0000000088100000|100%| O|  |TAMS 0x0000000088100000, 0x0000000088100000| Untracked 
| 129|0x0000000088100000, 0x0000000088200000, 0x0000000088200000|100%| O|  |TAMS 0x0000000088200000, 0x0000000088200000| Untracked 
| 130|0x0000000088200000, 0x0000000088300000, 0x0000000088300000|100%| O|  |TAMS 0x0000000088300000, 0x0000000088300000| Untracked 
| 131|0x0000000088300000, 0x0000000088400000, 0x0000000088400000|100%| O|  |TAMS 0x0000000088400000, 0x0000000088400000| Untracked 
| 132|0x0000000088400000, 0x0000000088500000, 0x0000000088500000|100%| O|  |TAMS 0x0000000088500000, 0x0000000088500000| Untracked 
| 133|0x0000000088500000, 0x0000000088600000, 0x0000000088600000|100%| O|  |TAMS 0x0000000088600000, 0x0000000088600000| Untracked 
| 134|0x0000000088600000, 0x0000000088700000, 0x0000000088700000|100%| O|  |TAMS 0x0000000088700000, 0x0000000088700000| Untracked 
| 135|0x0000000088700000, 0x0000000088800000, 0x0000000088800000|100%| O|  |TAMS 0x0000000088800000, 0x0000000088800000| Untracked 
| 136|0x0000000088800000, 0x0000000088900000, 0x0000000088900000|100%| O|  |TAMS 0x0000000088900000, 0x0000000088900000| Untracked 
| 137|0x0000000088900000, 0x0000000088a00000, 0x0000000088a00000|100%| O|  |TAMS 0x0000000088a00000, 0x0000000088a00000| Untracked 
| 138|0x0000000088a00000, 0x0000000088b00000, 0x0000000088b00000|100%| O|  |TAMS 0x0000000088b00000, 0x0000000088b00000| Untracked 
| 139|0x0000000088b00000, 0x0000000088c00000, 0x0000000088c00000|100%| O|  |TAMS 0x0000000088c00000, 0x0000000088c00000| Untracked 
| 140|0x0000000088c00000, 0x0000000088d00000, 0x0000000088d00000|100%| O|  |TAMS 0x0000000088d00000, 0x0000000088d00000| Untracked 
| 141|0x0000000088d00000, 0x0000000088e00000, 0x0000000088e00000|100%| O|  |TAMS 0x0000000088e00000, 0x0000000088e00000| Untracked 
| 142|0x0000000088e00000, 0x0000000088f00000, 0x0000000088f00000|100%| O|  |TAMS 0x0000000088f00000, 0x0000000088f00000| Untracked 
| 143|0x0000000088f00000, 0x0000000089000000, 0x0000000089000000|100%| O|  |TAMS 0x0000000088fa0200, 0x0000000089000000| Untracked 
| 144|0x0000000089000000, 0x0000000089100000, 0x0000000089100000|100%|HS|  |TAMS 0x0000000089000000, 0x0000000089100000| Complete 
| 145|0x0000000089100000, 0x0000000089200000, 0x0000000089200000|100%| O|  |TAMS 0x0000000089100000, 0x0000000089200000| Untracked 
| 146|0x0000000089200000, 0x0000000089300000, 0x0000000089300000|100%| O|  |TAMS 0x0000000089200000, 0x0000000089300000| Untracked 
| 147|0x0000000089300000, 0x0000000089400000, 0x0000000089400000|100%| O|  |TAMS 0x0000000089300000, 0x0000000089400000| Untracked 
| 148|0x0000000089400000, 0x0000000089500000, 0x0000000089500000|100%| O|  |TAMS 0x0000000089400000, 0x0000000089500000| Untracked 
| 149|0x0000000089500000, 0x0000000089600000, 0x0000000089600000|100%| O|  |TAMS 0x0000000089500000, 0x0000000089600000| Untracked 
| 150|0x0000000089600000, 0x0000000089700000, 0x0000000089700000|100%| O|  |TAMS 0x0000000089600000, 0x0000000089700000| Untracked 
| 151|0x0000000089700000, 0x0000000089800000, 0x0000000089800000|100%| O|  |TAMS 0x0000000089700000, 0x0000000089800000| Untracked 
| 152|0x0000000089800000, 0x0000000089900000, 0x0000000089900000|100%| O|  |TAMS 0x0000000089800000, 0x0000000089900000| Untracked 
| 153|0x0000000089900000, 0x0000000089a00000, 0x0000000089a00000|100%| O|  |TAMS 0x0000000089900000, 0x0000000089a00000| Untracked 
| 154|0x0000000089a00000, 0x0000000089acd800, 0x0000000089b00000| 80%| O|  |TAMS 0x0000000089a00000, 0x0000000089acd800| Untracked 
| 155|0x0000000089b00000, 0x0000000089b00000, 0x0000000089c00000|  0%| F|  |TAMS 0x0000000089b00000, 0x0000000089b00000| Untracked 
| 156|0x0000000089c00000, 0x0000000089c00000, 0x0000000089d00000|  0%| F|  |TAMS 0x0000000089c00000, 0x0000000089c00000| Untracked 
| 157|0x0000000089d00000, 0x0000000089d00000, 0x0000000089e00000|  0%| F|  |TAMS 0x0000000089d00000, 0x0000000089d00000| Untracked 
| 158|0x0000000089e00000, 0x0000000089e00000, 0x0000000089f00000|  0%| F|  |TAMS 0x0000000089e00000, 0x0000000089e00000| Untracked 
| 159|0x0000000089f00000, 0x0000000089f00000, 0x000000008a000000|  0%| F|  |TAMS 0x0000000089f00000, 0x0000000089f00000| Untracked 
| 160|0x000000008a000000, 0x000000008a000000, 0x000000008a100000|  0%| F|  |TAMS 0x000000008a000000, 0x000000008a000000| Untracked 
| 161|0x000000008a100000, 0x000000008a100000, 0x000000008a200000|  0%| F|  |TAMS 0x000000008a100000, 0x000000008a100000| Untracked 
| 162|0x000000008a200000, 0x000000008a200000, 0x000000008a300000|  0%| F|  |TAMS 0x000000008a200000, 0x000000008a200000| Untracked 
| 163|0x000000008a300000, 0x000000008a300000, 0x000000008a400000|  0%| F|  |TAMS 0x000000008a300000, 0x000000008a300000| Untracked 
| 164|0x000000008a400000, 0x000000008a400000, 0x000000008a500000|  0%| F|  |TAMS 0x000000008a400000, 0x000000008a400000| Untracked 
| 165|0x000000008a500000, 0x000000008a500000, 0x000000008a600000|  0%| F|  |TAMS 0x000000008a500000, 0x000000008a500000| Untracked 
| 166|0x000000008a600000, 0x000000008a600000, 0x000000008a700000|  0%| F|  |TAMS 0x000000008a600000, 0x000000008a600000| Untracked 
| 167|0x000000008a700000, 0x000000008a700000, 0x000000008a800000|  0%| F|  |TAMS 0x000000008a700000, 0x000000008a700000| Untracked 
| 168|0x000000008a800000, 0x000000008a800000, 0x000000008a900000|  0%| F|  |TAMS 0x000000008a800000, 0x000000008a800000| Untracked 
| 169|0x000000008a900000, 0x000000008a900000, 0x000000008aa00000|  0%| F|  |TAMS 0x000000008a900000, 0x000000008a900000| Untracked 
| 170|0x000000008aa00000, 0x000000008aa00000, 0x000000008ab00000|  0%| F|  |TAMS 0x000000008aa00000, 0x000000008aa00000| Untracked 
| 171|0x000000008ab00000, 0x000000008ab00000, 0x000000008ac00000|  0%| F|  |TAMS 0x000000008ab00000, 0x000000008ab00000| Untracked 
| 172|0x000000008ac00000, 0x000000008ac00000, 0x000000008ad00000|  0%| F|  |TAMS 0x000000008ac00000, 0x000000008ac00000| Untracked 
| 173|0x000000008ad00000, 0x000000008ad00000, 0x000000008ae00000|  0%| F|  |TAMS 0x000000008ad00000, 0x000000008ad00000| Untracked 
| 174|0x000000008ae00000, 0x000000008ae00000, 0x000000008af00000|  0%| F|  |TAMS 0x000000008ae00000, 0x000000008ae00000| Untracked 
| 175|0x000000008af00000, 0x000000008af00000, 0x000000008b000000|  0%| F|  |TAMS 0x000000008af00000, 0x000000008af00000| Untracked 
| 176|0x000000008b000000, 0x000000008b000000, 0x000000008b100000|  0%| F|  |TAMS 0x000000008b000000, 0x000000008b000000| Untracked 
| 177|0x000000008b100000, 0x000000008b100000, 0x000000008b200000|  0%| F|  |TAMS 0x000000008b100000, 0x000000008b100000| Untracked 
| 178|0x000000008b200000, 0x000000008b200000, 0x000000008b300000|  0%| F|  |TAMS 0x000000008b200000, 0x000000008b200000| Untracked 
| 179|0x000000008b300000, 0x000000008b300000, 0x000000008b400000|  0%| F|  |TAMS 0x000000008b300000, 0x000000008b300000| Untracked 
| 180|0x000000008b400000, 0x000000008b400000, 0x000000008b500000|  0%| F|  |TAMS 0x000000008b400000, 0x000000008b400000| Untracked 
| 181|0x000000008b500000, 0x000000008b600000, 0x000000008b600000|100%| S|CS|TAMS 0x000000008b500000, 0x000000008b500000| Complete 
| 182|0x000000008b600000, 0x000000008b700000, 0x000000008b700000|100%| S|CS|TAMS 0x000000008b600000, 0x000000008b600000| Complete 
| 183|0x000000008b700000, 0x000000008b700000, 0x000000008b800000|  0%| F|  |TAMS 0x000000008b700000, 0x000000008b700000| Untracked 
| 184|0x000000008b800000, 0x000000008b800000, 0x000000008b900000|  0%| F|  |TAMS 0x000000008b800000, 0x000000008b800000| Untracked 
| 185|0x000000008b900000, 0x000000008b900000, 0x000000008ba00000|  0%| F|  |TAMS 0x000000008b900000, 0x000000008b900000| Untracked 
| 186|0x000000008ba00000, 0x000000008ba00000, 0x000000008bb00000|  0%| F|  |TAMS 0x000000008ba00000, 0x000000008ba00000| Untracked 
| 187|0x000000008bb00000, 0x000000008bb00000, 0x000000008bc00000|  0%| F|  |TAMS 0x000000008bb00000, 0x000000008bb00000| Untracked 
| 188|0x000000008bc00000, 0x000000008bc00000, 0x000000008bd00000|  0%| F|  |TAMS 0x000000008bc00000, 0x000000008bc00000| Untracked 
| 189|0x000000008bd00000, 0x000000008bd00000, 0x000000008be00000|  0%| F|  |TAMS 0x000000008bd00000, 0x000000008bd00000| Untracked 
| 190|0x000000008be00000, 0x000000008be00000, 0x000000008bf00000|  0%| F|  |TAMS 0x000000008be00000, 0x000000008be00000| Untracked 
| 191|0x000000008bf00000, 0x000000008bf00000, 0x000000008c000000|  0%| F|  |TAMS 0x000000008bf00000, 0x000000008bf00000| Untracked 
| 192|0x000000008c000000, 0x000000008c000000, 0x000000008c100000|  0%| F|  |TAMS 0x000000008c000000, 0x000000008c000000| Untracked 
| 193|0x000000008c100000, 0x000000008c1414d8, 0x000000008c200000| 25%| E|  |TAMS 0x000000008c100000, 0x000000008c100000| Complete 

Card table byte_map: [0x000002ca7dcf0000,0x000002ca7e0f0000] _byte_map_base: 0x000002ca7d8f0000

Marking Bits (Prev, Next): (CMBitMap*) 0x000002ca7bc40c28, (CMBitMap*) 0x000002ca7bc40c60
 Prev Bits: [0x000002ca12a10000, 0x000002ca14a10000)
 Next Bits: [0x000002ca14a10000, 0x000002ca16a10000)

Polling page: 0x000002ca7bab0000

Metaspace:

Usage:
  Non-class:     95.33 MB capacity,    93.64 MB ( 98%) used,     1.38 MB (  1%) free+waste,   321.00 KB ( <1%) overhead. 
      Class:     14.94 MB capacity,    13.97 MB ( 93%) used,   858.66 KB (  6%) free+waste,   143.69 KB ( <1%) overhead. 
       Both:    110.27 MB capacity,   107.60 MB ( 98%) used,     2.22 MB (  2%) free+waste,   464.69 KB ( <1%) overhead. 

Virtual space:
  Non-class space:       96.00 MB reserved,      95.50 MB (>99%) committed 
      Class space:        1.00 GB reserved,      14.96 MB (  1%) committed 
             Both:        1.09 GB reserved,     110.46 MB ( 10%) committed 

Chunk freelists:
   Non-Class:  47.00 KB
       Class:  0 bytes
        Both:  47.00 KB

MaxMetaspaceSize: 17179869184.00 GB
CompressedClassSpaceSize: 1.00 GB

CodeHeap 'non-profiled nmethods': size=120064Kb used=7282Kb max_used=7282Kb free=112781Kb
 bounds [0x000002ca0b4d0000, 0x000002ca0bbf0000, 0x000002ca12a10000]
CodeHeap 'profiled nmethods': size=120000Kb used=29662Kb max_used=29662Kb free=90337Kb
 bounds [0x000002ca03fa0000, 0x000002ca05ca0000, 0x000002ca0b4d0000]
CodeHeap 'non-nmethods': size=5696Kb used=2331Kb max_used=2363Kb free=3364Kb
 bounds [0x000002ca03a10000, 0x000002ca03c80000, 0x000002ca03fa0000]
 total_blobs=14788 nmethods=13821 adapters=879
 compilation: enabled
              stopped_count=0, restarted_count=0
 full_count=0

Compilation events (20 events):
Event: 104.885 Thread 0x000002ca7e8e7800 13926       2       com.android.tools.r8.graph.r::c (163 bytes)
Event: 104.886 Thread 0x000002ca7e8e7800 nmethod 13926 0x000002ca05c93490 code [0x000002ca05c936c0, 0x000002ca05c93ca8]
Event: 104.888 Thread 0x000002ca7e8e7800 13927       2       com.android.tools.r8.internal.EE$$Lambda$1225/0x0000000100ee0840::a (15 bytes)
Event: 104.888 Thread 0x000002ca7e8e7800 nmethod 13927 0x000002ca05c94090 code [0x000002ca05c94260, 0x000002ca05c94428]
Event: 104.889 Thread 0x000002ca7e8e7800 13928       1       com.android.tools.r8.graph.f0::k0 (2 bytes)
Event: 104.889 Thread 0x000002ca7e8e7800 nmethod 13928 0x000002ca0bbebd90 code [0x000002ca0bbebf40, 0x000002ca0bbebff8]
Event: 104.894 Thread 0x000002ca7e8e7800 13931       2       com.android.tools.r8.code.K0::<init> (28 bytes)
Event: 104.895 Thread 0x000002ca7e8e7800 nmethod 13931 0x000002ca05c94510 code [0x000002ca05c946e0, 0x000002ca05c94918]
Event: 104.895 Thread 0x000002ca7e8e7800 13932       2       com.android.tools.r8.code.v1::f (9 bytes)
Event: 104.895 Thread 0x000002ca7e8e7800 nmethod 13932 0x000002ca05c94b10 code [0x000002ca05c94cc0, 0x000002ca05c94de8]
Event: 104.903 Thread 0x000002ca7e8e7800 13933       2       java.util.AbstractList$SubList$1::<init> (41 bytes)
Event: 104.903 Thread 0x000002ca7e8e7800 nmethod 13933 0x000002ca05c94f10 code [0x000002ca05c950e0, 0x000002ca05c952e8]
Event: 104.904 Thread 0x000002ca7e8e7800 13934       2       java.util.AbstractList$SubList::<init> (35 bytes)
Event: 104.904 Thread 0x000002ca7e8e7800 nmethod 13934 0x000002ca05c95410 code [0x000002ca05c955c0, 0x000002ca05c95758]
Event: 104.922 Thread 0x000002ca7e8e7800 13936       1       com.android.tools.r8.graph.f0$d::p0 (5 bytes)
Event: 104.923 Thread 0x000002ca7e8e7800 nmethod 13936 0x000002ca0bbec090 code [0x000002ca0bbec240, 0x000002ca0bbec2f8]
Event: 104.929 Thread 0x000002ca7e8e7800 13937       2       com.android.tools.r8.graph.r::a (81 bytes)
Event: 104.929 Thread 0x000002ca7e8e7800 nmethod 13937 0x000002ca05c95810 code [0x000002ca05c959c0, 0x000002ca05c95b58]
Event: 104.934 Thread 0x000002ca7e8e7800 13938       2       com.android.tools.r8.code.r1::<init> (8 bytes)
Event: 104.935 Thread 0x000002ca7e8e7800 nmethod 13938 0x000002ca05c95c10 code [0x000002ca05c95dc0, 0x000002ca05c95ec8]

GC Heap History (20 events):
Event: 89.905 GC heap before
{Heap before GC invocations=33 (full 0):
 garbage-first heap   total 198656K, used 131071K [0x0000000080000000, 0x0000000100000000)
  region size 1024K, 50 young (51200K), 7 survivors (7168K)
 Metaspace       used 98122K, capacity 100522K, committed 100608K, reserved 1136640K
  class space    used 12591K, capacity 13485K, committed 13568K, reserved 1048576K
}
Event: 89.945 GC heap after
{Heap after GC invocations=34 (full 0):
 garbage-first heap   total 198656K, used 95348K [0x0000000080000000, 0x0000000100000000)
  region size 1024K, 10 young (10240K), 10 survivors (10240K)
 Metaspace       used 98122K, capacity 100522K, committed 100608K, reserved 1136640K
  class space    used 12591K, capacity 13485K, committed 13568K, reserved 1048576K
}
Event: 95.377 GC heap before
{Heap before GC invocations=35 (full 0):
 garbage-first heap   total 198656K, used 162932K [0x0000000080000000, 0x0000000100000000)
  region size 1024K, 75 young (76800K), 10 survivors (10240K)
 Metaspace       used 103785K, capacity 106379K, committed 106708K, reserved 1142784K
  class space    used 13266K, capacity 14196K, committed 14292K, reserved 1048576K
}
Event: 95.453 GC heap after
{Heap after GC invocations=36 (full 0):
 garbage-first heap   total 198656K, used 99158K [0x0000000080000000, 0x0000000100000000)
  region size 1024K, 3 young (3072K), 3 survivors (3072K)
 Metaspace       used 103785K, capacity 106379K, committed 106708K, reserved 1142784K
  class space    used 13266K, capacity 14196K, committed 14292K, reserved 1048576K
}
Event: 98.732 GC heap before
{Heap before GC invocations=37 (full 0):
 garbage-first heap   total 198656K, used 163670K [0x0000000080000000, 0x0000000100000000)
  region size 1024K, 67 young (68608K), 3 survivors (3072K)
 Metaspace       used 105002K, capacity 107670K, committed 107860K, reserved 1142784K
  class space    used 13421K, capacity 14388K, committed 14420K, reserved 1048576K
}
Event: 98.766 GC heap after
{Heap after GC invocations=38 (full 0):
 garbage-first heap   total 198656K, used 100973K [0x0000000080000000, 0x0000000100000000)
  region size 1024K, 7 young (7168K), 7 survivors (7168K)
 Metaspace       used 105002K, capacity 107670K, committed 107860K, reserved 1142784K
  class space    used 13421K, capacity 14388K, committed 14420K, reserved 1048576K
}
Event: 99.081 GC heap before
{Heap before GC invocations=38 (full 0):
 garbage-first heap   total 198656K, used 106093K [0x0000000080000000, 0x0000000100000000)
  region size 1024K, 14 young (14336K), 7 survivors (7168K)
 Metaspace       used 105260K, capacity 107945K, committed 108116K, reserved 1142784K
  class space    used 13448K, capacity 14392K, committed 14420K, reserved 1048576K
}
Event: 99.134 GC heap after
{Heap after GC invocations=39 (full 0):
 garbage-first heap   total 198656K, used 101723K [0x0000000080000000, 0x0000000100000000)
  region size 1024K, 1 young (1024K), 1 survivors (1024K)
 Metaspace       used 105260K, capacity 107945K, committed 108116K, reserved 1142784K
  class space    used 13448K, capacity 14392K, committed 14420K, reserved 1048576K
}
Event: 99.832 GC heap before
{Heap before GC invocations=40 (full 0):
 garbage-first heap   total 198656K, used 110939K [0x0000000080000000, 0x0000000100000000)
  region size 1024K, 8 young (8192K), 1 survivors (1024K)
 Metaspace       used 105256K, capacity 107937K, committed 108116K, reserved 1142784K
  class space    used 13446K, capacity 14389K, committed 14420K, reserved 1048576K
}
Event: 99.842 GC heap after
{Heap after GC invocations=41 (full 0):
 garbage-first heap   total 198656K, used 110272K [0x0000000080000000, 0x0000000100000000)
  region size 1024K, 6 young (6144K), 6 survivors (6144K)
 Metaspace       used 105256K, capacity 107937K, committed 108116K, reserved 1142784K
  class space    used 13446K, capacity 14389K, committed 14420K, reserved 1048576K
}
Event: 100.933 GC heap before
{Heap before GC invocations=42 (full 0):
 garbage-first heap   total 198656K, used 135872K [0x0000000080000000, 0x0000000100000000)
  region size 1024K, 29 young (29696K), 6 survivors (6144K)
 Metaspace       used 107756K, capacity 110470K, committed 110548K, reserved 1144832K
  class space    used 13815K, capacity 14767K, committed 14804K, reserved 1048576K
}
Event: 100.955 GC heap after
{Heap after GC invocations=43 (full 0):
 garbage-first heap   total 198656K, used 117745K [0x0000000080000000, 0x0000000100000000)
  region size 1024K, 4 young (4096K), 4 survivors (4096K)
 Metaspace       used 107756K, capacity 110470K, committed 110548K, reserved 1144832K
  class space    used 13815K, capacity 14767K, committed 14804K, reserved 1048576K
}
Event: 101.945 GC heap before
{Heap before GC invocations=44 (full 0):
 garbage-first heap   total 198656K, used 164849K [0x0000000080000000, 0x0000000100000000)
  region size 1024K, 35 young (35840K), 4 survivors (4096K)
 Metaspace       used 107979K, capacity 110641K, committed 110932K, reserved 1144832K
  class space    used 13840K, capacity 14802K, committed 14932K, reserved 1048576K
}
Event: 102.001 GC heap after
{Heap after GC invocations=45 (full 0):
 garbage-first heap   total 198656K, used 139514K [0x0000000080000000, 0x0000000100000000)
  region size 1024K, 5 young (5120K), 5 survivors (5120K)
 Metaspace       used 107979K, capacity 110641K, committed 110932K, reserved 1144832K
  class space    used 13840K, capacity 14802K, committed 14932K, reserved 1048576K
}
Event: 102.197 GC heap before
{Heap before GC invocations=45 (full 0):
 garbage-first heap   total 198656K, used 157946K [0x0000000080000000, 0x0000000100000000)
  region size 1024K, 24 young (24576K), 5 survivors (5120K)
 Metaspace       used 107981K, capacity 110705K, committed 110932K, reserved 1144832K
  class space    used 13840K, capacity 14802K, committed 14932K, reserved 1048576K
}
Event: 102.258 GC heap after
{Heap after GC invocations=46 (full 0):
 garbage-first heap   total 198656K, used 145920K [0x0000000080000000, 0x0000000100000000)
  region size 1024K, 4 young (4096K), 4 survivors (4096K)
 Metaspace       used 107981K, capacity 110705K, committed 110932K, reserved 1144832K
  class space    used 13840K, capacity 14802K, committed 14932K, reserved 1048576K
}
Event: 103.039 GC heap before
{Heap before GC invocations=47 (full 0):
 garbage-first heap   total 198656K, used 152064K [0x0000000080000000, 0x0000000100000000)
  region size 1024K, 10 young (10240K), 4 survivors (4096K)
 Metaspace       used 107981K, capacity 110705K, committed 110932K, reserved 1144832K
  class space    used 13840K, capacity 14802K, committed 14932K, reserved 1048576K
}
Event: 103.086 GC heap after
{Heap after GC invocations=48 (full 0):
 garbage-first heap   total 198656K, used 149894K [0x0000000080000000, 0x0000000100000000)
  region size 1024K, 3 young (3072K), 3 survivors (3072K)
 Metaspace       used 107981K, capacity 110705K, committed 110932K, reserved 1144832K
  class space    used 13840K, capacity 14802K, committed 14932K, reserved 1048576K
}
Event: 104.687 GC heap before
{Heap before GC invocations=49 (full 0):
 garbage-first heap   total 198656K, used 162182K [0x0000000080000000, 0x0000000100000000)
  region size 1024K, 15 young (15360K), 3 survivors (3072K)
 Metaspace       used 110104K, capacity 112849K, committed 113108K, reserved 1146880K
  class space    used 14300K, capacity 15303K, committed 15316K, reserved 1048576K
}
Event: 104.724 GC heap after
{Heap after GC invocations=50 (full 0):
 garbage-first heap   total 198656K, used 154624K [0x0000000080000000, 0x0000000100000000)
  region size 1024K, 2 young (2048K), 2 survivors (2048K)
 Metaspace       used 110104K, capacity 112849K, committed 113108K, reserved 1146880K
  class space    used 14300K, capacity 15303K, committed 15316K, reserved 1048576K
}

Deoptimization events (20 events):
Event: 101.593 Thread 0x000002ca1dbba800 Uncommon trap: trap_request=0xffffff4d fr.pc=0x000002ca0bba40c8 relative=0x0000000000001268
Event: 101.593 Thread 0x000002ca1dbba800 Uncommon trap: reason=unstable_if action=reinterpret pc=0x000002ca0bba40c8 method=com.android.tools.r8.dex.j.m()V @ 22 c2
Event: 101.593 Thread 0x000002ca1dbba800 DEOPT PACKING pc=0x000002ca0bba40c8 sp=0x000000ce46bfdd80
Event: 101.593 Thread 0x000002ca1dbba800 DEOPT UNPACKING pc=0x000002ca03a36ca9 sp=0x000000ce46bfdd48 mode 2
Event: 102.015 Thread 0x000002ca1dbba800 DEOPT PACKING pc=0x000002ca045bd387 sp=0x000000ce46bfd900
Event: 102.015 Thread 0x000002ca1dbba800 DEOPT UNPACKING pc=0x000002ca03a36abf sp=0x000000ce46bfcdc8 mode 0
Event: 103.025 Thread 0x000002ca1dbba800 DEOPT PACKING pc=0x000002ca05b4908e sp=0x000000ce46bfd960
Event: 103.025 Thread 0x000002ca1dbba800 DEOPT UNPACKING pc=0x000002ca03a36abf sp=0x000000ce46bfcdd8 mode 0
Event: 103.831 Thread 0x000002ca1dbba800 DEOPT PACKING pc=0x000002ca05b69e5a sp=0x000000ce46bfdb70
Event: 103.831 Thread 0x000002ca1dbba800 DEOPT UNPACKING pc=0x000002ca03a36abf sp=0x000000ce46bfd238 mode 0
Event: 103.846 Thread 0x000002ca1dbba800 DEOPT PACKING pc=0x000002ca05b68d4e sp=0x000000ce46bfdb70
Event: 103.846 Thread 0x000002ca1dbba800 DEOPT UNPACKING pc=0x000002ca03a36abf sp=0x000000ce46bfd230 mode 0
Event: 103.857 Thread 0x000002ca1dbba800 DEOPT PACKING pc=0x000002ca05b68d4e sp=0x000000ce46bfdb70
Event: 103.857 Thread 0x000002ca1dbba800 DEOPT UNPACKING pc=0x000002ca03a36abf sp=0x000000ce46bfd230 mode 0
Event: 104.550 Thread 0x000002ca1dbb9800 Uncommon trap: trap_request=0xffffff4d fr.pc=0x000002ca0bbe0dd4 relative=0x0000000000000ef4
Event: 104.550 Thread 0x000002ca1dbb9800 Uncommon trap: reason=unstable_if action=reinterpret pc=0x000002ca0bbe0dd4 method=com.android.tools.r8.internal.Ah.d(I)V @ 38 c2
Event: 104.550 Thread 0x000002ca1dbb9800 DEOPT PACKING pc=0x000002ca0bbe0dd4 sp=0x000000ce46dfe790
Event: 104.550 Thread 0x000002ca1dbb9800 DEOPT UNPACKING pc=0x000002ca03a36ca9 sp=0x000000ce46dfe6f0 mode 2
Event: 104.799 Thread 0x000002ca1dbb9000 DEOPT PACKING pc=0x000002ca05bc6553 sp=0x000000ce46cfe940
Event: 104.799 Thread 0x000002ca1dbb9000 DEOPT UNPACKING pc=0x000002ca03a36abf sp=0x000000ce46cfde98 mode 0

Classes redefined (0 events):
No events

Internal exceptions (20 events):
Event: 92.570 Thread 0x000002ca18d27800 Exception <a 'sun/nio/fs/WindowsException'{0x000000008993b310}> (0x000000008993b310) thrown at [./src/hotspot/share/prims/jni.cpp, line 615]
Event: 92.591 Thread 0x000002ca18d27800 Exception <a 'java/lang/NoSuchMethodError'{0x0000000089992c08}: 'int java.lang.invoke.DirectMethodHandle$Holder.invokeVirtual(java.lang.Object, java.lang.Object, java.lang.Object, java.lang.Object)'> (0x0000000089992c08) thrown at [./src/hotspot/share/interpreter/linkResolver.cpp, line 773]
Event: 92.646 Thread 0x000002ca18d27800 Exception <a 'sun/nio/fs/WindowsException'{0x000000008987fa10}> (0x000000008987fa10) thrown at [./src/hotspot/share/prims/jni.cpp, line 615]
Event: 92.646 Thread 0x000002ca18d27800 Exception <a 'sun/nio/fs/WindowsException'{0x000000008987fb70}> (0x000000008987fb70) thrown at [./src/hotspot/share/prims/jni.cpp, line 615]
Event: 92.712 Thread 0x000002ca18d27800 Exception <a 'sun/nio/fs/WindowsException'{0x0000000089785878}> (0x0000000089785878) thrown at [./src/hotspot/share/prims/jni.cpp, line 615]
Event: 92.713 Thread 0x000002ca18d27800 Exception <a 'sun/nio/fs/WindowsException'{0x0000000089787580}> (0x0000000089787580) thrown at [./src/hotspot/share/prims/jni.cpp, line 615]
Event: 92.757 Thread 0x000002ca18d27800 Exception <a 'sun/nio/fs/WindowsException'{0x00000000897dc958}> (0x00000000897dc958) thrown at [./src/hotspot/share/prims/jni.cpp, line 615]
Event: 92.773 Thread 0x000002ca18d27800 Exception <a 'sun/nio/fs/WindowsException'{0x00000000897fe400}> (0x00000000897fe400) thrown at [./src/hotspot/share/prims/jni.cpp, line 615]
Event: 92.816 Thread 0x000002ca18d27800 Exception <a 'sun/nio/fs/WindowsException'{0x0000000088c46cd0}> (0x0000000088c46cd0) thrown at [./src/hotspot/share/prims/jni.cpp, line 615]
Event: 92.839 Thread 0x000002ca18d27800 Exception <a 'sun/nio/fs/WindowsException'{0x0000000088c75358}> (0x0000000088c75358) thrown at [./src/hotspot/share/prims/jni.cpp, line 615]
Event: 92.867 Thread 0x000002ca18d27800 Exception <a 'sun/nio/fs/WindowsException'{0x0000000088cabd78}> (0x0000000088cabd78) thrown at [./src/hotspot/share/prims/jni.cpp, line 615]
Event: 93.126 Thread 0x000002ca19e83800 Exception <a 'java/lang/NoSuchMethodError'{0x0000000088ade2e0}: <clinit>> (0x0000000088ade2e0) thrown at [./src/hotspot/share/prims/jni.cpp, line 1362]
Event: 96.266 Thread 0x000002ca18d27800 Implicit null exception at 0x000002ca0b50a729 to 0x000002ca0b50a810
Event: 100.564 Thread 0x000002ca1dbba800 Exception <a 'sun/nio/fs/WindowsException'{0x000000008bb64f10}> (0x000000008bb64f10) thrown at [./src/hotspot/share/prims/jni.cpp, line 615]
Event: 100.920 Thread 0x000002ca1dbba800 Exception <a 'java/lang/NoSuchMethodError'{0x000000008a580f70}: 'java.lang.Object java.lang.invoke.DirectMethodHandle$Holder.invokeStatic(java.lang.Object, java.lang.Object, java.lang.Object, java.lang.Object, java.lang.Object, java.lang.Object, java.lang.Object, java.lang.Object, java.lang.Object, java.lang.Object, java.lang.Object, java.lang.Object, java.lang.Object, java.lang.Object, java.lang.Object, java.lang.Object, java.lang.Object, java.lang.Object, int, java.lang.Object)'> (0x000000008a580f70) thr
Event: 100.920 Thread 0x000002ca1dbba800 Exception <a 'java/lang/NoSuchMethodError'{0x000000008a586800}: 'java.lang.Object java.lang.invoke.DirectMethodHandle$Holder.invokeStaticInit(java.lang.Object, java.lang.Object, java.lang.Object, java.lang.Object, java.lang.Object, java.lang.Object, java.lang.Object, java.lang.Object, java.lang.Object, java.lang.Object, java.lang.Object, java.lang.Object, java.lang.Object, java.lang.Object, java.lang.Object, java.lang.Object, java.lang.Object, java.lang.Object, int, java.lang.Object)'> (0x000000008a586800)
Event: 104.007 Thread 0x000002ca1dbb9000 Exception <a 'java/lang/NoSuchMethodError'{0x000000008bedb0a0}: 'java.lang.Object java.lang.invoke.DirectMethodHandle$Holder.newInvokeSpecial(java.lang.Object, int)'> (0x000000008bedb0a0) thrown at [./src/hotspot/share/interpreter/linkResolver.cpp, line 773]
Event: 104.225 Thread 0x000002ca1dbb9000 Exception <a 'java/lang/IncompatibleClassChangeError'{0x000000008b795848}: Found class java.lang.Object, but interface was expected> (0x000000008b795848) thrown at [./src/hotspot/share/interpreter/linkResolver.cpp, line 839]
Event: 104.232 Thread 0x000002ca1dbb9000 Exception <a 'java/lang/IncompatibleClassChangeError'{0x000000008b7bb8e8}: Found class java.lang.Object, but interface was expected> (0x000000008b7bb8e8) thrown at [./src/hotspot/share/interpreter/linkResolver.cpp, line 839]
Event: 104.233 Thread 0x000002ca1dbb9000 Exception <a 'java/lang/IncompatibleClassChangeError'{0x000000008b7c3068}: Found class java.lang.Object, but interface was expected> (0x000000008b7c3068) thrown at [./src/hotspot/share/interpreter/linkResolver.cpp, line 839]

Events (20 events):
Event: 104.432 loading class com/android/tools/r8/internal/Ju
Event: 104.432 loading class com/android/tools/r8/internal/Ju done
Event: 104.433 loading class com/android/tools/r8/internal/mu$f
Event: 104.433 loading class com/android/tools/r8/internal/mu$f done
Event: 104.434 loading class com/android/tools/r8/internal/Sb$a
Event: 104.434 loading class com/android/tools/r8/internal/Sb$a done
Event: 104.435 loading class com/android/tools/r8/internal/ou
Event: 104.435 loading class com/android/tools/r8/internal/ou done
Event: 104.435 loading class com/android/tools/r8/internal/qr
Event: 104.435 loading class com/android/tools/r8/internal/qr done
Event: 104.435 loading class com/android/tools/r8/internal/mu$d
Event: 104.435 loading class com/android/tools/r8/internal/mu$d done
Event: 104.435 loading class com/android/tools/r8/internal/nu
Event: 104.435 loading class com/android/tools/r8/internal/nu done
Event: 104.490 loading class com/android/tools/r8/internal/Zc
Event: 104.494 loading class com/android/tools/r8/internal/Zc done
Event: 104.520 loading class com/android/tools/r8/internal/cq
Event: 104.520 loading class com/android/tools/r8/internal/cq done
Event: 104.687 Executing VM operation: G1CollectForAllocation
Event: 104.724 Executing VM operation: G1CollectForAllocation done


Dynamic libraries:
0x00007ff69f0d0000 - 0x00007ff69f0da000 	C:\Program Files\Android\Android Studio\jre\bin\java.exe
0x00007ffb15830000 - 0x00007ffb15a25000 	C:\WINDOWS\SYSTEM32\ntdll.dll
0x00007ffae3580000 - 0x00007ffae3596000 	C:\Program Files\Avast Software\Avast\aswhook.dll
0x00007ffb14240000 - 0x00007ffb142fe000 	C:\WINDOWS\System32\KERNEL32.DLL
0x00007ffb132d0000 - 0x00007ffb13598000 	C:\WINDOWS\System32\KERNELBASE.dll
0x00007ffb135d0000 - 0x00007ffb136d0000 	C:\WINDOWS\System32\ucrtbase.dll
0x00007ffb04460000 - 0x00007ffb04479000 	C:\Program Files\Android\Android Studio\jre\bin\jli.dll
0x00007ffb14bb0000 - 0x00007ffb14d51000 	C:\WINDOWS\System32\USER32.dll
0x00007ffb01590000 - 0x00007ffb015a7000 	C:\Program Files\Android\Android Studio\jre\bin\VCRUNTIME140.dll
0x00007ffb135a0000 - 0x00007ffb135c2000 	C:\WINDOWS\System32\win32u.dll
0x00007ffb14210000 - 0x00007ffb1423b000 	C:\WINDOWS\System32\GDI32.dll
0x00007ffafc270000 - 0x00007ffafc50a000 	C:\WINDOWS\WinSxS\amd64_microsoft.windows.common-controls_6595b64144ccf1df_6.0.19041.1110_none_60b5254171f9507e\COMCTL32.dll
0x00007ffb14f10000 - 0x00007ffb14fae000 	C:\WINDOWS\System32\msvcrt.dll
0x00007ffb13110000 - 0x00007ffb1321b000 	C:\WINDOWS\System32\gdi32full.dll
0x00007ffb13070000 - 0x00007ffb1310d000 	C:\WINDOWS\System32\msvcp_win.dll
0x00007ffb13f20000 - 0x00007ffb13f50000 	C:\WINDOWS\System32\IMM32.DLL
0x00007ffaef3c0000 - 0x00007ffaef45d000 	C:\Program Files\Android\Android Studio\jre\bin\msvcp140.dll
0x00007ffabccb0000 - 0x00007ffabd77f000 	C:\Program Files\Android\Android Studio\jre\bin\server\jvm.dll
0x00007ffb14af0000 - 0x00007ffb14b9c000 	C:\WINDOWS\System32\ADVAPI32.dll
0x00007ffb14310000 - 0x00007ffb143ab000 	C:\WINDOWS\System32\sechost.dll
0x00007ffb15010000 - 0x00007ffb1513a000 	C:\WINDOWS\System32\RPCRT4.dll
0x00007ffb14ba0000 - 0x00007ffb14ba8000 	C:\WINDOWS\System32\PSAPI.DLL
0x00007ffae91d0000 - 0x00007ffae91f7000 	C:\WINDOWS\SYSTEM32\WINMM.dll
0x00007ffaf5bb0000 - 0x00007ffaf5bb9000 	C:\WINDOWS\SYSTEM32\WSOCK32.dll
0x00007ffb14040000 - 0x00007ffb140ab000 	C:\WINDOWS\System32\WS2_32.dll
0x00007ffb09f70000 - 0x00007ffb09f7a000 	C:\WINDOWS\SYSTEM32\VERSION.dll
0x00007ffb117d0000 - 0x00007ffb117e2000 	C:\WINDOWS\SYSTEM32\kernel.appcore.dll
0x00007ffb04bd0000 - 0x00007ffb04be1000 	C:\Program Files\Android\Android Studio\jre\bin\verify.dll
0x00007ffb114f0000 - 0x00007ffb116d4000 	C:\WINDOWS\SYSTEM32\DBGHELP.DLL
0x00007ffaf9960000 - 0x00007ffaf998c000 	C:\WINDOWS\SYSTEM32\dbgcore.DLL
0x00007ffb12f80000 - 0x00007ffb13003000 	C:\WINDOWS\System32\bcryptPrimitives.dll
0x00007ffb03bc0000 - 0x00007ffb03be9000 	C:\Program Files\Android\Android Studio\jre\bin\java.dll
0x00007ffb0b900000 - 0x00007ffb0b90b000 	C:\Program Files\Android\Android Studio\jre\bin\jimage.dll
0x00007ffb029b0000 - 0x00007ffb029c8000 	C:\Program Files\Android\Android Studio\jre\bin\zip.dll
0x00007ffb143b0000 - 0x00007ffb14aef000 	C:\WINDOWS\System32\SHELL32.dll
0x00007ffb10c90000 - 0x00007ffb11420000 	C:\WINDOWS\SYSTEM32\windows.storage.dll
0x00007ffb13aa0000 - 0x00007ffb13df5000 	C:\WINDOWS\System32\combase.dll
0x00007ffb128d0000 - 0x00007ffb128fe000 	C:\WINDOWS\SYSTEM32\Wldp.dll
0x00007ffb14160000 - 0x00007ffb1420d000 	C:\WINDOWS\System32\SHCORE.dll
0x00007ffb13880000 - 0x00007ffb138d5000 	C:\WINDOWS\System32\shlwapi.dll
0x00007ffb12e90000 - 0x00007ffb12eaf000 	C:\WINDOWS\SYSTEM32\profapi.dll
0x00007ffb01610000 - 0x00007ffb0162a000 	C:\Program Files\Android\Android Studio\jre\bin\net.dll
0x00007ffb00820000 - 0x00007ffb0092c000 	C:\WINDOWS\SYSTEM32\WINHTTP.dll
0x00007ffb12630000 - 0x00007ffb1269a000 	C:\WINDOWS\system32\mswsock.dll
0x00007ffb015f0000 - 0x00007ffb01604000 	C:\Program Files\Android\Android Studio\jre\bin\nio.dll
0x00007ffb04610000 - 0x00007ffb04637000 	C:\Users\Jenni\.gradle\native\8bec1ad78214c89d9ad589b4d07fe93259594b29d510b10fafb7a158f7737e5d\windows-amd64\native-platform.dll
0x00007ffae8260000 - 0x00007ffae839d000 	C:\Users\Jenni\.gradle\native\53dbd7edfb1c66fb8903c78663c9afc45aea4f116125fa6feffd364cf09443e8\windows-amd64\native-platform-file-events.dll
0x00007ffb0fd30000 - 0x00007ffb0fd3a000 	C:\Program Files\Android\Android Studio\jre\bin\management.dll
0x00007ffb0b8e0000 - 0x00007ffb0b8ec000 	C:\Program Files\Android\Android Studio\jre\bin\management_ext.dll
0x00007ffb12820000 - 0x00007ffb12838000 	C:\WINDOWS\SYSTEM32\CRYPTSP.dll
0x00007ffb11fb0000 - 0x00007ffb11fe4000 	C:\WINDOWS\system32\rsaenh.dll
0x00007ffb12f50000 - 0x00007ffb12f77000 	C:\WINDOWS\System32\bcrypt.dll
0x00007ffb12e10000 - 0x00007ffb12e3e000 	C:\WINDOWS\SYSTEM32\USERENV.dll
0x00007ffb12840000 - 0x00007ffb1284c000 	C:\WINDOWS\SYSTEM32\CRYPTBASE.dll
0x00007ffb12320000 - 0x00007ffb1235b000 	C:\WINDOWS\SYSTEM32\IPHLPAPI.DLL
0x00007ffb14300000 - 0x00007ffb14308000 	C:\WINDOWS\System32\NSI.dll
0x00007ffafde70000 - 0x00007ffafde87000 	C:\WINDOWS\SYSTEM32\dhcpcsvc6.DLL
0x00007ffb00d60000 - 0x00007ffb00d7d000 	C:\WINDOWS\SYSTEM32\dhcpcsvc.DLL
0x00007ffb12370000 - 0x00007ffb1243b000 	C:\WINDOWS\SYSTEM32\DNSAPI.dll
0x00007ffafd170000 - 0x00007ffafd18e000 	C:\Users\Jenni\AppData\Local\Temp\native-platform14606419566915567206dir\native-platform.dll
0x00007ffb0ace0000 - 0x00007ffb0ace8000 	C:\Program Files\Android\Android Studio\jre\bin\rmi.dll
0x00007ffaf09a0000 - 0x00007ffaf09b7000 	C:\WINDOWS\system32\napinsp.dll
0x00007ffaf0980000 - 0x00007ffaf099b000 	C:\WINDOWS\system32\pnrpnsp.dll
0x00007ffb0cdd0000 - 0x00007ffb0cde5000 	C:\WINDOWS\system32\wshbth.dll
0x00007ffb0e040000 - 0x00007ffb0e05d000 	C:\WINDOWS\system32\NLAapi.dll
0x00007ffaf0960000 - 0x00007ffaf0972000 	C:\WINDOWS\System32\winrnr.dll
0x00007ffafa680000 - 0x00007ffafa68a000 	C:\Windows\System32\rasadhlp.dll
0x00007ffaf6870000 - 0x00007ffaf68ef000 	C:\WINDOWS\System32\fwpuclnt.dll

dbghelp: loaded successfully - version: 4.0.5 - missing functions: none
symbol engine: initialized successfully - sym options: 0x614 - pdb path: .;C:\Program Files\Android\Android Studio\jre\bin;C:\WINDOWS\SYSTEM32;C:\Program Files\Avast Software\Avast;C:\WINDOWS\WinSxS\amd64_microsoft.windows.common-controls_6595b64144ccf1df_6.0.19041.1110_none_60b5254171f9507e;C:\Program Files\Android\Android Studio\jre\bin\server;C:\Users\Jenni\.gradle\native\8bec1ad78214c89d9ad589b4d07fe93259594b29d510b10fafb7a158f7737e5d\windows-amd64;C:\Users\Jenni\.gradle\native\53dbd7edfb1c66fb8903c78663c9afc45aea4f116125fa6feffd364cf09443e8\windows-amd64;C:\Users\Jenni\AppData\Local\Temp\native-platform14606419566915567206dir

VM Arguments:
jvm_args: --add-opens=java.base/java.util=ALL-UNNAMED --add-opens=java.base/java.lang=ALL-UNNAMED --add-opens=java.base/java.lang.invoke=ALL-UNNAMED --add-opens=java.base/java.util=ALL-UNNAMED --add-opens=java.prefs/java.util.prefs=ALL-UNNAMED --add-opens=java.prefs/java.util.prefs=ALL-UNNAMED --add-opens=java.base/java.nio.charset=ALL-UNNAMED --add-opens=java.base/java.net=ALL-UNNAMED --add-opens=java.base/java.util.concurrent.atomic=ALL-UNNAMED -Xmx2048m -Dfile.encoding=UTF-8 -Duser.country=MX -Duser.language=es -Duser.variant 
java_command: org.gradle.launcher.daemon.bootstrap.GradleDaemon 7.0.2
java_class_path (initial): C:\Users\Jenni\.gradle\wrapper\dists\gradle-7.0.2-bin\857tjihv64xamwrf0h14cai3r\gradle-7.0.2\lib\gradle-launcher-7.0.2.jar
Launcher Type: SUN_STANDARD

[Global flags]
     intx CICompilerCount                          = 2                                         {product} {ergonomic}
     uint ConcGCThreads                            = 1                                         {product} {ergonomic}
     uint G1ConcRefinementThreads                  = 2                                         {product} {ergonomic}
   size_t G1HeapRegionSize                         = 1048576                                   {product} {ergonomic}
    uintx GCDrainStackTargetSize                   = 64                                        {product} {ergonomic}
   size_t InitialHeapSize                          = 65011712                                  {product} {ergonomic}
   size_t MarkStackSize                            = 4194304                                   {product} {ergonomic}
   size_t MaxHeapSize                              = 2147483648                                {product} {command line}
   size_t MaxNewSize                               = 1287651328                                {product} {ergonomic}
   size_t MinHeapDeltaBytes                        = 1048576                                   {product} {ergonomic}
    uintx NonNMethodCodeHeapSize                   = 5825164                                {pd product} {ergonomic}
    uintx NonProfiledCodeHeapSize                  = 122916538                              {pd product} {ergonomic}
    uintx ProfiledCodeHeapSize                     = 122916538                              {pd product} {ergonomic}
    uintx ReservedCodeCacheSize                    = 251658240                              {pd product} {ergonomic}
     bool SegmentedCodeCache                       = true                                      {product} {ergonomic}
     bool UseCompressedClassPointers               = true                                 {lp64_product} {ergonomic}
     bool UseCompressedOops                        = true                                 {lp64_product} {ergonomic}
     bool UseG1GC                                  = true                                      {product} {ergonomic}
     bool UseLargePagesIndividualAllocation        = false                                  {pd product} {ergonomic}

Logging:
Log output configuration:
 #0: stdout all=warning uptime,level,tags
 #1: stderr all=off uptime,level,tags

Environment Variables:
PATH=C:\Program Files\Common Files\Oracle\Java\javapath;C:\WINDOWS\system32;C:\WINDOWS;C:\WINDOWS\System32\Wbem;C:\WINDOWS\System32\WindowsPowerShell\v1.0\;C:\WINDOWS\System32\OpenSSH\;C:\Program Files\Git\cmd;C:\Users\Jenni\AppData\Local\Microsoft\WindowsApps
USERNAME=Jenni
OS=Windows_NT
PROCESSOR_IDENTIFIER=Intel64 Family 6 Model 122 Stepping 1, GenuineIntel



---------------  S Y S T E M  ---------------

OS: Windows 10 , 64 bit Build 19041 (10.0.19041.1348)
OS uptime: 1 days 21:15 hours

CPU:total 2 (initial active 2) (2 cores per cpu, 1 threads per core) family 6 model 122 stepping 1 microcode 0x32, cmov, cx8, fxsr, mmx, sse, sse2, sse3, ssse3, sse4.1, sse4.2, popcnt, aes, clmul, erms, 3dnowpref, tsc, tscinvbit, sha

Memory: 4k page, system-wide physical 3911M (450M free)
TotalPageFile size 6490M (AvailPageFile size 4M)
current process WorkingSet (physical memory assigned to process): 421M, peak: 440M
current process commit charge ("private bytes"): 500M, peak: 500M

vm_info: OpenJDK 64-Bit Server VM (11.0.10+0-b96-7249189) for windows-amd64 JRE (11.0.10+0-b96-7249189), built on Mar 31 2021 21:44:00 by "builder" with MS VC++ 14.0 (VS2015)

END.
