#
# There is insufficient memory for the Java Runtime Environment to continue.
# Native memory allocation (malloc) failed to allocate 993776 bytes for Chunk::new
# Possible reasons:
#   The system is out of physical RAM or swap space
#   The process is running with CompressedOops enabled, and the Java Heap may be blocking the growth of the native heap
# Possible solutions:
#   Reduce memory load on the system
#   Increase physical memory or swap space
#   Check if swap backing store is full
#   Decrease Java heap size (-Xmx/-Xms)
#   Decrease number of Java threads
#   Decrease Java thread stack sizes (-Xss)
#   Set larger code cache with -XX:ReservedCodeCacheSize=
#   JVM is running with Unscaled Compressed Oops mode in which the Java heap is
#     placed in the first 4GB address space. The Java Heap base address is the
#     maximum limit for the native heap growth. Please use -XX:HeapBaseMinAddress
#     to set the Java Heap base and to place the Java Heap above 4GB virtual address.
# This output file may be truncated or incomplete.
#
#  Out of Memory Error (./src/hotspot/share/memory/arena.cpp:197), pid=6904, tid=8404
#
# JRE version: OpenJDK Runtime Environment (11.0.10) (build 11.0.10+0-b96-7249189)
# Java VM: OpenJDK 64-Bit Server VM (11.0.10+0-b96-7249189, mixed mode, tiered, compressed oops, g1 gc, windows-amd64)
# No core dump will be written. Minidumps are not enabled by default on client versions of Windows
#

---------------  S U M M A R Y ------------

Command Line: --add-opens=java.base/java.util=ALL-UNNAMED --add-opens=java.base/java.lang=ALL-UNNAMED --add-opens=java.base/java.lang.invoke=ALL-UNNAMED --add-opens=java.base/java.util=ALL-UNNAMED --add-opens=java.prefs/java.util.prefs=ALL-UNNAMED --add-opens=java.prefs/java.util.prefs=ALL-UNNAMED --add-opens=java.base/java.nio.charset=ALL-UNNAMED --add-opens=java.base/java.net=ALL-UNNAMED --add-opens=java.base/java.util.concurrent.atomic=ALL-UNNAMED -Xmx2048m -Dfile.encoding=UTF-8 -Duser.country=MX -Duser.language=es -Duser.variant org.gradle.launcher.daemon.bootstrap.GradleDaemon 7.0.2

Host: Intel(R) Celeron(R) N4000 CPU @ 1.10GHz, 2 cores, 3G,  Windows 10 , 64 bit Build 19041 (10.0.19041.1348)
Time: Mon Nov 29 16:40:25 2021 Hora estándar del Este (México) elapsed time: 98.771979 seconds (0d 0h 1m 38s)

---------------  T H R E A D  ---------------

Current thread (0x000001ecde05c000):  JavaThread "C2 CompilerThread0" daemon [_thread_in_native, id=8404, stack(0x0000007816a00000,0x0000007816b00000)]


Current CompileTask:
C2:  98772 13452   !   4       java.io.ObjectOutputStream::writeObject0 (619 bytes)

Stack: [0x0000007816a00000,0x0000007816b00000]
Native frames: (J=compiled Java code, j=interpreted, Vv=VM code, C=native code)
V  [jvm.dll+0x5ecfaa]
V  [jvm.dll+0x722bd5]
V  [jvm.dll+0x72412d]
V  [jvm.dll+0x7247e3]
V  [jvm.dll+0x242928]
V  [jvm.dll+0xbc4fc]
V  [jvm.dll+0xbca0c]
V  [jvm.dll+0x2b4fd4]
V  [jvm.dll+0x506028]
V  [jvm.dll+0x1fcdfd]
V  [jvm.dll+0x1fa77f]
V  [jvm.dll+0x18354c]
V  [jvm.dll+0x208ee7]
V  [jvm.dll+0x207731]
V  [jvm.dll+0x6eb1cf]
V  [jvm.dll+0x6e3d45]
V  [jvm.dll+0x5ebe96]
C  [ucrtbase.dll+0x21bb2]
C  [KERNEL32.DLL+0x17034]
C  [ntdll.dll+0x52651]


---------------  P R O C E S S  ---------------

Threads class SMR info:
_java_thread_list=0x000001ece58b00f0, length=37, elements={
0x000001ecc4790000, 0x000001ecddff2000, 0x000001ecddff7000, 0x000001ecde057800,
0x000001ecde058800, 0x000001ecde059800, 0x000001ecde05c000, 0x000001ecde8c0800,
0x000001ecde07d800, 0x000001ecde927800, 0x000001ecdf838000, 0x000001ece09ce000,
0x000001ecdfc04800, 0x000001ece030f800, 0x000001ece030e000, 0x000001ecdf8d1800,
0x000001ecdf5e5800, 0x000001ecdf925800, 0x000001ece005f000, 0x000001ece005b800,
0x000001ece005c800, 0x000001ece005d800, 0x000001ece005e000, 0x000001ece0059800,
0x000001ece005b000, 0x000001ece0060000, 0x000001ece005a000, 0x000001ece0dd0800,
0x000001ece0dcd800, 0x000001ece0dd2000, 0x000001ece0dd4000, 0x000001ece0dd1800,
0x000001ece0dcf800, 0x000001ece0dd4800, 0x000001ece0dcf000, 0x000001ece0dd7000,
0x000001ece0ddb000
}

Java Threads: ( => current thread )
  0x000001ecc4790000 JavaThread "main" [_thread_blocked, id=12300, stack(0x0000007815e00000,0x0000007815f00000)]
  0x000001ecddff2000 JavaThread "Reference Handler" daemon [_thread_blocked, id=12388, stack(0x0000007816500000,0x0000007816600000)]
  0x000001ecddff7000 JavaThread "Finalizer" daemon [_thread_blocked, id=4640, stack(0x0000007816600000,0x0000007816700000)]
  0x000001ecde057800 JavaThread "Signal Dispatcher" daemon [_thread_blocked, id=1836, stack(0x0000007816700000,0x0000007816800000)]
  0x000001ecde058800 JavaThread "Attach Listener" daemon [_thread_blocked, id=776, stack(0x0000007816800000,0x0000007816900000)]
  0x000001ecde059800 JavaThread "Service Thread" daemon [_thread_blocked, id=3724, stack(0x0000007816900000,0x0000007816a00000)]
=>0x000001ecde05c000 JavaThread "C2 CompilerThread0" daemon [_thread_in_native, id=8404, stack(0x0000007816a00000,0x0000007816b00000)]
  0x000001ecde8c0800 JavaThread "C1 CompilerThread0" daemon [_thread_blocked, id=4944, stack(0x0000007816b00000,0x0000007816c00000)]
  0x000001ecde07d800 JavaThread "Sweeper thread" daemon [_thread_blocked, id=6020, stack(0x0000007816c00000,0x0000007816d00000)]
  0x000001ecde927800 JavaThread "Common-Cleaner" daemon [_thread_blocked, id=5540, stack(0x0000007816d00000,0x0000007816e00000)]
  0x000001ecdf838000 JavaThread "Daemon health stats" [_thread_blocked, id=3040, stack(0x0000007817000000,0x0000007817100000)]
  0x000001ece09ce000 JavaThread "Incoming local TCP Connector on port 50638" [_thread_in_native, id=8136, stack(0x0000007817100000,0x0000007817200000)]
  0x000001ecdfc04800 JavaThread "Daemon periodic checks" [_thread_blocked, id=5652, stack(0x0000007817200000,0x0000007817300000)]
  0x000001ece030f800 JavaThread "Daemon" [_thread_blocked, id=8068, stack(0x0000007817300000,0x0000007817400000)]
  0x000001ece030e000 JavaThread "Handler for socket connection from /127.0.0.1:50638 to /127.0.0.1:50639" [_thread_in_native, id=4452, stack(0x0000007817400000,0x0000007817500000)]
  0x000001ecdf8d1800 JavaThread "Cancel handler" [_thread_blocked, id=8344, stack(0x0000007817500000,0x0000007817600000)]
  0x000001ecdf5e5800 JavaThread "Daemon worker" [_thread_in_Java, id=11288, stack(0x0000007817600000,0x0000007817700000)]
  0x000001ecdf925800 JavaThread "Asynchronous log dispatcher for DefaultDaemonConnection: socket connection from /127.0.0.1:50638 to /127.0.0.1:50639" [_thread_blocked, id=3276, stack(0x0000007817700000,0x0000007817800000)]
  0x000001ece005f000 JavaThread "Daemon client event forwarder" [_thread_blocked, id=1140, stack(0x0000007817900000,0x0000007817a00000)]
  0x000001ece005b800 JavaThread "Cache worker for file hash cache (C:\Users\Jenni\.gradle\caches\7.0.2\fileHashes)" [_thread_blocked, id=13096, stack(0x0000007817a00000,0x0000007817b00000)]
  0x000001ece005c800 JavaThread "File lock request listener" [_thread_in_native, id=2024, stack(0x0000007817b00000,0x0000007817c00000)]
  0x000001ece005d800 JavaThread "Cache worker for journal cache (C:\Users\Jenni\.gradle\caches\journal-1)" [_thread_blocked, id=4420, stack(0x0000007817c00000,0x0000007817d00000)]
  0x000001ece005e000 JavaThread "Cache worker for file hash cache (C:\Users\Jenni\AndroidStudioProjects\Aplicacion1\.gradle\7.0.2\fileHashes)" [_thread_blocked, id=10844, stack(0x0000007817d00000,0x0000007817e00000)]
  0x000001ece0059800 JavaThread "File watcher server" daemon [_thread_in_native, id=10032, stack(0x0000007817e00000,0x0000007817f00000)]
  0x000001ece005b000 JavaThread "File watcher consumer" daemon [_thread_blocked, id=4700, stack(0x0000007817f00000,0x0000007818000000)]
  0x000001ece0060000 JavaThread "jar transforms" [_thread_blocked, id=6188, stack(0x0000007818000000,0x0000007818100000)]
  0x000001ece005a000 JavaThread "jar transforms Thread 2" [_thread_blocked, id=11564, stack(0x0000007818100000,0x0000007818200000)]
  0x000001ece0dd0800 JavaThread "Cache worker for checksums cache (C:\Users\Jenni\AndroidStudioProjects\Aplicacion1\.gradle\checksums)" [_thread_blocked, id=2904, stack(0x0000007818200000,0x0000007818300000)]
  0x000001ece0dcd800 JavaThread "Cache worker for cache directory md-supplier (C:\Users\Jenni\.gradle\caches\7.0.2\md-supplier)" [_thread_blocked, id=12468, stack(0x0000007818300000,0x0000007818400000)]
  0x000001ece0dd2000 JavaThread "Cache worker for cache directory md-rule (C:\Users\Jenni\.gradle\caches\7.0.2\md-rule)" [_thread_blocked, id=8356, stack(0x0000007818400000,0x0000007818500000)]
  0x000001ece0dd4000 JavaThread "Cache worker for execution history cache (C:\Users\Jenni\.gradle\caches\7.0.2\executionHistory)" [_thread_blocked, id=2648, stack(0x0000007818500000,0x0000007818600000)]
  0x000001ece0dd1800 JavaThread "Cache worker for file content cache (C:\Users\Jenni\.gradle\caches\7.0.2\fileContent)" [_thread_blocked, id=12168, stack(0x0000007818600000,0x0000007818700000)]
  0x000001ece0dcf800 JavaThread "Cache worker for dependencies-accessors (C:\Users\Jenni\AndroidStudioProjects\Aplicacion1\.gradle\7.0.2\dependencies-accessors)" [_thread_blocked, id=5664, stack(0x0000007818700000,0x0000007818800000)]
  0x000001ece0dd4800 JavaThread "Cache worker for Build Output Cleanup Cache (C:\Users\Jenni\AndroidStudioProjects\Aplicacion1\.gradle\buildOutputCleanup)" [_thread_blocked, id=11928, stack(0x0000007818800000,0x0000007818900000)]
  0x000001ece0dcf000 JavaThread "Build operations" [_thread_blocked, id=2584, stack(0x0000007818900000,0x0000007818a00000)]
  0x000001ece0dd7000 JavaThread "Build operations Thread 2" [_thread_blocked, id=828, stack(0x0000007818a00000,0x0000007818b00000)]
  0x000001ece0ddb000 JavaThread "Memory manager" [_thread_blocked, id=3404, stack(0x0000007818d00000,0x0000007818e00000)]

Other Threads:
  0x000001ecddfea800 VMThread "VM Thread" [stack: 0x0000007816400000,0x0000007816500000] [id=3564]
  0x000001ecde999800 WatcherThread [stack: 0x0000007816e00000,0x0000007816f00000] [id=7024]
  0x000001ecc47a8800 GCTaskThread "GC Thread#0" [stack: 0x0000007815f00000,0x0000007816000000] [id=5000]
  0x000001ecdeae5000 GCTaskThread "GC Thread#1" [stack: 0x0000007816f00000,0x0000007817000000] [id=12260]
  0x000001ecc47d9800 ConcurrentGCThread "G1 Main Marker" [stack: 0x0000007816000000,0x0000007816100000] [id=9700]
  0x000001ecc47da800 ConcurrentGCThread "G1 Conc#0" [stack: 0x0000007816100000,0x0000007816200000] [id=116]
  0x000001ecc4829800 ConcurrentGCThread "G1 Refine#0" [stack: 0x0000007816200000,0x0000007816300000] [id=10308]
  0x000001ecc482a800 ConcurrentGCThread "G1 Young RemSet Sampling" [stack: 0x0000007816300000,0x0000007816400000] [id=4948]

Threads with active compile tasks:
C2 CompilerThread0  98847 13452   !   4       java.io.ObjectOutputStream::writeObject0 (619 bytes)

VM state:not at safepoint (normal execution)

VM Mutex/Monitor currently owned by a thread: None

Heap address: 0x0000000080000000, size: 2048 MB, Compressed Oops mode: 32-bit
Narrow klass base: 0x0000000000000000, Narrow klass shift: 3
Compressed class space size: 1073741824 Address: 0x0000000100000000

Heap:
 garbage-first heap   total 192512K, used 142889K [0x0000000080000000, 0x0000000100000000)
  region size 1024K, 24 young (24576K), 6 survivors (6144K)
 Metaspace       used 114557K, capacity 117459K, committed 117552K, reserved 1150976K
  class space    used 14630K, capacity 15679K, committed 15744K, reserved 1048576K
Heap Regions: E=young(eden), S=young(survivor), O=old, HS=humongous(starts), HC=humongous(continues), CS=collection set, F=free, A=archive, TAMS=top-at-mark-start (previous, next)
|   0|0x0000000080000000, 0x0000000080100000, 0x0000000080100000|100%| O|  |TAMS 0x0000000080100000, 0x0000000080000000| Untracked 
|   1|0x0000000080100000, 0x0000000080200000, 0x0000000080200000|100%| O|  |TAMS 0x0000000080200000, 0x0000000080100000| Untracked 
|   2|0x0000000080200000, 0x0000000080300000, 0x0000000080300000|100%| O|  |TAMS 0x0000000080300000, 0x0000000080200000| Untracked 
|   3|0x0000000080300000, 0x0000000080400000, 0x0000000080400000|100%| O|  |TAMS 0x0000000080400000, 0x0000000080300000| Untracked 
|   4|0x0000000080400000, 0x0000000080500000, 0x0000000080500000|100%|HS|  |TAMS 0x0000000080500000, 0x0000000080400000| Complete 
|   5|0x0000000080500000, 0x0000000080600000, 0x0000000080600000|100%|HC|  |TAMS 0x0000000080600000, 0x0000000080500000| Complete 
|   6|0x0000000080600000, 0x0000000080700000, 0x0000000080700000|100%|HC|  |TAMS 0x0000000080700000, 0x0000000080600000| Complete 
|   7|0x0000000080700000, 0x0000000080800000, 0x0000000080800000|100%| O|  |TAMS 0x0000000080800000, 0x0000000080700000| Untracked 
|   8|0x0000000080800000, 0x0000000080900000, 0x0000000080900000|100%| O|  |TAMS 0x0000000080900000, 0x0000000080800000| Untracked 
|   9|0x0000000080900000, 0x0000000080a00000, 0x0000000080a00000|100%| O|  |TAMS 0x0000000080a00000, 0x0000000080900000| Untracked 
|  10|0x0000000080a00000, 0x0000000080b00000, 0x0000000080b00000|100%| O|  |TAMS 0x0000000080b00000, 0x0000000080a00000| Untracked 
|  11|0x0000000080b00000, 0x0000000080c00000, 0x0000000080c00000|100%| O|  |TAMS 0x0000000080c00000, 0x0000000080b00000| Untracked 
|  12|0x0000000080c00000, 0x0000000080d00000, 0x0000000080d00000|100%| O|  |TAMS 0x0000000080d00000, 0x0000000080c00000| Untracked 
|  13|0x0000000080d00000, 0x0000000080e00000, 0x0000000080e00000|100%| O|  |TAMS 0x0000000080e00000, 0x0000000080d00000| Untracked 
|  14|0x0000000080e00000, 0x0000000080f00000, 0x0000000080f00000|100%| O|  |TAMS 0x0000000080f00000, 0x0000000080e00000| Untracked 
|  15|0x0000000080f00000, 0x0000000081000000, 0x0000000081000000|100%| O|  |TAMS 0x0000000081000000, 0x0000000080f00000| Untracked 
|  16|0x0000000081000000, 0x0000000081100000, 0x0000000081100000|100%|HS|  |TAMS 0x0000000081100000, 0x0000000081000000| Complete 
|  17|0x0000000081100000, 0x0000000081200000, 0x0000000081200000|100%|HC|  |TAMS 0x0000000081200000, 0x0000000081100000| Complete 
|  18|0x0000000081200000, 0x0000000081300000, 0x0000000081300000|100%|HS|  |TAMS 0x0000000081300000, 0x0000000081200000| Complete 
|  19|0x0000000081300000, 0x0000000081400000, 0x0000000081400000|100%|HC|  |TAMS 0x0000000081400000, 0x0000000081300000| Complete 
|  20|0x0000000081400000, 0x0000000081500000, 0x0000000081500000|100%|HS|  |TAMS 0x0000000081500000, 0x0000000081400000| Complete 
|  21|0x0000000081500000, 0x0000000081600000, 0x0000000081600000|100%|HC|  |TAMS 0x0000000081600000, 0x0000000081500000| Complete 
|  22|0x0000000081600000, 0x0000000081700000, 0x0000000081700000|100%|HC|  |TAMS 0x0000000081700000, 0x0000000081600000| Complete 
|  23|0x0000000081700000, 0x0000000081800000, 0x0000000081800000|100%|HS|  |TAMS 0x0000000081800000, 0x0000000081700000| Complete 
|  24|0x0000000081800000, 0x0000000081900000, 0x0000000081900000|100%|HC|  |TAMS 0x0000000081900000, 0x0000000081800000| Complete 
|  25|0x0000000081900000, 0x0000000081a00000, 0x0000000081a00000|100%|HC|  |TAMS 0x0000000081a00000, 0x0000000081900000| Complete 
|  26|0x0000000081a00000, 0x0000000081b00000, 0x0000000081b00000|100%|HC|  |TAMS 0x0000000081b00000, 0x0000000081a00000| Complete 
|  27|0x0000000081b00000, 0x0000000081c00000, 0x0000000081c00000|100%|HC|  |TAMS 0x0000000081c00000, 0x0000000081b00000| Complete 
|  28|0x0000000081c00000, 0x0000000081d00000, 0x0000000081d00000|100%| O|  |TAMS 0x0000000081d00000, 0x0000000081c00000| Untracked 
|  29|0x0000000081d00000, 0x0000000081e00000, 0x0000000081e00000|100%| O|  |TAMS 0x0000000081e00000, 0x0000000081d00000| Untracked 
|  30|0x0000000081e00000, 0x0000000081f00000, 0x0000000081f00000|100%| O|  |TAMS 0x0000000081f00000, 0x0000000081e00000| Untracked 
|  31|0x0000000081f00000, 0x0000000082000000, 0x0000000082000000|100%| O|  |TAMS 0x0000000082000000, 0x0000000081f00000| Untracked 
|  32|0x0000000082000000, 0x0000000082100000, 0x0000000082100000|100%| O|  |TAMS 0x0000000082100000, 0x0000000082000000| Untracked 
|  33|0x0000000082100000, 0x0000000082200000, 0x0000000082200000|100%| O|  |TAMS 0x0000000082200000, 0x0000000082100000| Untracked 
|  34|0x0000000082200000, 0x0000000082300000, 0x0000000082300000|100%| O|  |TAMS 0x0000000082300000, 0x0000000082200000| Untracked 
|  35|0x0000000082300000, 0x0000000082400000, 0x0000000082400000|100%| O|  |TAMS 0x0000000082400000, 0x0000000082300000| Untracked 
|  36|0x0000000082400000, 0x0000000082500000, 0x0000000082500000|100%| O|  |TAMS 0x0000000082500000, 0x0000000082400000| Untracked 
|  37|0x0000000082500000, 0x0000000082600000, 0x0000000082600000|100%| O|  |TAMS 0x0000000082600000, 0x0000000082500000| Untracked 
|  38|0x0000000082600000, 0x0000000082700000, 0x0000000082700000|100%| O|  |TAMS 0x0000000082700000, 0x0000000082600000| Untracked 
|  39|0x0000000082700000, 0x0000000082800000, 0x0000000082800000|100%| O|  |TAMS 0x0000000082800000, 0x0000000082700000| Untracked 
|  40|0x0000000082800000, 0x0000000082900000, 0x0000000082900000|100%| O|  |TAMS 0x0000000082900000, 0x0000000082800000| Untracked 
|  41|0x0000000082900000, 0x0000000082a00000, 0x0000000082a00000|100%| O|  |TAMS 0x0000000082a00000, 0x0000000082900000| Untracked 
|  42|0x0000000082a00000, 0x0000000082b00000, 0x0000000082b00000|100%| O|  |TAMS 0x0000000082b00000, 0x0000000082a00000| Untracked 
|  43|0x0000000082b00000, 0x0000000082c00000, 0x0000000082c00000|100%|HS|  |TAMS 0x0000000082c00000, 0x0000000082b00000| Complete 
|  44|0x0000000082c00000, 0x0000000082d00000, 0x0000000082d00000|100%|HC|  |TAMS 0x0000000082d00000, 0x0000000082c00000| Complete 
|  45|0x0000000082d00000, 0x0000000082e00000, 0x0000000082e00000|100%|HC|  |TAMS 0x0000000082e00000, 0x0000000082d00000| Complete 
|  46|0x0000000082e00000, 0x0000000082f00000, 0x0000000082f00000|100%|HC|  |TAMS 0x0000000082f00000, 0x0000000082e00000| Complete 
|  47|0x0000000082f00000, 0x0000000083000000, 0x0000000083000000|100%|HC|  |TAMS 0x0000000083000000, 0x0000000082f00000| Complete 
|  48|0x0000000083000000, 0x0000000083100000, 0x0000000083100000|100%| O|  |TAMS 0x0000000083100000, 0x0000000083000000| Untracked 
|  49|0x0000000083100000, 0x0000000083200000, 0x0000000083200000|100%| O|  |TAMS 0x0000000083200000, 0x0000000083100000| Untracked 
|  50|0x0000000083200000, 0x0000000083300000, 0x0000000083300000|100%|HS|  |TAMS 0x0000000083300000, 0x0000000083200000| Complete 
|  51|0x0000000083300000, 0x0000000083400000, 0x0000000083400000|100%|HC|  |TAMS 0x0000000083400000, 0x0000000083300000| Complete 
|  52|0x0000000083400000, 0x0000000083500000, 0x0000000083500000|100%|HC|  |TAMS 0x0000000083500000, 0x0000000083400000| Complete 
|  53|0x0000000083500000, 0x0000000083600000, 0x0000000083600000|100%| O|  |TAMS 0x0000000083600000, 0x0000000083500000| Untracked 
|  54|0x0000000083600000, 0x0000000083700000, 0x0000000083700000|100%| O|  |TAMS 0x0000000083700000, 0x0000000083600000| Untracked 
|  55|0x0000000083700000, 0x0000000083800000, 0x0000000083800000|100%| O|  |TAMS 0x0000000083800000, 0x0000000083700000| Untracked 
|  56|0x0000000083800000, 0x0000000083900000, 0x0000000083900000|100%| O|  |TAMS 0x0000000083900000, 0x0000000083800000| Untracked 
|  57|0x0000000083900000, 0x0000000083a00000, 0x0000000083a00000|100%| O|  |TAMS 0x0000000083a00000, 0x0000000083900000| Untracked 
|  58|0x0000000083a00000, 0x0000000083b00000, 0x0000000083b00000|100%| O|  |TAMS 0x0000000083b00000, 0x0000000083a00000| Untracked 
|  59|0x0000000083b00000, 0x0000000083c00000, 0x0000000083c00000|100%| O|  |TAMS 0x0000000083c00000, 0x0000000083b00000| Untracked 
|  60|0x0000000083c00000, 0x0000000083d00000, 0x0000000083d00000|100%| O|  |TAMS 0x0000000083d00000, 0x0000000083c00000| Untracked 
|  61|0x0000000083d00000, 0x0000000083e00000, 0x0000000083e00000|100%| O|  |TAMS 0x0000000083e00000, 0x0000000083d00000| Untracked 
|  62|0x0000000083e00000, 0x0000000083f00000, 0x0000000083f00000|100%| O|  |TAMS 0x0000000083f00000, 0x0000000083e00000| Untracked 
|  63|0x0000000083f00000, 0x0000000084000000, 0x0000000084000000|100%|HS|  |TAMS 0x0000000084000000, 0x0000000083f00000| Complete 
|  64|0x0000000084000000, 0x0000000084100000, 0x0000000084100000|100%|HS|  |TAMS 0x0000000084100000, 0x0000000084000000| Complete 
|  65|0x0000000084100000, 0x0000000084200000, 0x0000000084200000|100%|HS|  |TAMS 0x0000000084200000, 0x0000000084100000| Complete 
|  66|0x0000000084200000, 0x0000000084300000, 0x0000000084300000|100%| O|  |TAMS 0x0000000084300000, 0x0000000084200000| Untracked 
|  67|0x0000000084300000, 0x0000000084400000, 0x0000000084400000|100%|HS|  |TAMS 0x0000000084400000, 0x0000000084300000| Complete 
|  68|0x0000000084400000, 0x0000000084500000, 0x0000000084500000|100%|HC|  |TAMS 0x0000000084500000, 0x0000000084400000| Complete 
|  69|0x0000000084500000, 0x0000000084600000, 0x0000000084600000|100%|HC|  |TAMS 0x0000000084600000, 0x0000000084500000| Complete 
|  70|0x0000000084600000, 0x0000000084700000, 0x0000000084700000|100%| O|  |TAMS 0x0000000084700000, 0x0000000084600000| Untracked 
|  71|0x0000000084700000, 0x0000000084800000, 0x0000000084800000|100%| O|  |TAMS 0x0000000084800000, 0x0000000084700000| Untracked 
|  72|0x0000000084800000, 0x0000000084900000, 0x0000000084900000|100%| O|  |TAMS 0x0000000084900000, 0x0000000084800000| Untracked 
|  73|0x0000000084900000, 0x0000000084a00000, 0x0000000084a00000|100%| O|  |TAMS 0x0000000084a00000, 0x0000000084900000| Untracked 
|  74|0x0000000084a00000, 0x0000000084b00000, 0x0000000084b00000|100%|HS|  |TAMS 0x0000000084b00000, 0x0000000084a00000| Complete 
|  75|0x0000000084b00000, 0x0000000084c00000, 0x0000000084c00000|100%|HC|  |TAMS 0x0000000084c00000, 0x0000000084b00000| Complete 
|  76|0x0000000084c00000, 0x0000000084d00000, 0x0000000084d00000|100%| O|  |TAMS 0x0000000084d00000, 0x0000000084c00000| Untracked 
|  77|0x0000000084d00000, 0x0000000084e00000, 0x0000000084e00000|100%| O|  |TAMS 0x0000000084e00000, 0x0000000084d00000| Untracked 
|  78|0x0000000084e00000, 0x0000000084f00000, 0x0000000084f00000|100%| O|  |TAMS 0x0000000084f00000, 0x0000000084e00000| Untracked 
|  79|0x0000000084f00000, 0x0000000085000000, 0x0000000085000000|100%| O|  |TAMS 0x0000000085000000, 0x0000000084f00000| Untracked 
|  80|0x0000000085000000, 0x0000000085100000, 0x0000000085100000|100%| O|  |TAMS 0x0000000085100000, 0x0000000085000000| Untracked 
|  81|0x0000000085100000, 0x0000000085200000, 0x0000000085200000|100%| O|  |TAMS 0x0000000085200000, 0x0000000085100000| Untracked 
|  82|0x0000000085200000, 0x0000000085300000, 0x0000000085300000|100%| O|  |TAMS 0x0000000085300000, 0x0000000085200000| Untracked 
|  83|0x0000000085300000, 0x0000000085400000, 0x0000000085400000|100%| O|  |TAMS 0x0000000085400000, 0x0000000085300000| Untracked 
|  84|0x0000000085400000, 0x0000000085500000, 0x0000000085500000|100%| O|  |TAMS 0x0000000085500000, 0x0000000085400000| Untracked 
|  85|0x0000000085500000, 0x0000000085600000, 0x0000000085600000|100%| O|  |TAMS 0x0000000085600000, 0x0000000085500000| Untracked 
|  86|0x0000000085600000, 0x0000000085700000, 0x0000000085700000|100%| O|  |TAMS 0x0000000085700000, 0x0000000085600000| Untracked 
|  87|0x0000000085700000, 0x0000000085800000, 0x0000000085800000|100%| O|  |TAMS 0x0000000085800000, 0x0000000085700000| Untracked 
|  88|0x0000000085800000, 0x0000000085900000, 0x0000000085900000|100%| O|  |TAMS 0x0000000085900000, 0x0000000085800000| Untracked 
|  89|0x0000000085900000, 0x0000000085a00000, 0x0000000085a00000|100%| O|  |TAMS 0x0000000085a00000, 0x0000000085900000| Untracked 
|  90|0x0000000085a00000, 0x0000000085b00000, 0x0000000085b00000|100%| O|  |TAMS 0x0000000085b00000, 0x0000000085a00000| Untracked 
|  91|0x0000000085b00000, 0x0000000085c00000, 0x0000000085c00000|100%| O|  |TAMS 0x0000000085c00000, 0x0000000085b00000| Untracked 
|  92|0x0000000085c00000, 0x0000000085d00000, 0x0000000085d00000|100%| O|  |TAMS 0x0000000085d00000, 0x0000000085c00000| Untracked 
|  93|0x0000000085d00000, 0x0000000085e00000, 0x0000000085e00000|100%| O|  |TAMS 0x0000000085e00000, 0x0000000085d00000| Untracked 
|  94|0x0000000085e00000, 0x0000000085f00000, 0x0000000085f00000|100%| O|  |TAMS 0x0000000085f00000, 0x0000000085e00000| Untracked 
|  95|0x0000000085f00000, 0x0000000086000000, 0x0000000086000000|100%| O|  |TAMS 0x0000000086000000, 0x0000000085f00000| Untracked 
|  96|0x0000000086000000, 0x0000000086100000, 0x0000000086100000|100%| O|  |TAMS 0x0000000086100000, 0x0000000086000000| Untracked 
|  97|0x0000000086100000, 0x0000000086200000, 0x0000000086200000|100%| O|  |TAMS 0x0000000086200000, 0x0000000086100000| Untracked 
|  98|0x0000000086200000, 0x0000000086300000, 0x0000000086300000|100%| O|  |TAMS 0x0000000086300000, 0x0000000086200000| Untracked 
|  99|0x0000000086300000, 0x0000000086400000, 0x0000000086400000|100%| O|  |TAMS 0x0000000086400000, 0x0000000086300000| Untracked 
| 100|0x0000000086400000, 0x0000000086500000, 0x0000000086500000|100%| O|  |TAMS 0x0000000086500000, 0x0000000086400000| Untracked 
| 101|0x0000000086500000, 0x0000000086600000, 0x0000000086600000|100%| O|  |TAMS 0x0000000086600000, 0x0000000086500000| Untracked 
| 102|0x0000000086600000, 0x0000000086700000, 0x0000000086700000|100%| O|  |TAMS 0x0000000086700000, 0x0000000086600000| Untracked 
| 103|0x0000000086700000, 0x0000000086800000, 0x0000000086800000|100%| O|  |TAMS 0x0000000086800000, 0x0000000086700000| Untracked 
| 104|0x0000000086800000, 0x0000000086900000, 0x0000000086900000|100%| O|  |TAMS 0x0000000086900000, 0x0000000086800000| Untracked 
| 105|0x0000000086900000, 0x0000000086a00000, 0x0000000086a00000|100%| O|  |TAMS 0x0000000086a00000, 0x0000000086900000| Untracked 
| 106|0x0000000086a00000, 0x0000000086b00000, 0x0000000086b00000|100%| O|  |TAMS 0x0000000086b00000, 0x0000000086a00000| Untracked 
| 107|0x0000000086b00000, 0x0000000086c00000, 0x0000000086c00000|100%| O|  |TAMS 0x0000000086c00000, 0x0000000086b00000| Untracked 
| 108|0x0000000086c00000, 0x0000000086d00000, 0x0000000086d00000|100%| O|  |TAMS 0x0000000086d00000, 0x0000000086c00000| Untracked 
| 109|0x0000000086d00000, 0x0000000086e00000, 0x0000000086e00000|100%| O|  |TAMS 0x0000000086e00000, 0x0000000086d00000| Untracked 
| 110|0x0000000086e00000, 0x0000000086f00000, 0x0000000086f00000|100%| O|  |TAMS 0x0000000086f00000, 0x0000000086e00000| Untracked 
| 111|0x0000000086f00000, 0x0000000087000000, 0x0000000087000000|100%| O|  |TAMS 0x0000000087000000, 0x0000000086f00000| Untracked 
| 112|0x0000000087000000, 0x0000000087100000, 0x0000000087100000|100%| O|  |TAMS 0x0000000087100000, 0x0000000087000000| Untracked 
| 113|0x0000000087100000, 0x0000000087200000, 0x0000000087200000|100%| O|  |TAMS 0x0000000087200000, 0x0000000087100000| Untracked 
| 114|0x0000000087200000, 0x0000000087300000, 0x0000000087300000|100%| O|  |TAMS 0x0000000087300000, 0x0000000087200000| Untracked 
| 115|0x0000000087300000, 0x0000000087400000, 0x0000000087400000|100%| O|  |TAMS 0x0000000087400000, 0x0000000087300000| Untracked 
| 116|0x0000000087400000, 0x00000000874bde00, 0x0000000087500000| 74%| O|  |TAMS 0x00000000874bde00, 0x0000000087400000| Untracked 
| 117|0x0000000087500000, 0x0000000087500000, 0x0000000087600000|  0%| F|  |TAMS 0x0000000087500000, 0x0000000087500000| Untracked 
| 118|0x0000000087600000, 0x0000000087600000, 0x0000000087700000|  0%| F|  |TAMS 0x0000000087600000, 0x0000000087600000| Untracked 
| 119|0x0000000087700000, 0x0000000087700000, 0x0000000087800000|  0%| F|  |TAMS 0x0000000087700000, 0x0000000087700000| Untracked 
| 120|0x0000000087800000, 0x0000000087800000, 0x0000000087900000|  0%| F|  |TAMS 0x0000000087800000, 0x0000000087800000| Untracked 
| 121|0x0000000087900000, 0x0000000087900000, 0x0000000087a00000|  0%| F|  |TAMS 0x0000000087900000, 0x0000000087900000| Untracked 
| 122|0x0000000087a00000, 0x0000000087a00000, 0x0000000087b00000|  0%| F|  |TAMS 0x0000000087a00000, 0x0000000087a00000| Untracked 
| 123|0x0000000087b00000, 0x0000000087b00000, 0x0000000087c00000|  0%| F|  |TAMS 0x0000000087b00000, 0x0000000087b00000| Untracked 
| 124|0x0000000087c00000, 0x0000000087c00000, 0x0000000087d00000|  0%| F|  |TAMS 0x0000000087c00000, 0x0000000087c00000| Untracked 
| 125|0x0000000087d00000, 0x0000000087d00000, 0x0000000087e00000|  0%| F|  |TAMS 0x0000000087d00000, 0x0000000087d00000| Untracked 
| 126|0x0000000087e00000, 0x0000000087e00000, 0x0000000087f00000|  0%| F|  |TAMS 0x0000000087e00000, 0x0000000087e00000| Untracked 
| 127|0x0000000087f00000, 0x0000000087f00000, 0x0000000088000000|  0%| F|  |TAMS 0x0000000087f00000, 0x0000000087f00000| Untracked 
| 128|0x0000000088000000, 0x0000000088000000, 0x0000000088100000|  0%| F|  |TAMS 0x0000000088000000, 0x0000000088000000| Untracked 
| 129|0x0000000088100000, 0x0000000088100000, 0x0000000088200000|  0%| F|  |TAMS 0x0000000088100000, 0x0000000088100000| Untracked 
| 130|0x0000000088200000, 0x0000000088200000, 0x0000000088300000|  0%| F|  |TAMS 0x0000000088200000, 0x0000000088200000| Untracked 
| 131|0x0000000088300000, 0x0000000088300000, 0x0000000088400000|  0%| F|  |TAMS 0x0000000088300000, 0x0000000088300000| Untracked 
| 132|0x0000000088400000, 0x0000000088400000, 0x0000000088500000|  0%| F|  |TAMS 0x0000000088400000, 0x0000000088400000| Untracked 
| 133|0x0000000088500000, 0x0000000088500000, 0x0000000088600000|  0%| F|  |TAMS 0x0000000088500000, 0x0000000088500000| Untracked 
| 134|0x0000000088600000, 0x0000000088600000, 0x0000000088700000|  0%| F|  |TAMS 0x0000000088600000, 0x0000000088600000| Untracked 
| 135|0x0000000088700000, 0x0000000088700000, 0x0000000088800000|  0%| F|  |TAMS 0x0000000088700000, 0x0000000088700000| Untracked 
| 136|0x0000000088800000, 0x0000000088800000, 0x0000000088900000|  0%| F|  |TAMS 0x0000000088800000, 0x0000000088800000| Untracked 
| 137|0x0000000088900000, 0x0000000088900000, 0x0000000088a00000|  0%| F|  |TAMS 0x0000000088900000, 0x0000000088900000| Untracked 
| 138|0x0000000088a00000, 0x0000000088a00000, 0x0000000088b00000|  0%| F|  |TAMS 0x0000000088a00000, 0x0000000088a00000| Untracked 
| 139|0x0000000088b00000, 0x0000000088b00000, 0x0000000088c00000|  0%| F|  |TAMS 0x0000000088b00000, 0x0000000088b00000| Untracked 
| 140|0x0000000088c00000, 0x0000000088c00000, 0x0000000088d00000|  0%| F|  |TAMS 0x0000000088c00000, 0x0000000088c00000| Untracked 
| 141|0x0000000088d00000, 0x0000000088d00000, 0x0000000088e00000|  0%| F|  |TAMS 0x0000000088d00000, 0x0000000088d00000| Untracked 
| 142|0x0000000088e00000, 0x0000000088ecc9a0, 0x0000000088f00000| 79%| S|CS|TAMS 0x0000000088e00000, 0x0000000088e00000| Complete 
| 143|0x0000000088f00000, 0x0000000089000000, 0x0000000089000000|100%| S|CS|TAMS 0x0000000088f00000, 0x0000000088f00000| Complete 
| 144|0x0000000089000000, 0x0000000089100000, 0x0000000089100000|100%| S|CS|TAMS 0x0000000089000000, 0x0000000089000000| Complete 
| 145|0x0000000089100000, 0x0000000089200000, 0x0000000089200000|100%| S|CS|TAMS 0x0000000089100000, 0x0000000089100000| Complete 
| 146|0x0000000089200000, 0x0000000089300000, 0x0000000089300000|100%| S|CS|TAMS 0x0000000089200000, 0x0000000089200000| Complete 
| 147|0x0000000089300000, 0x0000000089400000, 0x0000000089400000|100%| S|CS|TAMS 0x0000000089300000, 0x0000000089300000| Complete 
| 148|0x0000000089400000, 0x0000000089400000, 0x0000000089500000|  0%| F|  |TAMS 0x0000000089400000, 0x0000000089400000| Untracked 
| 149|0x0000000089500000, 0x0000000089500000, 0x0000000089600000|  0%| F|  |TAMS 0x0000000089500000, 0x0000000089500000| Untracked 
| 150|0x0000000089600000, 0x0000000089600000, 0x0000000089700000|  0%| F|  |TAMS 0x0000000089600000, 0x0000000089600000| Untracked 
| 151|0x0000000089700000, 0x0000000089700000, 0x0000000089800000|  0%| F|  |TAMS 0x0000000089700000, 0x0000000089700000| Untracked 
| 152|0x0000000089800000, 0x0000000089800000, 0x0000000089900000|  0%| F|  |TAMS 0x0000000089800000, 0x0000000089800000| Untracked 
| 153|0x0000000089900000, 0x0000000089900000, 0x0000000089a00000|  0%| F|  |TAMS 0x0000000089900000, 0x0000000089900000| Untracked 
| 154|0x0000000089a00000, 0x0000000089a00000, 0x0000000089b00000|  0%| F|  |TAMS 0x0000000089a00000, 0x0000000089a00000| Untracked 
| 155|0x0000000089b00000, 0x0000000089b00000, 0x0000000089c00000|  0%| F|  |TAMS 0x0000000089b00000, 0x0000000089b00000| Untracked 
| 156|0x0000000089c00000, 0x0000000089c00000, 0x0000000089d00000|  0%| F|  |TAMS 0x0000000089c00000, 0x0000000089c00000| Untracked 
| 157|0x0000000089d00000, 0x0000000089d00000, 0x0000000089e00000|  0%| F|  |TAMS 0x0000000089d00000, 0x0000000089d00000| Untracked 
| 158|0x0000000089e00000, 0x0000000089e00000, 0x0000000089f00000|  0%| F|  |TAMS 0x0000000089e00000, 0x0000000089e00000| Untracked 
| 159|0x0000000089f00000, 0x0000000089f00000, 0x000000008a000000|  0%| F|  |TAMS 0x0000000089f00000, 0x0000000089f00000| Untracked 
| 160|0x000000008a000000, 0x000000008a000000, 0x000000008a100000|  0%| F|  |TAMS 0x000000008a000000, 0x000000008a000000| Untracked 
| 161|0x000000008a100000, 0x000000008a100000, 0x000000008a200000|  0%| F|  |TAMS 0x000000008a100000, 0x000000008a100000| Untracked 
| 162|0x000000008a200000, 0x000000008a200000, 0x000000008a300000|  0%| F|  |TAMS 0x000000008a200000, 0x000000008a200000| Untracked 
| 163|0x000000008a300000, 0x000000008a300000, 0x000000008a400000|  0%| F|  |TAMS 0x000000008a300000, 0x000000008a300000| Untracked 
| 164|0x000000008a400000, 0x000000008a400000, 0x000000008a500000|  0%| F|  |TAMS 0x000000008a400000, 0x000000008a400000| Untracked 
| 165|0x000000008a500000, 0x000000008a500000, 0x000000008a600000|  0%| F|  |TAMS 0x000000008a500000, 0x000000008a500000| Untracked 
| 166|0x000000008a600000, 0x000000008a600000, 0x000000008a700000|  0%| F|  |TAMS 0x000000008a600000, 0x000000008a600000| Untracked 
| 167|0x000000008a700000, 0x000000008a700000, 0x000000008a800000|  0%| F|  |TAMS 0x000000008a700000, 0x000000008a700000| Untracked 
| 168|0x000000008a800000, 0x000000008a800000, 0x000000008a900000|  0%| F|  |TAMS 0x000000008a800000, 0x000000008a800000| Untracked 
| 169|0x000000008a900000, 0x000000008a900000, 0x000000008aa00000|  0%| F|  |TAMS 0x000000008a900000, 0x000000008a900000| Untracked 
| 170|0x000000008aa00000, 0x000000008aa3ce38, 0x000000008ab00000| 23%| E|  |TAMS 0x000000008aa00000, 0x000000008aa00000| Complete 
| 171|0x000000008ab00000, 0x000000008ac00000, 0x000000008ac00000|100%| E|CS|TAMS 0x000000008ab00000, 0x000000008ab00000| Complete 
| 172|0x000000008ac00000, 0x000000008ad00000, 0x000000008ad00000|100%| E|CS|TAMS 0x000000008ac00000, 0x000000008ac00000| Complete 
| 173|0x000000008ad00000, 0x000000008ae00000, 0x000000008ae00000|100%| E|CS|TAMS 0x000000008ad00000, 0x000000008ad00000| Complete 
| 174|0x000000008ae00000, 0x000000008af00000, 0x000000008af00000|100%| E|CS|TAMS 0x000000008ae00000, 0x000000008ae00000| Complete 
| 175|0x000000008af00000, 0x000000008b000000, 0x000000008b000000|100%| E|CS|TAMS 0x000000008af00000, 0x000000008af00000| Complete 
| 176|0x000000008b000000, 0x000000008b100000, 0x000000008b100000|100%| E|CS|TAMS 0x000000008b000000, 0x000000008b000000| Complete 
| 177|0x000000008b100000, 0x000000008b200000, 0x000000008b200000|100%| E|CS|TAMS 0x000000008b100000, 0x000000008b100000| Complete 
| 178|0x000000008b200000, 0x000000008b300000, 0x000000008b300000|100%| E|CS|TAMS 0x000000008b200000, 0x000000008b200000| Complete 
| 179|0x000000008b300000, 0x000000008b400000, 0x000000008b400000|100%| E|CS|TAMS 0x000000008b300000, 0x000000008b300000| Complete 
| 180|0x000000008b400000, 0x000000008b500000, 0x000000008b500000|100%| E|CS|TAMS 0x000000008b400000, 0x000000008b400000| Complete 
| 181|0x000000008b500000, 0x000000008b600000, 0x000000008b600000|100%| E|CS|TAMS 0x000000008b500000, 0x000000008b500000| Complete 
| 182|0x000000008b600000, 0x000000008b700000, 0x000000008b700000|100%| E|CS|TAMS 0x000000008b600000, 0x000000008b600000| Complete 
| 183|0x000000008b700000, 0x000000008b800000, 0x000000008b800000|100%| E|CS|TAMS 0x000000008b700000, 0x000000008b700000| Complete 
| 184|0x000000008b800000, 0x000000008b900000, 0x000000008b900000|100%| E|CS|TAMS 0x000000008b800000, 0x000000008b800000| Complete 
| 185|0x000000008b900000, 0x000000008ba00000, 0x000000008ba00000|100%| E|CS|TAMS 0x000000008b900000, 0x000000008b900000| Complete 
| 186|0x000000008ba00000, 0x000000008bb00000, 0x000000008bb00000|100%| E|CS|TAMS 0x000000008ba00000, 0x000000008ba00000| Complete 
| 187|0x000000008bb00000, 0x000000008bc00000, 0x000000008bc00000|100%| E|CS|TAMS 0x000000008bb00000, 0x000000008bb00000| Complete 

Card table byte_map: [0x000001ecd7680000,0x000001ecd7a80000] _byte_map_base: 0x000001ecd7280000

Marking Bits (Prev, Next): (CMBitMap*) 0x000001ecc47d0c78, (CMBitMap*) 0x000001ecc47d0cb0
 Prev Bits: [0x000001ecd7e80000, 0x000001ecd9e80000)
 Next Bits: [0x000001ecd9e80000, 0x000001ecdbe80000)

Polling page: 0x000001ecc2930000

Metaspace:

Usage:
  Non-class:     99.39 MB capacity,    97.58 MB ( 98%) used,     1.50 MB (  2%) free+waste,   315.13 KB ( <1%) overhead. 
      Class:     15.31 MB capacity,    14.29 MB ( 93%) used,   904.67 KB (  6%) free+waste,   143.50 KB ( <1%) overhead. 
       Both:    114.71 MB capacity,   111.87 MB ( 98%) used,     2.39 MB (  2%) free+waste,   458.63 KB ( <1%) overhead. 

Virtual space:
  Non-class space:      100.00 MB reserved,      99.42 MB (>99%) committed 
      Class space:        1.00 GB reserved,      15.38 MB (  2%) committed 
             Both:        1.10 GB reserved,     114.80 MB ( 10%) committed 

Chunk freelists:
   Non-Class:  0 bytes
       Class:  0 bytes
        Both:  0 bytes

MaxMetaspaceSize: 17179869184.00 GB
CompressedClassSpaceSize: 1.00 GB

CodeHeap 'non-profiled nmethods': size=120064Kb used=7725Kb max_used=7725Kb free=112338Kb
 bounds [0x000001eccfd40000, 0x000001ecd04d0000, 0x000001ecd7280000]
CodeHeap 'profiled nmethods': size=120000Kb used=29938Kb max_used=29938Kb free=90061Kb
 bounds [0x000001ecc8810000, 0x000001ecca550000, 0x000001eccfd40000]
CodeHeap 'non-nmethods': size=5696Kb used=2342Kb max_used=2382Kb free=3353Kb
 bounds [0x000001ecc8280000, 0x000001ecc84f0000, 0x000001ecc8810000]
 total_blobs=14256 nmethods=13278 adapters=888
 compilation: enabled
              stopped_count=0, restarted_count=0
 full_count=0

Compilation events (20 events):
Event: 97.982 Thread 0x000001ecde8c0800 13447       2       java.io.ObjectOutputStream::writeUTF (9 bytes)
Event: 97.983 Thread 0x000001ecde8c0800 nmethod 13447 0x000001ecca54b610 code [0x000001ecca54b7e0, 0x000001ecca54b938]
Event: 97.984 Thread 0x000001ecde8c0800 13448  s    2       java.net.URL::writeObject (5 bytes)
Event: 97.984 Thread 0x000001ecde8c0800 nmethod 13448 0x000001ecca54ba10 code [0x000001ecca54bbc0, 0x000001ecca54be48]
Event: 97.984 Thread 0x000001ecde8c0800 13449   !   2       jdk.internal.reflect.GeneratedMethodAccessor22::invoke (66 bytes)
Event: 97.985 Thread 0x000001ecde8c0800 nmethod 13449 0x000001ecca54bf10 code [0x000001ecca54c140, 0x000001ecca54c7b8]
Event: 98.215 Thread 0x000001ecde05c000 nmethod 13362 0x000001ecd04bca10 code [0x000001ecd04bd120, 0x000001ecd04c40d0]
Event: 98.215 Thread 0x000001ecde05c000 13375       4       groovy.lang.MetaMethod::isStatic (16 bytes)
Event: 98.216 Thread 0x000001ecde05c000 nmethod 13375 0x000001ecd04c6d90 code [0x000001ecd04c6f20, 0x000001ecd04c6fd8]
Event: 98.217 Thread 0x000001ecde05c000 13425       4       java.io.Bits::putInt (36 bytes)
Event: 98.218 Thread 0x000001ecde05c000 nmethod 13425 0x000001ecd04c7090 code [0x000001ecd04c7220, 0x000001ecd04c72f8]
Event: 98.218 Thread 0x000001ecde05c000 13376       4       sun.reflect.generics.repository.GenericDeclRepository::getTypeParameters (27 bytes)
Event: 98.234 Thread 0x000001ecde05c000 nmethod 13376 0x000001ecd04c7410 code [0x000001ecd04c75e0, 0x000001ecd04c7bb8]
Event: 98.234 Thread 0x000001ecde05c000 13363       4       java.lang.reflect.Method::specificToGenericStringHeader (48 bytes)
Event: 98.355 Thread 0x000001ecde05c000 nmethod 13363 0x000001ecd04c7f10 code [0x000001ecd04c81a0, 0x000001ecd04c9c48]
Event: 98.497 Thread 0x000001ecde05c000 13450       4       java.io.ObjectOutputStream$HandleTable::insert (39 bytes)
Event: 98.513 Thread 0x000001ecde05c000 nmethod 13450 0x000001ecd04ca910 code [0x000001ecd04caac0, 0x000001ecd04cada8]
Event: 98.516 Thread 0x000001ecde05c000 13451       4       java.io.ObjectOutputStream$HandleTable::lookup (56 bytes)
Event: 98.522 Thread 0x000001ecde05c000 nmethod 13451 0x000001ecd04caf90 code [0x000001ecd04cb140, 0x000001ecd04cb328]
Event: 98.527 Thread 0x000001ecde05c000 13452   !   4       java.io.ObjectOutputStream::writeObject0 (619 bytes)

GC Heap History (20 events):
Event: 64.714 GC heap before
{Heap before GC invocations=72 (full 0):
 garbage-first heap   total 159744K, used 131423K [0x0000000080000000, 0x0000000100000000)
  region size 1024K, 35 young (35840K), 4 survivors (4096K)
 Metaspace       used 85542K, capacity 87774K, committed 87984K, reserved 1126400K
  class space    used 11028K, capacity 11772K, committed 11776K, reserved 1048576K
}
Event: 64.742 GC heap after
{Heap after GC invocations=73 (full 0):
 garbage-first heap   total 192512K, used 101328K [0x0000000080000000, 0x0000000100000000)
  region size 1024K, 4 young (4096K), 4 survivors (4096K)
 Metaspace       used 85542K, capacity 87774K, committed 87984K, reserved 1126400K
  class space    used 11028K, capacity 11772K, committed 11776K, reserved 1048576K
}
Event: 66.987 GC heap before
{Heap before GC invocations=73 (full 0):
 garbage-first heap   total 192512K, used 132048K [0x0000000080000000, 0x0000000100000000)
  region size 1024K, 35 young (35840K), 4 survivors (4096K)
 Metaspace       used 87669K, capacity 89990K, committed 90160K, reserved 1128448K
  class space    used 11299K, capacity 12061K, committed 12160K, reserved 1048576K
}
Event: 67.008 GC heap after
{Heap after GC invocations=74 (full 0):
 garbage-first heap   total 192512K, used 105072K [0x0000000080000000, 0x0000000100000000)
  region size 1024K, 7 young (7168K), 7 survivors (7168K)
 Metaspace       used 87669K, capacity 89990K, committed 90160K, reserved 1128448K
  class space    used 11299K, capacity 12061K, committed 12160K, reserved 1048576K
}
Event: 70.356 GC heap before
{Heap before GC invocations=75 (full 0):
 garbage-first heap   total 192512K, used 153200K [0x0000000080000000, 0x0000000100000000)
  region size 1024K, 53 young (54272K), 7 survivors (7168K)
 Metaspace       used 93528K, capacity 95929K, committed 96304K, reserved 1132544K
  class space    used 12003K, capacity 12808K, committed 12928K, reserved 1048576K
}
Event: 70.389 GC heap after
{Heap after GC invocations=76 (full 0):
 garbage-first heap   total 192512K, used 106094K [0x0000000080000000, 0x0000000100000000)
  region size 1024K, 5 young (5120K), 5 survivors (5120K)
 Metaspace       used 93528K, capacity 95929K, committed 96304K, reserved 1132544K
  class space    used 12003K, capacity 12808K, committed 12928K, reserved 1048576K
}
Event: 75.144 GC heap before
{Heap before GC invocations=76 (full 0):
 garbage-first heap   total 192512K, used 154222K [0x0000000080000000, 0x0000000100000000)
  region size 1024K, 52 young (53248K), 5 survivors (5120K)
 Metaspace       used 96749K, capacity 99296K, committed 99504K, reserved 1136640K
  class space    used 12396K, capacity 13269K, committed 13312K, reserved 1048576K
}
Event: 75.176 GC heap after
{Heap after GC invocations=77 (full 0):
 garbage-first heap   total 192512K, used 109963K [0x0000000080000000, 0x0000000100000000)
  region size 1024K, 6 young (6144K), 6 survivors (6144K)
 Metaspace       used 96749K, capacity 99296K, committed 99504K, reserved 1136640K
  class space    used 12396K, capacity 13269K, committed 13312K, reserved 1048576K
}
Event: 78.528 GC heap before
{Heap before GC invocations=78 (full 0):
 garbage-first heap   total 192512K, used 157067K [0x0000000080000000, 0x0000000100000000)
  region size 1024K, 53 young (54272K), 6 survivors (6144K)
 Metaspace       used 97117K, capacity 99669K, committed 99760K, reserved 1136640K
  class space    used 12403K, capacity 13275K, committed 13312K, reserved 1048576K
}
Event: 78.565 GC heap after
{Heap after GC invocations=79 (full 0):
 garbage-first heap   total 192512K, used 112546K [0x0000000080000000, 0x0000000100000000)
  region size 1024K, 7 young (7168K), 7 survivors (7168K)
 Metaspace       used 97117K, capacity 99669K, committed 99760K, reserved 1136640K
  class space    used 12403K, capacity 13275K, committed 13312K, reserved 1048576K
}
Event: 80.966 GC heap before
{Heap before GC invocations=79 (full 0):
 garbage-first heap   total 192512K, used 158626K [0x0000000080000000, 0x0000000100000000)
  region size 1024K, 53 young (54272K), 7 survivors (7168K)
 Metaspace       used 99888K, capacity 102485K, committed 102704K, reserved 1138688K
  class space    used 12692K, capacity 13590K, committed 13696K, reserved 1048576K
}
Event: 81.001 GC heap after
{Heap after GC invocations=80 (full 0):
 garbage-first heap   total 192512K, used 115272K [0x0000000080000000, 0x0000000100000000)
  region size 1024K, 6 young (6144K), 6 survivors (6144K)
 Metaspace       used 99888K, capacity 102485K, committed 102704K, reserved 1138688K
  class space    used 12692K, capacity 13590K, committed 13696K, reserved 1048576K
}
Event: 88.241 GC heap before
{Heap before GC invocations=81 (full 0):
 garbage-first heap   total 192512K, used 161352K [0x0000000080000000, 0x0000000100000000)
  region size 1024K, 51 young (52224K), 6 survivors (6144K)
 Metaspace       used 105418K, capacity 107998K, committed 108336K, reserved 1142784K
  class space    used 13449K, capacity 14340K, committed 14464K, reserved 1048576K
}
Event: 88.271 GC heap after
{Heap after GC invocations=82 (full 0):
 garbage-first heap   total 192512K, used 118827K [0x0000000080000000, 0x0000000100000000)
  region size 1024K, 7 young (7168K), 7 survivors (7168K)
 Metaspace       used 105418K, capacity 107998K, committed 108336K, reserved 1142784K
  class space    used 13449K, capacity 14340K, committed 14464K, reserved 1048576K
}
Event: 89.977 GC heap before
{Heap before GC invocations=82 (full 0):
 garbage-first heap   total 192512K, used 161835K [0x0000000080000000, 0x0000000100000000)
  region size 1024K, 49 young (50176K), 7 survivors (7168K)
 Metaspace       used 108141K, capacity 110839K, committed 111024K, reserved 1144832K
  class space    used 13858K, capacity 14784K, committed 14848K, reserved 1048576K
}
Event: 90.005 GC heap after
{Heap after GC invocations=83 (full 0):
 garbage-first heap   total 192512K, used 119607K [0x0000000080000000, 0x0000000100000000)
  region size 1024K, 4 young (4096K), 4 survivors (4096K)
 Metaspace       used 108141K, capacity 110839K, committed 111024K, reserved 1144832K
  class space    used 13858K, capacity 14784K, committed 14848K, reserved 1048576K
}
Event: 91.236 GC heap before
{Heap before GC invocations=84 (full 0):
 garbage-first heap   total 192512K, used 164663K [0x0000000080000000, 0x0000000100000000)
  region size 1024K, 48 young (49152K), 4 survivors (4096K)
 Metaspace       used 111361K, capacity 114103K, committed 114224K, reserved 1148928K
  class space    used 14225K, capacity 15168K, committed 15232K, reserved 1048576K
}
Event: 91.265 GC heap after
{Heap after GC invocations=85 (full 0):
 garbage-first heap   total 192512K, used 122574K [0x0000000080000000, 0x0000000100000000)
  region size 1024K, 5 young (5120K), 5 survivors (5120K)
 Metaspace       used 111361K, capacity 114103K, committed 114224K, reserved 1148928K
  class space    used 14225K, capacity 15168K, committed 15232K, reserved 1048576K
}
Event: 96.620 GC heap before
{Heap before GC invocations=85 (full 0):
 garbage-first heap   total 192512K, used 163534K [0x0000000080000000, 0x0000000100000000)
  region size 1024K, 45 young (46080K), 5 survivors (5120K)
 Metaspace       used 112672K, capacity 115428K, committed 115632K, reserved 1148928K
  class space    used 14372K, capacity 15344K, committed 15360K, reserved 1048576K
}
Event: 96.648 GC heap after
{Heap after GC invocations=86 (full 0):
 garbage-first heap   total 192512K, used 125481K [0x0000000080000000, 0x0000000100000000)
  region size 1024K, 6 young (6144K), 6 survivors (6144K)
 Metaspace       used 112672K, capacity 115428K, committed 115632K, reserved 1148928K
  class space    used 14372K, capacity 15344K, committed 15360K, reserved 1048576K
}

Deoptimization events (20 events):
Event: 93.713 Thread 0x000001ecdf5e5800 DEOPT PACKING pc=0x000001ecd02aa688 sp=0x00000078176fa290
Event: 93.713 Thread 0x000001ecdf5e5800 DEOPT UNPACKING pc=0x000001ecc82a6ca9 sp=0x00000078176fa1a8 mode 2
Event: 93.713 Thread 0x000001ecdf5e5800 Uncommon trap: trap_request=0xffffffc6 fr.pc=0x000001ecd02aa688 relative=0x0000000000000148
Event: 93.713 Thread 0x000001ecdf5e5800 Uncommon trap: reason=bimorphic_or_optimized_type_check action=maybe_recompile pc=0x000001ecd02aa688 method=java.util.regex.Pattern$BmpCharPredicate.lambda$union$2(Ljava/util/regex/Pattern$CharPredicate;I)Z @ 12 c2
Event: 93.714 Thread 0x000001ecdf5e5800 DEOPT PACKING pc=0x000001ecd02aa688 sp=0x00000078176fa290
Event: 93.714 Thread 0x000001ecdf5e5800 DEOPT UNPACKING pc=0x000001ecc82a6ca9 sp=0x00000078176fa1a8 mode 2
Event: 93.714 Thread 0x000001ecdf5e5800 Uncommon trap: trap_request=0xffffffc6 fr.pc=0x000001ecd02aa688 relative=0x0000000000000148
Event: 93.714 Thread 0x000001ecdf5e5800 Uncommon trap: reason=bimorphic_or_optimized_type_check action=maybe_recompile pc=0x000001ecd02aa688 method=java.util.regex.Pattern$BmpCharPredicate.lambda$union$2(Ljava/util/regex/Pattern$CharPredicate;I)Z @ 12 c2
Event: 93.714 Thread 0x000001ecdf5e5800 DEOPT PACKING pc=0x000001ecd02aa688 sp=0x00000078176fa290
Event: 93.714 Thread 0x000001ecdf5e5800 DEOPT UNPACKING pc=0x000001ecc82a6ca9 sp=0x00000078176fa1a8 mode 2
Event: 93.714 Thread 0x000001ecdf5e5800 Uncommon trap: trap_request=0xffffffc6 fr.pc=0x000001ecd02aa688 relative=0x0000000000000148
Event: 93.714 Thread 0x000001ecdf5e5800 Uncommon trap: reason=bimorphic_or_optimized_type_check action=maybe_recompile pc=0x000001ecd02aa688 method=java.util.regex.Pattern$BmpCharPredicate.lambda$union$2(Ljava/util/regex/Pattern$CharPredicate;I)Z @ 12 c2
Event: 93.714 Thread 0x000001ecdf5e5800 DEOPT PACKING pc=0x000001ecd02aa688 sp=0x00000078176fa290
Event: 93.714 Thread 0x000001ecdf5e5800 DEOPT UNPACKING pc=0x000001ecc82a6ca9 sp=0x00000078176fa1a8 mode 2
Event: 93.889 Thread 0x000001ecdf5e5800 DEOPT PACKING pc=0x000001ecca1029c2 sp=0x00000078176f8d80
Event: 93.889 Thread 0x000001ecdf5e5800 DEOPT UNPACKING pc=0x000001ecc82a6abf sp=0x00000078176f8290 mode 0
Event: 97.199 Thread 0x000001ecdf5e5800 DEOPT PACKING pc=0x000001ecc99d144b sp=0x00000078176f8240
Event: 97.199 Thread 0x000001ecdf5e5800 DEOPT UNPACKING pc=0x000001ecc82a6abf sp=0x00000078176f7700 mode 0
Event: 97.235 Thread 0x000001ecdf5e5800 DEOPT PACKING pc=0x000001ecc99d1fad sp=0x00000078176f81b0
Event: 97.235 Thread 0x000001ecdf5e5800 DEOPT UNPACKING pc=0x000001ecc82a6abf sp=0x00000078176f7678 mode 0

Classes redefined (0 events):
No events

Internal exceptions (20 events):
Event: 97.275 Thread 0x000001ecdf5e5800 Exception <a 'java/lang/ClassNotFoundException'{0x000000008bafa398}: org/gradle/plugins/ide/internal/IdePluginBeanInfo> (0x000000008bafa398) thrown at [./src/hotspot/share/classfile/systemDictionary.cpp, line 231]
Event: 97.275 Thread 0x000001ecdf5e5800 Exception <a 'java/lang/ClassNotFoundException'{0x000000008b91b380}: org/gradle/plugins/ide/internal/IdePluginCustomizer> (0x000000008b91b380) thrown at [./src/hotspot/share/classfile/systemDictionary.cpp, line 231]
Event: 97.285 Thread 0x000001ecdf5e5800 Exception <a 'java/lang/ClassNotFoundException'{0x000000008b9446d0}: org/gradle/plugins/ide/idea/IdeaPluginCustomizer> (0x000000008b9446d0) thrown at [./src/hotspot/share/classfile/systemDictionary.cpp, line 231]
Event: 97.299 Thread 0x000001ecdf5e5800 Exception <a 'java/lang/ClassNotFoundException'{0x000000008b99b050}: org/gradle/plugins/ide/idea/model/IdeaModel_DecoratedBeanInfo> (0x000000008b99b050) thrown at [./src/hotspot/share/classfile/systemDictionary.cpp, line 231]
Event: 97.299 Thread 0x000001ecdf5e5800 Exception <a 'java/lang/ClassNotFoundException'{0x000000008b9bbd80}: org/gradle/plugins/ide/idea/model/IdeaModelBeanInfo> (0x000000008b9bbd80) thrown at [./src/hotspot/share/classfile/systemDictionary.cpp, line 231]
Event: 97.300 Thread 0x000001ecdf5e5800 Exception <a 'java/lang/ClassNotFoundException'{0x000000008b9dcba8}: org/gradle/plugins/ide/idea/model/IdeaModelCustomizer> (0x000000008b9dcba8) thrown at [./src/hotspot/share/classfile/systemDictionary.cpp, line 231]
Event: 97.302 Thread 0x000001ecdf5e5800 Exception <a 'java/lang/ClassNotFoundException'{0x000000008b80fb50}: org/gradle/plugins/ide/idea/model/IdeaModel_DecoratedCustomizer> (0x000000008b80fb50) thrown at [./src/hotspot/share/classfile/systemDictionary.cpp, line 231]
Event: 97.308 Thread 0x000001ecdf5e5800 Exception <a 'java/lang/ClassNotFoundException'{0x000000008b863538}: org/jetbrains/plugins/gradle/tooling/util/JavaPluginUtilBeanInfo> (0x000000008b863538) thrown at [./src/hotspot/share/classfile/systemDictionary.cpp, line 231]
Event: 97.309 Thread 0x000001ecdf5e5800 Exception <a 'java/lang/ClassNotFoundException'{0x000000008b8752a8}: org/jetbrains/plugins/gradle/tooling/util/JavaPluginUtilCustomizer> (0x000000008b8752a8) thrown at [./src/hotspot/share/classfile/systemDictionary.cpp, line 231]
Event: 97.371 Thread 0x000001ecdf5e5800 Exception <a 'java/lang/ClassNotFoundException'{0x000000008b7b3460}: org/gradle/api/tasks/SourceSetBeanInfo> (0x000000008b7b3460) thrown at [./src/hotspot/share/classfile/systemDictionary.cpp, line 231]
Event: 97.372 Thread 0x000001ecdf5e5800 Exception <a 'java/lang/ClassNotFoundException'{0x000000008b7d0400}: org/gradle/api/tasks/SourceSetCustomizer> (0x000000008b7d0400) thrown at [./src/hotspot/share/classfile/systemDictionary.cpp, line 231]
Event: 97.381 Thread 0x000001ecdf5e5800 Exception <a 'java/lang/ClassNotFoundException'{0x000000008b64bba8}: java/util/LinkedHashMapBeanInfo> (0x000000008b64bba8) thrown at [./src/hotspot/share/classfile/systemDictionary.cpp, line 231]
Event: 97.381 Thread 0x000001ecdf5e5800 Exception <a 'java/lang/ClassNotFoundException'{0x000000008b654e38}: java/util/HashMapBeanInfo> (0x000000008b654e38) thrown at [./src/hotspot/share/classfile/systemDictionary.cpp, line 231]
Event: 97.381 Thread 0x000001ecdf5e5800 Exception <a 'java/lang/ClassNotFoundException'{0x000000008b65e8f0}: java/util/AbstractMapBeanInfo> (0x000000008b65e8f0) thrown at [./src/hotspot/share/classfile/systemDictionary.cpp, line 231]
Event: 97.382 Thread 0x000001ecdf5e5800 Exception <a 'java/lang/ClassNotFoundException'{0x000000008b668460}: java/util/AbstractMapCustomizer> (0x000000008b668460) thrown at [./src/hotspot/share/classfile/systemDictionary.cpp, line 231]
Event: 97.383 Thread 0x000001ecdf5e5800 Exception <a 'java/lang/ClassNotFoundException'{0x000000008b67ba48}: java/util/HashMapCustomizer> (0x000000008b67ba48) thrown at [./src/hotspot/share/classfile/systemDictionary.cpp, line 231]
Event: 97.386 Thread 0x000001ecdf5e5800 Exception <a 'java/lang/ClassNotFoundException'{0x000000008b69b450}: java/util/LinkedHashMapCustomizer> (0x000000008b69b450) thrown at [./src/hotspot/share/classfile/systemDictionary.cpp, line 231]
Event: 97.985 Thread 0x000001ece005f000 Exception <a 'java/lang/NoSuchMethodError'{0x000000008aa0d068}: <clinit>> (0x000000008aa0d068) thrown at [./src/hotspot/share/prims/jni.cpp, line 1362]
Event: 98.666 Thread 0x000001ece005f000 Exception <a 'java/lang/NoSuchMethodError'{0x000000008aa2b158}: <clinit>> (0x000000008aa2b158) thrown at [./src/hotspot/share/prims/jni.cpp, line 1362]
Event: 98.670 Thread 0x000001ece005f000 Exception <a 'java/lang/NoSuchMethodError'{0x000000008aa3b0e0}: <clinit>> (0x000000008aa3b0e0) thrown at [./src/hotspot/share/prims/jni.cpp, line 1362]

Events (20 events):
Event: 97.927 Executing VM operation: RevokeBias
Event: 97.927 Executing VM operation: RevokeBias done
Event: 97.928 Executing VM operation: BulkRevokeBias
Event: 97.929 Executing VM operation: BulkRevokeBias done
Event: 97.969 loading class org/gradle/kotlin/dsl/tooling/builders/StandardKotlinDslScriptModel
Event: 97.969 loading class org/gradle/kotlin/dsl/tooling/builders/StandardKotlinDslScriptModel done
Event: 97.972 loading class org/gradle/tooling/model/kotlin/dsl/KotlinDslScriptModel
Event: 97.972 loading class org/gradle/tooling/model/kotlin/dsl/KotlinDslScriptModel done
Event: 97.976 loading class org/gradle/api/services/BuildService
Event: 97.976 loading class org/gradle/api/services/BuildService done
Event: 97.976 loading class org/gradle/api/services/BuildService
Event: 97.976 loading class org/gradle/api/services/BuildService done
Event: 97.976 loading class org/gradle/api/services/internal/BuildServiceProvider
Event: 97.976 loading class org/gradle/api/services/internal/BuildServiceProvider done
Event: 97.980 loading class org/jetbrains/kotlin/gradle/plugin/statistics/KotlinBuildStatHandler$buildFinished$1
Event: 97.980 loading class org/jetbrains/kotlin/gradle/plugin/statistics/KotlinBuildStatHandler$buildFinished$1 done
Event: 98.671 Executing VM operation: RevokeBias
Event: 98.677 Executing VM operation: RevokeBias done
Event: 98.677 Executing VM operation: RevokeBias
Event: 98.678 Executing VM operation: RevokeBias done


Dynamic libraries:
0x00007ff6e9c50000 - 0x00007ff6e9c5a000 	C:\Program Files\Android\Android Studio\jre\bin\java.exe
0x00007ffb15830000 - 0x00007ffb15a25000 	C:\WINDOWS\SYSTEM32\ntdll.dll
0x00007ffae3580000 - 0x00007ffae3596000 	C:\Program Files\Avast Software\Avast\aswhook.dll
0x00007ffb14240000 - 0x00007ffb142fe000 	C:\WINDOWS\System32\KERNEL32.DLL
0x00007ffb132d0000 - 0x00007ffb13598000 	C:\WINDOWS\System32\KERNELBASE.dll
0x00007ffb135d0000 - 0x00007ffb136d0000 	C:\WINDOWS\System32\ucrtbase.dll
0x00007ffaf6d30000 - 0x00007ffaf6d49000 	C:\Program Files\Android\Android Studio\jre\bin\jli.dll
0x00007ffaf5e40000 - 0x00007ffaf5e57000 	C:\Program Files\Android\Android Studio\jre\bin\VCRUNTIME140.dll
0x00007ffb14bb0000 - 0x00007ffb14d51000 	C:\WINDOWS\System32\USER32.dll
0x00007ffb135a0000 - 0x00007ffb135c2000 	C:\WINDOWS\System32\win32u.dll
0x00007ffafc270000 - 0x00007ffafc50a000 	C:\WINDOWS\WinSxS\amd64_microsoft.windows.common-controls_6595b64144ccf1df_6.0.19041.1110_none_60b5254171f9507e\COMCTL32.dll
0x00007ffb14210000 - 0x00007ffb1423b000 	C:\WINDOWS\System32\GDI32.dll
0x00007ffb14f10000 - 0x00007ffb14fae000 	C:\WINDOWS\System32\msvcrt.dll
0x00007ffb13110000 - 0x00007ffb1321b000 	C:\WINDOWS\System32\gdi32full.dll
0x00007ffb13070000 - 0x00007ffb1310d000 	C:\WINDOWS\System32\msvcp_win.dll
0x00007ffb13f20000 - 0x00007ffb13f50000 	C:\WINDOWS\System32\IMM32.DLL
0x00007ffae3f10000 - 0x00007ffae3fad000 	C:\Program Files\Android\Android Studio\jre\bin\msvcp140.dll
0x00007ffac9900000 - 0x00007ffaca3cf000 	C:\Program Files\Android\Android Studio\jre\bin\server\jvm.dll
0x00007ffb14af0000 - 0x00007ffb14b9c000 	C:\WINDOWS\System32\ADVAPI32.dll
0x00007ffb14310000 - 0x00007ffb143ab000 	C:\WINDOWS\System32\sechost.dll
0x00007ffb15010000 - 0x00007ffb1513a000 	C:\WINDOWS\System32\RPCRT4.dll
0x00007ffb14ba0000 - 0x00007ffb14ba8000 	C:\WINDOWS\System32\PSAPI.DLL
0x00007ffaf5bb0000 - 0x00007ffaf5bb9000 	C:\WINDOWS\SYSTEM32\WSOCK32.dll
0x00007ffae91d0000 - 0x00007ffae91f7000 	C:\WINDOWS\SYSTEM32\WINMM.dll
0x00007ffb14040000 - 0x00007ffb140ab000 	C:\WINDOWS\System32\WS2_32.dll
0x00007ffb09f70000 - 0x00007ffb09f7a000 	C:\WINDOWS\SYSTEM32\VERSION.dll
0x00007ffb117d0000 - 0x00007ffb117e2000 	C:\WINDOWS\SYSTEM32\kernel.appcore.dll
0x00007ffae2b50000 - 0x00007ffae2b61000 	C:\Program Files\Android\Android Studio\jre\bin\verify.dll
0x00007ffb114f0000 - 0x00007ffb116d4000 	C:\WINDOWS\SYSTEM32\DBGHELP.DLL
0x00007ffaf9960000 - 0x00007ffaf998c000 	C:\WINDOWS\SYSTEM32\dbgcore.DLL
0x00007ffb12f80000 - 0x00007ffb13003000 	C:\WINDOWS\System32\bcryptPrimitives.dll
0x00007ffadb420000 - 0x00007ffadb449000 	C:\Program Files\Android\Android Studio\jre\bin\java.dll
0x00007ffaf7d80000 - 0x00007ffaf7d8b000 	C:\Program Files\Android\Android Studio\jre\bin\jimage.dll
0x00007ffae1460000 - 0x00007ffae1478000 	C:\Program Files\Android\Android Studio\jre\bin\zip.dll
0x00007ffb143b0000 - 0x00007ffb14aef000 	C:\WINDOWS\System32\SHELL32.dll
0x00007ffb10c90000 - 0x00007ffb11420000 	C:\WINDOWS\SYSTEM32\windows.storage.dll
0x00007ffb13aa0000 - 0x00007ffb13df5000 	C:\WINDOWS\System32\combase.dll
0x00007ffb128d0000 - 0x00007ffb128fe000 	C:\WINDOWS\SYSTEM32\Wldp.dll
0x00007ffb14160000 - 0x00007ffb1420d000 	C:\WINDOWS\System32\SHCORE.dll
0x00007ffb13880000 - 0x00007ffb138d5000 	C:\WINDOWS\System32\shlwapi.dll
0x00007ffb12e90000 - 0x00007ffb12eaf000 	C:\WINDOWS\SYSTEM32\profapi.dll
0x00007ffade610000 - 0x00007ffade62a000 	C:\Program Files\Android\Android Studio\jre\bin\net.dll
0x00007ffb00820000 - 0x00007ffb0092c000 	C:\WINDOWS\SYSTEM32\WINHTTP.dll
0x00007ffb12630000 - 0x00007ffb1269a000 	C:\WINDOWS\system32\mswsock.dll
0x00007ffade8b0000 - 0x00007ffade8c4000 	C:\Program Files\Android\Android Studio\jre\bin\nio.dll
0x00007ffb038c0000 - 0x00007ffb038e7000 	C:\Users\Jenni\.gradle\native\8bec1ad78214c89d9ad589b4d07fe93259594b29d510b10fafb7a158f7737e5d\windows-amd64\native-platform.dll
0x00007ffad1190000 - 0x00007ffad12cd000 	C:\Users\Jenni\.gradle\native\53dbd7edfb1c66fb8903c78663c9afc45aea4f116125fa6feffd364cf09443e8\windows-amd64\native-platform-file-events.dll
0x00007ffaf1bf0000 - 0x00007ffaf1bfa000 	C:\Program Files\Android\Android Studio\jre\bin\management.dll
0x00007ffaf09c0000 - 0x00007ffaf09cc000 	C:\Program Files\Android\Android Studio\jre\bin\management_ext.dll
0x00007ffb12820000 - 0x00007ffb12838000 	C:\WINDOWS\SYSTEM32\CRYPTSP.dll
0x00007ffb11fb0000 - 0x00007ffb11fe4000 	C:\WINDOWS\system32\rsaenh.dll
0x00007ffb12f50000 - 0x00007ffb12f77000 	C:\WINDOWS\System32\bcrypt.dll
0x00007ffb12e10000 - 0x00007ffb12e3e000 	C:\WINDOWS\SYSTEM32\USERENV.dll
0x00007ffb12840000 - 0x00007ffb1284c000 	C:\WINDOWS\SYSTEM32\CRYPTBASE.dll
0x00007ffb12320000 - 0x00007ffb1235b000 	C:\WINDOWS\SYSTEM32\IPHLPAPI.DLL
0x00007ffb14300000 - 0x00007ffb14308000 	C:\WINDOWS\System32\NSI.dll
0x00007ffafde70000 - 0x00007ffafde87000 	C:\WINDOWS\SYSTEM32\dhcpcsvc6.DLL
0x00007ffb00d60000 - 0x00007ffb00d7d000 	C:\WINDOWS\SYSTEM32\dhcpcsvc.DLL
0x00007ffb12370000 - 0x00007ffb1243b000 	C:\WINDOWS\SYSTEM32\DNSAPI.dll
0x00007ffae4120000 - 0x00007ffae4147000 	C:\Program Files\Android\Android Studio\jre\bin\sunec.dll
0x00007ffafa680000 - 0x00007ffafa68a000 	C:\Windows\System32\rasadhlp.dll
0x00007ffaf6870000 - 0x00007ffaf68ef000 	C:\WINDOWS\System32\fwpuclnt.dll

dbghelp: loaded successfully - version: 4.0.5 - missing functions: none
symbol engine: initialized successfully - sym options: 0x614 - pdb path: .;C:\Program Files\Android\Android Studio\jre\bin;C:\WINDOWS\SYSTEM32;C:\Program Files\Avast Software\Avast;C:\WINDOWS\WinSxS\amd64_microsoft.windows.common-controls_6595b64144ccf1df_6.0.19041.1110_none_60b5254171f9507e;C:\Program Files\Android\Android Studio\jre\bin\server;C:\Users\Jenni\.gradle\native\8bec1ad78214c89d9ad589b4d07fe93259594b29d510b10fafb7a158f7737e5d\windows-amd64;C:\Users\Jenni\.gradle\native\53dbd7edfb1c66fb8903c78663c9afc45aea4f116125fa6feffd364cf09443e8\windows-amd64

VM Arguments:
jvm_args: --add-opens=java.base/java.util=ALL-UNNAMED --add-opens=java.base/java.lang=ALL-UNNAMED --add-opens=java.base/java.lang.invoke=ALL-UNNAMED --add-opens=java.base/java.util=ALL-UNNAMED --add-opens=java.prefs/java.util.prefs=ALL-UNNAMED --add-opens=java.prefs/java.util.prefs=ALL-UNNAMED --add-opens=java.base/java.nio.charset=ALL-UNNAMED --add-opens=java.base/java.net=ALL-UNNAMED --add-opens=java.base/java.util.concurrent.atomic=ALL-UNNAMED -Xmx2048m -Dfile.encoding=UTF-8 -Duser.country=MX -Duser.language=es -Duser.variant 
java_command: org.gradle.launcher.daemon.bootstrap.GradleDaemon 7.0.2
java_class_path (initial): C:\Users\Jenni\.gradle\wrapper\dists\gradle-7.0.2-bin\857tjihv64xamwrf0h14cai3r\gradle-7.0.2\lib\gradle-launcher-7.0.2.jar
Launcher Type: SUN_STANDARD

[Global flags]
     intx CICompilerCount                          = 2                                         {product} {ergonomic}
     uint ConcGCThreads                            = 1                                         {product} {ergonomic}
     uint G1ConcRefinementThreads                  = 2                                         {product} {ergonomic}
   size_t G1HeapRegionSize                         = 1048576                                   {product} {ergonomic}
    uintx GCDrainStackTargetSize                   = 64                                        {product} {ergonomic}
   size_t InitialHeapSize                          = 65011712                                  {product} {ergonomic}
   size_t MarkStackSize                            = 4194304                                   {product} {ergonomic}
   size_t MaxHeapSize                              = 2147483648                                {product} {command line}
   size_t MaxNewSize                               = 1287651328                                {product} {ergonomic}
   size_t MinHeapDeltaBytes                        = 1048576                                   {product} {ergonomic}
    uintx NonNMethodCodeHeapSize                   = 5825164                                {pd product} {ergonomic}
    uintx NonProfiledCodeHeapSize                  = 122916538                              {pd product} {ergonomic}
    uintx ProfiledCodeHeapSize                     = 122916538                              {pd product} {ergonomic}
    uintx ReservedCodeCacheSize                    = 251658240                              {pd product} {ergonomic}
     bool SegmentedCodeCache                       = true                                      {product} {ergonomic}
     bool UseCompressedClassPointers               = true                                 {lp64_product} {ergonomic}
     bool UseCompressedOops                        = true                                 {lp64_product} {ergonomic}
     bool UseG1GC                                  = true                                      {product} {ergonomic}
     bool UseLargePagesIndividualAllocation        = false                                  {pd product} {ergonomic}

Logging:
Log output configuration:
 #0: stdout all=warning uptime,level,tags
 #1: stderr all=off uptime,level,tags

Environment Variables:
PATH=C:\Program Files\Common Files\Oracle\Java\javapath;C:\WINDOWS\system32;C:\WINDOWS;C:\WINDOWS\System32\Wbem;C:\WINDOWS\System32\WindowsPowerShell\v1.0\;C:\WINDOWS\System32\OpenSSH\;C:\Program Files\Git\cmd;C:\Users\Jenni\AppData\Local\Microsoft\WindowsApps
USERNAME=Jenni
OS=Windows_NT
PROCESSOR_IDENTIFIER=Intel64 Family 6 Model 122 Stepping 1, GenuineIntel



---------------  S Y S T E M  ---------------

OS: Windows 10 , 64 bit Build 19041 (10.0.19041.1348)
OS uptime: 0 days 23:04 hours

CPU:total 2 (initial active 2) (2 cores per cpu, 1 threads per core) family 6 model 122 stepping 1 microcode 0x32, cmov, cx8, fxsr, mmx, sse, sse2, sse3, ssse3, sse4.1, sse4.2, popcnt, aes, clmul, erms, 3dnowpref, tsc, tscinvbit, sha

Memory: 4k page, system-wide physical 3911M (292M free)
TotalPageFile size 6588M (AvailPageFile size 3M)
current process WorkingSet (physical memory assigned to process): 455M, peak: 471M
current process commit charge ("private bytes"): 492M, peak: 494M

vm_info: OpenJDK 64-Bit Server VM (11.0.10+0-b96-7249189) for windows-amd64 JRE (11.0.10+0-b96-7249189), built on Mar 31 2021 21:44:00 by "builder" with MS VC++ 14.0 (VS2015)

END.
