#
# There is insufficient memory for the Java Runtime Environment to continue.
# Native memory allocation (mmap) failed to map 227540992 bytes for Failed to commit area from 0x0000000091000000 to 0x000000009e900000 of length 227540992.
# Possible reasons:
#   The system is out of physical RAM or swap space
#   The process is running with CompressedOops enabled, and the Java Heap may be blocking the growth of the native heap
# Possible solutions:
#   Reduce memory load on the system
#   Increase physical memory or swap space
#   Check if swap backing store is full
#   Decrease Java heap size (-Xmx/-Xms)
#   Decrease number of Java threads
#   Decrease Java thread stack sizes (-Xss)
#   Set larger code cache with -XX:ReservedCodeCacheSize=
#   JVM is running with Unscaled Compressed Oops mode in which the Java heap is
#     placed in the first 4GB address space. The Java Heap base address is the
#     maximum limit for the native heap growth. Please use -XX:HeapBaseMinAddress
#     to set the Java Heap base and to place the Java Heap above 4GB virtual address.
# This output file may be truncated or incomplete.
#
#  Out of Memory Error (./src/hotspot/os/windows/os_windows.cpp:3301), pid=8140, tid=10620
#
# JRE version: OpenJDK Runtime Environment (11.0.10) (build 11.0.10+0-b96-7249189)
# Java VM: OpenJDK 64-Bit Server VM (11.0.10+0-b96-7249189, mixed mode, tiered, compressed oops, g1 gc, windows-amd64)
# No core dump will be written. Minidumps are not enabled by default on client versions of Windows
#

---------------  S U M M A R Y ------------

Command Line: --add-opens=java.base/java.util=ALL-UNNAMED --add-opens=java.base/java.lang=ALL-UNNAMED --add-opens=java.base/java.lang.invoke=ALL-UNNAMED --add-opens=java.base/java.util=ALL-UNNAMED --add-opens=java.prefs/java.util.prefs=ALL-UNNAMED --add-opens=java.prefs/java.util.prefs=ALL-UNNAMED --add-opens=java.base/java.nio.charset=ALL-UNNAMED --add-opens=java.base/java.net=ALL-UNNAMED --add-opens=java.base/java.util.concurrent.atomic=ALL-UNNAMED -Xmx2048m -Dfile.encoding=UTF-8 -Duser.country=MX -Duser.language=es -Duser.variant org.gradle.launcher.daemon.bootstrap.GradleDaemon 7.0.2

Host: Intel(R) Celeron(R) N4000 CPU @ 1.10GHz, 2 cores, 3G,  Windows 10 , 64 bit Build 19041 (10.0.19041.1348)
Time: Tue Nov 30 14:50:01 2021 Hora estándar del Este (México) elapsed time: 3504.290657 seconds (0d 0h 58m 24s)

---------------  T H R E A D  ---------------

Current thread (0x000001e8e6b08000):  VMThread "VM Thread" [stack: 0x000000e052b00000,0x000000e052c00000] [id=10620]

Stack: [0x000000e052b00000,0x000000e052c00000]
[error occurred during error reporting (printing stack bounds), id 0xc0000005, EXCEPTION_ACCESS_VIOLATION (0xc0000005) at pc=0x000001e8ec6c0f3d]

Native frames: (J=compiled Java code, j=interpreted, Vv=VM code, C=native code)
V  [jvm.dll+0x5ecfaa]
V  [jvm.dll+0x722bd5]
V  [jvm.dll+0x72412d]
V  [jvm.dll+0x724745]
V  [jvm.dll+0x7246fb]
V  [jvm.dll+0x5ec348]
V  [jvm.dll+0x5ecad8]
C  [ntdll.dll+0xa20cf]
C  [ntdll.dll+0x51454]
C  [ntdll.dll+0xa0bfe]
C  0x000001e8ec6c0f3d

VM_Operation (0x000000e055bfdca0): G1CollectForAllocation, mode: safepoint, requested by thread 0x000001e885025800


---------------  P R O C E S S  ---------------

Threads class SMR info:
_java_thread_list=0x000001e88ada8fa0, length=49, elements={
0x000001e8e8bcf000, 0x000001e882287000, 0x000001e88228a000, 0x000001e8822e9800,
0x000001e8822ea800, 0x000001e8822ed000, 0x000001e8822f0800, 0x000001e8822f8000,
0x000001e88230d800, 0x000001e882d6d000, 0x000001e883a0c000, 0x000001e8838c6800,
0x000001e8843f5000, 0x000001e8846e9000, 0x000001e8846ed000, 0x000001e8846eb800,
0x000001e8846e7800, 0x000001e8846ee000, 0x000001e8846e8000, 0x000001e8846e9800,
0x000001e885294000, 0x000001e88528e000, 0x000001e8846ea800, 0x000001e88528d800,
0x000001e885294800, 0x000001e885295800, 0x000001e885292000, 0x000001e885293000,
0x000001e885296800, 0x000001e885297000, 0x000001e885291800, 0x000001e88529c000,
0x000001e885298000, 0x000001e88529b000, 0x000001e885298800, 0x000001e885299800,
0x000001e88529a800, 0x000001e885017800, 0x000001e885018000, 0x000001e88501d000,
0x000001e885019000, 0x000001e88501c800, 0x000001e88501a800, 0x000001e88501f800,
0x000001e88501e800, 0x000001e88501a000, 0x000001e885023800, 0x000001e885025800,
0x000001e885023000
}

Java Threads: ( => current thread )
  0x000001e8e8bcf000 JavaThread "main" [_thread_blocked, id=12344, stack(0x000000e052500000,0x000000e052600000)]
  0x000001e882287000 JavaThread "Reference Handler" daemon [_thread_blocked, id=1776, stack(0x000000e052c00000,0x000000e052d00000)]
  0x000001e88228a000 JavaThread "Finalizer" daemon [_thread_blocked, id=3188, stack(0x000000e052d00000,0x000000e052e00000)]
  0x000001e8822e9800 JavaThread "Signal Dispatcher" daemon [_thread_blocked, id=12008, stack(0x000000e052e00000,0x000000e052f00000)]
  0x000001e8822ea800 JavaThread "Attach Listener" daemon [_thread_blocked, id=3816, stack(0x000000e052f00000,0x000000e053000000)]
  0x000001e8822ed000 JavaThread "Service Thread" daemon [_thread_blocked, id=10824, stack(0x000000e053000000,0x000000e053100000)]
  0x000001e8822f0800 JavaThread "C2 CompilerThread0" daemon [_thread_blocked, id=2812, stack(0x000000e053100000,0x000000e053200000)]
  0x000001e8822f8000 JavaThread "C1 CompilerThread0" daemon [_thread_blocked, id=5800, stack(0x000000e053200000,0x000000e053300000)]
  0x000001e88230d800 JavaThread "Sweeper thread" daemon [_thread_blocked, id=12028, stack(0x000000e053300000,0x000000e053400000)]
  0x000001e882d6d000 JavaThread "Common-Cleaner" daemon [_thread_blocked, id=8156, stack(0x000000e053400000,0x000000e053500000)]
  0x000001e883a0c000 JavaThread "Daemon health stats" [_thread_blocked, id=12416, stack(0x000000e053700000,0x000000e053800000)]
  0x000001e8838c6800 JavaThread "Incoming local TCP Connector on port 63201" [_thread_in_native, id=13300, stack(0x000000e053800000,0x000000e053900000)]
  0x000001e8843f5000 JavaThread "Daemon periodic checks" [_thread_blocked, id=2288, stack(0x000000e053900000,0x000000e053a00000)]
  0x000001e8846e9000 JavaThread "Cache worker for file hash cache (C:\Users\Jenni\.gradle\caches\7.0.2\fileHashes)" [_thread_blocked, id=2876, stack(0x000000e054100000,0x000000e054200000)]
  0x000001e8846ed000 JavaThread "File lock request listener" [_thread_in_native, id=3360, stack(0x000000e054200000,0x000000e054300000)]
  0x000001e8846eb800 JavaThread "Cache worker for journal cache (C:\Users\Jenni\.gradle\caches\journal-1)" [_thread_blocked, id=12900, stack(0x000000e054300000,0x000000e054400000)]
  0x000001e8846e7800 JavaThread "File watcher server" daemon [_thread_blocked, id=11728, stack(0x000000e054500000,0x000000e054600000)]
  0x000001e8846ee000 JavaThread "File watcher consumer" daemon [_thread_blocked, id=9340, stack(0x000000e054600000,0x000000e054700000)]
  0x000001e8846e8000 JavaThread "jar transforms" [_thread_blocked, id=4756, stack(0x000000e054700000,0x000000e054800000)]
  0x000001e8846e9800 JavaThread "jar transforms Thread 2" [_thread_blocked, id=4200, stack(0x000000e054800000,0x000000e054900000)]
  0x000001e885294000 JavaThread "Cache worker for execution history cache (C:\Users\Jenni\.gradle\caches\7.0.2\executionHistory)" [_thread_blocked, id=7160, stack(0x000000e054c00000,0x000000e054d00000)]
  0x000001e88528e000 JavaThread "Cache worker for file content cache (C:\Users\Jenni\.gradle\caches\7.0.2\fileContent)" [_thread_blocked, id=9492, stack(0x000000e054d00000,0x000000e054e00000)]
  0x000001e8846ea800 JavaThread "Memory manager" [_thread_blocked, id=10788, stack(0x000000e055200000,0x000000e055300000)]
  0x000001e88528d800 JavaThread "Daemon Thread 2" [_thread_blocked, id=11496, stack(0x000000e052300000,0x000000e052400000)]
  0x000001e885294800 JavaThread "Handler for socket connection from /127.0.0.1:63201 to /127.0.0.1:63259" [_thread_in_native, id=11420, stack(0x000000e052400000,0x000000e052500000)]
  0x000001e885295800 JavaThread "Cancel handler" [_thread_blocked, id=8620, stack(0x000000e053a00000,0x000000e053b00000)]
  0x000001e885292000 JavaThread "Daemon worker Thread 2" [_thread_blocked, id=5372, stack(0x000000e053b00000,0x000000e053c00000)]
  0x000001e885293000 JavaThread "Asynchronous log dispatcher for DefaultDaemonConnection: socket connection from /127.0.0.1:63201 to /127.0.0.1:63259" [_thread_blocked, id=7516, stack(0x000000e053c00000,0x000000e053d00000)]
  0x000001e885296800 JavaThread "Stdin handler" [_thread_blocked, id=7756, stack(0x000000e053d00000,0x000000e053e00000)]
  0x000001e885297000 JavaThread "Daemon client event forwarder" [_thread_blocked, id=2216, stack(0x000000e053e00000,0x000000e053f00000)]
  0x000001e885291800 JavaThread "Cache worker for file hash cache (C:\Users\Jenni\AndroidStudioProjects\Aplicacion1\.gradle\7.0.2\fileHashes)" [_thread_blocked, id=6744, stack(0x000000e053f00000,0x000000e054000000)]
  0x000001e88529c000 JavaThread "Cache worker for checksums cache (C:\Users\Jenni\AndroidStudioProjects\Aplicacion1\.gradle\checksums)" [_thread_blocked, id=4472, stack(0x000000e054000000,0x000000e054100000)]
  0x000001e885298000 JavaThread "Cache worker for cache directory md-supplier (C:\Users\Jenni\.gradle\caches\7.0.2\md-supplier)" [_thread_blocked, id=12348, stack(0x000000e054400000,0x000000e054500000)]
  0x000001e88529b000 JavaThread "Cache worker for cache directory md-rule (C:\Users\Jenni\.gradle\caches\7.0.2\md-rule)" [_thread_blocked, id=3040, stack(0x000000e054900000,0x000000e054a00000)]
  0x000001e885298800 JavaThread "Cache worker for dependencies-accessors (C:\Users\Jenni\AndroidStudioProjects\Aplicacion1\.gradle\7.0.2\dependencies-accessors)" [_thread_blocked, id=12516, stack(0x000000e054a00000,0x000000e054b00000)]
  0x000001e885299800 JavaThread "Cache worker for Build Output Cleanup Cache (C:\Users\Jenni\AndroidStudioProjects\Aplicacion1\.gradle\buildOutputCleanup)" [_thread_blocked, id=8964, stack(0x000000e054b00000,0x000000e054c00000)]
  0x000001e88529a800 JavaThread "Build operations" [_thread_blocked, id=12312, stack(0x000000e054e00000,0x000000e054f00000)]
  0x000001e885017800 JavaThread "Build operations Thread 2" [_thread_blocked, id=4412, stack(0x000000e054f00000,0x000000e055000000)]
  0x000001e885018000 JavaThread "build event listener" [_thread_blocked, id=6632, stack(0x000000e055000000,0x000000e055100000)]
  0x000001e88501d000 JavaThread "build event listener" [_thread_blocked, id=3520, stack(0x000000e055100000,0x000000e055200000)]
  0x000001e885019000 JavaThread "Execution worker for ':'" [_thread_blocked, id=932, stack(0x000000e055300000,0x000000e055400000)]
  0x000001e88501c800 JavaThread "Cache worker for execution history cache (C:\Users\Jenni\AndroidStudioProjects\Aplicacion1\.gradle\7.0.2\executionHistory)" [_thread_blocked, id=12848, stack(0x000000e055400000,0x000000e055500000)]
  0x000001e88501a800 JavaThread "WorkerExecutor Queue" [_thread_blocked, id=1820, stack(0x000000e055500000,0x000000e055600000)]
  0x000001e88501f800 JavaThread "pool-5-thread-1" [_thread_blocked, id=6472, stack(0x000000e055700000,0x000000e055800000)]
  0x000001e88501e800 JavaThread "stderr" [_thread_in_native, id=10612, stack(0x000000e055800000,0x000000e055900000)]
  0x000001e88501a000 JavaThread "stdout" [_thread_in_native, id=9704, stack(0x000000e055900000,0x000000e055a00000)]
  0x000001e885023800 JavaThread "WorkerExecutor Queue Thread 3" [_thread_blocked, id=4536, stack(0x000000e055a00000,0x000000e055b00000)]
  0x000001e885025800 JavaThread "ForkJoinPool-2-worker-3" daemon [_thread_blocked, id=12792, stack(0x000000e055b00000,0x000000e055c00000)]
  0x000001e885023000 JavaThread "ForkJoinPool-2-worker-1" daemon [_thread_blocked, id=2716, stack(0x000000e055c00000,0x000000e055d00000)]

Other Threads:
=>0x000001e8e6b08000 VMThread "VM Thread" [stack: 0x000000e052b00000,0x000000e052c00000] [id=10620]
  0x000001e882da2000 WatcherThread [stack: 0x000000e053500000,0x000000e053600000] [id=8352]
  0x000001e8e8bea800 GCTaskThread "GC Thread#0" [stack: 0x000000e052600000,0x000000e052700000] [id=9380]
  0x000001e882f4c800 GCTaskThread "GC Thread#1" [stack: 0x000000e053600000,0x000000e053700000] [id=5144]
  0x000001e8e8c19800 ConcurrentGCThread "G1 Main Marker" [stack: 0x000000e052700000,0x000000e052800000] [id=3776]
  0x000001e8e8c1b000 ConcurrentGCThread "G1 Conc#0" [stack: 0x000000e052800000,0x000000e052900000] [id=10580]
  0x000001e8e8c6a800 ConcurrentGCThread "G1 Refine#0" [stack: 0x000000e052900000,0x000000e052a00000] [id=1492]
  0x000001e8e8c6c000 ConcurrentGCThread "G1 Young RemSet Sampling" [stack: 0x000000e052a00000,0x000000e052b00000] [id=12640]

Threads with active compile tasks:
C2 CompilerThread03504365 20766 %     4       com.android.tools.r8.dex.j::a @ 315 (1038 bytes)

VM state:at safepoint (normal execution)

VM Mutex/Monitor currently owned by a thread:  ([mutex/lock_event])
[0x000001e8e8bcae40] Threads_lock - owner thread: 0x000001e8e6b08000
[0x000001e8e8bcb620] Heap_lock - owner thread: 0x000001e885025800

Heap address: 0x0000000080000000, size: 2048 MB, Compressed Oops mode: 32-bit
Narrow klass base: 0x0000000000000000, Narrow klass shift: 3
Compressed class space size: 1073741824 Address: 0x0000000100000000

Heap:
 garbage-first heap   total 500736K, used 222208K [0x0000000080000000, 0x0000000100000000)
  region size 1024K, 3 young (3072K), 3 survivors (3072K)
 Metaspace       used 136453K, capacity 139839K, committed 140032K, reserved 1171456K
  class space    used 17042K, capacity 18335K, committed 18432K, reserved 1048576K
Heap Regions: E=young(eden), S=young(survivor), O=old, HS=humongous(starts), HC=humongous(continues), CS=collection set, F=free, A=archive, TAMS=top-at-mark-start (previous, next)
|   0|0x0000000080000000, 0x0000000080100000, 0x0000000080100000|100%| O|  |TAMS 0x0000000080100000, 0x0000000080000000| Untracked 
|   1|0x0000000080100000, 0x0000000080200000, 0x0000000080200000|100%| O|  |TAMS 0x0000000080200000, 0x0000000080100000| Untracked 
|   2|0x0000000080200000, 0x0000000080300000, 0x0000000080300000|100%| O|  |TAMS 0x0000000080300000, 0x0000000080200000| Untracked 
|   3|0x0000000080300000, 0x0000000080400000, 0x0000000080400000|100%| O|  |TAMS 0x0000000080400000, 0x0000000080300000| Untracked 
|   4|0x0000000080400000, 0x0000000080500000, 0x0000000080500000|100%|HS|  |TAMS 0x0000000080500000, 0x0000000080400000| Complete 
|   5|0x0000000080500000, 0x0000000080600000, 0x0000000080600000|100%|HC|  |TAMS 0x0000000080600000, 0x0000000080500000| Complete 
|   6|0x0000000080600000, 0x0000000080700000, 0x0000000080700000|100%|HC|  |TAMS 0x0000000080700000, 0x0000000080600000| Complete 
|   7|0x0000000080700000, 0x0000000080800000, 0x0000000080800000|100%| O|  |TAMS 0x0000000080800000, 0x0000000080700000| Complete 
|   8|0x0000000080800000, 0x0000000080900000, 0x0000000080900000|100%| O|  |TAMS 0x0000000080900000, 0x0000000080800000| Untracked 
|   9|0x0000000080900000, 0x0000000080a00000, 0x0000000080a00000|100%| O|  |TAMS 0x0000000080a00000, 0x0000000080900000| Untracked 
|  10|0x0000000080a00000, 0x0000000080b00000, 0x0000000080b00000|100%| O|  |TAMS 0x0000000080b00000, 0x0000000080a00000| Untracked 
|  11|0x0000000080b00000, 0x0000000080c00000, 0x0000000080c00000|100%| O|  |TAMS 0x0000000080c00000, 0x0000000080b00000| Untracked 
|  12|0x0000000080c00000, 0x0000000080d00000, 0x0000000080d00000|100%| O|  |TAMS 0x0000000080d00000, 0x0000000080c00000| Untracked 
|  13|0x0000000080d00000, 0x0000000080e00000, 0x0000000080e00000|100%| O|  |TAMS 0x0000000080e00000, 0x0000000080d00000| Complete 
|  14|0x0000000080e00000, 0x0000000080f00000, 0x0000000080f00000|100%| O|  |TAMS 0x0000000080f00000, 0x0000000080e00000| Complete 
|  15|0x0000000080f00000, 0x0000000081000000, 0x0000000081000000|100%|HS|  |TAMS 0x0000000081000000, 0x0000000080f00000| Complete 
|  16|0x0000000081000000, 0x0000000081100000, 0x0000000081100000|100%|HS|  |TAMS 0x0000000081100000, 0x0000000081000000| Complete 
|  17|0x0000000081100000, 0x0000000081200000, 0x0000000081200000|100%|HC|  |TAMS 0x0000000081200000, 0x0000000081100000| Complete 
|  18|0x0000000081200000, 0x0000000081300000, 0x0000000081300000|100%|HS|  |TAMS 0x0000000081300000, 0x0000000081200000| Complete 
|  19|0x0000000081300000, 0x0000000081400000, 0x0000000081400000|100%|HC|  |TAMS 0x0000000081400000, 0x0000000081300000| Complete 
|  20|0x0000000081400000, 0x0000000081500000, 0x0000000081500000|100%|HS|  |TAMS 0x0000000081500000, 0x0000000081400000| Complete 
|  21|0x0000000081500000, 0x0000000081600000, 0x0000000081600000|100%|HC|  |TAMS 0x0000000081600000, 0x0000000081500000| Complete 
|  22|0x0000000081600000, 0x0000000081700000, 0x0000000081700000|100%|HC|  |TAMS 0x0000000081700000, 0x0000000081600000| Complete 
|  23|0x0000000081700000, 0x0000000081800000, 0x0000000081800000|100%| O|  |TAMS 0x0000000081800000, 0x0000000081700000| Untracked 
|  24|0x0000000081800000, 0x0000000081900000, 0x0000000081900000|100%|HS|  |TAMS 0x0000000081900000, 0x0000000081800000| Complete 
|  25|0x0000000081900000, 0x0000000081a00000, 0x0000000081a00000|100%|HC|  |TAMS 0x0000000081a00000, 0x0000000081900000| Complete 
|  26|0x0000000081a00000, 0x0000000081b00000, 0x0000000081b00000|100%|HC|  |TAMS 0x0000000081b00000, 0x0000000081a00000| Complete 
|  27|0x0000000081b00000, 0x0000000081c00000, 0x0000000081c00000|100%|HC|  |TAMS 0x0000000081c00000, 0x0000000081b00000| Complete 
|  28|0x0000000081c00000, 0x0000000081d00000, 0x0000000081d00000|100%|HC|  |TAMS 0x0000000081d00000, 0x0000000081c00000| Complete 
|  29|0x0000000081d00000, 0x0000000081e00000, 0x0000000081e00000|100%| O|  |TAMS 0x0000000081e00000, 0x0000000081d00000| Untracked 
|  30|0x0000000081e00000, 0x0000000081f00000, 0x0000000081f00000|100%| O|  |TAMS 0x0000000081f00000, 0x0000000081e00000| Untracked 
|  31|0x0000000081f00000, 0x0000000082000000, 0x0000000082000000|100%| O|  |TAMS 0x0000000082000000, 0x0000000081f00000| Complete 
|  32|0x0000000082000000, 0x0000000082100000, 0x0000000082100000|100%| O|  |TAMS 0x0000000082100000, 0x0000000082000000| Untracked 
|  33|0x0000000082100000, 0x0000000082200000, 0x0000000082200000|100%| O|  |TAMS 0x0000000082200000, 0x0000000082100000| Complete 
|  34|0x0000000082200000, 0x0000000082300000, 0x0000000082300000|100%| O|  |TAMS 0x0000000082300000, 0x0000000082200000| Complete 
|  35|0x0000000082300000, 0x0000000082400000, 0x0000000082400000|100%| O|  |TAMS 0x0000000082400000, 0x0000000082300000| Complete 
|  36|0x0000000082400000, 0x0000000082500000, 0x0000000082500000|100%| O|  |TAMS 0x0000000082500000, 0x0000000082400000| Complete 
|  37|0x0000000082500000, 0x0000000082600000, 0x0000000082600000|100%| O|  |TAMS 0x0000000082600000, 0x0000000082500000| Complete 
|  38|0x0000000082600000, 0x0000000082700000, 0x0000000082700000|100%| O|  |TAMS 0x0000000082700000, 0x0000000082600000| Untracked 
|  39|0x0000000082700000, 0x0000000082800000, 0x0000000082800000|100%| O|  |TAMS 0x0000000082800000, 0x0000000082700000| Complete 
|  40|0x0000000082800000, 0x0000000082900000, 0x0000000082900000|100%| O|  |TAMS 0x0000000082900000, 0x0000000082800000| Complete 
|  41|0x0000000082900000, 0x0000000082a00000, 0x0000000082a00000|100%|HS|  |TAMS 0x0000000082a00000, 0x0000000082900000| Complete 
|  42|0x0000000082a00000, 0x0000000082b00000, 0x0000000082b00000|100%|HC|  |TAMS 0x0000000082b00000, 0x0000000082a00000| Complete 
|  43|0x0000000082b00000, 0x0000000082c00000, 0x0000000082c00000|100%|HC|  |TAMS 0x0000000082c00000, 0x0000000082b00000| Complete 
|  44|0x0000000082c00000, 0x0000000082d00000, 0x0000000082d00000|100%|HC|  |TAMS 0x0000000082d00000, 0x0000000082c00000| Complete 
|  45|0x0000000082d00000, 0x0000000082e00000, 0x0000000082e00000|100%|HC|  |TAMS 0x0000000082e00000, 0x0000000082d00000| Complete 
|  46|0x0000000082e00000, 0x0000000082f00000, 0x0000000082f00000|100%| O|  |TAMS 0x0000000082f00000, 0x0000000082e00000| Complete 
|  47|0x0000000082f00000, 0x0000000083000000, 0x0000000083000000|100%| O|  |TAMS 0x0000000083000000, 0x0000000082f00000| Untracked 
|  48|0x0000000083000000, 0x0000000083100000, 0x0000000083100000|100%|HS|  |TAMS 0x0000000083100000, 0x0000000083000000| Complete 
|  49|0x0000000083100000, 0x0000000083200000, 0x0000000083200000|100%|HC|  |TAMS 0x0000000083200000, 0x0000000083100000| Complete 
|  50|0x0000000083200000, 0x0000000083300000, 0x0000000083300000|100%|HC|  |TAMS 0x0000000083300000, 0x0000000083200000| Complete 
|  51|0x0000000083300000, 0x0000000083400000, 0x0000000083400000|100%| O|  |TAMS 0x0000000083400000, 0x0000000083300000| Untracked 
|  52|0x0000000083400000, 0x0000000083500000, 0x0000000083500000|100%| O|  |TAMS 0x0000000083500000, 0x0000000083400000| Untracked 
|  53|0x0000000083500000, 0x0000000083600000, 0x0000000083600000|100%| O|  |TAMS 0x0000000083600000, 0x0000000083500000| Untracked 
|  54|0x0000000083600000, 0x0000000083700000, 0x0000000083700000|100%| O|  |TAMS 0x0000000083700000, 0x0000000083600000| Complete 
|  55|0x0000000083700000, 0x0000000083800000, 0x0000000083800000|100%| O|  |TAMS 0x0000000083800000, 0x0000000083700000| Untracked 
|  56|0x0000000083800000, 0x0000000083900000, 0x0000000083900000|100%| O|  |TAMS 0x0000000083900000, 0x0000000083800000| Complete 
|  57|0x0000000083900000, 0x0000000083a00000, 0x0000000083a00000|100%| O|  |TAMS 0x0000000083a00000, 0x0000000083900000| Complete 
|  58|0x0000000083a00000, 0x0000000083b00000, 0x0000000083b00000|100%| O|  |TAMS 0x0000000083b00000, 0x0000000083a00000| Complete 
|  59|0x0000000083b00000, 0x0000000083c00000, 0x0000000083c00000|100%| O|  |TAMS 0x0000000083c00000, 0x0000000083b00000| Untracked 
|  60|0x0000000083c00000, 0x0000000083d00000, 0x0000000083d00000|100%| O|  |TAMS 0x0000000083d00000, 0x0000000083c00000| Untracked 
|  61|0x0000000083d00000, 0x0000000083e00000, 0x0000000083e00000|100%|HS|  |TAMS 0x0000000083e00000, 0x0000000083d00000| Complete 
|  62|0x0000000083e00000, 0x0000000083f00000, 0x0000000083f00000|100%|HS|  |TAMS 0x0000000083f00000, 0x0000000083e00000| Complete 
|  63|0x0000000083f00000, 0x0000000084000000, 0x0000000084000000|100%|HS|  |TAMS 0x0000000084000000, 0x0000000083f00000| Complete 
|  64|0x0000000084000000, 0x0000000084100000, 0x0000000084100000|100%|HS|  |TAMS 0x0000000084100000, 0x0000000084000000| Complete 
|  65|0x0000000084100000, 0x0000000084200000, 0x0000000084200000|100%|HC|  |TAMS 0x0000000084200000, 0x0000000084100000| Complete 
|  66|0x0000000084200000, 0x0000000084300000, 0x0000000084300000|100%|HC|  |TAMS 0x0000000084300000, 0x0000000084200000| Complete 
|  67|0x0000000084300000, 0x0000000084400000, 0x0000000084400000|100%|HS|  |TAMS 0x0000000084400000, 0x0000000084300000| Complete 
|  68|0x0000000084400000, 0x0000000084500000, 0x0000000084500000|100%|HC|  |TAMS 0x0000000084500000, 0x0000000084400000| Complete 
|  69|0x0000000084500000, 0x0000000084600000, 0x0000000084600000|100%| O|  |TAMS 0x0000000084600000, 0x0000000084500000| Untracked 
|  70|0x0000000084600000, 0x0000000084700000, 0x0000000084700000|100%| O|  |TAMS 0x0000000084700000, 0x0000000084600000| Untracked 
|  71|0x0000000084700000, 0x0000000084800000, 0x0000000084800000|100%| O|  |TAMS 0x0000000084800000, 0x0000000084700000| Untracked 
|  72|0x0000000084800000, 0x0000000084900000, 0x0000000084900000|100%| O|  |TAMS 0x0000000084900000, 0x0000000084800000| Complete 
|  73|0x0000000084900000, 0x0000000084a00000, 0x0000000084a00000|100%| O|  |TAMS 0x0000000084a00000, 0x0000000084900000| Untracked 
|  74|0x0000000084a00000, 0x0000000084b00000, 0x0000000084b00000|100%| O|  |TAMS 0x0000000084b00000, 0x0000000084a00000| Untracked 
|  75|0x0000000084b00000, 0x0000000084c00000, 0x0000000084c00000|100%| O|  |TAMS 0x0000000084c00000, 0x0000000084b00000| Untracked 
|  76|0x0000000084c00000, 0x0000000084d00000, 0x0000000084d00000|100%| O|  |TAMS 0x0000000084d00000, 0x0000000084c00000| Untracked 
|  77|0x0000000084d00000, 0x0000000084e00000, 0x0000000084e00000|100%| O|  |TAMS 0x0000000084e00000, 0x0000000084d00000| Untracked 
|  78|0x0000000084e00000, 0x0000000084f00000, 0x0000000084f00000|100%| O|  |TAMS 0x0000000084f00000, 0x0000000084e00000| Untracked 
|  79|0x0000000084f00000, 0x0000000085000000, 0x0000000085000000|100%| O|  |TAMS 0x0000000085000000, 0x0000000084f00000| Untracked 
|  80|0x0000000085000000, 0x0000000085100000, 0x0000000085100000|100%| O|  |TAMS 0x0000000085100000, 0x0000000085000000| Untracked 
|  81|0x0000000085100000, 0x0000000085200000, 0x0000000085200000|100%| O|  |TAMS 0x0000000085200000, 0x0000000085100000| Complete 
|  82|0x0000000085200000, 0x0000000085300000, 0x0000000085300000|100%| O|  |TAMS 0x0000000085300000, 0x0000000085200000| Complete 
|  83|0x0000000085300000, 0x0000000085400000, 0x0000000085400000|100%| O|  |TAMS 0x0000000085400000, 0x0000000085300000| Complete 
|  84|0x0000000085400000, 0x0000000085500000, 0x0000000085500000|100%| O|  |TAMS 0x0000000085500000, 0x0000000085400000| Untracked 
|  85|0x0000000085500000, 0x0000000085600000, 0x0000000085600000|100%| O|  |TAMS 0x0000000085600000, 0x0000000085500000| Untracked 
|  86|0x0000000085600000, 0x0000000085700000, 0x0000000085700000|100%| O|  |TAMS 0x0000000085700000, 0x0000000085600000| Untracked 
|  87|0x0000000085700000, 0x0000000085800000, 0x0000000085800000|100%| O|  |TAMS 0x0000000085800000, 0x0000000085700000| Untracked 
|  88|0x0000000085800000, 0x0000000085900000, 0x0000000085900000|100%| O|  |TAMS 0x0000000085900000, 0x0000000085800000| Untracked 
|  89|0x0000000085900000, 0x0000000085a00000, 0x0000000085a00000|100%| O|  |TAMS 0x0000000085a00000, 0x0000000085900000| Complete 
|  90|0x0000000085a00000, 0x0000000085b00000, 0x0000000085b00000|100%| O|  |TAMS 0x0000000085b00000, 0x0000000085a00000| Untracked 
|  91|0x0000000085b00000, 0x0000000085c00000, 0x0000000085c00000|100%| O|  |TAMS 0x0000000085c00000, 0x0000000085b00000| Untracked 
|  92|0x0000000085c00000, 0x0000000085d00000, 0x0000000085d00000|100%| O|  |TAMS 0x0000000085d00000, 0x0000000085c00000| Complete 
|  93|0x0000000085d00000, 0x0000000085e00000, 0x0000000085e00000|100%| O|  |TAMS 0x0000000085e00000, 0x0000000085d00000| Untracked 
|  94|0x0000000085e00000, 0x0000000085f00000, 0x0000000085f00000|100%| O|  |TAMS 0x0000000085f00000, 0x0000000085e00000| Untracked 
|  95|0x0000000085f00000, 0x0000000086000000, 0x0000000086000000|100%| O|  |TAMS 0x0000000086000000, 0x0000000085f00000| Untracked 
|  96|0x0000000086000000, 0x0000000086100000, 0x0000000086100000|100%| O|  |TAMS 0x0000000086100000, 0x0000000086000000| Complete 
|  97|0x0000000086100000, 0x0000000086200000, 0x0000000086200000|100%| O|  |TAMS 0x0000000086200000, 0x0000000086100000| Untracked 
|  98|0x0000000086200000, 0x0000000086300000, 0x0000000086300000|100%| O|  |TAMS 0x0000000086300000, 0x0000000086200000| Complete 
|  99|0x0000000086300000, 0x0000000086400000, 0x0000000086400000|100%| O|  |TAMS 0x0000000086400000, 0x0000000086300000| Untracked 
| 100|0x0000000086400000, 0x0000000086500000, 0x0000000086500000|100%| O|  |TAMS 0x0000000086500000, 0x0000000086400000| Complete 
| 101|0x0000000086500000, 0x0000000086600000, 0x0000000086600000|100%| O|  |TAMS 0x0000000086600000, 0x0000000086500000| Untracked 
| 102|0x0000000086600000, 0x0000000086700000, 0x0000000086700000|100%| O|  |TAMS 0x0000000086700000, 0x0000000086600000| Complete 
| 103|0x0000000086700000, 0x0000000086800000, 0x0000000086800000|100%| O|  |TAMS 0x0000000086800000, 0x0000000086700000| Untracked 
| 104|0x0000000086800000, 0x0000000086900000, 0x0000000086900000|100%| O|  |TAMS 0x0000000086900000, 0x0000000086800000| Complete 
| 105|0x0000000086900000, 0x0000000086a00000, 0x0000000086a00000|100%| O|  |TAMS 0x0000000086a00000, 0x0000000086900000| Complete 
| 106|0x0000000086a00000, 0x0000000086b00000, 0x0000000086b00000|100%| O|  |TAMS 0x0000000086b00000, 0x0000000086a00000| Untracked 
| 107|0x0000000086b00000, 0x0000000086c00000, 0x0000000086c00000|100%| O|  |TAMS 0x0000000086c00000, 0x0000000086b00000| Untracked 
| 108|0x0000000086c00000, 0x0000000086d00000, 0x0000000086d00000|100%| O|  |TAMS 0x0000000086d00000, 0x0000000086c00000| Untracked 
| 109|0x0000000086d00000, 0x0000000086e00000, 0x0000000086e00000|100%| O|  |TAMS 0x0000000086e00000, 0x0000000086d00000| Untracked 
| 110|0x0000000086e00000, 0x0000000086f00000, 0x0000000086f00000|100%| O|  |TAMS 0x0000000086f00000, 0x0000000086e00000| Complete 
| 111|0x0000000086f00000, 0x0000000087000000, 0x0000000087000000|100%| O|  |TAMS 0x0000000087000000, 0x0000000086f00000| Complete 
| 112|0x0000000087000000, 0x0000000087100000, 0x0000000087100000|100%|HS|  |TAMS 0x0000000087100000, 0x0000000087000000| Complete 
| 113|0x0000000087100000, 0x0000000087200000, 0x0000000087200000|100%| O|  |TAMS 0x0000000087200000, 0x0000000087100000| Untracked 
| 114|0x0000000087200000, 0x0000000087300000, 0x0000000087300000|100%| O|  |TAMS 0x0000000087300000, 0x0000000087200000| Untracked 
| 115|0x0000000087300000, 0x0000000087400000, 0x0000000087400000|100%| O|  |TAMS 0x0000000087400000, 0x0000000087300000| Untracked 
| 116|0x0000000087400000, 0x0000000087500000, 0x0000000087500000|100%| O|  |TAMS 0x0000000087500000, 0x0000000087400000| Untracked 
| 117|0x0000000087500000, 0x0000000087600000, 0x0000000087600000|100%| O|  |TAMS 0x0000000087600000, 0x0000000087500000| Complete 
| 118|0x0000000087600000, 0x0000000087700000, 0x0000000087700000|100%| O|  |TAMS 0x0000000087700000, 0x0000000087600000| Untracked 
| 119|0x0000000087700000, 0x0000000087800000, 0x0000000087800000|100%| O|  |TAMS 0x0000000087800000, 0x0000000087700000| Untracked 
| 120|0x0000000087800000, 0x0000000087900000, 0x0000000087900000|100%| O|  |TAMS 0x0000000087900000, 0x0000000087800000| Complete 
| 121|0x0000000087900000, 0x0000000087a00000, 0x0000000087a00000|100%| O|  |TAMS 0x0000000087a00000, 0x0000000087900000| Untracked 
| 122|0x0000000087a00000, 0x0000000087b00000, 0x0000000087b00000|100%| O|  |TAMS 0x0000000087b00000, 0x0000000087a00000| Untracked 
| 123|0x0000000087b00000, 0x0000000087c00000, 0x0000000087c00000|100%| O|  |TAMS 0x0000000087c00000, 0x0000000087b00000| Untracked 
| 124|0x0000000087c00000, 0x0000000087d00000, 0x0000000087d00000|100%| O|  |TAMS 0x0000000087d00000, 0x0000000087c00000| Untracked 
| 125|0x0000000087d00000, 0x0000000087e00000, 0x0000000087e00000|100%| O|  |TAMS 0x0000000087e00000, 0x0000000087d00000| Untracked 
| 126|0x0000000087e00000, 0x0000000087f00000, 0x0000000087f00000|100%| O|  |TAMS 0x0000000087f00000, 0x0000000087e00000| Untracked 
| 127|0x0000000087f00000, 0x0000000088000000, 0x0000000088000000|100%| O|  |TAMS 0x0000000088000000, 0x0000000087f00000| Untracked 
| 128|0x0000000088000000, 0x0000000088100000, 0x0000000088100000|100%| O|  |TAMS 0x0000000088100000, 0x0000000088000000| Untracked 
| 129|0x0000000088100000, 0x0000000088200000, 0x0000000088200000|100%| O|  |TAMS 0x0000000088200000, 0x0000000088100000| Untracked 
| 130|0x0000000088200000, 0x0000000088300000, 0x0000000088300000|100%| O|  |TAMS 0x0000000088300000, 0x0000000088200000| Complete 
| 131|0x0000000088300000, 0x0000000088400000, 0x0000000088400000|100%| O|  |TAMS 0x0000000088400000, 0x0000000088300000| Complete 
| 132|0x0000000088400000, 0x0000000088500000, 0x0000000088500000|100%| O|  |TAMS 0x0000000088500000, 0x0000000088400000| Complete 
| 133|0x0000000088500000, 0x0000000088600000, 0x0000000088600000|100%| O|  |TAMS 0x0000000088600000, 0x0000000088500000| Untracked 
| 134|0x0000000088600000, 0x0000000088700000, 0x0000000088700000|100%| O|  |TAMS 0x0000000088700000, 0x0000000088600000| Untracked 
| 135|0x0000000088700000, 0x0000000088800000, 0x0000000088800000|100%| O|  |TAMS 0x0000000088800000, 0x0000000088700000| Complete 
| 136|0x0000000088800000, 0x0000000088900000, 0x0000000088900000|100%| O|  |TAMS 0x0000000088900000, 0x0000000088800000| Untracked 
| 137|0x0000000088900000, 0x0000000088a00000, 0x0000000088a00000|100%| O|  |TAMS 0x0000000088a00000, 0x0000000088900000| Untracked 
| 138|0x0000000088a00000, 0x0000000088b00000, 0x0000000088b00000|100%| O|  |TAMS 0x0000000088b00000, 0x0000000088a00000| Untracked 
| 139|0x0000000088b00000, 0x0000000088c00000, 0x0000000088c00000|100%| O|  |TAMS 0x0000000088c00000, 0x0000000088b00000| Untracked 
| 140|0x0000000088c00000, 0x0000000088d00000, 0x0000000088d00000|100%| O|  |TAMS 0x0000000088d00000, 0x0000000088c00000| Complete 
| 141|0x0000000088d00000, 0x0000000088e00000, 0x0000000088e00000|100%| O|  |TAMS 0x0000000088e00000, 0x0000000088d00000| Complete 
| 142|0x0000000088e00000, 0x0000000088f00000, 0x0000000088f00000|100%| O|  |TAMS 0x0000000088f00000, 0x0000000088e00000| Untracked 
| 143|0x0000000088f00000, 0x0000000089000000, 0x0000000089000000|100%| O|  |TAMS 0x0000000089000000, 0x0000000088f00000| Untracked 
| 144|0x0000000089000000, 0x0000000089100000, 0x0000000089100000|100%| O|  |TAMS 0x0000000089100000, 0x0000000089000000| Untracked 
| 145|0x0000000089100000, 0x0000000089200000, 0x0000000089200000|100%| O|  |TAMS 0x0000000089200000, 0x0000000089100000| Untracked 
| 146|0x0000000089200000, 0x0000000089300000, 0x0000000089300000|100%| O|  |TAMS 0x0000000089300000, 0x0000000089200000| Untracked 
| 147|0x0000000089300000, 0x0000000089400000, 0x0000000089400000|100%| O|  |TAMS 0x0000000089400000, 0x0000000089300000| Complete 
| 148|0x0000000089400000, 0x0000000089500000, 0x0000000089500000|100%| O|  |TAMS 0x0000000089500000, 0x0000000089400000| Untracked 
| 149|0x0000000089500000, 0x0000000089600000, 0x0000000089600000|100%| O|  |TAMS 0x0000000089600000, 0x0000000089500000| Untracked 
| 150|0x0000000089600000, 0x0000000089700000, 0x0000000089700000|100%|HS|  |TAMS 0x0000000089700000, 0x0000000089600000| Complete 
| 151|0x0000000089700000, 0x0000000089800000, 0x0000000089800000|100%|HC|  |TAMS 0x0000000089800000, 0x0000000089700000| Complete 
| 152|0x0000000089800000, 0x0000000089900000, 0x0000000089900000|100%|HS|  |TAMS 0x0000000089900000, 0x0000000089800000| Complete 
| 153|0x0000000089900000, 0x0000000089a00000, 0x0000000089a00000|100%|HS|  |TAMS 0x0000000089a00000, 0x0000000089900000| Complete 
| 154|0x0000000089a00000, 0x0000000089b00000, 0x0000000089b00000|100%|HS|  |TAMS 0x0000000089b00000, 0x0000000089a00000| Complete 
| 155|0x0000000089b00000, 0x0000000089c00000, 0x0000000089c00000|100%| O|  |TAMS 0x0000000089c00000, 0x0000000089b00000| Untracked 
| 156|0x0000000089c00000, 0x0000000089d00000, 0x0000000089d00000|100%| O|  |TAMS 0x0000000089d00000, 0x0000000089c00000| Untracked 
| 157|0x0000000089d00000, 0x0000000089e00000, 0x0000000089e00000|100%| O|  |TAMS 0x0000000089e00000, 0x0000000089d00000| Complete 
| 158|0x0000000089e00000, 0x0000000089f00000, 0x0000000089f00000|100%| O|  |TAMS 0x0000000089f00000, 0x0000000089e00000| Untracked 
| 159|0x0000000089f00000, 0x000000008a000000, 0x000000008a000000|100%| O|  |TAMS 0x000000008a000000, 0x0000000089f00000| Untracked 
| 160|0x000000008a000000, 0x000000008a100000, 0x000000008a100000|100%| O|  |TAMS 0x000000008a100000, 0x000000008a000000| Untracked 
| 161|0x000000008a100000, 0x000000008a200000, 0x000000008a200000|100%| O|  |TAMS 0x000000008a200000, 0x000000008a100000| Untracked 
| 162|0x000000008a200000, 0x000000008a300000, 0x000000008a300000|100%| O|  |TAMS 0x000000008a300000, 0x000000008a200000| Complete 
| 163|0x000000008a300000, 0x000000008a400000, 0x000000008a400000|100%|HS|  |TAMS 0x000000008a400000, 0x000000008a300000| Complete 
| 164|0x000000008a400000, 0x000000008a500000, 0x000000008a500000|100%|HC|  |TAMS 0x000000008a500000, 0x000000008a400000| Complete 
| 165|0x000000008a500000, 0x000000008a600000, 0x000000008a600000|100%|HC|  |TAMS 0x000000008a600000, 0x000000008a500000| Complete 
| 166|0x000000008a600000, 0x000000008a700000, 0x000000008a700000|100%| O|  |TAMS 0x000000008a700000, 0x000000008a600000| Untracked 
| 167|0x000000008a700000, 0x000000008a800000, 0x000000008a800000|100%|HS|  |TAMS 0x000000008a800000, 0x000000008a700000| Complete 
| 168|0x000000008a800000, 0x000000008a900000, 0x000000008a900000|100%|HS|  |TAMS 0x000000008a900000, 0x000000008a800000| Complete 
| 169|0x000000008a900000, 0x000000008aa00000, 0x000000008aa00000|100%|HC|  |TAMS 0x000000008aa00000, 0x000000008a900000| Complete 
| 170|0x000000008aa00000, 0x000000008ab00000, 0x000000008ab00000|100%| O|  |TAMS 0x000000008ab00000, 0x000000008aa00000| Untracked 
| 171|0x000000008ab00000, 0x000000008ac00000, 0x000000008ac00000|100%| O|  |TAMS 0x000000008ac00000, 0x000000008ab00000| Untracked 
| 172|0x000000008ac00000, 0x000000008ad00000, 0x000000008ad00000|100%| O|  |TAMS 0x000000008ad00000, 0x000000008ac00000| Untracked 
| 173|0x000000008ad00000, 0x000000008ae00000, 0x000000008ae00000|100%| O|  |TAMS 0x000000008ae00000, 0x000000008ad00000| Untracked 
| 174|0x000000008ae00000, 0x000000008af00000, 0x000000008af00000|100%| O|  |TAMS 0x000000008af00000, 0x000000008ae00000| Untracked 
| 175|0x000000008af00000, 0x000000008b000000, 0x000000008b000000|100%| O|  |TAMS 0x000000008b000000, 0x000000008af00000| Untracked 
| 176|0x000000008b000000, 0x000000008b100000, 0x000000008b100000|100%| O|  |TAMS 0x000000008b100000, 0x000000008b000000| Complete 
| 177|0x000000008b100000, 0x000000008b200000, 0x000000008b200000|100%|HS|  |TAMS 0x000000008b200000, 0x000000008b100000| Complete 
| 178|0x000000008b200000, 0x000000008b300000, 0x000000008b300000|100%| O|  |TAMS 0x000000008b300000, 0x000000008b200000| Untracked 
| 179|0x000000008b300000, 0x000000008b400000, 0x000000008b400000|100%|HS|  |TAMS 0x000000008b400000, 0x000000008b300000| Complete 
| 180|0x000000008b400000, 0x000000008b500000, 0x000000008b500000|100%| O|  |TAMS 0x000000008b500000, 0x000000008b400000| Complete 
| 181|0x000000008b500000, 0x000000008b600000, 0x000000008b600000|100%| O|  |TAMS 0x000000008b600000, 0x000000008b500000| Untracked 
| 182|0x000000008b600000, 0x000000008b700000, 0x000000008b700000|100%| O|  |TAMS 0x000000008b700000, 0x000000008b600000| Untracked 
| 183|0x000000008b700000, 0x000000008b800000, 0x000000008b800000|100%|HS|  |TAMS 0x000000008b800000, 0x000000008b700000| Complete 
| 184|0x000000008b800000, 0x000000008b900000, 0x000000008b900000|100%|HC|  |TAMS 0x000000008b900000, 0x000000008b800000| Complete 
| 185|0x000000008b900000, 0x000000008ba00000, 0x000000008ba00000|100%|HC|  |TAMS 0x000000008ba00000, 0x000000008b900000| Complete 
| 186|0x000000008ba00000, 0x000000008bb00000, 0x000000008bb00000|100%| O|  |TAMS 0x000000008bb00000, 0x000000008ba00000| Untracked 
| 187|0x000000008bb00000, 0x000000008bc00000, 0x000000008bc00000|100%| O|  |TAMS 0x000000008bc00000, 0x000000008bb00000| Complete 
| 188|0x000000008bc00000, 0x000000008bd00000, 0x000000008bd00000|100%| O|  |TAMS 0x000000008bd00000, 0x000000008bc00000| Complete 
| 189|0x000000008bd00000, 0x000000008be00000, 0x000000008be00000|100%| O|  |TAMS 0x000000008be00000, 0x000000008bd00000| Untracked 
| 190|0x000000008be00000, 0x000000008bf00000, 0x000000008bf00000|100%| O|  |TAMS 0x000000008bf00000, 0x000000008be00000| Untracked 
| 191|0x000000008bf00000, 0x000000008c000000, 0x000000008c000000|100%| O|  |TAMS 0x000000008c000000, 0x000000008bf00000| Untracked 
| 192|0x000000008c000000, 0x000000008c100000, 0x000000008c100000|100%| O|  |TAMS 0x000000008c100000, 0x000000008c000000| Untracked 
| 193|0x000000008c100000, 0x000000008c200000, 0x000000008c200000|100%| O|  |TAMS 0x000000008c200000, 0x000000008c100000| Untracked 
| 194|0x000000008c200000, 0x000000008c300000, 0x000000008c300000|100%| O|  |TAMS 0x000000008c300000, 0x000000008c200000| Untracked 
| 195|0x000000008c300000, 0x000000008c400000, 0x000000008c400000|100%| O|  |TAMS 0x000000008c400000, 0x000000008c300000| Untracked 
| 196|0x000000008c400000, 0x000000008c500000, 0x000000008c500000|100%| O|  |TAMS 0x000000008c500000, 0x000000008c400000| Untracked 
| 197|0x000000008c500000, 0x000000008c600000, 0x000000008c600000|100%| O|  |TAMS 0x000000008c600000, 0x000000008c500000| Untracked 
| 198|0x000000008c600000, 0x000000008c700000, 0x000000008c700000|100%| O|  |TAMS 0x000000008c700000, 0x000000008c600000| Complete 
| 199|0x000000008c700000, 0x000000008c800000, 0x000000008c800000|100%| O|  |TAMS 0x000000008c800000, 0x000000008c700000| Untracked 
| 200|0x000000008c800000, 0x000000008c900000, 0x000000008c900000|100%| O|  |TAMS 0x000000008c900000, 0x000000008c800000| Untracked 
| 201|0x000000008c900000, 0x000000008ca00000, 0x000000008ca00000|100%| O|  |TAMS 0x000000008ca00000, 0x000000008c900000| Untracked 
| 202|0x000000008ca00000, 0x000000008cb00000, 0x000000008cb00000|100%| O|  |TAMS 0x000000008cb00000, 0x000000008ca00000| Untracked 
| 203|0x000000008cb00000, 0x000000008cc00000, 0x000000008cc00000|100%| O|  |TAMS 0x000000008cc00000, 0x000000008cb00000| Untracked 
| 204|0x000000008cc00000, 0x000000008cd00000, 0x000000008cd00000|100%| O|  |TAMS 0x000000008cd00000, 0x000000008cc00000| Untracked 
| 205|0x000000008cd00000, 0x000000008ce00000, 0x000000008ce00000|100%| O|  |TAMS 0x000000008ce00000, 0x000000008cd00000| Untracked 
| 206|0x000000008ce00000, 0x000000008cf00000, 0x000000008cf00000|100%| O|  |TAMS 0x000000008cf00000, 0x000000008ce00000| Untracked 
| 207|0x000000008cf00000, 0x000000008d000000, 0x000000008d000000|100%| O|  |TAMS 0x000000008cf00000, 0x000000008cf00000| Untracked 
| 208|0x000000008d000000, 0x000000008d100000, 0x000000008d100000|100%| O|  |TAMS 0x000000008d000000, 0x000000008d000000| Untracked 
| 209|0x000000008d100000, 0x000000008d200000, 0x000000008d200000|100%| O|  |TAMS 0x000000008d100000, 0x000000008d100000| Untracked 
| 210|0x000000008d200000, 0x000000008d300000, 0x000000008d300000|100%| O|  |TAMS 0x000000008d200000, 0x000000008d200000| Untracked 
| 211|0x000000008d300000, 0x000000008d400000, 0x000000008d400000|100%| O|  |TAMS 0x000000008d300000, 0x000000008d300000| Untracked 
| 212|0x000000008d400000, 0x000000008d500000, 0x000000008d500000|100%| O|  |TAMS 0x000000008d400000, 0x000000008d400000| Untracked 
| 213|0x000000008d500000, 0x000000008d600000, 0x000000008d600000|100%| O|  |TAMS 0x000000008d500000, 0x000000008d500000| Untracked 
| 214|0x000000008d600000, 0x000000008d600000, 0x000000008d700000|  0%| F|  |TAMS 0x000000008d600000, 0x000000008d600000| Untracked 
| 215|0x000000008d700000, 0x000000008d700000, 0x000000008d800000|  0%| F|  |TAMS 0x000000008d700000, 0x000000008d700000| Untracked 
| 216|0x000000008d800000, 0x000000008d800000, 0x000000008d900000|  0%| F|  |TAMS 0x000000008d800000, 0x000000008d800000| Untracked 
| 217|0x000000008d900000, 0x000000008d900000, 0x000000008da00000|  0%| F|  |TAMS 0x000000008d900000, 0x000000008d900000| Untracked 
| 218|0x000000008da00000, 0x000000008da00000, 0x000000008db00000|  0%| F|  |TAMS 0x000000008da00000, 0x000000008da00000| Untracked 
| 219|0x000000008db00000, 0x000000008db00000, 0x000000008dc00000|  0%| F|  |TAMS 0x000000008db00000, 0x000000008db00000| Untracked 
| 220|0x000000008dc00000, 0x000000008dc00000, 0x000000008dd00000|  0%| F|  |TAMS 0x000000008dc00000, 0x000000008dc00000| Untracked 
| 221|0x000000008dd00000, 0x000000008dd00000, 0x000000008de00000|  0%| F|  |TAMS 0x000000008dd00000, 0x000000008dd00000| Untracked 
| 222|0x000000008de00000, 0x000000008de00000, 0x000000008df00000|  0%| F|  |TAMS 0x000000008de00000, 0x000000008de00000| Untracked 
| 223|0x000000008df00000, 0x000000008df00000, 0x000000008e000000|  0%| F|  |TAMS 0x000000008df00000, 0x000000008df00000| Untracked 
| 224|0x000000008e000000, 0x000000008e000000, 0x000000008e100000|  0%| F|  |TAMS 0x000000008e000000, 0x000000008e000000| Untracked 
| 225|0x000000008e100000, 0x000000008e100000, 0x000000008e200000|  0%| F|  |TAMS 0x000000008e100000, 0x000000008e100000| Untracked 
| 226|0x000000008e200000, 0x000000008e200000, 0x000000008e300000|  0%| F|  |TAMS 0x000000008e200000, 0x000000008e200000| Untracked 
| 227|0x000000008e300000, 0x000000008e300000, 0x000000008e400000|  0%| F|  |TAMS 0x000000008e300000, 0x000000008e300000| Untracked 
| 228|0x000000008e400000, 0x000000008e400000, 0x000000008e500000|  0%| F|  |TAMS 0x000000008e400000, 0x000000008e400000| Untracked 
| 229|0x000000008e500000, 0x000000008e500000, 0x000000008e600000|  0%| F|  |TAMS 0x000000008e500000, 0x000000008e500000| Untracked 
| 230|0x000000008e600000, 0x000000008e600000, 0x000000008e700000|  0%| F|  |TAMS 0x000000008e600000, 0x000000008e600000| Untracked 
| 231|0x000000008e700000, 0x000000008e700000, 0x000000008e800000|  0%| F|  |TAMS 0x000000008e700000, 0x000000008e700000| Untracked 
| 232|0x000000008e800000, 0x000000008e800000, 0x000000008e900000|  0%| F|  |TAMS 0x000000008e800000, 0x000000008e800000| Untracked 
| 233|0x000000008e900000, 0x000000008e900000, 0x000000008ea00000|  0%| F|  |TAMS 0x000000008e900000, 0x000000008e900000| Untracked 
| 234|0x000000008ea00000, 0x000000008ea00000, 0x000000008eb00000|  0%| F|  |TAMS 0x000000008ea00000, 0x000000008ea00000| Untracked 
| 235|0x000000008eb00000, 0x000000008eb00000, 0x000000008ec00000|  0%| F|  |TAMS 0x000000008eb00000, 0x000000008eb00000| Untracked 
| 236|0x000000008ec00000, 0x000000008ec00000, 0x000000008ed00000|  0%| F|  |TAMS 0x000000008ec00000, 0x000000008ec00000| Untracked 
| 237|0x000000008ed00000, 0x000000008ed00000, 0x000000008ee00000|  0%| F|  |TAMS 0x000000008ed00000, 0x000000008ed00000| Untracked 
| 238|0x000000008ee00000, 0x000000008ee00000, 0x000000008ef00000|  0%| F|  |TAMS 0x000000008ee00000, 0x000000008ee00000| Untracked 
| 239|0x000000008ef00000, 0x000000008ef00000, 0x000000008f000000|  0%| F|  |TAMS 0x000000008ef00000, 0x000000008ef00000| Untracked 
| 240|0x000000008f000000, 0x000000008f000000, 0x000000008f100000|  0%| F|  |TAMS 0x000000008f000000, 0x000000008f000000| Untracked 
| 241|0x000000008f100000, 0x000000008f100000, 0x000000008f200000|  0%| F|  |TAMS 0x000000008f100000, 0x000000008f100000| Untracked 
| 242|0x000000008f200000, 0x000000008f200000, 0x000000008f300000|  0%| F|  |TAMS 0x000000008f200000, 0x000000008f200000| Untracked 
| 243|0x000000008f300000, 0x000000008f300000, 0x000000008f400000|  0%| F|  |TAMS 0x000000008f300000, 0x000000008f300000| Untracked 
| 244|0x000000008f400000, 0x000000008f400000, 0x000000008f500000|  0%| F|  |TAMS 0x000000008f400000, 0x000000008f400000| Untracked 
| 245|0x000000008f500000, 0x000000008f500000, 0x000000008f600000|  0%| F|  |TAMS 0x000000008f500000, 0x000000008f500000| Untracked 
| 246|0x000000008f600000, 0x000000008f600000, 0x000000008f700000|  0%| F|  |TAMS 0x000000008f600000, 0x000000008f600000| Untracked 
| 247|0x000000008f700000, 0x000000008f700000, 0x000000008f800000|  0%| F|  |TAMS 0x000000008f700000, 0x000000008f700000| Untracked 
| 248|0x000000008f800000, 0x000000008f800000, 0x000000008f900000|  0%| F|  |TAMS 0x000000008f800000, 0x000000008f800000| Untracked 
| 249|0x000000008f900000, 0x000000008f900000, 0x000000008fa00000|  0%| F|  |TAMS 0x000000008f900000, 0x000000008f900000| Untracked 
| 250|0x000000008fa00000, 0x000000008fa00000, 0x000000008fb00000|  0%| F|  |TAMS 0x000000008fa00000, 0x000000008fa00000| Untracked 
| 251|0x000000008fb00000, 0x000000008fb00000, 0x000000008fc00000|  0%| F|  |TAMS 0x000000008fb00000, 0x000000008fb00000| Untracked 
| 252|0x000000008fc00000, 0x000000008fc00000, 0x000000008fd00000|  0%| F|  |TAMS 0x000000008fc00000, 0x000000008fc00000| Untracked 
| 253|0x000000008fd00000, 0x000000008fd00000, 0x000000008fe00000|  0%| F|  |TAMS 0x000000008fd00000, 0x000000008fd00000| Untracked 
| 254|0x000000008fe00000, 0x000000008ff00000, 0x000000008ff00000|100%| S|CS|TAMS 0x000000008fe00000, 0x000000008fe00000| Complete 
| 255|0x000000008ff00000, 0x0000000090000000, 0x0000000090000000|100%| S|CS|TAMS 0x000000008ff00000, 0x000000008ff00000| Complete 
| 256|0x0000000090000000, 0x0000000090100000, 0x0000000090100000|100%| S|CS|TAMS 0x0000000090000000, 0x0000000090000000| Complete 
| 257|0x0000000090100000, 0x0000000090100000, 0x0000000090200000|  0%| F|  |TAMS 0x0000000090100000, 0x0000000090100000| Untracked 
| 258|0x0000000090200000, 0x0000000090200000, 0x0000000090300000|  0%| F|  |TAMS 0x0000000090200000, 0x0000000090200000| Untracked 
| 259|0x0000000090300000, 0x0000000090300000, 0x0000000090400000|  0%| F|  |TAMS 0x0000000090300000, 0x0000000090300000| Untracked 
| 260|0x0000000090400000, 0x0000000090400000, 0x0000000090500000|  0%| F|  |TAMS 0x0000000090400000, 0x0000000090400000| Untracked 
| 261|0x0000000090500000, 0x0000000090500000, 0x0000000090600000|  0%| F|  |TAMS 0x0000000090500000, 0x0000000090500000| Untracked 
| 262|0x0000000090600000, 0x0000000090600000, 0x0000000090700000|  0%| F|  |TAMS 0x0000000090600000, 0x0000000090600000| Untracked 
| 263|0x0000000090700000, 0x0000000090700000, 0x0000000090800000|  0%| F|  |TAMS 0x0000000090700000, 0x0000000090700000| Untracked 
| 264|0x0000000090800000, 0x0000000090800000, 0x0000000090900000|  0%| F|  |TAMS 0x0000000090800000, 0x0000000090800000| Untracked 
| 265|0x0000000090900000, 0x0000000090900000, 0x0000000090a00000|  0%| F|  |TAMS 0x0000000090900000, 0x0000000090900000| Untracked 
| 266|0x0000000090a00000, 0x0000000090a00000, 0x0000000090b00000|  0%| F|  |TAMS 0x0000000090a00000, 0x0000000090a00000| Untracked 
| 267|0x0000000090b00000, 0x0000000090b00000, 0x0000000090c00000|  0%| F|  |TAMS 0x0000000090b00000, 0x0000000090b00000| Untracked 
| 268|0x0000000090c00000, 0x0000000090c00000, 0x0000000090d00000|  0%| F|  |TAMS 0x0000000090c00000, 0x0000000090c00000| Untracked 
| 269|0x0000000090d00000, 0x0000000090d00000, 0x0000000090e00000|  0%| F|  |TAMS 0x0000000090d00000, 0x0000000090d00000| Untracked 
| 270|0x0000000090e00000, 0x0000000090e00000, 0x0000000090f00000|  0%| F|  |TAMS 0x0000000090e00000, 0x0000000090e00000| Untracked 
| 271|0x0000000090f00000, 0x0000000090f00000, 0x0000000091000000|  0%| F|  |TAMS 0x0000000090f00000, 0x0000000090f00000| Untracked 

Card table byte_map: [0x000001e8fb6c0000,0x000001e8fbac0000] _byte_map_base: 0x000001e8fb2c0000

Marking Bits (Prev, Next): (CMBitMap*) 0x000001e8e8c10b18, (CMBitMap*) 0x000001e8e8c10b50
 Prev Bits: [0x000001e8fbec0000, 0x000001e8fdec0000)
 Next Bits: [0x000001e8fdec0000, 0x000001e8ffec0000)

Polling page: 0x000001e8e6a50000

Metaspace:

Usage:
  Non-class:    118.66 MB capacity,   116.61 MB ( 98%) used,     1.65 MB (  1%) free+waste,   401.19 KB ( <1%) overhead. 
      Class:     17.91 MB capacity,    16.64 MB ( 93%) used,     1.09 MB (  6%) free+waste,   178.81 KB ( <1%) overhead. 
       Both:    136.56 MB capacity,   133.26 MB ( 98%) used,     2.74 MB (  2%) free+waste,   580.00 KB ( <1%) overhead. 

Virtual space:
  Non-class space:      120.00 MB reserved,     118.75 MB ( 99%) committed 
      Class space:        1.00 GB reserved,      18.00 MB (  2%) committed 
             Both:        1.12 GB reserved,     136.75 MB ( 12%) committed 

Chunk freelists:
   Non-Class:  32.00 KB
       Class:  1.00 KB
        Both:  33.00 KB

MaxMetaspaceSize: 17179869184.00 GB
CompressedClassSpaceSize: 1.00 GB

CodeHeap 'non-profiled nmethods': size=120064Kb used=11913Kb max_used=11913Kb free=108150Kb
 bounds [0x000001e8f4180000, 0x000001e8f4d40000, 0x000001e8fb6c0000]
CodeHeap 'profiled nmethods': size=120000Kb used=43066Kb max_used=43066Kb free=76933Kb
 bounds [0x000001e8ecc50000, 0x000001e8ef6b0000, 0x000001e8f4180000]
CodeHeap 'non-nmethods': size=5696Kb used=2366Kb max_used=2426Kb free=3329Kb
 bounds [0x000001e8ec6c0000, 0x000001e8ec930000, 0x000001e8ecc50000]
 total_blobs=20274 nmethods=19273 adapters=912
 compilation: enabled
              stopped_count=0, restarted_count=0
 full_count=0

Compilation events (20 events):
Event: 3504.097 Thread 0x000001e8822f8000 21124       2       java.lang.invoke.InvokerBytecodeGenerator::loadInsnOpcode (86 bytes)
Event: 3504.098 Thread 0x000001e8822f8000 nmethod 21124 0x000001e8edead890 code [0x000001e8edeadaa0, 0x000001e8edeadf78]
Event: 3504.103 Thread 0x000001e8822f8000 21125       2       org.gradle.api.internal.file.pattern.FixedPatternStep::matches (27 bytes)
Event: 3504.103 Thread 0x000001e8822f8000 nmethod 21125 0x000001e8ede8a610 code [0x000001e8ede8a7e0, 0x000001e8ede8a938]
Event: 3504.104 Thread 0x000001e8822f8000 21126       2       org.gradle.api.internal.file.pattern.PatternMatcherFactory$DefaultPatternMatcher::test (35 bytes)
Event: 3504.104 Thread 0x000001e8822f8000 nmethod 21126 0x000001e8edead490 code [0x000001e8edead660, 0x000001e8edead7d8]
Event: 3504.112 Thread 0x000001e8822f8000 21127       2       com.android.tools.r8.graph.f0$s::<init> (6 bytes)
Event: 3504.112 Thread 0x000001e8822f8000 nmethod 21127 0x000001e8ede8a290 code [0x000001e8ede8a440, 0x000001e8ede8a538]
Event: 3504.112 Thread 0x000001e8822f8000 21128       2       com.android.tools.r8.graph.f0$x::<init> (5 bytes)
Event: 3504.113 Thread 0x000001e8822f8000 nmethod 21128 0x000001e8edead110 code [0x000001e8edead2c0, 0x000001e8edead3b8]
Event: 3504.113 Thread 0x000001e8822f8000 21129       2       com.android.tools.r8.graph.f0$x::<init> (5 bytes)
Event: 3504.113 Thread 0x000001e8822f8000 nmethod 21129 0x000001e8edeacd90 code [0x000001e8edeacf40, 0x000001e8edead038]
Event: 3504.129 Thread 0x000001e8822f8000 21131       2       com.android.tools.r8.code.e::<init> (7 bytes)
Event: 3504.129 Thread 0x000001e8822f8000 nmethod 21131 0x000001e8edeac990 code [0x000001e8edeacb40, 0x000001e8edeacc98]
Event: 3504.137 Thread 0x000001e8822f8000 21132       2       java.util.Arrays::hashCode (44 bytes)
Event: 3504.138 Thread 0x000001e8822f8000 nmethod 21132 0x000001e8edee7710 code [0x000001e8edee78c0, 0x000001e8edee7a38]
Event: 3504.144 Thread 0x000001e8822f8000 21133       2       com.android.tools.r8.code.P3::<init> (7 bytes)
Event: 3504.145 Thread 0x000001e8822f8000 nmethod 21133 0x000001e8edf5e790 code [0x000001e8edf5e960, 0x000001e8edf5eb98]
Event: 3504.233 Thread 0x000001e8822f8000 21138   !   2       com.android.tools.r8.graph.T::d (34 bytes)
Event: 3504.233 Thread 0x000001e8822f8000 nmethod 21138 0x000001e8edf5df90 code [0x000001e8edf5e160, 0x000001e8edf5e528]

GC Heap History (20 events):
Event: 3497.955 GC heap after
{Heap after GC invocations=98 (full 0):
 garbage-first heap   total 231424K, used 179598K [0x0000000080000000, 0x0000000100000000)
  region size 1024K, 2 young (2048K), 2 survivors (2048K)
 Metaspace       used 134418K, capacity 137805K, committed 137856K, reserved 1169408K
  class space    used 16732K, capacity 18005K, committed 18048K, reserved 1048576K
}
Event: 3498.667 GC heap before
{Heap before GC invocations=99 (full 0):
 garbage-first heap   total 231424K, used 195982K [0x0000000080000000, 0x0000000100000000)
  region size 1024K, 21 young (21504K), 2 survivors (2048K)
 Metaspace       used 134533K, capacity 137880K, committed 138112K, reserved 1169408K
  class space    used 16741K, capacity 18008K, committed 18048K, reserved 1048576K
}
Event: 3498.693 GC heap after
{Heap after GC invocations=100 (full 0):
 garbage-first heap   total 231424K, used 180214K [0x0000000080000000, 0x0000000100000000)
  region size 1024K, 3 young (3072K), 3 survivors (3072K)
 Metaspace       used 134533K, capacity 137880K, committed 138112K, reserved 1169408K
  class space    used 16741K, capacity 18008K, committed 18048K, reserved 1048576K
}
Event: 3498.753 GC heap before
{Heap before GC invocations=100 (full 0):
 garbage-first heap   total 231424K, used 187382K [0x0000000080000000, 0x0000000100000000)
  region size 1024K, 11 young (11264K), 3 survivors (3072K)
 Metaspace       used 134534K, capacity 137880K, committed 138112K, reserved 1169408K
  class space    used 16741K, capacity 18008K, committed 18048K, reserved 1048576K
}
Event: 3498.810 GC heap after
{Heap after GC invocations=101 (full 0):
 garbage-first heap   total 231424K, used 168241K [0x0000000080000000, 0x0000000100000000)
  region size 1024K, 2 young (2048K), 2 survivors (2048K)
 Metaspace       used 134534K, capacity 137880K, committed 138112K, reserved 1169408K
  class space    used 16741K, capacity 18008K, committed 18048K, reserved 1048576K
}
Event: 3499.091 GC heap before
{Heap before GC invocations=101 (full 0):
 garbage-first heap   total 231424K, used 190769K [0x0000000080000000, 0x0000000100000000)
  region size 1024K, 24 young (24576K), 2 survivors (2048K)
 Metaspace       used 134683K, capacity 138040K, committed 138112K, reserved 1169408K
  class space    used 16767K, capacity 18040K, committed 18048K, reserved 1048576K
}
Event: 3499.150 GC heap after
{Heap after GC invocations=102 (full 0):
 garbage-first heap   total 231424K, used 176640K [0x0000000080000000, 0x0000000100000000)
  region size 1024K, 3 young (3072K), 3 survivors (3072K)
 Metaspace       used 134683K, capacity 138040K, committed 138112K, reserved 1169408K
  class space    used 16767K, capacity 18040K, committed 18048K, reserved 1048576K
}
Event: 3499.196 GC heap before
{Heap before GC invocations=102 (full 0):
 garbage-first heap   total 231424K, used 180736K [0x0000000080000000, 0x0000000100000000)
  region size 1024K, 8 young (8192K), 3 survivors (3072K)
 Metaspace       used 134683K, capacity 138040K, committed 138112K, reserved 1169408K
  class space    used 16767K, capacity 18040K, committed 18048K, reserved 1048576K
}
Event: 3499.232 GC heap after
{Heap after GC invocations=103 (full 0):
 garbage-first heap   total 231424K, used 179200K [0x0000000080000000, 0x0000000100000000)
  region size 1024K, 2 young (2048K), 2 survivors (2048K)
 Metaspace       used 134683K, capacity 138040K, committed 138112K, reserved 1169408K
  class space    used 16767K, capacity 18040K, committed 18048K, reserved 1048576K
}
Event: 3500.668 GC heap before
{Heap before GC invocations=104 (full 0):
 garbage-first heap   total 231424K, used 192512K [0x0000000080000000, 0x0000000100000000)
  region size 1024K, 14 young (14336K), 2 survivors (2048K)
 Metaspace       used 135851K, capacity 139279K, committed 139520K, reserved 1171456K
  class space    used 17025K, capacity 18322K, committed 18432K, reserved 1048576K
}
Event: 3500.712 GC heap after
{Heap after GC invocations=105 (full 0):
 garbage-first heap   total 231424K, used 184320K [0x0000000080000000, 0x0000000100000000)
  region size 1024K, 2 young (2048K), 2 survivors (2048K)
 Metaspace       used 135851K, capacity 139279K, committed 139520K, reserved 1171456K
  class space    used 17025K, capacity 18322K, committed 18432K, reserved 1048576K
}
Event: 3500.952 GC heap before
{Heap before GC invocations=105 (full 0):
 garbage-first heap   total 231424K, used 193536K [0x0000000080000000, 0x0000000100000000)
  region size 1024K, 11 young (11264K), 2 survivors (2048K)
 Metaspace       used 135982K, capacity 139411K, committed 139776K, reserved 1171456K
  class space    used 17025K, capacity 18322K, committed 18432K, reserved 1048576K
}
Event: 3501.020 GC heap after
{Heap after GC invocations=106 (full 0):
 garbage-first heap   total 278528K, used 185093K [0x0000000080000000, 0x0000000100000000)
  region size 1024K, 2 young (2048K), 2 survivors (2048K)
 Metaspace       used 135982K, capacity 139411K, committed 139776K, reserved 1171456K
  class space    used 17025K, capacity 18322K, committed 18432K, reserved 1048576K
}
Event: 3501.726 GC heap before
{Heap before GC invocations=106 (full 0):
 garbage-first heap   total 278528K, used 209669K [0x0000000080000000, 0x0000000100000000)
  region size 1024K, 27 young (27648K), 2 survivors (2048K)
 Metaspace       used 136253K, capacity 139623K, committed 139776K, reserved 1171456K
  class space    used 17029K, capacity 18328K, committed 18432K, reserved 1048576K
}
Event: 3501.796 GC heap after
{Heap after GC invocations=107 (full 0):
 garbage-first heap   total 278528K, used 197120K [0x0000000080000000, 0x0000000100000000)
  region size 1024K, 4 young (4096K), 4 survivors (4096K)
 Metaspace       used 136253K, capacity 139623K, committed 139776K, reserved 1171456K
  class space    used 17029K, capacity 18328K, committed 18432K, reserved 1048576K
}
Event: 3502.167 GC heap before
{Heap before GC invocations=107 (full 0):
 garbage-first heap   total 278528K, used 218624K [0x0000000080000000, 0x0000000100000000)
  region size 1024K, 25 young (25600K), 4 survivors (4096K)
 Metaspace       used 136357K, capacity 139696K, committed 140032K, reserved 1171456K
  class space    used 17034K, capacity 18330K, committed 18432K, reserved 1048576K
}
Event: 3502.232 GC heap after
{Heap after GC invocations=108 (full 0):
 garbage-first heap   total 278528K, used 207872K [0x0000000080000000, 0x0000000100000000)
  region size 1024K, 4 young (4096K), 4 survivors (4096K)
 Metaspace       used 136357K, capacity 139696K, committed 140032K, reserved 1171456K
  class space    used 17034K, capacity 18330K, committed 18432K, reserved 1048576K
}
Event: 3502.513 GC heap before
{Heap before GC invocations=108 (full 0):
 garbage-first heap   total 278528K, used 225280K [0x0000000080000000, 0x0000000100000000)
  region size 1024K, 22 young (22528K), 4 survivors (4096K)
 Metaspace       used 136392K, capacity 139761K, committed 140032K, reserved 1171456K
  class space    used 17035K, capacity 18330K, committed 18432K, reserved 1048576K
}
Event: 3502.553 GC heap after
{Heap after GC invocations=109 (full 0):
 garbage-first heap   total 278528K, used 215040K [0x0000000080000000, 0x0000000100000000)
  region size 1024K, 3 young (3072K), 3 survivors (3072K)
 Metaspace       used 136392K, capacity 139761K, committed 140032K, reserved 1171456K
  class space    used 17035K, capacity 18330K, committed 18432K, reserved 1048576K
}
Event: 3504.236 GC heap before
{Heap before GC invocations=110 (full 0):
 garbage-first heap   total 278528K, used 229376K [0x0000000080000000, 0x0000000100000000)
  region size 1024K, 18 young (18432K), 3 survivors (3072K)
 Metaspace       used 136453K, capacity 139839K, committed 140032K, reserved 1171456K
  class space    used 17042K, capacity 18335K, committed 18432K, reserved 1048576K
}

Deoptimization events (20 events):
Event: 3504.217 Thread 0x000001e885019000 DEOPT PACKING pc=0x000001e8f4aa8f48 sp=0x000000e0553fba60
Event: 3504.217 Thread 0x000001e885019000 DEOPT UNPACKING pc=0x000001e8ec6e6ca9 sp=0x000000e0553fb988 mode 2
Event: 3504.217 Thread 0x000001e885019000 Uncommon trap: trap_request=0xffffffc6 fr.pc=0x000001e8f4aa8f48 relative=0x0000000000005808
Event: 3504.217 Thread 0x000001e885019000 Uncommon trap: reason=bimorphic_or_optimized_type_check action=maybe_recompile pc=0x000001e8f4aa8f48 method=org.gradle.internal.snapshot.DirectorySnapshot.accept(Lorg/gradle/internal/snapshot/RelativePathTracker;Lorg/gradle/internal/snapshot/RelativePathT
Event: 3504.217 Thread 0x000001e885019000 DEOPT PACKING pc=0x000001e8f4aa8f48 sp=0x000000e0553fb880
Event: 3504.217 Thread 0x000001e885019000 DEOPT UNPACKING pc=0x000001e8ec6e6ca9 sp=0x000000e0553fb7a8 mode 2
Event: 3504.217 Thread 0x000001e885019000 Uncommon trap: trap_request=0xffffffc6 fr.pc=0x000001e8f4aa8f48 relative=0x0000000000005808
Event: 3504.217 Thread 0x000001e885019000 Uncommon trap: reason=bimorphic_or_optimized_type_check action=maybe_recompile pc=0x000001e8f4aa8f48 method=org.gradle.internal.snapshot.DirectorySnapshot.accept(Lorg/gradle/internal/snapshot/RelativePathTracker;Lorg/gradle/internal/snapshot/RelativePathT
Event: 3504.217 Thread 0x000001e885019000 DEOPT PACKING pc=0x000001e8f4aa8f48 sp=0x000000e0553fb6a0
Event: 3504.217 Thread 0x000001e885019000 DEOPT UNPACKING pc=0x000001e8ec6e6ca9 sp=0x000000e0553fb5c8 mode 2
Event: 3504.217 Thread 0x000001e885019000 Uncommon trap: trap_request=0xffffffc6 fr.pc=0x000001e8f4aa8f48 relative=0x0000000000005808
Event: 3504.217 Thread 0x000001e885019000 Uncommon trap: reason=bimorphic_or_optimized_type_check action=maybe_recompile pc=0x000001e8f4aa8f48 method=org.gradle.internal.snapshot.DirectorySnapshot.accept(Lorg/gradle/internal/snapshot/RelativePathTracker;Lorg/gradle/internal/snapshot/RelativePathT
Event: 3504.217 Thread 0x000001e885019000 DEOPT PACKING pc=0x000001e8f4aa8f48 sp=0x000000e0553fb4b0
Event: 3504.217 Thread 0x000001e885019000 DEOPT UNPACKING pc=0x000001e8ec6e6ca9 sp=0x000000e0553fb3d8 mode 2
Event: 3504.218 Thread 0x000001e885019000 Uncommon trap: trap_request=0xffffffc6 fr.pc=0x000001e8f436629c relative=0x000000000000025c
Event: 3504.218 Thread 0x000001e885019000 Uncommon trap: reason=bimorphic_or_optimized_type_check action=maybe_recompile pc=0x000001e8f436629c method=org.gradle.internal.snapshot.SnapshotUtil$1.handleExactMatchWithChild(Lorg/gradle/internal/snapshot/FileSystemNode;)Ljava/util/Optional; @ 1 c2
Event: 3504.218 Thread 0x000001e885019000 DEOPT PACKING pc=0x000001e8f436629c sp=0x000000e0553fb640
Event: 3504.218 Thread 0x000001e885019000 DEOPT UNPACKING pc=0x000001e8ec6e6ca9 sp=0x000000e0553fb578 mode 2
Event: 3504.233 Thread 0x000001e885025800 DEOPT PACKING pc=0x000001e8ef641689 sp=0x000000e055bfe520
Event: 3504.233 Thread 0x000001e885025800 DEOPT UNPACKING pc=0x000001e8ec6e6abf sp=0x000000e055bfdbe0 mode 0

Classes redefined (0 events):
No events

Internal exceptions (20 events):
Event: 3493.287 Thread 0x000001e885017800 Exception <a 'java/lang/IncompatibleClassChangeError'{0x000000008ddcf218}: Found class java.lang.Object, but interface was expected> (0x000000008ddcf218) thrown at [./src/hotspot/share/interpreter/linkResolver.cpp, line 839]
Event: 3493.523 Thread 0x000001e885017800 Exception <a 'java/lang/NoSuchMethodError'{0x000000008da92ab0}: 'void java.lang.invoke.DirectMethodHandle$Holder.invokeStatic(java.lang.Object, java.lang.Object, java.lang.Object, int)'> (0x000000008da92ab0) thrown at [./src/hotspot/share/interpreter/linkResolver.cpp, line 773]
Event: 3493.538 Thread 0x000001e885017800 Exception <a 'java/lang/IncompatibleClassChangeError'{0x000000008da9cd20}: Found class java.lang.Object, but interface was expected> (0x000000008da9cd20) thrown at [./src/hotspot/share/interpreter/linkResolver.cpp, line 839]
Event: 3494.308 Thread 0x000001e885017800 Exception <a 'java/lang/NoSuchMethodError'{0x000000008d3a7578}: 'int java.lang.invoke.DirectMethodHandle$Holder.invokeSpecial(java.lang.Object, java.lang.Object, java.lang.Object, java.lang.Object, java.lang.Object)'> (0x000000008d3a7578) thrown at [./src/hotspot/share/interpreter/linkResolver.cpp, line 773]
Event: 3494.511 Thread 0x000001e885017800 Exception <a 'java/lang/NoSuchMethodError'{0x000000008d03de90}: 'java.lang.Object java.lang.invoke.DirectMethodHandle$Holder.invokeVirtual(java.lang.Object, java.lang.Object, int, java.lang.Object)'> (0x000000008d03de90) thrown at [./src/hotspot/share/interpreter/linkResolver.cpp, line 773]
Event: 3494.565 Thread 0x000001e885017800 Exception <a 'java/lang/IncompatibleClassChangeError'{0x000000008d0e0078}: Found class java.lang.Object, but interface was expected> (0x000000008d0e0078) thrown at [./src/hotspot/share/interpreter/linkResolver.cpp, line 839]
Event: 3494.567 Thread 0x000001e885017800 Exception <a 'java/lang/IncompatibleClassChangeError'{0x000000008d0eaba8}: Found class java.lang.Object, but interface was expected> (0x000000008d0eaba8) thrown at [./src/hotspot/share/interpreter/linkResolver.cpp, line 839]
Event: 3494.614 Thread 0x000001e885017800 Exception <a 'java/lang/NoSuchMethodError'{0x000000008cfa81a8}: 'void java.lang.invoke.DirectMethodHandle$Holder.invokeVirtual(java.lang.Object, java.lang.Object, int, java.lang.Object)'> (0x000000008cfa81a8) thrown at [./src/hotspot/share/interpreter/linkResolver.cpp, line 773]
Event: 3494.860 Thread 0x000001e885017800 Exception <a 'java/lang/NoSuchMethodError'{0x000000008cc716d0}: 'java.lang.Object java.lang.invoke.DirectMethodHandle$Holder.newInvokeSpecial(java.lang.Object, int)'> (0x000000008cc716d0) thrown at [./src/hotspot/share/interpreter/linkResolver.cpp, line 773]
Event: 3495.089 Thread 0x000001e885017800 Exception <a 'java/lang/NoSuchMethodError'{0x000000008c8796f8}: 'void java.lang.invoke.DirectMethodHandle$Holder.invokeSpecial(java.lang.Object, java.lang.Object, int, java.lang.Object, java.lang.Object, java.lang.Object, java.lang.Object)'> (0x000000008c8796f8) thrown at [./src/hotspot/share/interpreter/linkResolver.cpp, line 773]
Event: 3495.090 Thread 0x000001e885017800 Exception <a 'java/lang/NoSuchMethodError'{0x000000008c8851f8}: 'java.lang.Object java.lang.invoke.Invokers$Holder.linkToTargetMethod(java.lang.Object, int, java.lang.Object, java.lang.Object, java.lang.Object, java.lang.Object)'> (0x000000008c8851f8) thrown at [./src/hotspot/share/interpreter/linkResolver.cpp, line 773]
Event: 3495.091 Thread 0x000001e885017800 Exception <a 'java/lang/NoSuchMethodError'{0x000000008c8896a8}: 'void java.lang.invoke.DirectMethodHandle$Holder.invokeSpecial(java.lang.Object, java.lang.Object, java.lang.Object, java.lang.Object, java.lang.Object, java.lang.Object, java.lang.Object, java.lang.Object, java.lang.Object)'> (0x000000008c8896a8) thrown at [./src/hotspot/share/interpreter/linkResolver.cpp, line 773]
Event: 3495.094 Thread 0x000001e885017800 Exception <a 'java/lang/NoSuchMethodError'{0x000000008c8a49c8}: 'void java.lang.invoke.DirectMethodHandle$Holder.invokeStatic(java.lang.Object, java.lang.Object, java.lang.Object, java.lang.Object, java.lang.Object, java.lang.Object, java.lang.Object, java.lang.Object)'> (0x000000008c8a49c8) thrown at [./src/hotspot/share/interpreter/linkResolver.cpp, line 773]
Event: 3495.178 Thread 0x000001e885017800 Exception <a 'java/lang/IncompatibleClassChangeError'{0x000000008c6af5f8}: Found class java.lang.Object, but interface was expected> (0x000000008c6af5f8) thrown at [./src/hotspot/share/interpreter/linkResolver.cpp, line 839]
Event: 3495.259 Thread 0x000001e885017800 Exception <a 'java/lang/NoSuchMethodError'{0x000000008c429470}: 'void java.lang.invoke.DirectMethodHandle$Holder.invokeVirtual(java.lang.Object, java.lang.Object, int)'> (0x000000008c429470) thrown at [./src/hotspot/share/interpreter/linkResolver.cpp, line 773]
Event: 3495.312 Thread 0x000001e885017800 Exception <a 'sun/nio/fs/WindowsException'{0x000000008c4b79e0}> (0x000000008c4b79e0) thrown at [./src/hotspot/share/prims/jni.cpp, line 615]
Event: 3495.432 Thread 0x000001e885017800 Implicit null exception at 0x000001e8f4ccf5a0 to 0x000001e8f4ccfd14
Event: 3497.467 Thread 0x000001e88501e000 Exception <a 'sun/nio/fs/WindowsException'{0x000000008c193818}> (0x000000008c193818) thrown at [./src/hotspot/share/prims/jni.cpp, line 615]
Event: 3497.468 Thread 0x000001e88501e000 Exception <a 'sun/nio/fs/WindowsException'{0x000000008c193900}> (0x000000008c193900) thrown at [./src/hotspot/share/prims/jni.cpp, line 615]
Event: 3497.734 Thread 0x000001e885023800 Exception <a 'sun/nio/fs/WindowsException'{0x000000008dd43220}> (0x000000008dd43220) thrown at [./src/hotspot/share/prims/jni.cpp, line 615]

Events (20 events):
Event: 3504.090 loading class org/gradle/internal/fingerprint/impl/PatternSetSnapshottingFilter done
Event: 3504.090 loading class org/gradle/internal/snapshot/SnapshottingFilter$FileSystemSnapshotPredicate
Event: 3504.090 loading class org/gradle/internal/snapshot/SnapshottingFilter$FileSystemSnapshotPredicate done
Event: 3504.091 loading class org/gradle/internal/snapshot/impl/FileSystemSnapshotFilter
Event: 3504.091 loading class org/gradle/internal/snapshot/impl/FileSystemSnapshotFilter done
Event: 3504.092 loading class org/gradle/internal/snapshot/impl/FileSystemSnapshotFilter$FilteringVisitor
Event: 3504.092 loading class org/gradle/internal/snapshot/impl/FileSystemSnapshotFilter$FilteringVisitor done
Event: 3504.093 loading class org/gradle/internal/snapshot/impl/FileSystemSnapshotFilter$FilteringVisitor$1
Event: 3504.093 loading class org/gradle/internal/snapshot/impl/FileSystemSnapshotFilter$FilteringVisitor$1 done
Event: 3504.094 loading class org/gradle/internal/fingerprint/impl/PatternSetSnapshottingFilter$LogicalFileTreeElement
Event: 3504.094 loading class org/gradle/internal/fingerprint/impl/PatternSetSnapshottingFilter$LogicalFileTreeElement done
Event: 3504.096 loading class org/gradle/api/specs/Spec
Event: 3504.096 loading class org/gradle/api/specs/Spec done
Event: 3504.098 loading class org/gradle/internal/fingerprint/impl/PatternSetSnapshottingFilter
Event: 3504.098 loading class org/gradle/internal/fingerprint/impl/PatternSetSnapshottingFilter done
Event: 3504.098 loading class org/gradle/internal/snapshot/SnapshottingFilter$DirectoryWalkerPredicate
Event: 3504.098 loading class org/gradle/internal/snapshot/SnapshottingFilter$DirectoryWalkerPredicate done
Event: 3504.100 loading class org/gradle/internal/fingerprint/impl/PatternSetSnapshottingFilter$PathBackedFileTreeElement
Event: 3504.100 loading class org/gradle/internal/fingerprint/impl/PatternSetSnapshottingFilter$PathBackedFileTreeElement done
Event: 3504.235 Executing VM operation: G1CollectForAllocation


Dynamic libraries:
0x00007ff69f0d0000 - 0x00007ff69f0da000 	C:\Program Files\Android\Android Studio\jre\bin\java.exe
0x00007ffb15830000 - 0x00007ffb15a25000 	C:\WINDOWS\SYSTEM32\ntdll.dll
0x00007ffae3580000 - 0x00007ffae3596000 	C:\Program Files\Avast Software\Avast\aswhook.dll
0x00007ffb14240000 - 0x00007ffb142fe000 	C:\WINDOWS\System32\KERNEL32.DLL
0x00007ffb132d0000 - 0x00007ffb13598000 	C:\WINDOWS\System32\KERNELBASE.dll
0x00007ffb135d0000 - 0x00007ffb136d0000 	C:\WINDOWS\System32\ucrtbase.dll
0x00007ffb01590000 - 0x00007ffb015a9000 	C:\Program Files\Android\Android Studio\jre\bin\jli.dll
0x00007ffafd170000 - 0x00007ffafd187000 	C:\Program Files\Android\Android Studio\jre\bin\VCRUNTIME140.dll
0x00007ffb14bb0000 - 0x00007ffb14d51000 	C:\WINDOWS\System32\USER32.dll
0x00007ffb135a0000 - 0x00007ffb135c2000 	C:\WINDOWS\System32\win32u.dll
0x00007ffb14210000 - 0x00007ffb1423b000 	C:\WINDOWS\System32\GDI32.dll
0x00007ffb13110000 - 0x00007ffb1321b000 	C:\WINDOWS\System32\gdi32full.dll
0x00007ffb13070000 - 0x00007ffb1310d000 	C:\WINDOWS\System32\msvcp_win.dll
0x00007ffafc270000 - 0x00007ffafc50a000 	C:\WINDOWS\WinSxS\amd64_microsoft.windows.common-controls_6595b64144ccf1df_6.0.19041.1110_none_60b5254171f9507e\COMCTL32.dll
0x00007ffb14f10000 - 0x00007ffb14fae000 	C:\WINDOWS\System32\msvcrt.dll
0x00007ffb13f20000 - 0x00007ffb13f50000 	C:\WINDOWS\System32\IMM32.DLL
0x00007ffaef3c0000 - 0x00007ffaef45d000 	C:\Program Files\Android\Android Studio\jre\bin\msvcp140.dll
0x00007ffabccb0000 - 0x00007ffabd77f000 	C:\Program Files\Android\Android Studio\jre\bin\server\jvm.dll
0x00007ffb14af0000 - 0x00007ffb14b9c000 	C:\WINDOWS\System32\ADVAPI32.dll
0x00007ffb14310000 - 0x00007ffb143ab000 	C:\WINDOWS\System32\sechost.dll
0x00007ffb15010000 - 0x00007ffb1513a000 	C:\WINDOWS\System32\RPCRT4.dll
0x00007ffb14ba0000 - 0x00007ffb14ba8000 	C:\WINDOWS\System32\PSAPI.DLL
0x00007ffaf5bb0000 - 0x00007ffaf5bb9000 	C:\WINDOWS\SYSTEM32\WSOCK32.dll
0x00007ffb14040000 - 0x00007ffb140ab000 	C:\WINDOWS\System32\WS2_32.dll
0x00007ffae91d0000 - 0x00007ffae91f7000 	C:\WINDOWS\SYSTEM32\WINMM.dll
0x00007ffb09f70000 - 0x00007ffb09f7a000 	C:\WINDOWS\SYSTEM32\VERSION.dll
0x00007ffb117d0000 - 0x00007ffb117e2000 	C:\WINDOWS\SYSTEM32\kernel.appcore.dll
0x00007ffb04bd0000 - 0x00007ffb04be1000 	C:\Program Files\Android\Android Studio\jre\bin\verify.dll
0x00007ffb114f0000 - 0x00007ffb116d4000 	C:\WINDOWS\SYSTEM32\DBGHELP.DLL
0x00007ffaf9960000 - 0x00007ffaf998c000 	C:\WINDOWS\SYSTEM32\dbgcore.DLL
0x00007ffb12f80000 - 0x00007ffb13003000 	C:\WINDOWS\System32\bcryptPrimitives.dll
0x00007ffb03bc0000 - 0x00007ffb03be9000 	C:\Program Files\Android\Android Studio\jre\bin\java.dll
0x00007ffb0b900000 - 0x00007ffb0b90b000 	C:\Program Files\Android\Android Studio\jre\bin\jimage.dll
0x00007ffb029b0000 - 0x00007ffb029c8000 	C:\Program Files\Android\Android Studio\jre\bin\zip.dll
0x00007ffb143b0000 - 0x00007ffb14aef000 	C:\WINDOWS\System32\SHELL32.dll
0x00007ffb10c90000 - 0x00007ffb11420000 	C:\WINDOWS\SYSTEM32\windows.storage.dll
0x00007ffb13aa0000 - 0x00007ffb13df5000 	C:\WINDOWS\System32\combase.dll
0x00007ffb128d0000 - 0x00007ffb128fe000 	C:\WINDOWS\SYSTEM32\Wldp.dll
0x00007ffb14160000 - 0x00007ffb1420d000 	C:\WINDOWS\System32\SHCORE.dll
0x00007ffb13880000 - 0x00007ffb138d5000 	C:\WINDOWS\System32\shlwapi.dll
0x00007ffb12e90000 - 0x00007ffb12eaf000 	C:\WINDOWS\SYSTEM32\profapi.dll
0x00007ffb01610000 - 0x00007ffb0162a000 	C:\Program Files\Android\Android Studio\jre\bin\net.dll
0x00007ffb00820000 - 0x00007ffb0092c000 	C:\WINDOWS\SYSTEM32\WINHTTP.dll
0x00007ffb12630000 - 0x00007ffb1269a000 	C:\WINDOWS\system32\mswsock.dll
0x00007ffb015f0000 - 0x00007ffb01604000 	C:\Program Files\Android\Android Studio\jre\bin\nio.dll
0x00007ffb04610000 - 0x00007ffb04637000 	C:\Users\Jenni\.gradle\native\8bec1ad78214c89d9ad589b4d07fe93259594b29d510b10fafb7a158f7737e5d\windows-amd64\native-platform.dll
0x00007ffae8260000 - 0x00007ffae839d000 	C:\Users\Jenni\.gradle\native\53dbd7edfb1c66fb8903c78663c9afc45aea4f116125fa6feffd364cf09443e8\windows-amd64\native-platform-file-events.dll
0x00007ffb0fd30000 - 0x00007ffb0fd3a000 	C:\Program Files\Android\Android Studio\jre\bin\management.dll
0x00007ffb0b8e0000 - 0x00007ffb0b8ec000 	C:\Program Files\Android\Android Studio\jre\bin\management_ext.dll
0x00007ffb12820000 - 0x00007ffb12838000 	C:\WINDOWS\SYSTEM32\CRYPTSP.dll
0x00007ffb11fb0000 - 0x00007ffb11fe4000 	C:\WINDOWS\system32\rsaenh.dll
0x00007ffb12f50000 - 0x00007ffb12f77000 	C:\WINDOWS\System32\bcrypt.dll
0x00007ffb12e10000 - 0x00007ffb12e3e000 	C:\WINDOWS\SYSTEM32\USERENV.dll
0x00007ffb12840000 - 0x00007ffb1284c000 	C:\WINDOWS\SYSTEM32\CRYPTBASE.dll
0x00007ffb12320000 - 0x00007ffb1235b000 	C:\WINDOWS\SYSTEM32\IPHLPAPI.DLL
0x00007ffb14300000 - 0x00007ffb14308000 	C:\WINDOWS\System32\NSI.dll
0x00007ffafde70000 - 0x00007ffafde87000 	C:\WINDOWS\SYSTEM32\dhcpcsvc6.DLL
0x00007ffb00d60000 - 0x00007ffb00d7d000 	C:\WINDOWS\SYSTEM32\dhcpcsvc.DLL
0x00007ffb12370000 - 0x00007ffb1243b000 	C:\WINDOWS\SYSTEM32\DNSAPI.dll
0x00007ffb11c80000 - 0x00007ffb11cb3000 	C:\WINDOWS\SYSTEM32\ntmarta.dll

dbghelp: loaded successfully - version: 4.0.5 - missing functions: none
symbol engine: initialized successfully - sym options: 0x614 - pdb path: .;C:\Program Files\Android\Android Studio\jre\bin;C:\WINDOWS\SYSTEM32;C:\Program Files\Avast Software\Avast;C:\WINDOWS\WinSxS\amd64_microsoft.windows.common-controls_6595b64144ccf1df_6.0.19041.1110_none_60b5254171f9507e;C:\Program Files\Android\Android Studio\jre\bin\server;C:\Users\Jenni\.gradle\native\8bec1ad78214c89d9ad589b4d07fe93259594b29d510b10fafb7a158f7737e5d\windows-amd64;C:\Users\Jenni\.gradle\native\53dbd7edfb1c66fb8903c78663c9afc45aea4f116125fa6feffd364cf09443e8\windows-amd64

VM Arguments:
jvm_args: --add-opens=java.base/java.util=ALL-UNNAMED --add-opens=java.base/java.lang=ALL-UNNAMED --add-opens=java.base/java.lang.invoke=ALL-UNNAMED --add-opens=java.base/java.util=ALL-UNNAMED --add-opens=java.prefs/java.util.prefs=ALL-UNNAMED --add-opens=java.prefs/java.util.prefs=ALL-UNNAMED --add-opens=java.base/java.nio.charset=ALL-UNNAMED --add-opens=java.base/java.net=ALL-UNNAMED --add-opens=java.base/java.util.concurrent.atomic=ALL-UNNAMED -Xmx2048m -Dfile.encoding=UTF-8 -Duser.country=MX -Duser.language=es -Duser.variant 
java_command: org.gradle.launcher.daemon.bootstrap.GradleDaemon 7.0.2
java_class_path (initial): C:\Users\Jenni\.gradle\wrapper\dists\gradle-7.0.2-bin\857tjihv64xamwrf0h14cai3r\gradle-7.0.2\lib\gradle-launcher-7.0.2.jar
Launcher Type: SUN_STANDARD

[Global flags]
     intx CICompilerCount                          = 2                                         {product} {ergonomic}
     uint ConcGCThreads                            = 1                                         {product} {ergonomic}
     uint G1ConcRefinementThreads                  = 2                                         {product} {ergonomic}
   size_t G1HeapRegionSize                         = 1048576                                   {product} {ergonomic}
    uintx GCDrainStackTargetSize                   = 64                                        {product} {ergonomic}
   size_t InitialHeapSize                          = 65011712                                  {product} {ergonomic}
   size_t MarkStackSize                            = 4194304                                   {product} {ergonomic}
   size_t MaxHeapSize                              = 2147483648                                {product} {command line}
   size_t MaxNewSize                               = 1287651328                                {product} {ergonomic}
   size_t MinHeapDeltaBytes                        = 1048576                                   {product} {ergonomic}
    uintx NonNMethodCodeHeapSize                   = 5825164                                {pd product} {ergonomic}
    uintx NonProfiledCodeHeapSize                  = 122916538                              {pd product} {ergonomic}
    uintx ProfiledCodeHeapSize                     = 122916538                              {pd product} {ergonomic}
    uintx ReservedCodeCacheSize                    = 251658240                              {pd product} {ergonomic}
     bool SegmentedCodeCache                       = true                                      {product} {ergonomic}
     bool UseCompressedClassPointers               = true                                 {lp64_product} {ergonomic}
     bool UseCompressedOops                        = true                                 {lp64_product} {ergonomic}
     bool UseG1GC                                  = true                                      {product} {ergonomic}
     bool UseLargePagesIndividualAllocation        = false                                  {pd product} {ergonomic}

Logging:
Log output configuration:
 #0: stdout all=warning uptime,level,tags
 #1: stderr all=off uptime,level,tags

Environment Variables:
PATH=C:\Program Files\Common Files\Oracle\Java\javapath;C:\WINDOWS\system32;C:\WINDOWS;C:\WINDOWS\System32\Wbem;C:\WINDOWS\System32\WindowsPowerShell\v1.0\;C:\WINDOWS\System32\OpenSSH\;C:\Program Files\Git\cmd;C:\Users\Jenni\AppData\Local\Microsoft\WindowsApps
USERNAME=Jenni
OS=Windows_NT
PROCESSOR_IDENTIFIER=Intel64 Family 6 Model 122 Stepping 1, GenuineIntel



---------------  S Y S T E M  ---------------

OS: Windows 10 , 64 bit Build 19041 (10.0.19041.1348)
OS uptime: 1 days 21:13 hours

CPU:total 2 (initial active 2) (2 cores per cpu, 1 threads per core) family 6 model 122 stepping 1 microcode 0x32, cmov, cx8, fxsr, mmx, sse, sse2, sse3, ssse3, sse4.1, sse4.2, popcnt, aes, clmul, erms, 3dnowpref, tsc, tscinvbit, sha

Memory: 4k page, system-wide physical 3911M (267M free)
TotalPageFile size 6490M (AvailPageFile size 201M)
current process WorkingSet (physical memory assigned to process): 513M, peak: 515M
current process commit charge ("private bytes"): 647M, peak: 864M

vm_info: OpenJDK 64-Bit Server VM (11.0.10+0-b96-7249189) for windows-amd64 JRE (11.0.10+0-b96-7249189), built on Mar 31 2021 21:44:00 by "builder" with MS VC++ 14.0 (VS2015)

END.
